#
# There is insufficient memory for the Java Runtime Environment to continue.
# Native memory allocation (malloc) failed to allocate 1916336 bytes. Error detail: Chunk::new
# Possible reasons:
#   The system is out of physical RAM or swap space
#   This process is running with CompressedOops enabled, and the Java Heap may be blocking the growth of the native heap
# Possible solutions:
#   Reduce memory load on the system
#   Increase physical memory or swap space
#   Check if swap backing store is full
#   Decrease Java heap size (-Xmx/-Xms)
#   Decrease number of Java threads
#   Decrease Java thread stack sizes (-Xss)
#   Set larger code cache with -XX:ReservedCodeCacheSize=
#   JVM is running with Zero Based Compressed Oops mode in which the Java heap is
#     placed in the first 32GB address space. The Java Heap base address is the
#     maximum limit for the native heap growth. Please use -XX:HeapBaseMinAddress
#     to set the Java Heap base and to place the Java Heap above 32GB virtual address.
# This output file may be truncated or incomplete.
#
#  Out of Memory Error (arena.cpp:191), pid=6800, tid=12844
#
# JRE version: OpenJDK Runtime Environment Zulu17.56+15-CA (17.0.14+7) (build 17.0.14+7-LTS)
# Java VM: OpenJDK 64-Bit Server VM Zulu17.56+15-CA (17.0.14+7-LTS, mixed mode, sharing, tiered, compressed oops, compressed class ptrs, g1 gc, windows-amd64)
# No core dump will be written. Minidumps are not enabled by default on client versions of Windows
#

---------------  S U M M A R Y ------------

Command Line: --add-opens=java.base/java.util=ALL-UNNAMED --add-opens=java.base/java.lang=ALL-UNNAMED --add-opens=java.base/java.lang.invoke=ALL-UNNAMED --add-opens=java.prefs/java.util.prefs=ALL-UNNAMED --add-exports=jdk.compiler/com.sun.tools.javac.api=ALL-UNNAMED --add-exports=jdk.compiler/com.sun.tools.javac.util=ALL-UNNAMED --add-opens=java.base/java.nio.charset=ALL-UNNAMED --add-opens=java.base/java.net=ALL-UNNAMED --add-opens=java.base/java.util.concurrent.atomic=ALL-UNNAMED -Xmx4608m -Dfile.encoding=utf8 -Duser.country=TR -Duser.language=tr -Duser.variant -javaagent:C:\Users\tuce_\.gradle\wrapper\dists\gradle-8.9-bin\90cnw93cvbtalezasaz0blq0a\gradle-8.9\lib\agents\gradle-instrumentation-agent-8.9.jar org.gradle.launcher.daemon.bootstrap.GradleDaemon 8.9

Host: Intel(R) Core(TM) i5-10210U CPU @ 1.60GHz, 8 cores, 7G,  Windows 11 , 64 bit Build 22621 (10.0.22621.4830)
Time: Wed Mar  5 22:27:01 2025 Türkiye Standart Saati elapsed time: 98.920159 seconds (0d 0h 1m 38s)

---------------  T H R E A D  ---------------

Current thread (0x000002398b7f80d0):  JavaThread "C2 CompilerThread0" daemon [_thread_in_native, id=12844, stack(0x000000edf9400000,0x000000edf9500000)]


Current CompileTask:
C2:  98920 15688   !   4       org.codehaus.groovy.reflection.ClassInfo::getMetaClass (33 bytes)

Stack: [0x000000edf9400000,0x000000edf9500000]
Native frames: (J=compiled Java code, j=interpreted, Vv=VM code, C=native code)
V  [jvm.dll+0x6857b9]
V  [jvm.dll+0x83d67a]
V  [jvm.dll+0x83f13e]
V  [jvm.dll+0x83f7a3]
V  [jvm.dll+0x24c15f]
V  [jvm.dll+0xac9f4]
V  [jvm.dll+0xad03c]
V  [jvm.dll+0x36bfa2]
V  [jvm.dll+0x335b6a]
V  [jvm.dll+0x33500a]
V  [jvm.dll+0x21ada1]
V  [jvm.dll+0x21a1e1]
V  [jvm.dll+0x1a5c6d]
V  [jvm.dll+0x229f5e]
V  [jvm.dll+0x2280dc]
V  [jvm.dll+0x7f2547]
V  [jvm.dll+0x7ec90c]
V  [jvm.dll+0x684687]
C  [ucrtbase.dll+0x29333]
C  [KERNEL32.DLL+0x1259d]
C  [ntdll.dll+0x5af38]


---------------  P R O C E S S  ---------------

Threads class SMR info:
_java_thread_list=0x00000239d23237d0, length=135, elements={
0x00000239e52dc770, 0x000002398b7db340, 0x000002398b7dc1d0, 0x000002398b7f2b80,
0x000002398b7f3750, 0x000002398b7f6130, 0x000002398b7f7320, 0x000002398b7f80d0,
0x000002398b7fad90, 0x000002398b801660, 0x000002398ba10200, 0x000002398bad6500,
0x00000239d2bd2240, 0x00000239d21df6b0, 0x000002398b8567a0, 0x00000239d1513850,
0x00000239d2146440, 0x00000239d2146950, 0x00000239d2147370, 0x00000239d2146e60,
0x00000239d2147d90, 0x00000239d2147880, 0x00000239d21491d0, 0x00000239d21496e0,
0x00000239d2149bf0, 0x00000239d21482a0, 0x00000239d2148cc0, 0x00000239d21487b0,
0x00000239d3f16120, 0x00000239d3f17a70, 0x00000239d3f15700, 0x00000239d3f17f80,
0x00000239d3f17560, 0x00000239d3f18eb0, 0x00000239d3f19de0, 0x00000239d3f16630,
0x00000239d3f189a0, 0x00000239d3f198d0, 0x00000239d3f1a2f0, 0x00000239d3f1b730,
0x00000239d3f1a800, 0x00000239d3f1ad10, 0x00000239d3f151f0, 0x00000239d3f142c0,
0x00000239d3f1bc40, 0x00000239d3f147d0, 0x00000239d3f15c10, 0x00000239d3f17050,
0x00000239d5005990, 0x00000239d5007d00, 0x00000239d50068c0, 0x00000239d50077f0,
0x00000239d5005480, 0x00000239d5005ea0, 0x00000239d50072e0, 0x00000239d5006dd0,
0x00000239d5008210, 0x00000239d5008720, 0x00000239d50063b0, 0x00000239d5008c30,
0x00000239d4abd1c0, 0x00000239d4abe600, 0x00000239d4ab9500, 0x00000239d4abc290,
0x00000239d4abccb0, 0x00000239d4ab9f20, 0x00000239d4abd6d0, 0x00000239d4abbd80,
0x00000239d4abdbe0, 0x00000239d4abeb10, 0x00000239d4aba430, 0x00000239d4ab80c0,
0x00000239d4abe0f0, 0x00000239d4abf530, 0x00000239d4abfa40, 0x00000239d4abb870,
0x00000239d4abae50, 0x00000239d4abc7a0, 0x00000239d4ab85d0, 0x00000239d4ab9a10,
0x00000239d4aba940, 0x00000239d4abb360, 0x00000239d31aabc0, 0x00000239d31a8850,
0x00000239d31a8340, 0x00000239d31a8d60, 0x00000239d31a7e30, 0x00000239d31a9270,
0x00000239d31a7920, 0x00000239d31a9780, 0x00000239d31a9c90, 0x00000239d31aa6b0,
0x00000239d31a7410, 0x00000239d31aa1a0, 0x00000239d31dd880, 0x00000239d31da5e0,
0x00000239d31d7850, 0x00000239d31dbf30, 0x00000239d31dc440, 0x00000239d31db510,
0x00000239d31d7d60, 0x00000239d31ddd90, 0x00000239d31de2a0, 0x00000239d31da0d0,
0x00000239d31daaf0, 0x00000239d31de7b0, 0x00000239d31d7340, 0x00000239d31decc0,
0x00000239d31dba20, 0x00000239d31d8270, 0x00000239d31dce60, 0x00000239d31d8780,
0x00000239d31d8c90, 0x00000239d31d91a0, 0x00000239d31d96b0, 0x00000239d31d9bc0,
0x00000239d31dd370, 0x00000239d307f7a0, 0x00000239d307abb0, 0x00000239d307ca10,
0x00000239d307cf20, 0x00000239d307b0c0, 0x00000239d307b5d0, 0x00000239d307c500,
0x00000239d30810f0, 0x00000239d307e870, 0x00000239d307bae0, 0x00000239d307d430,
0x00000239d3079c80, 0x00000239d307ed80, 0x00000239d30801c0, 0x00000239d3080be0,
0x00000239d3081600, 0x00000239d307a190, 0x00000239d307a6a0
}

Java Threads: ( => current thread )
  0x00000239e52dc770 JavaThread "main" [_thread_blocked, id=17628, stack(0x000000edf8700000,0x000000edf8800000)]
  0x000002398b7db340 JavaThread "Reference Handler" daemon [_thread_blocked, id=19592, stack(0x000000edf8e00000,0x000000edf8f00000)]
  0x000002398b7dc1d0 JavaThread "Finalizer" daemon [_thread_blocked, id=14132, stack(0x000000edf8f00000,0x000000edf9000000)]
  0x000002398b7f2b80 JavaThread "Signal Dispatcher" daemon [_thread_blocked, id=1804, stack(0x000000edf9000000,0x000000edf9100000)]
  0x000002398b7f3750 JavaThread "Attach Listener" daemon [_thread_blocked, id=6664, stack(0x000000edf9100000,0x000000edf9200000)]
  0x000002398b7f6130 JavaThread "Service Thread" daemon [_thread_blocked, id=17344, stack(0x000000edf9200000,0x000000edf9300000)]
  0x000002398b7f7320 JavaThread "Monitor Deflation Thread" daemon [_thread_blocked, id=21664, stack(0x000000edf9300000,0x000000edf9400000)]
=>0x000002398b7f80d0 JavaThread "C2 CompilerThread0" daemon [_thread_in_native, id=12844, stack(0x000000edf9400000,0x000000edf9500000)]
  0x000002398b7fad90 JavaThread "C1 CompilerThread0" daemon [_thread_blocked, id=21340, stack(0x000000edf9500000,0x000000edf9600000)]
  0x000002398b801660 JavaThread "Sweeper thread" daemon [_thread_blocked, id=8120, stack(0x000000edf9600000,0x000000edf9700000)]
  0x000002398ba10200 JavaThread "Common-Cleaner" daemon [_thread_blocked, id=20560, stack(0x000000edf9700000,0x000000edf9800000)]
  0x000002398bad6500 JavaThread "Notification Thread" daemon [_thread_blocked, id=14152, stack(0x000000edf9800000,0x000000edf9900000)]
  0x00000239d2bd2240 JavaThread "Daemon health stats" [_thread_blocked, id=21348, stack(0x000000edf9f00000,0x000000edfa000000)]
  0x00000239d21df6b0 JavaThread "Incoming local TCP Connector on port 57385" [_thread_in_native, id=17292, stack(0x000000edf9a00000,0x000000edf9b00000)]
  0x000002398b8567a0 JavaThread "Daemon periodic checks" [_thread_blocked, id=18152, stack(0x000000edfa000000,0x000000edfa100000)]
  0x00000239d1513850 JavaThread "Daemon" [_thread_blocked, id=2968, stack(0x000000edfa100000,0x000000edfa200000)]
  0x00000239d2146440 JavaThread "Handler for socket connection from /127.0.0.1:57385 to /127.0.0.1:57386" [_thread_in_native, id=4252, stack(0x000000edfa200000,0x000000edfa300000)]
  0x00000239d2146950 JavaThread "Cancel handler" [_thread_blocked, id=5020, stack(0x000000edfa300000,0x000000edfa400000)]
  0x00000239d2147370 JavaThread "Daemon worker" [_thread_in_Java, id=17876, stack(0x000000edfa400000,0x000000edfa500000)]
  0x00000239d2146e60 JavaThread "Asynchronous log dispatcher for DefaultDaemonConnection: socket connection from /127.0.0.1:57385 to /127.0.0.1:57386" [_thread_blocked, id=9276, stack(0x000000edfa500000,0x000000edfa600000)]
  0x00000239d2147d90 JavaThread "Stdin handler" [_thread_blocked, id=15888, stack(0x000000edfa600000,0x000000edfa700000)]
  0x00000239d2147880 JavaThread "Daemon client event forwarder" [_thread_blocked, id=17884, stack(0x000000edfa700000,0x000000edfa800000)]
  0x00000239d21491d0 JavaThread "Cache worker for journal cache (C:\Users\tuce_\.gradle\caches\journal-1)" [_thread_blocked, id=20324, stack(0x000000edfa800000,0x000000edfa900000)]
  0x00000239d21496e0 JavaThread "File lock request listener" [_thread_in_native, id=16968, stack(0x000000edfa900000,0x000000edfaa00000)]
  0x00000239d2149bf0 JavaThread "Cache worker for file hash cache (C:\Users\tuce_\.gradle\caches\8.9\fileHashes)" [_thread_blocked, id=21192, stack(0x000000edfab00000,0x000000edfac00000)]
  0x00000239d21482a0 JavaThread "File lock release action executor" [_thread_blocked, id=9408, stack(0x000000edfac00000,0x000000edfad00000)]
  0x00000239d2148cc0 JavaThread "Cache worker for file hash cache (C:\Users\tuce_\Projects\eclassify\android\.gradle\8.9\fileHashes)" [_thread_blocked, id=17428, stack(0x000000edfb000000,0x000000edfb100000)]
  0x00000239d21487b0 JavaThread "Cache worker for Build Output Cleanup Cache (C:\Users\tuce_\Projects\eclassify\android\.gradle\buildOutputCleanup)" [_thread_blocked, id=16832, stack(0x000000edfb100000,0x000000edfb200000)]
  0x00000239d3f16120 JavaThread "File watcher server" daemon [_thread_in_native, id=14804, stack(0x000000edfb300000,0x000000edfb400000)]
  0x00000239d3f17a70 JavaThread "File watcher consumer" daemon [_thread_blocked, id=18340, stack(0x000000edfaa00000,0x000000edfab00000)]
  0x00000239d3f15700 JavaThread "Cache worker for checksums cache (C:\Users\tuce_\Projects\eclassify\android\.gradle\8.9\checksums)" [_thread_blocked, id=13012, stack(0x000000edfb400000,0x000000edfb500000)]
  0x00000239d3f17f80 JavaThread "Cache worker for file content cache (C:\Users\tuce_\.gradle\caches\8.9\fileContent)" [_thread_blocked, id=19804, stack(0x000000edfb500000,0x000000edfb600000)]
  0x00000239d3f17560 JavaThread "Cache worker for cache directory md-rule (C:\Users\tuce_\.gradle\caches\8.9\md-rule)" [_thread_blocked, id=18560, stack(0x000000edfb600000,0x000000edfb700000)]
  0x00000239d3f18eb0 JavaThread "Cache worker for cache directory md-supplier (C:\Users\tuce_\.gradle\caches\8.9\md-supplier)" [_thread_blocked, id=18544, stack(0x000000edfb700000,0x000000edfb800000)]
  0x00000239d3f19de0 JavaThread "jar transforms" [_thread_blocked, id=3428, stack(0x000000edfb800000,0x000000edfb900000)]
  0x00000239d3f16630 JavaThread "jar transforms Thread 2" [_thread_blocked, id=9572, stack(0x000000edfba00000,0x000000edfbb00000)]
  0x00000239d3f189a0 JavaThread "jar transforms Thread 3" [_thread_blocked, id=3664, stack(0x000000edfbc00000,0x000000edfbd00000)]
  0x00000239d3f198d0 JavaThread "Cache worker for Build Output Cleanup Cache (C:\flutter\packages\flutter_tools\gradle\.gradle\buildOutputCleanup)" [_thread_blocked, id=16948, stack(0x000000edfbe00000,0x000000edfbf00000)]
  0x00000239d3f1a2f0 JavaThread "Unconstrained build operations" [_thread_blocked, id=8264, stack(0x000000edfbd00000,0x000000edfbe00000)]
  0x00000239d3f1b730 JavaThread "Unconstrained build operations Thread 2" [_thread_blocked, id=21812, stack(0x000000edfbf00000,0x000000edfc000000)]
  0x00000239d3f1a800 JavaThread "Unconstrained build operations Thread 3" [_thread_blocked, id=18808, stack(0x000000edfc000000,0x000000edfc100000)]
  0x00000239d3f1ad10 JavaThread "Unconstrained build operations Thread 4" [_thread_blocked, id=12840, stack(0x000000edfc100000,0x000000edfc200000)]
  0x00000239d3f151f0 JavaThread "Unconstrained build operations Thread 5" [_thread_blocked, id=18956, stack(0x000000edfc200000,0x000000edfc300000)]
  0x00000239d3f142c0 JavaThread "Unconstrained build operations Thread 6" [_thread_blocked, id=17920, stack(0x000000edfc300000,0x000000edfc400000)]
  0x00000239d3f1bc40 JavaThread "Unconstrained build operations Thread 7" [_thread_blocked, id=788, stack(0x000000edfc400000,0x000000edfc500000)]
  0x00000239d3f147d0 JavaThread "Unconstrained build operations Thread 8" [_thread_blocked, id=20064, stack(0x000000edfb900000,0x000000edfba00000)]
  0x00000239d3f15c10 JavaThread "Unconstrained build operations Thread 9" [_thread_blocked, id=9064, stack(0x000000edfc500000,0x000000edfc600000)]
  0x00000239d3f17050 JavaThread "Unconstrained build operations Thread 10" [_thread_blocked, id=22376, stack(0x000000edfc600000,0x000000edfc700000)]
  0x00000239d5005990 JavaThread "Unconstrained build operations Thread 11" [_thread_blocked, id=20744, stack(0x000000edfc700000,0x000000edfc800000)]
  0x00000239d5007d00 JavaThread "Unconstrained build operations Thread 12" [_thread_blocked, id=17496, stack(0x000000edfc800000,0x000000edfc900000)]
  0x00000239d50068c0 JavaThread "Unconstrained build operations Thread 13" [_thread_blocked, id=13720, stack(0x000000edfc900000,0x000000edfca00000)]
  0x00000239d50077f0 JavaThread "Unconstrained build operations Thread 14" [_thread_blocked, id=21392, stack(0x000000edfca00000,0x000000edfcb00000)]
  0x00000239d5005480 JavaThread "Unconstrained build operations Thread 15" [_thread_blocked, id=20596, stack(0x000000edfcd00000,0x000000edfce00000)]
  0x00000239d5005ea0 JavaThread "Unconstrained build operations Thread 16" [_thread_blocked, id=1244, stack(0x000000edfce00000,0x000000edfcf00000)]
  0x00000239d50072e0 JavaThread "Unconstrained build operations Thread 17" [_thread_blocked, id=6652, stack(0x000000edfcf00000,0x000000edfd000000)]
  0x00000239d5006dd0 JavaThread "Unconstrained build operations Thread 18" [_thread_blocked, id=2372, stack(0x000000edfd000000,0x000000edfd100000)]
  0x00000239d5008210 JavaThread "Unconstrained build operations Thread 19" [_thread_blocked, id=15072, stack(0x000000edfd100000,0x000000edfd200000)]
  0x00000239d5008720 JavaThread "Unconstrained build operations Thread 20" [_thread_blocked, id=8016, stack(0x000000edfd200000,0x000000edfd300000)]
  0x00000239d50063b0 JavaThread "Unconstrained build operations Thread 21" [_thread_blocked, id=6696, stack(0x000000edfd300000,0x000000edfd400000)]
  0x00000239d5008c30 JavaThread "Memory manager" [_thread_blocked, id=176, stack(0x000000edfd400000,0x000000edfd500000)]
  0x00000239d4abd1c0 JavaThread "build event listener" [_thread_blocked, id=14404, stack(0x000000edfcc00000,0x000000edfcd00000)]
  0x00000239d4abe600 JavaThread "included builds" [_thread_blocked, id=21868, stack(0x000000edfd600000,0x000000edfd700000)]
  0x00000239d4ab9500 JavaThread "Execution worker" [_thread_blocked, id=6532, stack(0x000000edfd700000,0x000000edfd800000)]
  0x00000239d4abc290 JavaThread "Execution worker Thread 2" [_thread_blocked, id=13432, stack(0x000000edfd800000,0x000000edfd900000)]
  0x00000239d4abccb0 JavaThread "Execution worker Thread 3" [_thread_blocked, id=21596, stack(0x000000edfd900000,0x000000edfda00000)]
  0x00000239d4ab9f20 JavaThread "Execution worker Thread 4" [_thread_blocked, id=18016, stack(0x000000edfda00000,0x000000edfdb00000)]
  0x00000239d4abd6d0 JavaThread "Execution worker Thread 5" [_thread_blocked, id=17896, stack(0x000000edfdb00000,0x000000edfdc00000)]
  0x00000239d4abbd80 JavaThread "Execution worker Thread 6" [_thread_blocked, id=18512, stack(0x000000edfdc00000,0x000000edfdd00000)]
  0x00000239d4abdbe0 JavaThread "Execution worker Thread 7" [_thread_blocked, id=9600, stack(0x000000edfdd00000,0x000000edfde00000)]
  0x00000239d4abeb10 JavaThread "Cache worker for execution history cache (C:\flutter\packages\flutter_tools\gradle\.gradle\8.9\executionHistory)" [_thread_blocked, id=18188, stack(0x000000edfde00000,0x000000edfdf00000)]
  0x00000239d4aba430 JavaThread "Unconstrained build operations Thread 22" [_thread_blocked, id=16920, stack(0x000000edfe000000,0x000000edfe100000)]
  0x00000239d4ab80c0 JavaThread "Unconstrained build operations Thread 23" [_thread_blocked, id=12112, stack(0x000000edfe100000,0x000000edfe200000)]
  0x00000239d4abe0f0 JavaThread "Unconstrained build operations Thread 24" [_thread_blocked, id=8924, stack(0x000000edfe200000,0x000000edfe300000)]
  0x00000239d4abf530 JavaThread "Unconstrained build operations Thread 25" [_thread_blocked, id=4944, stack(0x000000edfe300000,0x000000edfe400000)]
  0x00000239d4abfa40 JavaThread "Unconstrained build operations Thread 26" [_thread_blocked, id=14792, stack(0x000000edfe400000,0x000000edfe500000)]
  0x00000239d4abb870 JavaThread "Unconstrained build operations Thread 27" [_thread_blocked, id=5680, stack(0x000000edfe500000,0x000000edfe600000)]
  0x00000239d4abae50 JavaThread "Unconstrained build operations Thread 28" [_thread_blocked, id=1680, stack(0x000000edfe600000,0x000000edfe700000)]
  0x00000239d4abc7a0 JavaThread "Unconstrained build operations Thread 29" [_thread_blocked, id=12000, stack(0x000000edfe700000,0x000000edfe800000)]
  0x00000239d4ab85d0 JavaThread "Unconstrained build operations Thread 30" [_thread_blocked, id=18700, stack(0x000000edfe800000,0x000000edfe900000)]
  0x00000239d4ab9a10 JavaThread "Unconstrained build operations Thread 31" [_thread_blocked, id=18252, stack(0x000000edfe900000,0x000000edfea00000)]
  0x00000239d4aba940 JavaThread "Unconstrained build operations Thread 32" [_thread_blocked, id=16380, stack(0x000000edfea00000,0x000000edfeb00000)]
  0x00000239d4abb360 JavaThread "Unconstrained build operations Thread 33" [_thread_blocked, id=7496, stack(0x000000edfeb00000,0x000000edfec00000)]
  0x00000239d31aabc0 JavaThread "Unconstrained build operations Thread 34" [_thread_blocked, id=21408, stack(0x000000edfec00000,0x000000edfed00000)]
  0x00000239d31a8850 JavaThread "Unconstrained build operations Thread 35" [_thread_blocked, id=1552, stack(0x000000edfed00000,0x000000edfee00000)]
  0x00000239d31a8340 JavaThread "Unconstrained build operations Thread 36" [_thread_blocked, id=21336, stack(0x000000edfee00000,0x000000edfef00000)]
  0x00000239d31a8d60 JavaThread "Unconstrained build operations Thread 37" [_thread_blocked, id=19232, stack(0x000000edfef00000,0x000000edff000000)]
  0x00000239d31a7e30 JavaThread "Unconstrained build operations Thread 38" [_thread_blocked, id=13820, stack(0x000000edff000000,0x000000edff100000)]
  0x00000239d31a9270 JavaThread "Unconstrained build operations Thread 39" [_thread_blocked, id=13948, stack(0x000000edff100000,0x000000edff200000)]
  0x00000239d31a7920 JavaThread "Unconstrained build operations Thread 40" [_thread_blocked, id=3340, stack(0x000000edff200000,0x000000edff300000)]
  0x00000239d31a9780 JavaThread "Unconstrained build operations Thread 41" [_thread_blocked, id=6380, stack(0x000000edff300000,0x000000edff400000)]
  0x00000239d31a9c90 JavaThread "Unconstrained build operations Thread 42" [_thread_blocked, id=11708, stack(0x000000edff400000,0x000000edff500000)]
  0x00000239d31aa6b0 JavaThread "Unconstrained build operations Thread 43" [_thread_blocked, id=16800, stack(0x000000edff500000,0x000000edff600000)]
  0x00000239d31a7410 JavaThread "Unconstrained build operations Thread 44" [_thread_blocked, id=17088, stack(0x000000edff600000,0x000000edff700000)]
  0x00000239d31aa1a0 JavaThread "Unconstrained build operations Thread 45" [_thread_blocked, id=2416, stack(0x000000edff700000,0x000000edff800000)]
  0x00000239d31dd880 JavaThread "Unconstrained build operations Thread 46" [_thread_blocked, id=11048, stack(0x000000edff800000,0x000000edff900000)]
  0x00000239d31da5e0 JavaThread "Unconstrained build operations Thread 47" [_thread_blocked, id=6280, stack(0x000000edff900000,0x000000edffa00000)]
  0x00000239d31d7850 JavaThread "Unconstrained build operations Thread 48" [_thread_blocked, id=3036, stack(0x000000edffa00000,0x000000edffb00000)]
  0x00000239d31dbf30 JavaThread "Unconstrained build operations Thread 49" [_thread_blocked, id=19076, stack(0x000000edffb00000,0x000000edffc00000)]
  0x00000239d31dc440 JavaThread "Unconstrained build operations Thread 50" [_thread_blocked, id=8232, stack(0x000000edffc00000,0x000000edffd00000)]
  0x00000239d31db510 JavaThread "Unconstrained build operations Thread 51" [_thread_blocked, id=16892, stack(0x000000edffd00000,0x000000edffe00000)]
  0x00000239d31d7d60 JavaThread "Unconstrained build operations Thread 52" [_thread_blocked, id=22200, stack(0x000000edffe00000,0x000000edfff00000)]
  0x00000239d31ddd90 JavaThread "Unconstrained build operations Thread 53" [_thread_blocked, id=1576, stack(0x000000edfff00000,0x000000ee00000000)]
  0x00000239d31de2a0 JavaThread "Unconstrained build operations Thread 54" [_thread_blocked, id=5704, stack(0x000000ed80000000,0x000000ed80100000)]
  0x00000239d31da0d0 JavaThread "Unconstrained build operations Thread 55" [_thread_blocked, id=11076, stack(0x000000ed80100000,0x000000ed80200000)]
  0x00000239d31daaf0 JavaThread "Unconstrained build operations Thread 56" [_thread_blocked, id=1348, stack(0x000000ed80200000,0x000000ed80300000)]
  0x00000239d31de7b0 JavaThread "Unconstrained build operations Thread 57" [_thread_blocked, id=13100, stack(0x000000ed80300000,0x000000ed80400000)]
  0x00000239d31d7340 JavaThread "Unconstrained build operations Thread 58" [_thread_blocked, id=14180, stack(0x000000ed80400000,0x000000ed80500000)]
  0x00000239d31decc0 JavaThread "Unconstrained build operations Thread 59" [_thread_blocked, id=14624, stack(0x000000ed80500000,0x000000ed80600000)]
  0x00000239d31dba20 JavaThread "Unconstrained build operations Thread 60" [_thread_blocked, id=21680, stack(0x000000ed80600000,0x000000ed80700000)]
  0x00000239d31d8270 JavaThread "Unconstrained build operations Thread 61" [_thread_blocked, id=11840, stack(0x000000ed80700000,0x000000ed80800000)]
  0x00000239d31dce60 JavaThread "Unconstrained build operations Thread 62" [_thread_blocked, id=20252, stack(0x000000ed80800000,0x000000ed80900000)]
  0x00000239d31d8780 JavaThread "Unconstrained build operations Thread 63" [_thread_blocked, id=8528, stack(0x000000ed80900000,0x000000ed80a00000)]
  0x00000239d31d8c90 JavaThread "Unconstrained build operations Thread 64" [_thread_blocked, id=11000, stack(0x000000ed80a00000,0x000000ed80b00000)]
  0x00000239d31d91a0 JavaThread "Unconstrained build operations Thread 65" [_thread_blocked, id=21120, stack(0x000000ed80b00000,0x000000ed80c00000)]
  0x00000239d31d96b0 JavaThread "Unconstrained build operations Thread 66" [_thread_blocked, id=19360, stack(0x000000ed80c00000,0x000000ed80d00000)]
  0x00000239d31d9bc0 JavaThread "Unconstrained build operations Thread 67" [_thread_blocked, id=4568, stack(0x000000ed80d00000,0x000000ed80e00000)]
  0x00000239d31dd370 JavaThread "jar transforms Thread 4" [_thread_blocked, id=6120, stack(0x000000ed80e00000,0x000000ed80f00000)]
  0x00000239d307f7a0 JavaThread "jar transforms Thread 5" [_thread_blocked, id=20844, stack(0x000000ed80f00000,0x000000ed81000000)]
  0x00000239d307abb0 JavaThread "jar transforms Thread 6" [_thread_blocked, id=9132, stack(0x000000ed81000000,0x000000ed81100000)]
  0x00000239d307ca10 JavaThread "jar transforms Thread 7" [_thread_blocked, id=18660, stack(0x000000ed81100000,0x000000ed81200000)]
  0x00000239d307cf20 JavaThread "jar transforms Thread 8" [_thread_blocked, id=16568, stack(0x000000ed81200000,0x000000ed81300000)]
  0x00000239d307b0c0 JavaThread "build event listener" [_thread_blocked, id=15908, stack(0x000000ed81400000,0x000000ed81500000)]
  0x00000239d307b5d0 JavaThread "Unconstrained build operations Thread 68" [_thread_blocked, id=4976, stack(0x000000ed81300000,0x000000ed81400000)]
  0x00000239d307c500 JavaThread "Unconstrained build operations Thread 69" [_thread_blocked, id=18588, stack(0x000000ed81500000,0x000000ed81600000)]
  0x00000239d30810f0 JavaThread "Unconstrained build operations Thread 70" [_thread_blocked, id=20936, stack(0x000000ed81600000,0x000000ed81700000)]
  0x00000239d307e870 JavaThread "Unconstrained build operations Thread 71" [_thread_blocked, id=17860, stack(0x000000ed81700000,0x000000ed81800000)]
  0x00000239d307bae0 JavaThread "Unconstrained build operations Thread 72" [_thread_blocked, id=6148, stack(0x000000ed81800000,0x000000ed81900000)]
  0x00000239d307d430 JavaThread "Unconstrained build operations Thread 73" [_thread_blocked, id=648, stack(0x000000ed81900000,0x000000ed81a00000)]
  0x00000239d3079c80 JavaThread "Unconstrained build operations Thread 74" [_thread_blocked, id=16196, stack(0x000000ed81a00000,0x000000ed81b00000)]
  0x00000239d307ed80 JavaThread "Unconstrained build operations Thread 75" [_thread_blocked, id=15248, stack(0x000000ed81b00000,0x000000ed81c00000)]
  0x00000239d30801c0 JavaThread "Unconstrained build operations Thread 76" [_thread_blocked, id=10092, stack(0x000000ed81c00000,0x000000ed81d00000)]
  0x00000239d3080be0 JavaThread "Unconstrained build operations Thread 77" [_thread_blocked, id=7180, stack(0x000000ed81d00000,0x000000ed81e00000)]
  0x00000239d3081600 JavaThread "Unconstrained build operations Thread 78" [_thread_blocked, id=5748, stack(0x000000ed81e00000,0x000000ed81f00000)]
  0x00000239d307a190 JavaThread "Unconstrained build operations Thread 79" [_thread_blocked, id=16492, stack(0x000000ed81f00000,0x000000ed82000000)]
  0x00000239d307a6a0 JavaThread "Unconstrained build operations Thread 80" [_thread_blocked, id=2436, stack(0x000000ed82000000,0x000000ed82100000)]

Other Threads:
  0x000002398b7d2100 VMThread "VM Thread" [stack: 0x000000edf8d00000,0x000000edf8e00000] [id=19740]
  0x00000239e52dd600 WatcherThread [stack: 0x000000edf9900000,0x000000edf9a00000] [id=17388]
  0x00000239e534c3e0 GCTaskThread "GC Thread#0" [stack: 0x000000edf8800000,0x000000edf8900000] [id=18648]
  0x00000239d1366250 GCTaskThread "GC Thread#1" [stack: 0x000000edf9b00000,0x000000edf9c00000] [id=18772]
  0x00000239d13f63f0 GCTaskThread "GC Thread#2" [stack: 0x000000edf9c00000,0x000000edf9d00000] [id=19476]
  0x00000239d10e3040 GCTaskThread "GC Thread#3" [stack: 0x000000edf9d00000,0x000000edf9e00000] [id=12116]
  0x00000239d10e3310 GCTaskThread "GC Thread#4" [stack: 0x000000edf9e00000,0x000000edf9f00000] [id=17844]
  0x00000239d10e35e0 GCTaskThread "GC Thread#5" [stack: 0x000000edfad00000,0x000000edfae00000] [id=7704]
  0x00000239d10e3b80 GCTaskThread "GC Thread#6" [stack: 0x000000edfae00000,0x000000edfaf00000] [id=19720]
  0x00000239d10e2500 GCTaskThread "GC Thread#7" [stack: 0x000000edfaf00000,0x000000edfb000000] [id=22392]
  0x00000239e5356b50 ConcurrentGCThread "G1 Main Marker" [stack: 0x000000edf8900000,0x000000edf8a00000] [id=4500]
  0x00000239e5357570 ConcurrentGCThread "G1 Conc#0" [stack: 0x000000edf8a00000,0x000000edf8b00000] [id=21608]
  0x00000239d115eee0 ConcurrentGCThread "G1 Conc#1" [stack: 0x000000edfb200000,0x000000edfb300000] [id=22008]
  0x00000239e538e2e0 ConcurrentGCThread "G1 Refine#0" [stack: 0x000000edf8b00000,0x000000edf8c00000] [id=22168]
  0x00000239d1a297e0 ConcurrentGCThread "G1 Refine#1" [stack: 0x000000edfbb00000,0x000000edfbc00000] [id=18872]
  0x000002398b6910b0 ConcurrentGCThread "G1 Service" [stack: 0x000000edf8c00000,0x000000edf8d00000] [id=2452]

Threads with active compile tasks:
C2 CompilerThread0    98966 15688   !   4       org.codehaus.groovy.reflection.ClassInfo::getMetaClass (33 bytes)

VM state: not at safepoint (normal execution)

VM Mutex/Monitor currently owned by a thread: None

Heap address: 0x00000006e0000000, size: 4608 MB, Compressed Oops mode: Zero based, Oop shift amount: 3

CDS archive(s) mapped at: [0x000002398c000000-0x000002398cbd0000-0x000002398cbd0000), size 12386304, SharedBaseAddress: 0x000002398c000000, ArchiveRelocationMode: 1.
Compressed class space mapped at: 0x000002398d000000-0x00000239cd000000, reserved size: 1073741824
Narrow klass base: 0x000002398c000000, Narrow klass shift: 0, Narrow klass range: 0x100000000

GC Precious Log:
 CPUs: 8 total, 8 available
 Memory: 8025M
 Large Page Support: Disabled
 NUMA Support: Disabled
 Compressed Oops: Enabled (Zero based)
 Heap Region Size: 4M
 Heap Min Capacity: 8M
 Heap Initial Capacity: 128M
 Heap Max Capacity: 4608M
 Pre-touch: Disabled
 Parallel Workers: 8
 Concurrent Workers: 2
 Concurrent Refinement Workers: 8
 Periodic GC: Disabled

Heap:
 garbage-first heap   total 425984K, used 335535K [0x00000006e0000000, 0x0000000800000000)
  region size 4096K, 35 young (143360K), 4 survivors (16384K)
 Metaspace       used 102435K, committed 103808K, reserved 1179648K
  class space    used 14283K, committed 14848K, reserved 1048576K

Heap Regions: E=young(eden), S=young(survivor), O=old, HS=humongous(starts), HC=humongous(continues), CS=collection set, F=free, OA=open archive, CA=closed archive, TAMS=top-at-mark-start (previous, next)
|   0|0x00000006e0000000, 0x00000006e0400000, 0x00000006e0400000|100%|HS|  |TAMS 0x00000006e0400000, 0x00000006e0000000| Complete 
|   1|0x00000006e0400000, 0x00000006e0800000, 0x00000006e0800000|100%| O|  |TAMS 0x00000006e0800000, 0x00000006e0400000| Untracked 
|   2|0x00000006e0800000, 0x00000006e0c00000, 0x00000006e0c00000|100%| O|  |TAMS 0x00000006e0c00000, 0x00000006e0800000| Untracked 
|   3|0x00000006e0c00000, 0x00000006e0fe4800, 0x00000006e1000000| 97%| O|  |TAMS 0x00000006e0fe4800, 0x00000006e0c00000| Untracked 
|   4|0x00000006e1000000, 0x00000006e1400000, 0x00000006e1400000|100%| O|  |TAMS 0x00000006e1400000, 0x00000006e1000000| Untracked 
|   5|0x00000006e1400000, 0x00000006e1800000, 0x00000006e1800000|100%| O|  |TAMS 0x00000006e1800000, 0x00000006e1400000| Untracked 
|   6|0x00000006e1800000, 0x00000006e1c00000, 0x00000006e1c00000|100%| O|  |TAMS 0x00000006e1c00000, 0x00000006e1800000| Untracked 
|   7|0x00000006e1c00000, 0x00000006e2000000, 0x00000006e2000000|100%| O|  |TAMS 0x00000006e2000000, 0x00000006e1c00000| Untracked 
|   8|0x00000006e2000000, 0x00000006e2400000, 0x00000006e2400000|100%|HS|  |TAMS 0x00000006e2400000, 0x00000006e2000000| Complete 
|   9|0x00000006e2400000, 0x00000006e2800000, 0x00000006e2800000|100%| O|  |TAMS 0x00000006e2800000, 0x00000006e2400000| Untracked 
|  10|0x00000006e2800000, 0x00000006e2c00000, 0x00000006e2c00000|100%| O|  |TAMS 0x00000006e2c00000, 0x00000006e2800000| Untracked 
|  11|0x00000006e2c00000, 0x00000006e3000000, 0x00000006e3000000|100%|HS|  |TAMS 0x00000006e3000000, 0x00000006e2c00000| Complete 
|  12|0x00000006e3000000, 0x00000006e3400000, 0x00000006e3400000|100%| O|  |TAMS 0x00000006e3400000, 0x00000006e3000000| Untracked 
|  13|0x00000006e3400000, 0x00000006e3800000, 0x00000006e3800000|100%| O|  |TAMS 0x00000006e3800000, 0x00000006e3400000| Untracked 
|  14|0x00000006e3800000, 0x00000006e3c00000, 0x00000006e3c00000|100%| O|  |TAMS 0x00000006e3c00000, 0x00000006e3800000| Untracked 
|  15|0x00000006e3c00000, 0x00000006e4000000, 0x00000006e4000000|100%| O|  |TAMS 0x00000006e4000000, 0x00000006e3c00000| Untracked 
|  16|0x00000006e4000000, 0x00000006e4400000, 0x00000006e4400000|100%| O|  |TAMS 0x00000006e4000000, 0x00000006e4000000| Untracked 
|  17|0x00000006e4400000, 0x00000006e4800000, 0x00000006e4800000|100%|HS|  |TAMS 0x00000006e4400000, 0x00000006e4400000| Complete 
|  18|0x00000006e4800000, 0x00000006e4c00000, 0x00000006e4c00000|100%| O|  |TAMS 0x00000006e4b50400, 0x00000006e4800000| Untracked 
|  19|0x00000006e4c00000, 0x00000006e5000000, 0x00000006e5000000|100%| O|  |TAMS 0x00000006e4c00000, 0x00000006e4c00000| Untracked 
|  20|0x00000006e5000000, 0x00000006e5400000, 0x00000006e5400000|100%| O|  |TAMS 0x00000006e5000000, 0x00000006e5000000| Untracked 
|  21|0x00000006e5400000, 0x00000006e5800000, 0x00000006e5800000|100%| O|  |TAMS 0x00000006e5400000, 0x00000006e5400000| Untracked 
|  22|0x00000006e5800000, 0x00000006e5c00000, 0x00000006e5c00000|100%| O|  |TAMS 0x00000006e5800000, 0x00000006e5800000| Untracked 
|  23|0x00000006e5c00000, 0x00000006e6000000, 0x00000006e6000000|100%| O|  |TAMS 0x00000006e5c00000, 0x00000006e5c00000| Untracked 
|  24|0x00000006e6000000, 0x00000006e6400000, 0x00000006e6400000|100%| O|  |TAMS 0x00000006e6000000, 0x00000006e6000000| Untracked 
|  25|0x00000006e6400000, 0x00000006e6800000, 0x00000006e6800000|100%| O|  |TAMS 0x00000006e6400000, 0x00000006e6400000| Untracked 
|  26|0x00000006e6800000, 0x00000006e6c00000, 0x00000006e6c00000|100%|HS|  |TAMS 0x00000006e6800000, 0x00000006e6800000| Complete 
|  27|0x00000006e6c00000, 0x00000006e7000000, 0x00000006e7000000|100%| O|  |TAMS 0x00000006e6c00000, 0x00000006e6c00000| Untracked 
|  28|0x00000006e7000000, 0x00000006e7400000, 0x00000006e7400000|100%| O|  |TAMS 0x00000006e7000000, 0x00000006e7000000| Untracked 
|  29|0x00000006e7400000, 0x00000006e7800000, 0x00000006e7800000|100%| O|  |TAMS 0x00000006e7400000, 0x00000006e7400000| Untracked 
|  30|0x00000006e7800000, 0x00000006e7c00000, 0x00000006e7c00000|100%| O|  |TAMS 0x00000006e7800000, 0x00000006e7800000| Untracked 
|  31|0x00000006e7c00000, 0x00000006e8000000, 0x00000006e8000000|100%|HS|  |TAMS 0x00000006e7c00000, 0x00000006e7c00000| Complete 
|  32|0x00000006e8000000, 0x00000006e8400000, 0x00000006e8400000|100%| O|  |TAMS 0x00000006e8000000, 0x00000006e8000000| Untracked 
|  33|0x00000006e8400000, 0x00000006e8800000, 0x00000006e8800000|100%| O|  |TAMS 0x00000006e8400000, 0x00000006e8400000| Untracked 
|  34|0x00000006e8800000, 0x00000006e8c00000, 0x00000006e8c00000|100%| O|  |TAMS 0x00000006e8800000, 0x00000006e8800000| Untracked 
|  35|0x00000006e8c00000, 0x00000006e9000000, 0x00000006e9000000|100%| O|  |TAMS 0x00000006e8c00000, 0x00000006e8c00000| Untracked 
|  36|0x00000006e9000000, 0x00000006e9400000, 0x00000006e9400000|100%| O|  |TAMS 0x00000006e9000000, 0x00000006e9000000| Untracked 
|  37|0x00000006e9400000, 0x00000006e9800000, 0x00000006e9800000|100%| O|  |TAMS 0x00000006e9400000, 0x00000006e9400000| Untracked 
|  38|0x00000006e9800000, 0x00000006e9c00000, 0x00000006e9c00000|100%| O|  |TAMS 0x00000006e9800000, 0x00000006e9800000| Untracked 
|  39|0x00000006e9c00000, 0x00000006ea000000, 0x00000006ea000000|100%| O|  |TAMS 0x00000006e9c00000, 0x00000006e9c00000| Untracked 
|  40|0x00000006ea000000, 0x00000006ea400000, 0x00000006ea400000|100%| O|  |TAMS 0x00000006ea000000, 0x00000006ea000000| Untracked 
|  41|0x00000006ea400000, 0x00000006ea800000, 0x00000006ea800000|100%| O|  |TAMS 0x00000006ea400000, 0x00000006ea400000| Untracked 
|  42|0x00000006ea800000, 0x00000006eac00000, 0x00000006eac00000|100%| O|  |TAMS 0x00000006ea800000, 0x00000006ea800000| Untracked 
|  43|0x00000006eac00000, 0x00000006eb000000, 0x00000006eb000000|100%| O|  |TAMS 0x00000006eac00000, 0x00000006eac00000| Untracked 
|  44|0x00000006eb000000, 0x00000006eb400000, 0x00000006eb400000|100%| O|  |TAMS 0x00000006eb000000, 0x00000006eb000000| Untracked 
|  45|0x00000006eb400000, 0x00000006eb800000, 0x00000006eb800000|100%| O|  |TAMS 0x00000006eb400000, 0x00000006eb400000| Untracked 
|  46|0x00000006eb800000, 0x00000006ebc00000, 0x00000006ebc00000|100%| O|  |TAMS 0x00000006eb800000, 0x00000006eb800000| Untracked 
|  47|0x00000006ebc00000, 0x00000006ec000000, 0x00000006ec000000|100%| O|  |TAMS 0x00000006ebc00000, 0x00000006ebc00000| Untracked 
|  48|0x00000006ec000000, 0x00000006ec400000, 0x00000006ec400000|100%| O|  |TAMS 0x00000006ec000000, 0x00000006ec000000| Untracked 
|  49|0x00000006ec400000, 0x00000006ec4a6800, 0x00000006ec800000| 16%| O|  |TAMS 0x00000006ec400000, 0x00000006ec400000| Untracked 
|  50|0x00000006ec800000, 0x00000006ec800000, 0x00000006ecc00000|  0%| F|  |TAMS 0x00000006ec800000, 0x00000006ec800000| Untracked 
|  51|0x00000006ecc00000, 0x00000006ecc00000, 0x00000006ed000000|  0%| F|  |TAMS 0x00000006ecc00000, 0x00000006ecc00000| Untracked 
|  52|0x00000006ed000000, 0x00000006ed000000, 0x00000006ed400000|  0%| F|  |TAMS 0x00000006ed000000, 0x00000006ed000000| Untracked 
|  53|0x00000006ed400000, 0x00000006ed400000, 0x00000006ed800000|  0%| F|  |TAMS 0x00000006ed400000, 0x00000006ed400000| Untracked 
|  54|0x00000006ed800000, 0x00000006ed800000, 0x00000006edc00000|  0%| F|  |TAMS 0x00000006ed800000, 0x00000006ed800000| Untracked 
|  55|0x00000006edc00000, 0x00000006edc00000, 0x00000006ee000000|  0%| F|  |TAMS 0x00000006edc00000, 0x00000006edc00000| Untracked 
|  56|0x00000006ee000000, 0x00000006ee000000, 0x00000006ee400000|  0%| F|  |TAMS 0x00000006ee000000, 0x00000006ee000000| Untracked 
|  57|0x00000006ee400000, 0x00000006ee400000, 0x00000006ee800000|  0%| F|  |TAMS 0x00000006ee400000, 0x00000006ee400000| Untracked 
|  58|0x00000006ee800000, 0x00000006ee800000, 0x00000006eec00000|  0%| F|  |TAMS 0x00000006ee800000, 0x00000006ee800000| Untracked 
|  59|0x00000006eec00000, 0x00000006eec00000, 0x00000006ef000000|  0%| F|  |TAMS 0x00000006eec00000, 0x00000006eec00000| Untracked 
|  60|0x00000006ef000000, 0x00000006ef000000, 0x00000006ef400000|  0%| F|  |TAMS 0x00000006ef000000, 0x00000006ef000000| Untracked 
|  61|0x00000006ef400000, 0x00000006ef400000, 0x00000006ef800000|  0%| F|  |TAMS 0x00000006ef400000, 0x00000006ef400000| Untracked 
|  62|0x00000006ef800000, 0x00000006efb20fb8, 0x00000006efc00000| 78%| S|CS|TAMS 0x00000006ef800000, 0x00000006ef800000| Complete 
|  63|0x00000006efc00000, 0x00000006f0000000, 0x00000006f0000000|100%| S|CS|TAMS 0x00000006efc00000, 0x00000006efc00000| Complete 
|  64|0x00000006f0000000, 0x00000006f0000000, 0x00000006f0400000|  0%| F|  |TAMS 0x00000006f0000000, 0x00000006f0000000| Untracked 
|  65|0x00000006f0400000, 0x00000006f0400000, 0x00000006f0800000|  0%| F|  |TAMS 0x00000006f0400000, 0x00000006f0400000| Untracked 
|  66|0x00000006f0800000, 0x00000006f0c00000, 0x00000006f0c00000|100%| S|CS|TAMS 0x00000006f0800000, 0x00000006f0800000| Complete 
|  67|0x00000006f0c00000, 0x00000006f1000000, 0x00000006f1000000|100%| S|CS|TAMS 0x00000006f0c00000, 0x00000006f0c00000| Complete 
|  68|0x00000006f1000000, 0x00000006f1000000, 0x00000006f1400000|  0%| F|  |TAMS 0x00000006f1000000, 0x00000006f1000000| Untracked 
|  69|0x00000006f1400000, 0x00000006f1400000, 0x00000006f1800000|  0%| F|  |TAMS 0x00000006f1400000, 0x00000006f1400000| Untracked 
|  70|0x00000006f1800000, 0x00000006f1800000, 0x00000006f1c00000|  0%| F|  |TAMS 0x00000006f1800000, 0x00000006f1800000| Untracked 
|  71|0x00000006f1c00000, 0x00000006f1c00000, 0x00000006f2000000|  0%| F|  |TAMS 0x00000006f1c00000, 0x00000006f1c00000| Untracked 
|  72|0x00000006f2000000, 0x00000006f2000000, 0x00000006f2400000|  0%| F|  |TAMS 0x00000006f2000000, 0x00000006f2000000| Untracked 
|  73|0x00000006f2400000, 0x00000006f25e7430, 0x00000006f2800000| 47%| E|  |TAMS 0x00000006f2400000, 0x00000006f2400000| Complete 
|  74|0x00000006f2800000, 0x00000006f2c00000, 0x00000006f2c00000|100%| E|CS|TAMS 0x00000006f2800000, 0x00000006f2800000| Complete 
|  75|0x00000006f2c00000, 0x00000006f3000000, 0x00000006f3000000|100%| E|CS|TAMS 0x00000006f2c00000, 0x00000006f2c00000| Complete 
|  76|0x00000006f3000000, 0x00000006f3400000, 0x00000006f3400000|100%| E|CS|TAMS 0x00000006f3000000, 0x00000006f3000000| Complete 
|  77|0x00000006f3400000, 0x00000006f3800000, 0x00000006f3800000|100%| E|CS|TAMS 0x00000006f3400000, 0x00000006f3400000| Complete 
|  78|0x00000006f3800000, 0x00000006f3c00000, 0x00000006f3c00000|100%| E|CS|TAMS 0x00000006f3800000, 0x00000006f3800000| Complete 
|  79|0x00000006f3c00000, 0x00000006f4000000, 0x00000006f4000000|100%| E|  |TAMS 0x00000006f3c00000, 0x00000006f3c00000| Complete 
|  80|0x00000006f4000000, 0x00000006f4400000, 0x00000006f4400000|100%| E|CS|TAMS 0x00000006f4000000, 0x00000006f4000000| Complete 
|  81|0x00000006f4400000, 0x00000006f4800000, 0x00000006f4800000|100%| E|CS|TAMS 0x00000006f4400000, 0x00000006f4400000| Complete 
|  82|0x00000006f4800000, 0x00000006f4c00000, 0x00000006f4c00000|100%| E|CS|TAMS 0x00000006f4800000, 0x00000006f4800000| Complete 
|  83|0x00000006f4c00000, 0x00000006f5000000, 0x00000006f5000000|100%| E|CS|TAMS 0x00000006f4c00000, 0x00000006f4c00000| Complete 
|  84|0x00000006f5000000, 0x00000006f5400000, 0x00000006f5400000|100%| E|CS|TAMS 0x00000006f5000000, 0x00000006f5000000| Complete 
|  85|0x00000006f5400000, 0x00000006f5800000, 0x00000006f5800000|100%| E|CS|TAMS 0x00000006f5400000, 0x00000006f5400000| Complete 
|  86|0x00000006f5800000, 0x00000006f5c00000, 0x00000006f5c00000|100%| E|CS|TAMS 0x00000006f5800000, 0x00000006f5800000| Complete 
|  87|0x00000006f5c00000, 0x00000006f6000000, 0x00000006f6000000|100%| E|CS|TAMS 0x00000006f5c00000, 0x00000006f5c00000| Complete 
|  88|0x00000006f6000000, 0x00000006f6400000, 0x00000006f6400000|100%| E|CS|TAMS 0x00000006f6000000, 0x00000006f6000000| Complete 
|  89|0x00000006f6400000, 0x00000006f6800000, 0x00000006f6800000|100%| E|CS|TAMS 0x00000006f6400000, 0x00000006f6400000| Complete 
|  90|0x00000006f6800000, 0x00000006f6c00000, 0x00000006f6c00000|100%| E|CS|TAMS 0x00000006f6800000, 0x00000006f6800000| Complete 
|  91|0x00000006f6c00000, 0x00000006f7000000, 0x00000006f7000000|100%| E|CS|TAMS 0x00000006f6c00000, 0x00000006f6c00000| Complete 
|  92|0x00000006f7000000, 0x00000006f7400000, 0x00000006f7400000|100%| E|CS|TAMS 0x00000006f7000000, 0x00000006f7000000| Complete 
|  93|0x00000006f7400000, 0x00000006f7800000, 0x00000006f7800000|100%| E|CS|TAMS 0x00000006f7400000, 0x00000006f7400000| Complete 
|  94|0x00000006f7800000, 0x00000006f7c00000, 0x00000006f7c00000|100%| E|CS|TAMS 0x00000006f7800000, 0x00000006f7800000| Complete 
|  95|0x00000006f7c00000, 0x00000006f8000000, 0x00000006f8000000|100%| E|CS|TAMS 0x00000006f7c00000, 0x00000006f7c00000| Complete 
|  96|0x00000006f8000000, 0x00000006f8400000, 0x00000006f8400000|100%| E|CS|TAMS 0x00000006f8000000, 0x00000006f8000000| Complete 
|  97|0x00000006f8400000, 0x00000006f8800000, 0x00000006f8800000|100%| E|CS|TAMS 0x00000006f8400000, 0x00000006f8400000| Complete 
|  98|0x00000006f8800000, 0x00000006f8c00000, 0x00000006f8c00000|100%| E|CS|TAMS 0x00000006f8800000, 0x00000006f8800000| Complete 
|  99|0x00000006f8c00000, 0x00000006f9000000, 0x00000006f9000000|100%| E|CS|TAMS 0x00000006f8c00000, 0x00000006f8c00000| Complete 
| 100|0x00000006f9000000, 0x00000006f9400000, 0x00000006f9400000|100%| E|CS|TAMS 0x00000006f9000000, 0x00000006f9000000| Complete 
| 101|0x00000006f9400000, 0x00000006f9800000, 0x00000006f9800000|100%| E|CS|TAMS 0x00000006f9400000, 0x00000006f9400000| Complete 
| 102|0x00000006f9800000, 0x00000006f9c00000, 0x00000006f9c00000|100%| E|CS|TAMS 0x00000006f9800000, 0x00000006f9800000| Complete 
| 103|0x00000006f9c00000, 0x00000006fa000000, 0x00000006fa000000|100%| E|CS|TAMS 0x00000006f9c00000, 0x00000006f9c00000| Complete 

Card table byte_map: [0x00000239feaa0000,0x00000239ff3a0000] _byte_map_base: 0x00000239fb3a0000

Marking Bits (Prev, Next): (CMBitMap*) 0x00000239e534ca10, (CMBitMap*) 0x00000239e534ca50
 Prev Bits: [0x0000023980000000, 0x0000023984800000)
 Next Bits: [0x0000023984800000, 0x0000023989000000)

Polling page: 0x00000239e5390000

Metaspace:

Usage:
  Non-class:     86.09 MB used.
      Class:     13.95 MB used.
       Both:    100.04 MB used.

Virtual space:
  Non-class space:      128.00 MB reserved,      86.88 MB ( 68%) committed,  2 nodes.
      Class space:        1.00 GB reserved,      14.50 MB (  1%) committed,  1 nodes.
             Both:        1.12 GB reserved,     101.38 MB (  9%) committed. 

Chunk freelists:
   Non-Class:  8.73 MB
       Class:  1.51 MB
        Both:  10.25 MB

MaxMetaspaceSize: unlimited
CompressedClassSpaceSize: 1.00 GB
Initial GC threshold: 21.00 MB
Current GC threshold: 113.25 MB
CDS: on
MetaspaceReclaimPolicy: balanced
 - commit_granule_bytes: 65536.
 - commit_granule_words: 8192.
 - virtual_space_node_default_size: 8388608.
 - enlarge_chunks_in_place: 1.
 - new_chunks_are_fully_committed: 0.
 - uncommit_free_chunks: 1.
 - use_allocation_guard: 0.
 - handle_deallocations: 1.


Internal statistics:

num_allocs_failed_limit: 6.
num_arena_births: 1712.
num_arena_deaths: 0.
num_vsnodes_births: 3.
num_vsnodes_deaths: 0.
num_space_committed: 1622.
num_space_uncommitted: 0.
num_chunks_returned_to_freelist: 6.
num_chunks_taken_from_freelist: 6512.
num_chunk_merges: 6.
num_chunk_splits: 4065.
num_chunks_enlarged: 2447.
num_inconsistent_stats: 0.

CodeHeap 'non-profiled nmethods': size=120000Kb used=10148Kb max_used=10148Kb free=109851Kb
 bounds [0x00000239f61e0000, 0x00000239f6bd0000, 0x00000239fd710000]
CodeHeap 'profiled nmethods': size=120000Kb used=27320Kb max_used=27320Kb free=92679Kb
 bounds [0x00000239ee710000, 0x00000239f01c0000, 0x00000239f5c40000]
CodeHeap 'non-nmethods': size=5760Kb used=2429Kb max_used=2525Kb free=3330Kb
 bounds [0x00000239f5c40000, 0x00000239f5ee0000, 0x00000239f61e0000]
 total_blobs=14386 nmethods=13417 adapters=881
 compilation: enabled
              stopped_count=0, restarted_count=0
 full_count=0

Compilation events (20 events):
Event: 98.632 Thread 0x000002398b7f80d0 nmethod 15684 0x00000239f6bc6790 code [0x00000239f6bc6980, 0x00000239f6bc77f8]
Event: 98.632 Thread 0x000002398b7f80d0 15685       4       java.util.stream.SortedOps$SizedRefSortingSink::accept (18 bytes)
Event: 98.634 Thread 0x000002398b7f80d0 nmethod 15685 0x00000239f6bc7f90 code [0x00000239f6bc8120, 0x00000239f6bc8318]
Event: 98.670 Thread 0x000002398b7f80d0 15686       4       org.codehaus.groovy.reflection.CachedClass::getCachedSuperClass (11 bytes)
Event: 98.671 Thread 0x000002398b7f80d0 nmethod 15686 0x00000239f6bc8410 code [0x00000239f6bc85a0, 0x00000239f6bc86a8]
Event: 98.687 Thread 0x000002398b7f80d0 15687       4       org.gradle.internal.lazy.UnsafeLazy::get (30 bytes)
Event: 98.690 Thread 0x000002398b7f80d0 nmethod 15687 0x00000239f6bc8790 code [0x00000239f6bc8920, 0x00000239f6bc8b78]
Event: 98.699 Thread 0x000002398b7f80d0 15688   !   4       org.codehaus.groovy.reflection.ClassInfo::getMetaClass (33 bytes)
Event: 98.714 Thread 0x000002398b7fad90 15695       3       org.gradle.api.internal.attributes.DefaultDisambiguationRuleChain$ExceptionHandler::<init> (6 bytes)
Event: 98.714 Thread 0x000002398b7fad90 nmethod 15695 0x00000239f01b2310 code [0x00000239f01b24c0, 0x00000239f01b26f8]
Event: 98.716 Thread 0x000002398b7fad90 15696       3       org.gradle.api.internal.tasks.DefaultTaskContainer::withType (47 bytes)
Event: 98.717 Thread 0x000002398b7fad90 nmethod 15696 0x00000239f01b2810 code [0x00000239f01b2a80, 0x00000239f01b3ae8]
Event: 98.718 Thread 0x000002398b7fad90 15697       3       org.gradle.api.internal.tasks.DefaultRealizableTaskCollection_Decorated::<init> (14 bytes)
Event: 98.719 Thread 0x000002398b7fad90 nmethod 15697 0x00000239f01b3e90 code [0x00000239f01b4180, 0x00000239f01b52d8]
Event: 98.719 Thread 0x000002398b7fad90 15698       3       org.gradle.api.internal.tasks.DefaultRealizableTaskCollection::<init> (73 bytes)
Event: 98.720 Thread 0x000002398b7fad90 nmethod 15698 0x00000239f01b5810 code [0x00000239f01b59e0, 0x00000239f01b5f38]
Event: 98.720 Thread 0x000002398b7fad90 15699       3       org.gradle.api.internal.tasks.DefaultRealizableTaskCollection_Decorated$$Lambda$733/0x000002398d5f9b68::<init> (10 bytes)
Event: 98.720 Thread 0x000002398b7fad90 nmethod 15699 0x00000239f01b6090 code [0x00000239f01b6220, 0x00000239f01b63d8]
Event: 98.721 Thread 0x000002398b7fad90 15700       3       com.google.common.cache.LocalCache$Segment::getEntry (73 bytes)
Event: 98.723 Thread 0x000002398b7fad90 nmethod 15700 0x00000239f01b6490 code [0x00000239f01b6760, 0x00000239f01b7828]

GC Heap History (20 events):
Event: 67.591 GC heap before
{Heap before GC invocations=52 (full 0):
 garbage-first heap   total 229376K, used 183752K [0x00000006e0000000, 0x0000000800000000)
  region size 4096K, 15 young (61440K), 2 survivors (8192K)
 Metaspace       used 84024K, committed 84992K, reserved 1179648K
  class space    used 11609K, committed 12096K, reserved 1048576K
}
Event: 67.600 GC heap after
{Heap after GC invocations=53 (full 0):
 garbage-first heap   total 425984K, used 141907K [0x00000006e0000000, 0x0000000800000000)
  region size 4096K, 2 young (8192K), 2 survivors (8192K)
 Metaspace       used 84024K, committed 84992K, reserved 1179648K
  class space    used 11609K, committed 12096K, reserved 1048576K
}
Event: 74.601 GC heap before
{Heap before GC invocations=53 (full 0):
 garbage-first heap   total 425984K, used 330323K [0x00000006e0000000, 0x0000000800000000)
  region size 4096K, 48 young (196608K), 2 survivors (8192K)
 Metaspace       used 95631K, committed 96640K, reserved 1179648K
  class space    used 13333K, committed 13824K, reserved 1048576K
}
Event: 74.614 GC heap after
{Heap after GC invocations=54 (full 0):
 garbage-first heap   total 425984K, used 152390K [0x00000006e0000000, 0x0000000800000000)
  region size 4096K, 5 young (20480K), 5 survivors (20480K)
 Metaspace       used 95631K, committed 96640K, reserved 1179648K
  class space    used 13333K, committed 13824K, reserved 1048576K
}
Event: 77.896 GC heap before
{Heap before GC invocations=54 (full 0):
 garbage-first heap   total 425984K, used 332614K [0x00000006e0000000, 0x0000000800000000)
  region size 4096K, 49 young (200704K), 5 survivors (20480K)
 Metaspace       used 98334K, committed 99392K, reserved 1179648K
  class space    used 13713K, committed 14208K, reserved 1048576K
}
Event: 77.917 GC heap after
{Heap after GC invocations=55 (full 0):
 garbage-first heap   total 425984K, used 164972K [0x00000006e0000000, 0x0000000800000000)
  region size 4096K, 6 young (24576K), 6 survivors (24576K)
 Metaspace       used 98334K, committed 99392K, reserved 1179648K
  class space    used 13713K, committed 14208K, reserved 1048576K
}
Event: 82.184 GC heap before
{Heap before GC invocations=55 (full 0):
 garbage-first heap   total 425984K, used 332908K [0x00000006e0000000, 0x0000000800000000)
  region size 4096K, 48 young (196608K), 6 survivors (24576K)
 Metaspace       used 99848K, committed 100992K, reserved 1179648K
  class space    used 13957K, committed 14464K, reserved 1048576K
}
Event: 82.247 GC heap after
{Heap after GC invocations=56 (full 0):
 garbage-first heap   total 425984K, used 177155K [0x00000006e0000000, 0x0000000800000000)
  region size 4096K, 5 young (20480K), 5 survivors (20480K)
 Metaspace       used 99848K, committed 100992K, reserved 1179648K
  class space    used 13957K, committed 14464K, reserved 1048576K
}
Event: 84.174 GC heap before
{Heap before GC invocations=56 (full 0):
 garbage-first heap   total 425984K, used 328707K [0x00000006e0000000, 0x0000000800000000)
  region size 4096K, 43 young (176128K), 5 survivors (20480K)
 Metaspace       used 99953K, committed 101120K, reserved 1179648K
  class space    used 13964K, committed 14464K, reserved 1048576K
}
Event: 84.191 GC heap after
{Heap after GC invocations=57 (full 0):
 garbage-first heap   total 425984K, used 181840K [0x00000006e0000000, 0x0000000800000000)
  region size 4096K, 3 young (12288K), 3 survivors (12288K)
 Metaspace       used 99953K, committed 101120K, reserved 1179648K
  class space    used 13964K, committed 14464K, reserved 1048576K
}
Event: 86.403 GC heap before
{Heap before GC invocations=57 (full 0):
 garbage-first heap   total 425984K, used 333392K [0x00000006e0000000, 0x0000000800000000)
  region size 4096K, 41 young (167936K), 3 survivors (12288K)
 Metaspace       used 100283K, committed 101440K, reserved 1179648K
  class space    used 14007K, committed 14528K, reserved 1048576K
}
Event: 86.417 GC heap after
{Heap after GC invocations=58 (full 0):
 garbage-first heap   total 425984K, used 187060K [0x00000006e0000000, 0x0000000800000000)
  region size 4096K, 4 young (16384K), 4 survivors (16384K)
 Metaspace       used 100283K, committed 101440K, reserved 1179648K
  class space    used 14007K, committed 14528K, reserved 1048576K
}
Event: 88.803 GC heap before
{Heap before GC invocations=58 (full 0):
 garbage-first heap   total 425984K, used 338612K [0x00000006e0000000, 0x0000000800000000)
  region size 4096K, 42 young (172032K), 4 survivors (16384K)
 Metaspace       used 101543K, committed 102784K, reserved 1179648K
  class space    used 14176K, committed 14720K, reserved 1048576K
}
Event: 88.825 GC heap after
{Heap after GC invocations=59 (full 0):
 garbage-first heap   total 425984K, used 197144K [0x00000006e0000000, 0x0000000800000000)
  region size 4096K, 5 young (20480K), 5 survivors (20480K)
 Metaspace       used 101543K, committed 102784K, reserved 1179648K
  class space    used 14176K, committed 14720K, reserved 1048576K
}
Event: 91.949 GC heap before
{Heap before GC invocations=59 (full 0):
 garbage-first heap   total 425984K, used 344600K [0x00000006e0000000, 0x0000000800000000)
  region size 4096K, 41 young (167936K), 5 survivors (20480K)
 Metaspace       used 101918K, committed 103232K, reserved 1179648K
  class space    used 14226K, committed 14784K, reserved 1048576K
}
Event: 91.983 GC heap after
{Heap after GC invocations=60 (full 0):
 garbage-first heap   total 425984K, used 205684K [0x00000006e0000000, 0x0000000800000000)
  region size 4096K, 3 young (12288K), 3 survivors (12288K)
 Metaspace       used 101918K, committed 103232K, reserved 1179648K
  class space    used 14226K, committed 14784K, reserved 1048576K
}
Event: 94.266 GC heap before
{Heap before GC invocations=60 (full 0):
 garbage-first heap   total 425984K, used 340852K [0x00000006e0000000, 0x0000000800000000)
  region size 4096K, 37 young (151552K), 3 survivors (12288K)
 Metaspace       used 102144K, committed 103552K, reserved 1179648K
  class space    used 14251K, committed 14848K, reserved 1048576K
}
Event: 94.282 GC heap after
{Heap after GC invocations=61 (full 0):
 garbage-first heap   total 425984K, used 209857K [0x00000006e0000000, 0x0000000800000000)
  region size 4096K, 4 young (16384K), 4 survivors (16384K)
 Metaspace       used 102144K, committed 103552K, reserved 1179648K
  class space    used 14251K, committed 14848K, reserved 1048576K
}
Event: 97.101 GC heap before
{Heap before GC invocations=61 (full 0):
 garbage-first heap   total 425984K, used 345025K [0x00000006e0000000, 0x0000000800000000)
  region size 4096K, 38 young (155648K), 4 survivors (16384K)
 Metaspace       used 102362K, committed 103744K, reserved 1179648K
  class space    used 14272K, committed 14848K, reserved 1048576K
}
Event: 97.128 GC heap after
{Heap after GC invocations=62 (full 0):
 garbage-first heap   total 425984K, used 216751K [0x00000006e0000000, 0x0000000800000000)
  region size 4096K, 4 young (16384K), 4 survivors (16384K)
 Metaspace       used 102362K, committed 103744K, reserved 1179648K
  class space    used 14272K, committed 14848K, reserved 1048576K
}

Dll operation events (15 events):
Event: 0.019 Loaded shared library C:\Program Files\Java\jdk-17\bin\java.dll
Event: 0.066 Loaded shared library C:\Program Files\Java\jdk-17\bin\jsvml.dll
Event: 0.194 Loaded shared library C:\Program Files\Java\jdk-17\bin\zip.dll
Event: 0.198 Loaded shared library C:\Program Files\Java\jdk-17\bin\instrument.dll
Event: 0.207 Loaded shared library C:\Program Files\Java\jdk-17\bin\net.dll
Event: 0.209 Loaded shared library C:\Program Files\Java\jdk-17\bin\nio.dll
Event: 0.214 Loaded shared library C:\Program Files\Java\jdk-17\bin\zip.dll
Event: 0.933 Loaded shared library C:\Program Files\Java\jdk-17\bin\jimage.dll
Event: 1.391 Loaded shared library C:\Program Files\Java\jdk-17\bin\verify.dll
Event: 1.793 Loaded shared library C:\Users\tuce_\.gradle\native\c067742578af261105cb4f569cf0c3c89f3d7b1fecec35dd04571415982c5e48\windows-amd64\native-platform.dll
Event: 1.810 Loaded shared library C:\Users\tuce_\.gradle\native\100fb08df4bc3b14c8652ba06237920a3bd2aa13389f12d3474272988ae205f9\windows-amd64\native-platform-file-events.dll
Event: 5.197 Loaded shared library C:\Program Files\Java\jdk-17\bin\management.dll
Event: 5.205 Loaded shared library C:\Program Files\Java\jdk-17\bin\management_ext.dll
Event: 5.657 Loaded shared library C:\Program Files\Java\jdk-17\bin\extnet.dll
Event: 6.285 Loaded shared library C:\Program Files\Java\jdk-17\bin\sunmscapi.dll

Deoptimization events (20 events):
Event: 95.711 Thread 0x00000239d2147370 Uncommon trap: trap_request=0xffffffd6 fr.pc=0x00000239f6b63c8c relative=0x00000000000005cc
Event: 95.711 Thread 0x00000239d2147370 Uncommon trap: reason=array_check action=maybe_recompile pc=0x00000239f6b63c8c method=java.util.stream.Nodes$FixedNodeBuilder.accept(Ljava/lang/Object;)V @ 28 c2
Event: 95.711 Thread 0x00000239d2147370 DEOPT PACKING pc=0x00000239f6b63c8c sp=0x000000edfa4f97e0
Event: 95.711 Thread 0x00000239d2147370 DEOPT UNPACKING pc=0x00000239f5c969a3 sp=0x000000edfa4f96d8 mode 2
Event: 96.606 Thread 0x00000239d2147370 Uncommon trap: trap_request=0xffffffbe fr.pc=0x00000239f6b7c7e4 relative=0x0000000000000944
Event: 96.606 Thread 0x00000239d2147370 Uncommon trap: reason=profile_predicate action=maybe_recompile pc=0x00000239f6b7c7e4 method=groovy.lang.MetaClassImpl$MethodIndexAction.iterate()V @ 78 c2
Event: 96.606 Thread 0x00000239d2147370 DEOPT PACKING pc=0x00000239f6b7c7e4 sp=0x000000edfa4f8a70
Event: 96.606 Thread 0x00000239d2147370 DEOPT UNPACKING pc=0x00000239f5c969a3 sp=0x000000edfa4f8a48 mode 2
Event: 96.606 Thread 0x00000239d2147370 Uncommon trap: trap_request=0xffffffbe fr.pc=0x00000239f6b7c7e4 relative=0x0000000000000944
Event: 96.606 Thread 0x00000239d2147370 Uncommon trap: reason=profile_predicate action=maybe_recompile pc=0x00000239f6b7c7e4 method=groovy.lang.MetaClassImpl$MethodIndexAction.iterate()V @ 78 c2
Event: 96.606 Thread 0x00000239d2147370 DEOPT PACKING pc=0x00000239f6b7c7e4 sp=0x000000edfa4f8a70
Event: 96.606 Thread 0x00000239d2147370 DEOPT UNPACKING pc=0x00000239f5c969a3 sp=0x000000edfa4f8a48 mode 2
Event: 98.671 Thread 0x00000239d2147370 Uncommon trap: trap_request=0xffffffbe fr.pc=0x00000239f6b7c7e4 relative=0x0000000000000944
Event: 98.671 Thread 0x00000239d2147370 Uncommon trap: reason=profile_predicate action=maybe_recompile pc=0x00000239f6b7c7e4 method=groovy.lang.MetaClassImpl$MethodIndexAction.iterate()V @ 78 c2
Event: 98.671 Thread 0x00000239d2147370 DEOPT PACKING pc=0x00000239f6b7c7e4 sp=0x000000edfa4f8930
Event: 98.671 Thread 0x00000239d2147370 DEOPT UNPACKING pc=0x00000239f5c969a3 sp=0x000000edfa4f8908 mode 2
Event: 98.671 Thread 0x00000239d2147370 Uncommon trap: trap_request=0xffffffbe fr.pc=0x00000239f6b7c7e4 relative=0x0000000000000944
Event: 98.671 Thread 0x00000239d2147370 Uncommon trap: reason=profile_predicate action=maybe_recompile pc=0x00000239f6b7c7e4 method=groovy.lang.MetaClassImpl$MethodIndexAction.iterate()V @ 78 c2
Event: 98.671 Thread 0x00000239d2147370 DEOPT PACKING pc=0x00000239f6b7c7e4 sp=0x000000edfa4f8930
Event: 98.671 Thread 0x00000239d2147370 DEOPT UNPACKING pc=0x00000239f5c969a3 sp=0x000000edfa4f8908 mode 2

Classes loaded (20 events):
Event: 76.398 Loading class java/lang/IntegerBeanInfo
Event: 76.398 Loading class java/lang/IntegerBeanInfo done
Event: 76.399 Loading class java/lang/IntegerBeanInfo
Event: 76.399 Loading class java/lang/IntegerBeanInfo done
Event: 76.399 Loading class java/lang/NumberBeanInfo
Event: 76.399 Loading class java/lang/NumberBeanInfo done
Event: 76.400 Loading class java/lang/NumberBeanInfo
Event: 76.400 Loading class java/lang/NumberBeanInfo done
Event: 76.400 Loading class java/lang/NumberCustomizer
Event: 76.400 Loading class java/lang/NumberCustomizer done
Event: 76.400 Loading class java/lang/NumberCustomizer
Event: 76.400 Loading class java/lang/NumberCustomizer done
Event: 76.401 Loading class java/lang/IntegerCustomizer
Event: 76.401 Loading class java/lang/IntegerCustomizer done
Event: 76.401 Loading class java/lang/IntegerCustomizer
Event: 76.401 Loading class java/lang/IntegerCustomizer done
Event: 76.401 Loading class jdk/internal/ValueBased
Event: 76.401 Loading class jdk/internal/ValueBased done
Event: 76.404 Loading class jdk/internal/reflect/UnsafeQualifiedStaticIntegerFieldAccessorImpl
Event: 76.404 Loading class jdk/internal/reflect/UnsafeQualifiedStaticIntegerFieldAccessorImpl done

Classes unloaded (0 events):
No events

Classes redefined (0 events):
No events

Internal exceptions (20 events):
Event: 87.953 Thread 0x00000239d2147370 Exception <a 'java/lang/ClassNotFoundException'{0x00000006f60d34b8}: build_a9ahyvhub563xwtd0qwwttvprBeanInfo> (0x00000006f60d34b8) 
thrown [s\src\hotspot\share\classfile\systemDictionary.cpp, line 259]
Event: 87.954 Thread 0x00000239d2147370 Exception <a 'java/lang/ClassNotFoundException'{0x00000006f60da6c8}: build_a9ahyvhub563xwtd0qwwttvprCustomizer> (0x00000006f60da6c8) 
thrown [s\src\hotspot\share\classfile\systemDictionary.cpp, line 259]
Event: 89.153 Thread 0x00000239d2147370 Exception <a 'java/lang/ClassNotFoundException'{0x00000006f80b40d0}: build_a9ahyvhub563xwtd0qwwttvprBeanInfo> (0x00000006f80b40d0) 
thrown [s\src\hotspot\share\classfile\systemDictionary.cpp, line 259]
Event: 89.154 Thread 0x00000239d2147370 Exception <a 'java/lang/ClassNotFoundException'{0x00000006f80bb278}: build_a9ahyvhub563xwtd0qwwttvprCustomizer> (0x00000006f80bb278) 
thrown [s\src\hotspot\share\classfile\systemDictionary.cpp, line 259]
Event: 89.723 Thread 0x00000239d2147370 Exception <a 'java/lang/ClassNotFoundException'{0x00000006f754f848}: build_ep932uesy5arhal453171sb4hBeanInfo> (0x00000006f754f848) 
thrown [s\src\hotspot\share\classfile\systemDictionary.cpp, line 259]
Event: 89.723 Thread 0x00000239d2147370 Exception <a 'java/lang/ClassNotFoundException'{0x00000006f7556a58}: build_ep932uesy5arhal453171sb4hCustomizer> (0x00000006f7556a58) 
thrown [s\src\hotspot\share\classfile\systemDictionary.cpp, line 259]
Event: 89.965 Thread 0x00000239d2147370 Exception <a 'java/lang/ClassNotFoundException'{0x00000006f6a191a8}: build_ep932uesy5arhal453171sb4hBeanInfo> (0x00000006f6a191a8) 
thrown [s\src\hotspot\share\classfile\systemDictionary.cpp, line 259]
Event: 89.966 Thread 0x00000239d2147370 Exception <a 'java/lang/ClassNotFoundException'{0x00000006f6a20350}: build_ep932uesy5arhal453171sb4hCustomizer> (0x00000006f6a20350) 
thrown [s\src\hotspot\share\classfile\systemDictionary.cpp, line 259]
Event: 90.768 Thread 0x00000239d2147370 Exception <a 'java/lang/ClassNotFoundException'{0x00000006f63fe490}: build_1dfte16qro1m3bvse6im2e32yBeanInfo> (0x00000006f63fe490) 
thrown [s\src\hotspot\share\classfile\systemDictionary.cpp, line 259]
Event: 90.769 Thread 0x00000239d2147370 Exception <a 'java/lang/ClassNotFoundException'{0x00000006f5d8b2e8}: build_1dfte16qro1m3bvse6im2e32yCustomizer> (0x00000006f5d8b2e8) 
thrown [s\src\hotspot\share\classfile\systemDictionary.cpp, line 259]
Event: 92.540 Thread 0x00000239d2147370 Exception <a 'java/lang/ClassNotFoundException'{0x00000006f6d599e0}: build_1dfte16qro1m3bvse6im2e32yBeanInfo> (0x00000006f6d599e0) 
thrown [s\src\hotspot\share\classfile\systemDictionary.cpp, line 259]
Event: 92.541 Thread 0x00000239d2147370 Exception <a 'java/lang/ClassNotFoundException'{0x00000006f6d60b88}: build_1dfte16qro1m3bvse6im2e32yCustomizer> (0x00000006f6d60b88) 
thrown [s\src\hotspot\share\classfile\systemDictionary.cpp, line 259]
Event: 93.148 Thread 0x00000239d2147370 Exception <a 'java/lang/ClassNotFoundException'{0x00000006f5145ec8}: build_bvqk6gtetecvksbg8ywjvmb8jBeanInfo> (0x00000006f5145ec8) 
thrown [s\src\hotspot\share\classfile\systemDictionary.cpp, line 259]
Event: 93.149 Thread 0x00000239d2147370 Exception <a 'java/lang/ClassNotFoundException'{0x00000006f514d0d8}: build_bvqk6gtetecvksbg8ywjvmb8jCustomizer> (0x00000006f514d0d8) 
thrown [s\src\hotspot\share\classfile\systemDictionary.cpp, line 259]
Event: 95.501 Thread 0x00000239d2147370 Exception <a 'java/lang/ClassNotFoundException'{0x00000006f3de7400}: build_bvqk6gtetecvksbg8ywjvmb8jBeanInfo> (0x00000006f3de7400) 
thrown [s\src\hotspot\share\classfile\systemDictionary.cpp, line 259]
Event: 95.501 Thread 0x00000239d2147370 Exception <a 'java/lang/ClassNotFoundException'{0x00000006f3dee5a8}: build_bvqk6gtetecvksbg8ywjvmb8jCustomizer> (0x00000006f3dee5a8) 
thrown [s\src\hotspot\share\classfile\systemDictionary.cpp, line 259]
Event: 96.607 Thread 0x00000239d2147370 Exception <a 'java/lang/ClassNotFoundException'{0x00000006f20faef8}: build_2gr8z9jmri3fw14dl3g8s5uekBeanInfo> (0x00000006f20faef8) 
thrown [s\src\hotspot\share\classfile\systemDictionary.cpp, line 259]
Event: 96.608 Thread 0x00000239d2147370 Exception <a 'java/lang/ClassNotFoundException'{0x00000006f2102108}: build_2gr8z9jmri3fw14dl3g8s5uekCustomizer> (0x00000006f2102108) 
thrown [s\src\hotspot\share\classfile\systemDictionary.cpp, line 259]
Event: 98.672 Thread 0x00000239d2147370 Exception <a 'java/lang/ClassNotFoundException'{0x00000006f291f8f0}: build_2gr8z9jmri3fw14dl3g8s5uekBeanInfo> (0x00000006f291f8f0) 
thrown [s\src\hotspot\share\classfile\systemDictionary.cpp, line 259]
Event: 98.672 Thread 0x00000239d2147370 Exception <a 'java/lang/ClassNotFoundException'{0x00000006f2926a98}: build_2gr8z9jmri3fw14dl3g8s5uekCustomizer> (0x00000006f2926a98) 
thrown [s\src\hotspot\share\classfile\systemDictionary.cpp, line 259]

VM Operations (20 events):
Event: 90.742 Executing VM operation: Cleanup
Event: 90.758 Executing VM operation: Cleanup done
Event: 91.768 Executing VM operation: Cleanup
Event: 91.769 Executing VM operation: Cleanup done
Event: 91.948 Executing VM operation: G1CollectForAllocation
Event: 91.983 Executing VM operation: G1CollectForAllocation done
Event: 92.991 Executing VM operation: Cleanup
Event: 92.991 Executing VM operation: Cleanup done
Event: 93.994 Executing VM operation: Cleanup
Event: 93.994 Executing VM operation: Cleanup done
Event: 94.266 Executing VM operation: G1CollectForAllocation
Event: 94.282 Executing VM operation: G1CollectForAllocation done
Event: 95.296 Executing VM operation: Cleanup
Event: 95.296 Executing VM operation: Cleanup done
Event: 96.315 Executing VM operation: Cleanup
Event: 96.340 Executing VM operation: Cleanup done
Event: 97.101 Executing VM operation: G1CollectForAllocation
Event: 97.128 Executing VM operation: G1CollectForAllocation done
Event: 98.136 Executing VM operation: Cleanup
Event: 98.136 Executing VM operation: Cleanup done

Memory protections (0 events):
No events

Nmethod flushes (20 events):
Event: 77.610 Thread 0x000002398b801660 flushing  nmethod 0x00000239efc7eb90
Event: 77.610 Thread 0x000002398b801660 flushing  nmethod 0x00000239efca5f90
Event: 77.610 Thread 0x000002398b801660 flushing  nmethod 0x00000239efcaea90
Event: 77.610 Thread 0x000002398b801660 flushing  nmethod 0x00000239efd2a810
Event: 77.610 Thread 0x000002398b801660 flushing  nmethod 0x00000239efd2ab90
Event: 77.610 Thread 0x000002398b801660 flushing  nmethod 0x00000239efd31a90
Event: 77.610 Thread 0x000002398b801660 flushing  nmethod 0x00000239efd32d90
Event: 77.610 Thread 0x000002398b801660 flushing  nmethod 0x00000239efd36f10
Event: 77.611 Thread 0x000002398b801660 flushing  nmethod 0x00000239efdd5d90
Event: 77.611 Thread 0x000002398b801660 flushing  nmethod 0x00000239efde8590
Event: 89.562 Thread 0x000002398b801660 flushing  nmethod 0x00000239f6559f10
Event: 89.566 Thread 0x000002398b801660 flushing  nmethod 0x00000239ee713490
Event: 89.569 Thread 0x000002398b801660 flushing  nmethod 0x00000239ee9fd590
Event: 89.570 Thread 0x000002398b801660 flushing  nmethod 0x00000239eeac9310
Event: 89.573 Thread 0x000002398b801660 flushing  nmethod 0x00000239eed63610
Event: 89.573 Thread 0x000002398b801660 flushing  nmethod 0x00000239eeda0a10
Event: 89.575 Thread 0x000002398b801660 flushing  nmethod 0x00000239eef31d10
Event: 89.575 Thread 0x000002398b801660 flushing  nmethod 0x00000239eef4e190
Event: 89.578 Thread 0x000002398b801660 flushing  nmethod 0x00000239ef1f3510
Event: 89.579 Thread 0x000002398b801660 flushing  nmethod 0x00000239ef306010

Events (20 events):
Event: 55.753 Thread 0x00000239d2147370 Thread added: 0x00000239d307cf20
Event: 56.426 Thread 0x00000239d40ba910 Thread exited: 0x00000239d40ba910
Event: 58.004 Thread 0x000002398b7fad90 Thread added: 0x00000239d4dada30
Event: 59.069 Thread 0x00000239d4dada30 Thread exited: 0x00000239d4dada30
Event: 59.962 Thread 0x000002398b7fad90 Thread added: 0x00000239d4dada30
Event: 61.966 Thread 0x00000239d2147370 Thread added: 0x00000239d307b0c0
Event: 62.372 Thread 0x00000239d4dada30 Thread exited: 0x00000239d4dada30
Event: 64.899 Thread 0x00000239d2147370 Thread added: 0x00000239d307b5d0
Event: 64.900 Thread 0x00000239d2147370 Thread added: 0x00000239d307c500
Event: 64.900 Thread 0x00000239d2147370 Thread added: 0x00000239d30810f0
Event: 64.900 Thread 0x00000239d2147370 Thread added: 0x00000239d307e870
Event: 64.901 Thread 0x00000239d2147370 Thread added: 0x00000239d307bae0
Event: 64.901 Thread 0x00000239d2147370 Thread added: 0x00000239d307d430
Event: 64.901 Thread 0x00000239d2147370 Thread added: 0x00000239d3079c80
Event: 65.197 Thread 0x00000239d2147370 Thread added: 0x00000239d307ed80
Event: 65.202 Thread 0x00000239d2147370 Thread added: 0x00000239d30801c0
Event: 65.204 Thread 0x00000239d2147370 Thread added: 0x00000239d3080be0
Event: 65.212 Thread 0x00000239d2147370 Thread added: 0x00000239d3081600
Event: 65.223 Thread 0x00000239d2147370 Thread added: 0x00000239d307a190
Event: 65.238 Thread 0x00000239d2147370 Thread added: 0x00000239d307a6a0


Dynamic libraries:
0x00007ff6a1b50000 - 0x00007ff6a1b5e000 	C:\Program Files\Java\jdk-17\bin\java.exe
0x00007ffa465d0000 - 0x00007ffa467e7000 	C:\WINDOWS\SYSTEM32\ntdll.dll
0x00007ffa45b90000 - 0x00007ffa45c54000 	C:\WINDOWS\System32\KERNEL32.DLL
0x00007ffa43ef0000 - 0x00007ffa442c0000 	C:\WINDOWS\System32\KERNELBASE.dll
0x00007ffa43cf0000 - 0x00007ffa43e01000 	C:\WINDOWS\System32\ucrtbase.dll
0x00007ffa3d0e0000 - 0x00007ffa3d0fb000 	C:\Program Files\Java\jdk-17\bin\VCRUNTIME140.dll
0x00007ffa3d150000 - 0x00007ffa3d169000 	C:\Program Files\Java\jdk-17\bin\jli.dll
0x00007ffa44580000 - 0x00007ffa4472e000 	C:\WINDOWS\System32\USER32.dll
0x00007ffa43ec0000 - 0x00007ffa43ee6000 	C:\WINDOWS\System32\win32u.dll
0x00007ffa302a0000 - 0x00007ffa30532000 	C:\WINDOWS\WinSxS\amd64_microsoft.windows.common-controls_6595b64144ccf1df_6.0.22621.4830_none_270fe7d773858e80\COMCTL32.dll
0x00007ffa442c0000 - 0x00007ffa442e9000 	C:\WINDOWS\System32\GDI32.dll
0x00007ffa45e30000 - 0x00007ffa45ed7000 	C:\WINDOWS\System32\msvcrt.dll
0x00007ffa43bd0000 - 0x00007ffa43ceb000 	C:\WINDOWS\System32\gdi32full.dll
0x00007ffa439c0000 - 0x00007ffa43a5a000 	C:\WINDOWS\System32\msvcp_win.dll
0x00007ffa44540000 - 0x00007ffa44571000 	C:\WINDOWS\System32\IMM32.DLL
0x00007ffa3c520000 - 0x00007ffa3c52c000 	C:\Program Files\Java\jdk-17\bin\vcruntime140_1.dll
0x00007ff9e3600000 - 0x00007ff9e368d000 	C:\Program Files\Java\jdk-17\bin\msvcp140.dll
0x00007ff9ddf60000 - 0x00007ff9debd4000 	C:\Program Files\Java\jdk-17\bin\server\jvm.dll
0x00007ffa46340000 - 0x00007ffa463f1000 	C:\WINDOWS\System32\ADVAPI32.dll
0x00007ffa45d80000 - 0x00007ffa45e27000 	C:\WINDOWS\System32\sechost.dll
0x00007ffa43e10000 - 0x00007ffa43e38000 	C:\WINDOWS\System32\bcrypt.dll
0x00007ffa44c30000 - 0x00007ffa44d44000 	C:\WINDOWS\System32\RPCRT4.dll
0x00007ffa44300000 - 0x00007ffa44371000 	C:\WINDOWS\System32\WS2_32.dll
0x00007ffa43750000 - 0x00007ffa4379d000 	C:\WINDOWS\SYSTEM32\POWRPROF.dll
0x00007ffa3ead0000 - 0x00007ffa3eb04000 	C:\WINDOWS\SYSTEM32\WINMM.dll
0x00007ffa3be60000 - 0x00007ffa3be6a000 	C:\WINDOWS\SYSTEM32\VERSION.dll
0x00007ffa43730000 - 0x00007ffa43743000 	C:\WINDOWS\SYSTEM32\UMPDC.dll
0x00007ffa428c0000 - 0x00007ffa428d8000 	C:\WINDOWS\SYSTEM32\kernel.appcore.dll
0x00007ffa32540000 - 0x00007ffa3254a000 	C:\Program Files\Java\jdk-17\bin\jimage.dll
0x00007ffa37db0000 - 0x00007ffa37fe2000 	C:\WINDOWS\SYSTEM32\DBGHELP.DLL
0x00007ffa44730000 - 0x00007ffa44ac0000 	C:\WINDOWS\System32\combase.dll
0x00007ffa46400000 - 0x00007ffa464d7000 	C:\WINDOWS\System32\OLEAUT32.dll
0x00007ffa32d00000 - 0x00007ffa32d32000 	C:\WINDOWS\SYSTEM32\dbgcore.DLL
0x00007ffa43e40000 - 0x00007ffa43ebb000 	C:\WINDOWS\System32\bcryptPrimitives.dll
0x00007ffa3d130000 - 0x00007ffa3d13e000 	C:\Program Files\Java\jdk-17\bin\instrument.dll
0x00007ffa30b80000 - 0x00007ffa30ba5000 	C:\Program Files\Java\jdk-17\bin\java.dll
0x00007ff9e0750000 - 0x00007ff9e0827000 	C:\Program Files\Java\jdk-17\bin\jsvml.dll
0x00007ffa44d50000 - 0x00007ffa455c8000 	C:\WINDOWS\System32\SHELL32.dll
0x00007ffa417d0000 - 0x00007ffa420e0000 	C:\WINDOWS\SYSTEM32\windows.storage.dll
0x00007ffa41690000 - 0x00007ffa417cf000 	C:\WINDOWS\SYSTEM32\wintypes.dll
0x00007ffa461e0000 - 0x00007ffa462ea000 	C:\WINDOWS\System32\SHCORE.dll
0x00007ffa45ee0000 - 0x00007ffa45f3e000 	C:\WINDOWS\System32\shlwapi.dll
0x00007ffa437b0000 - 0x00007ffa437db000 	C:\WINDOWS\SYSTEM32\profapi.dll
0x00007ffa2f460000 - 0x00007ffa2f478000 	C:\Program Files\Java\jdk-17\bin\zip.dll
0x00007ffa30690000 - 0x00007ffa306a9000 	C:\Program Files\Java\jdk-17\bin\net.dll
0x00007ffa3cdb0000 - 0x00007ffa3cedc000 	C:\WINDOWS\SYSTEM32\WINHTTP.dll
0x00007ffa42d40000 - 0x00007ffa42daa000 	C:\WINDOWS\system32\mswsock.dll
0x00007ffa2f5f0000 - 0x00007ffa2f606000 	C:\Program Files\Java\jdk-17\bin\nio.dll
0x00007ffa32530000 - 0x00007ffa32540000 	C:\Program Files\Java\jdk-17\bin\verify.dll
0x00007ffa21570000 - 0x00007ffa21597000 	C:\Users\tuce_\.gradle\native\c067742578af261105cb4f569cf0c3c89f3d7b1fecec35dd04571415982c5e48\windows-amd64\native-platform.dll
0x00007ff9e3160000 - 0x00007ff9e32a4000 	C:\Users\tuce_\.gradle\native\100fb08df4bc3b14c8652ba06237920a3bd2aa13389f12d3474272988ae205f9\windows-amd64\native-platform-file-events.dll
0x00007ffa3ed60000 - 0x00007ffa3ed69000 	C:\Program Files\Java\jdk-17\bin\management.dll
0x00007ffa3d140000 - 0x00007ffa3d14b000 	C:\Program Files\Java\jdk-17\bin\management_ext.dll
0x00007ffa44c20000 - 0x00007ffa44c28000 	C:\WINDOWS\System32\PSAPI.DLL
0x00007ffa42f90000 - 0x00007ffa42fab000 	C:\WINDOWS\SYSTEM32\CRYPTSP.dll
0x00007ffa42820000 - 0x00007ffa42855000 	C:\WINDOWS\system32\rsaenh.dll
0x00007ffa42e30000 - 0x00007ffa42e58000 	C:\WINDOWS\SYSTEM32\USERENV.dll
0x00007ffa42fb0000 - 0x00007ffa42fbc000 	C:\WINDOWS\SYSTEM32\CRYPTBASE.dll
0x00007ffa42340000 - 0x00007ffa4236d000 	C:\WINDOWS\SYSTEM32\IPHLPAPI.DLL
0x00007ffa455d0000 - 0x00007ffa455d9000 	C:\WINDOWS\System32\NSI.dll
0x00007ffa3cb60000 - 0x00007ffa3cb79000 	C:\WINDOWS\SYSTEM32\dhcpcsvc6.DLL
0x00007ffa3c850000 - 0x00007ffa3c86f000 	C:\WINDOWS\SYSTEM32\dhcpcsvc.DLL
0x00007ffa423b0000 - 0x00007ffa424b2000 	C:\WINDOWS\SYSTEM32\DNSAPI.dll
0x00007ffa321d0000 - 0x00007ffa321d9000 	C:\Program Files\Java\jdk-17\bin\extnet.dll
0x00007ffa325e0000 - 0x00007ffa325ee000 	C:\Program Files\Java\jdk-17\bin\sunmscapi.dll
0x00007ffa43a60000 - 0x00007ffa43bc6000 	C:\WINDOWS\System32\CRYPT32.dll
0x00007ffa43130000 - 0x00007ffa4315d000 	C:\WINDOWS\SYSTEM32\ncrypt.dll
0x00007ffa430f0000 - 0x00007ffa43127000 	C:\WINDOWS\SYSTEM32\NTASN1.dll
0x00007ffa30b70000 - 0x00007ffa30b78000 	C:\WINDOWS\system32\wshunix.dll
0x00007ffa31030000 - 0x00007ffa31047000 	C:\WINDOWS\system32\napinsp.dll
0x00007ffa31050000 - 0x00007ffa3106b000 	C:\WINDOWS\system32\pnrpnsp.dll
0x00007ffa31070000 - 0x00007ffa31081000 	C:\WINDOWS\System32\winrnr.dll
0x00007ffa373c0000 - 0x00007ffa373d5000 	C:\WINDOWS\system32\wshbth.dll
0x00007ffa3cee0000 - 0x00007ffa3cf07000 	C:\WINDOWS\system32\nlansp_c.dll
0x00007ffa32e80000 - 0x00007ffa32e8a000 	C:\Windows\System32\rasadhlp.dll
0x00007ffa3bf40000 - 0x00007ffa3bfc3000 	C:\WINDOWS\System32\fwpuclnt.dll

dbghelp: loaded successfully - version: 4.0.5 - missing functions: none
symbol engine: initialized successfully - sym options: 0x614 - pdb path: .;C:\Program Files\Java\jdk-17\bin;C:\WINDOWS\SYSTEM32;C:\WINDOWS\WinSxS\amd64_microsoft.windows.common-controls_6595b64144ccf1df_6.0.22621.4830_none_270fe7d773858e80;C:\Program Files\Java\jdk-17\bin\server;C:\Users\tuce_\.gradle\native\c067742578af261105cb4f569cf0c3c89f3d7b1fecec35dd04571415982c5e48\windows-amd64;C:\Users\tuce_\.gradle\native\100fb08df4bc3b14c8652ba06237920a3bd2aa13389f12d3474272988ae205f9\windows-amd64

VM Arguments:
jvm_args: --add-opens=java.base/java.util=ALL-UNNAMED --add-opens=java.base/java.lang=ALL-UNNAMED --add-opens=java.base/java.lang.invoke=ALL-UNNAMED --add-opens=java.prefs/java.util.prefs=ALL-UNNAMED --add-exports=jdk.compiler/com.sun.tools.javac.api=ALL-UNNAMED --add-exports=jdk.compiler/com.sun.tools.javac.util=ALL-UNNAMED --add-opens=java.base/java.nio.charset=ALL-UNNAMED --add-opens=java.base/java.net=ALL-UNNAMED --add-opens=java.base/java.util.concurrent.atomic=ALL-UNNAMED -Xmx4608m -Dfile.encoding=utf8 -Duser.country=TR -Duser.language=tr -Duser.variant -javaagent:C:\Users\tuce_\.gradle\wrapper\dists\gradle-8.9-bin\90cnw93cvbtalezasaz0blq0a\gradle-8.9\lib\agents\gradle-instrumentation-agent-8.9.jar 
java_command: org.gradle.launcher.daemon.bootstrap.GradleDaemon 8.9
java_class_path (initial): C:\Users\tuce_\.gradle\wrapper\dists\gradle-8.9-bin\90cnw93cvbtalezasaz0blq0a\gradle-8.9\lib\gradle-daemon-main-8.9.jar
Launcher Type: SUN_STANDARD

[Global flags]
     intx CICompilerCount                          = 4                                         {product} {ergonomic}
     uint ConcGCThreads                            = 2                                         {product} {ergonomic}
     uint G1ConcRefinementThreads                  = 8                                         {product} {ergonomic}
   size_t G1HeapRegionSize                         = 4194304                                   {product} {ergonomic}
    uintx GCDrainStackTargetSize                   = 64                                        {product} {ergonomic}
   size_t InitialHeapSize                          = 134217728                                 {product} {ergonomic}
   size_t MarkStackSize                            = 4194304                                   {product} {ergonomic}
   size_t MaxHeapSize                              = 4831838208                                {product} {command line}
   size_t MaxNewSize                               = 2898264064                                {product} {ergonomic}
   size_t MinHeapDeltaBytes                        = 4194304                                   {product} {ergonomic}
   size_t MinHeapSize                              = 8388608                                   {product} {ergonomic}
    uintx NonNMethodCodeHeapSize                   = 5839372                                {pd product} {ergonomic}
    uintx NonProfiledCodeHeapSize                  = 122909434                              {pd product} {ergonomic}
    uintx ProfiledCodeHeapSize                     = 122909434                              {pd product} {ergonomic}
    uintx ReservedCodeCacheSize                    = 251658240                              {pd product} {ergonomic}
     bool SegmentedCodeCache                       = true                                      {product} {ergonomic}
   size_t SoftMaxHeapSize                          = 4831838208                             {manageable} {ergonomic}
     bool UseCompressedClassPointers               = true                           {product lp64_product} {ergonomic}
     bool UseCompressedOops                        = true                           {product lp64_product} {ergonomic}
     bool UseG1GC                                  = true                                      {product} {ergonomic}
     bool UseLargePagesIndividualAllocation        = false                                  {pd product} {ergonomic}

Logging:
Log output configuration:
 #0: stdout all=warning uptime,level,tags
 #1: stderr all=off uptime,level,tags

Environment Variables:
JAVA_HOME=C:\Program Files\Java\jdk-17
PATH=C:\WINDOWS\system32;C:\WINDOWS;C:\WINDOWS\System32\Wbem;C:\WINDOWS\System32\WindowsPowerShell\v1.0\;C:\WINDOWS\System32\OpenSSH\;C:\Program Files (x86)\Vector CANdb++ 3.1\Exec32;C:\ProgramData\ComposerSetup\bin;C:\Users\tuce_\AppData\Local\Android\Sdk\platform-tools;C:\Users\tuce_\AppData\Local\Android\Sdk\emulator;C:\Program Files\Git\cmd;C:\Program Files\Java\jdk-17\bin;C:\Users\tuce_\AppData\Local\Android\Sdk\platform-tools;C:\Users\tuce_\AppData\Local\Android\Sdk\tools;C:\WINDOWS\system32;C:\WINDOWS;C:\WINDOWS\System32\Wbem;C:\WINDOWS\System32\WindowsPowerShell\v1.0\;C:\WINDOWS\System32\OpenSSH\;C:\Program Files (x86)\Vector CANdb++ 3.1\Exec32;C:\ProgramData\ComposerSetup\bin;C:\flutter\engine\src\flutter\tools\android_sdk\platform-tools;C:\flutter\engine\src\flutter\tools\android_sdk\emulator;C:\Users\tuce_\AppData\Local\Microsoft\WindowsApps;C:\Users\tuce_\AppData\Local\Programs\Microsoft VS Code\bin;C:\ProgramData\tuce_\GitHubDesktop\bin;C:\Users\tuce_\Desktop\bin;C:\Users\tuce_\AppData\Roaming\Composer\vendor\bin;C:\xampp\;c:\xampp\apache\bin\;C:\flutter\bin;C:\Program Files\Shell_Check;C:\Users\tuce_\AppData\Local\Android\Sdk\platform-tools;
USERNAME=tuce_
OS=Windows_NT
PROCESSOR_IDENTIFIER=Intel64 Family 6 Model 142 Stepping 12, GenuineIntel
TMP=C:\Users\tuce_\AppData\Local\Temp
TEMP=C:\Users\tuce_\AppData\Local\Temp



Periodic native trim disabled


---------------  S Y S T E M  ---------------

OS:
 Windows 11 , 64 bit Build 22621 (10.0.22621.4830)
OS uptime: 0 days 8:21 hours

CPU: total 8 (initial active 8) (4 cores per cpu, 2 threads per core) family 6 model 142 stepping 12 microcode 0xde, cx8, cmov, fxsr, ht, mmx, 3dnowpref, sse, sse2, sse3, ssse3, sse4.1, sse4.2, popcnt, lzcnt, tsc, tscinvbit, avx, avx2, aes, erms, clmul, bmi1, bmi2, adx, fma, vzeroupper, clflush, clflushopt
Processor Information for all 8 processors :
  Max Mhz: 2112, Current Mhz: 2112, Mhz Limit: 1605

Memory: 4k page, system-wide physical 8025M (215M free)
TotalPageFile size 21191M (AvailPageFile size 2M)
current process WorkingSet (physical memory assigned to process): 499M, peak: 583M
current process commit charge ("private bytes"): 765M, peak: 770M

vm_info: OpenJDK 64-Bit Server VM (17.0.14+7-LTS) for windows-amd64 JRE (17.0.14+7-LTS) (Zulu17.56+15-CA), built on Jan  3 2025 18:40:15 by "zulu_re" with MS VC++ 16.10 / 16.11 (VS2019)

END.
