#
# There is insufficient memory for the Java Runtime Environment to continue.
# Native memory allocation (malloc) failed to allocate 1268800 bytes. Error detail: Chunk::new
# Possible reasons:
#   The system is out of physical RAM or swap space
#   This process is running with CompressedOops enabled, and the Java Heap may be blocking the growth of the native heap
# Possible solutions:
#   Reduce memory load on the system
#   Increase physical memory or swap space
#   Check if swap backing store is full
#   Decrease Java heap size (-Xmx/-Xms)
#   Decrease number of Java threads
#   Decrease Java thread stack sizes (-Xss)
#   Set larger code cache with -XX:ReservedCodeCacheSize=
#   JVM is running with Zero Based Compressed Oops mode in which the Java heap is
#     placed in the first 32GB address space. The Java Heap base address is the
#     maximum limit for the native heap growth. Please use -XX:HeapBaseMinAddress
#     to set the Java Heap base and to place the Java Heap above 32GB virtual address.
# This output file may be truncated or incomplete.
#
#  Out of Memory Error (arena.cpp:168), pid=24004, tid=5888
#
# JRE version: OpenJDK Runtime Environment Temurin-21.0.6+7 (21.0.6+7) (build 21.0.6+7-LTS)
# Java VM: OpenJDK 64-Bit Server VM Temurin-21.0.6+7 (21.0.6+7-LTS, mixed mode, sharing, tiered, compressed oops, compressed class ptrs, g1 gc, windows-amd64)
# No core dump will be written. Minidumps are not enabled by default on client versions of Windows
#

---------------  S U M M A R Y ------------

Command Line: --add-opens=java.base/java.util=ALL-UNNAMED --add-opens=java.base/java.lang=ALL-UNNAMED --add-opens=java.base/java.lang.invoke=ALL-UNNAMED --add-opens=java.prefs/java.util.prefs=ALL-UNNAMED --add-exports=jdk.compiler/com.sun.tools.javac.api=ALL-UNNAMED --add-exports=jdk.compiler/com.sun.tools.javac.util=ALL-UNNAMED --add-opens=java.base/java.nio.charset=ALL-UNNAMED --add-opens=java.base/java.net=ALL-UNNAMED --add-opens=java.base/java.util.concurrent.atomic=ALL-UNNAMED -Xmx4608m -Dfile.encoding=utf8 -Duser.country=TR -Duser.language=tr -Duser.variant -javaagent:C:\Users\tuce_\.gradle\wrapper\dists\gradle-8.9-bin\90cnw93cvbtalezasaz0blq0a\gradle-8.9\lib\agents\gradle-instrumentation-agent-8.9.jar org.gradle.launcher.daemon.bootstrap.GradleDaemon 8.9

Host: Intel(R) Core(TM) i5-10210U CPU @ 1.60GHz, 8 cores, 7G,  Windows 11 , 64 bit Build 22621 (10.0.22621.4830)
Time: Sat Mar  8 23:59:42 2025 Türkiye Standart Saati elapsed time: 106.821828 seconds (0d 0h 1m 46s)

---------------  T H R E A D  ---------------

Current thread (0x0000013f4cadbc60):  JavaThread "C2 CompilerThread0" daemon [_thread_in_native, id=5888, stack(0x0000000475e00000,0x0000000475f00000) (1024K)]


Current CompileTask:
C2:106821 14778       4       java.lang.invoke.DelegatingMethodHandle::makeReinvokerForm (326 bytes)

Stack: [0x0000000475e00000,0x0000000475f00000]
Native frames: (J=compiled Java code, j=interpreted, Vv=VM code, C=native code)
V  [jvm.dll+0x6cdee9]
V  [jvm.dll+0x8a83d1]
V  [jvm.dll+0x8aa8fe]
V  [jvm.dll+0x8aafe3]
V  [jvm.dll+0x27f706]
V  [jvm.dll+0xc500d]
V  [jvm.dll+0xc5543]
V  [jvm.dll+0x3b678c]
V  [jvm.dll+0x382935]
V  [jvm.dll+0x381d9a]
V  [jvm.dll+0x2479f0]
V  [jvm.dll+0x246fcf]
V  [jvm.dll+0x1c75ee]
V  [jvm.dll+0x25685a]
V  [jvm.dll+0x254dfa]
V  [jvm.dll+0x3f0256]
V  [jvm.dll+0x851f8b]
V  [jvm.dll+0x6cc5ed]
C  [ucrtbase.dll+0x29333]
C  [KERNEL32.DLL+0x1259d]
C  [ntdll.dll+0x5af38]


---------------  P R O C E S S  ---------------

Threads class SMR info:
_java_thread_list=0x0000013f9d4f5170, length=144, elements={
0x0000013f321cf530, 0x0000013f4cad22d0, 0x0000013f4cad2e80, 0x0000013f4cad4d70,
0x0000013f4cad7a30, 0x0000013f4cada490, 0x0000013f4cadaee0, 0x0000013f4cadbc60,
0x0000013f4cade830, 0x0000013f4cb6e1f0, 0x0000013f4cceed50, 0x0000013f937ee0e0,
0x0000013f93ae1930, 0x0000013f93ae0a00, 0x0000013f939ee6b0, 0x0000013f93acf4b0,
0x0000013f93af3fb0, 0x0000013f93924b80, 0x0000013f939d2500, 0x0000013f939c32f0,
0x0000013f939c0b90, 0x0000013f939c3980, 0x0000013f939c2c60, 0x0000013f939c1f40,
0x0000013f939c25d0, 0x0000013f939c0500, 0x0000013f939c1220, 0x0000013f939c18b0,
0x0000013f95262a20, 0x0000013f952630b0, 0x0000013f95262390, 0x0000013f95260fe0,
0x0000013f95261670, 0x0000013f95263740, 0x0000013f95261d00, 0x0000013f95260950,
0x0000013f96dd5ac0, 0x0000013f96dd7b90, 0x0000013f96dd67e0, 0x0000013f96dd39f0,
0x0000013f96dd4710, 0x0000013f96dd4da0, 0x0000013f96dd6150, 0x0000013f96dd2cd0,
0x0000013f96dd5430, 0x0000013f96dd6e70, 0x0000013f96dd0c00, 0x0000013f96dd1fb0,
0x0000013f96dd8220, 0x0000013f96dd3360, 0x0000013f96dd1290, 0x0000013f967e02c0,
0x0000013f967dba90, 0x0000013f967e0950, 0x0000013f967e0fe0, 0x0000013f967dc120,
0x0000013f967e1670, 0x0000013f967e1d00, 0x0000013f967e2390, 0x0000013f967dc7b0,
0x0000013f967e2a20, 0x0000013f967dce40, 0x0000013f967df5a0, 0x0000013f967e30b0,
0x0000013f967ddb60, 0x0000013f967de1f0, 0x0000013f967de880, 0x0000013f967def10,
0x0000013f967dfc30, 0x0000013f96c2c2f0, 0x0000013f96c2c980, 0x0000013f96c2f0e0,
0x0000013f96c2d010, 0x0000013f96c2dd30, 0x0000013f96c2f770, 0x0000013f96c2e3c0,
0x0000013f96c2d6a0, 0x0000013f96c2ea50, 0x0000013f96c04300, 0x0000013f96c0ac00,
0x0000013f96c0b290, 0x0000013f96c07780, 0x0000013f96c070f0, 0x0000013f96c08b30,
0x0000013f96c0b920, 0x0000013f96c084a0, 0x0000013f96c04990, 0x0000013f96c07e10,
0x0000013f96c06a60, 0x0000013f96c05020, 0x0000013f96c091c0, 0x0000013f96c09850,
0x0000013f96c09ee0, 0x0000013f96c0a570, 0x0000013f96c056b0, 0x0000013f96c05d40,
0x0000013f96c063d0, 0x0000013f978b27d0, 0x0000013f978b1420, 0x0000013f978b1ab0,
0x0000013f978b2e60, 0x0000013f978b34f0, 0x0000013f978b0070, 0x0000013f978b0700,
0x0000013f978b2140, 0x0000013f96a22120, 0x0000013f96a24f10, 0x0000013f96a26fe0,
0x0000013f96a255a0, 0x0000013f96a25c30, 0x0000013f96a21a90, 0x0000013f96a20050,
0x0000013f96a21400, 0x0000013f96a227b0, 0x0000013f96a234d0, 0x0000013f96a22e40,
0x0000013f96a23b60, 0x0000013f96a20d70, 0x0000013f96a26950, 0x0000013f96a24880,
0x0000013f96a262c0, 0x0000013f96a27670, 0x0000013f96a206e0, 0x0000013f96dd1920,
0x0000013f978b0d90, 0x0000013f92a35d10, 0x0000013f92a3b260, 0x0000013f92a36a30,
0x0000013f92a3abd0, 0x0000013f92a37750, 0x0000013f92a39820, 0x0000013f92a37de0,
0x0000013f92a370c0, 0x0000013f92a38470, 0x0000013f92a39190, 0x0000013f92a3a540,
0x0000013f92a3d330, 0x0000013f92a38b00, 0x0000013f92a363a0, 0x0000013f92a39eb0,
0x0000013f95263dd0, 0x0000013f92b5bfb0, 0x0000013f92b5ac00, 0x0000013f978ac480
}

Java Threads: ( => current thread )
  0x0000013f321cf530 JavaThread "main"                              [_thread_blocked, id=25044, stack(0x0000000475000000,0x0000000475100000) (1024K)]
  0x0000013f4cad22d0 JavaThread "Reference Handler"          daemon [_thread_blocked, id=25020, stack(0x0000000475800000,0x0000000475900000) (1024K)]
  0x0000013f4cad2e80 JavaThread "Finalizer"                  daemon [_thread_blocked, id=13360, stack(0x0000000475900000,0x0000000475a00000) (1024K)]
  0x0000013f4cad4d70 JavaThread "Signal Dispatcher"          daemon [_thread_blocked, id=8912, stack(0x0000000475a00000,0x0000000475b00000) (1024K)]
  0x0000013f4cad7a30 JavaThread "Attach Listener"            daemon [_thread_blocked, id=1716, stack(0x0000000475b00000,0x0000000475c00000) (1024K)]
  0x0000013f4cada490 JavaThread "Service Thread"             daemon [_thread_blocked, id=5472, stack(0x0000000475c00000,0x0000000475d00000) (1024K)]
  0x0000013f4cadaee0 JavaThread "Monitor Deflation Thread"   daemon [_thread_blocked, id=17296, stack(0x0000000475d00000,0x0000000475e00000) (1024K)]
=>0x0000013f4cadbc60 JavaThread "C2 CompilerThread0"         daemon [_thread_in_native, id=5888, stack(0x0000000475e00000,0x0000000475f00000) (1024K)]
  0x0000013f4cade830 JavaThread "C1 CompilerThread0"         daemon [_thread_blocked, id=20704, stack(0x0000000475f00000,0x0000000476000000) (1024K)]
  0x0000013f4cb6e1f0 JavaThread "Common-Cleaner"             daemon [_thread_blocked, id=19344, stack(0x0000000476000000,0x0000000476100000) (1024K)]
  0x0000013f4cceed50 JavaThread "Notification Thread"        daemon [_thread_blocked, id=18100, stack(0x0000000476100000,0x0000000476200000) (1024K)]
  0x0000013f937ee0e0 JavaThread "Daemon health stats"               [_thread_blocked, id=17196, stack(0x0000000476800000,0x0000000476900000) (1024K)]
  0x0000013f93ae1930 JavaThread "Incoming local TCP Connector on port 45176"        [_thread_in_native, id=27528, stack(0x0000000476900000,0x0000000476a00000) (1024K)]
  0x0000013f93ae0a00 JavaThread "Daemon periodic checks"            [_thread_blocked, id=22812, stack(0x0000000476a00000,0x0000000476b00000) (1024K)]
  0x0000013f939ee6b0 JavaThread "Daemon"                            [_thread_blocked, id=7404, stack(0x0000000476b00000,0x0000000476c00000) (1024K)]
  0x0000013f93acf4b0 JavaThread "Handler for socket connection from /127.0.0.1:45176 to /127.0.0.1:45177"        [_thread_in_native, id=7692, stack(0x0000000476c00000,0x0000000476d00000) (1024K)]
  0x0000013f93af3fb0 JavaThread "Cancel handler"                    [_thread_blocked, id=13104, stack(0x0000000476d00000,0x0000000476e00000) (1024K)]
  0x0000013f93924b80 JavaThread "Daemon worker"                     [_thread_in_vm, id=20740, stack(0x0000000476e00000,0x0000000476f00000) (1024K)]
  0x0000013f939d2500 JavaThread "Asynchronous log dispatcher for DefaultDaemonConnection: socket connection from /127.0.0.1:45176 to /127.0.0.1:45177"        [_thread_blocked, id=26120, stack(0x0000000476f00000,0x0000000477000000) (1024K)]
  0x0000013f939c32f0 JavaThread "Stdin handler"                     [_thread_blocked, id=21380, stack(0x0000000477000000,0x0000000477100000) (1024K)]
  0x0000013f939c0b90 JavaThread "Daemon client event forwarder"        [_thread_blocked, id=21248, stack(0x0000000477100000,0x0000000477200000) (1024K)]
  0x0000013f939c3980 JavaThread "Cache worker for journal cache (C:\Users\tuce_\.gradle\caches\journal-1)"        [_thread_blocked, id=20324, stack(0x0000000476200000,0x0000000476300000) (1024K)]
  0x0000013f939c2c60 JavaThread "File lock request listener"        [_thread_in_native, id=10344, stack(0x0000000477200000,0x0000000477300000) (1024K)]
  0x0000013f939c1f40 JavaThread "Cache worker for file hash cache (C:\Users\tuce_\.gradle\caches\8.9\fileHashes)"        [_thread_blocked, id=27480, stack(0x0000000477300000,0x0000000477400000) (1024K)]
  0x0000013f939c25d0 JavaThread "Cache worker for file hash cache (C:\Users\tuce_\Projects\eclassify\android\.gradle\8.9\fileHashes)"        [_thread_blocked, id=25604, stack(0x0000000477800000,0x0000000477900000) (1024K)]
  0x0000013f939c0500 JavaThread "Cache worker for Build Output Cleanup Cache (C:\Users\tuce_\Projects\eclassify\android\.gradle\buildOutputCleanup)"        [_thread_blocked, id=25440, stack(0x0000000477900000,0x0000000477a00000) (1024K)]
  0x0000013f939c1220 JavaThread "File watcher server"        daemon [_thread_in_native, id=10796, stack(0x0000000477a00000,0x0000000477b00000) (1024K)]
  0x0000013f939c18b0 JavaThread "File watcher consumer"      daemon [_thread_blocked, id=21684, stack(0x0000000477b00000,0x0000000477c00000) (1024K)]
  0x0000013f95262a20 JavaThread "jar transforms"                    [_thread_blocked, id=12088, stack(0x0000000477400000,0x0000000477500000) (1024K)]
  0x0000013f952630b0 JavaThread "jar transforms Thread 2"           [_thread_blocked, id=12260, stack(0x0000000477c00000,0x0000000477d00000) (1024K)]
  0x0000013f95262390 JavaThread "jar transforms Thread 3"           [_thread_blocked, id=25128, stack(0x0000000477d00000,0x0000000477e00000) (1024K)]
  0x0000013f95260fe0 JavaThread "Cache worker for checksums cache (C:\Users\tuce_\Projects\eclassify\android\.gradle\8.9\checksums)"        [_thread_blocked, id=21136, stack(0x0000000477f00000,0x0000000478000000) (1024K)]
  0x0000013f95261670 JavaThread "Cache worker for file content cache (C:\Users\tuce_\.gradle\caches\8.9\fileContent)"        [_thread_blocked, id=4960, stack(0x0000000478000000,0x0000000478100000) (1024K)]
  0x0000013f95263740 JavaThread "Cache worker for cache directory md-rule (C:\Users\tuce_\.gradle\caches\8.9\md-rule)"        [_thread_blocked, id=23536, stack(0x0000000478100000,0x0000000478200000) (1024K)]
  0x0000013f95261d00 JavaThread "Cache worker for cache directory md-supplier (C:\Users\tuce_\.gradle\caches\8.9\md-supplier)"        [_thread_blocked, id=1504, stack(0x0000000478200000,0x0000000478300000) (1024K)]
  0x0000013f95260950 JavaThread "jar transforms Thread 4"           [_thread_blocked, id=15644, stack(0x0000000478300000,0x0000000478400000) (1024K)]
  0x0000013f96dd5ac0 JavaThread "jar transforms Thread 5"           [_thread_blocked, id=25620, stack(0x0000000478400000,0x0000000478500000) (1024K)]
  0x0000013f96dd7b90 JavaThread "jar transforms Thread 6"           [_thread_blocked, id=24780, stack(0x0000000478500000,0x0000000478600000) (1024K)]
  0x0000013f96dd67e0 JavaThread "jar transforms Thread 7"           [_thread_blocked, id=16284, stack(0x0000000478600000,0x0000000478700000) (1024K)]
  0x0000013f96dd39f0 JavaThread "jar transforms Thread 8"           [_thread_blocked, id=11052, stack(0x0000000478700000,0x0000000478800000) (1024K)]
  0x0000013f96dd4710 JavaThread "Cache worker for Build Output Cleanup Cache (C:\flutter\packages\flutter_tools\gradle\.gradle\buildOutputCleanup)"        [_thread_blocked, id=20632, stack(0x0000000478800000,0x0000000478900000) (1024K)]
  0x0000013f96dd4da0 JavaThread "Unconstrained build operations"        [_thread_blocked, id=21184, stack(0x0000000478900000,0x0000000478a00000) (1024K)]
  0x0000013f96dd6150 JavaThread "Unconstrained build operations Thread 2"        [_thread_blocked, id=16100, stack(0x0000000478a00000,0x0000000478b00000) (1024K)]
  0x0000013f96dd2cd0 JavaThread "Unconstrained build operations Thread 3"        [_thread_blocked, id=9388, stack(0x0000000478b00000,0x0000000478c00000) (1024K)]
  0x0000013f96dd5430 JavaThread "Unconstrained build operations Thread 4"        [_thread_blocked, id=26640, stack(0x0000000478c00000,0x0000000478d00000) (1024K)]
  0x0000013f96dd6e70 JavaThread "Unconstrained build operations Thread 5"        [_thread_blocked, id=12012, stack(0x0000000478d00000,0x0000000478e00000) (1024K)]
  0x0000013f96dd0c00 JavaThread "Unconstrained build operations Thread 6"        [_thread_blocked, id=19792, stack(0x0000000478e00000,0x0000000478f00000) (1024K)]
  0x0000013f96dd1fb0 JavaThread "Unconstrained build operations Thread 7"        [_thread_blocked, id=27144, stack(0x0000000478f00000,0x0000000479000000) (1024K)]
  0x0000013f96dd8220 JavaThread "Unconstrained build operations Thread 8"        [_thread_blocked, id=13348, stack(0x0000000479000000,0x0000000479100000) (1024K)]
  0x0000013f96dd3360 JavaThread "Unconstrained build operations Thread 9"        [_thread_blocked, id=13272, stack(0x0000000479100000,0x0000000479200000) (1024K)]
  0x0000013f96dd1290 JavaThread "Unconstrained build operations Thread 10"        [_thread_blocked, id=18336, stack(0x0000000479200000,0x0000000479300000) (1024K)]
  0x0000013f967e02c0 JavaThread "Unconstrained build operations Thread 11"        [_thread_blocked, id=14728, stack(0x0000000479300000,0x0000000479400000) (1024K)]
  0x0000013f967dba90 JavaThread "Unconstrained build operations Thread 12"        [_thread_blocked, id=26440, stack(0x0000000479400000,0x0000000479500000) (1024K)]
  0x0000013f967e0950 JavaThread "Unconstrained build operations Thread 13"        [_thread_blocked, id=9172, stack(0x0000000479500000,0x0000000479600000) (1024K)]
  0x0000013f967e0fe0 JavaThread "Unconstrained build operations Thread 14"        [_thread_blocked, id=24336, stack(0x0000000479600000,0x0000000479700000) (1024K)]
  0x0000013f967dc120 JavaThread "Unconstrained build operations Thread 15"        [_thread_blocked, id=9980, stack(0x0000000479700000,0x0000000479800000) (1024K)]
  0x0000013f967e1670 JavaThread "Unconstrained build operations Thread 16"        [_thread_blocked, id=6132, stack(0x0000000479800000,0x0000000479900000) (1024K)]
  0x0000013f967e1d00 JavaThread "Unconstrained build operations Thread 17"        [_thread_blocked, id=16128, stack(0x0000000479900000,0x0000000479a00000) (1024K)]
  0x0000013f967e2390 JavaThread "Unconstrained build operations Thread 18"        [_thread_blocked, id=8804, stack(0x0000000479a00000,0x0000000479b00000) (1024K)]
  0x0000013f967dc7b0 JavaThread "Unconstrained build operations Thread 19"        [_thread_blocked, id=8612, stack(0x0000000479b00000,0x0000000479c00000) (1024K)]
  0x0000013f967e2a20 JavaThread "Unconstrained build operations Thread 20"        [_thread_blocked, id=4672, stack(0x0000000479c00000,0x0000000479d00000) (1024K)]
  0x0000013f967dce40 JavaThread "Unconstrained build operations Thread 21"        [_thread_blocked, id=24440, stack(0x0000000479d00000,0x0000000479e00000) (1024K)]
  0x0000013f967df5a0 JavaThread "Memory manager"                    [_thread_blocked, id=980, stack(0x0000000479e00000,0x0000000479f00000) (1024K)]
  0x0000013f967e30b0 JavaThread "build event listener"              [_thread_blocked, id=20540, stack(0x0000000477e00000,0x0000000477f00000) (1024K)]
  0x0000013f967ddb60 JavaThread "included builds"                   [_thread_blocked, id=19672, stack(0x0000000479f00000,0x000000047a000000) (1024K)]
  0x0000013f967de1f0 JavaThread "Execution worker"                  [_thread_blocked, id=21844, stack(0x000000047a000000,0x000000047a100000) (1024K)]
  0x0000013f967de880 JavaThread "Execution worker Thread 2"         [_thread_blocked, id=18408, stack(0x000000047a100000,0x000000047a200000) (1024K)]
  0x0000013f967def10 JavaThread "Execution worker Thread 3"         [_thread_blocked, id=12144, stack(0x000000047a200000,0x000000047a300000) (1024K)]
  0x0000013f967dfc30 JavaThread "Execution worker Thread 4"         [_thread_blocked, id=13724, stack(0x000000047a300000,0x000000047a400000) (1024K)]
  0x0000013f96c2c2f0 JavaThread "Execution worker Thread 5"         [_thread_blocked, id=21612, stack(0x000000047a400000,0x000000047a500000) (1024K)]
  0x0000013f96c2c980 JavaThread "Execution worker Thread 6"         [_thread_blocked, id=7860, stack(0x000000047a500000,0x000000047a600000) (1024K)]
  0x0000013f96c2f0e0 JavaThread "Execution worker Thread 7"         [_thread_blocked, id=4068, stack(0x000000047a600000,0x000000047a700000) (1024K)]
  0x0000013f96c2d010 JavaThread "Cache worker for execution history cache (C:\flutter\packages\flutter_tools\gradle\.gradle\8.9\executionHistory)"        [_thread_blocked, id=25920, stack(0x000000047a700000,0x000000047a800000) (1024K)]
  0x0000013f96c2dd30 JavaThread "Unconstrained build operations Thread 22"        [_thread_blocked, id=20340, stack(0x000000047a800000,0x000000047a900000) (1024K)]
  0x0000013f96c2f770 JavaThread "Unconstrained build operations Thread 23"        [_thread_blocked, id=24300, stack(0x000000047a900000,0x000000047aa00000) (1024K)]
  0x0000013f96c2e3c0 JavaThread "Unconstrained build operations Thread 24"        [_thread_blocked, id=4584, stack(0x000000047aa00000,0x000000047ab00000) (1024K)]
  0x0000013f96c2d6a0 JavaThread "Unconstrained build operations Thread 25"        [_thread_blocked, id=1516, stack(0x000000047ab00000,0x000000047ac00000) (1024K)]
  0x0000013f96c2ea50 JavaThread "Unconstrained build operations Thread 26"        [_thread_blocked, id=11872, stack(0x000000047ac00000,0x000000047ad00000) (1024K)]
  0x0000013f96c04300 JavaThread "Unconstrained build operations Thread 27"        [_thread_blocked, id=13944, stack(0x000000047ad00000,0x000000047ae00000) (1024K)]
  0x0000013f96c0ac00 JavaThread "Unconstrained build operations Thread 28"        [_thread_blocked, id=25904, stack(0x000000047ae00000,0x000000047af00000) (1024K)]
  0x0000013f96c0b290 JavaThread "Unconstrained build operations Thread 29"        [_thread_blocked, id=24140, stack(0x000000047af00000,0x000000047b000000) (1024K)]
  0x0000013f96c07780 JavaThread "Unconstrained build operations Thread 30"        [_thread_blocked, id=24288, stack(0x000000047b000000,0x000000047b100000) (1024K)]
  0x0000013f96c070f0 JavaThread "Unconstrained build operations Thread 31"        [_thread_blocked, id=20484, stack(0x000000047b100000,0x000000047b200000) (1024K)]
  0x0000013f96c08b30 JavaThread "Unconstrained build operations Thread 32"        [_thread_blocked, id=15800, stack(0x000000047b200000,0x000000047b300000) (1024K)]
  0x0000013f96c0b920 JavaThread "Unconstrained build operations Thread 33"        [_thread_blocked, id=18228, stack(0x000000047b300000,0x000000047b400000) (1024K)]
  0x0000013f96c084a0 JavaThread "Unconstrained build operations Thread 34"        [_thread_blocked, id=21780, stack(0x000000047b400000,0x000000047b500000) (1024K)]
  0x0000013f96c04990 JavaThread "Unconstrained build operations Thread 35"        [_thread_blocked, id=13088, stack(0x000000047b500000,0x000000047b600000) (1024K)]
  0x0000013f96c07e10 JavaThread "Unconstrained build operations Thread 36"        [_thread_blocked, id=6060, stack(0x000000047b600000,0x000000047b700000) (1024K)]
  0x0000013f96c06a60 JavaThread "Unconstrained build operations Thread 37"        [_thread_blocked, id=11312, stack(0x000000047b700000,0x000000047b800000) (1024K)]
  0x0000013f96c05020 JavaThread "Unconstrained build operations Thread 38"        [_thread_blocked, id=14056, stack(0x000000047b800000,0x000000047b900000) (1024K)]
  0x0000013f96c091c0 JavaThread "Unconstrained build operations Thread 39"        [_thread_blocked, id=18552, stack(0x000000047b900000,0x000000047ba00000) (1024K)]
  0x0000013f96c09850 JavaThread "Unconstrained build operations Thread 40"        [_thread_blocked, id=4564, stack(0x000000047ba00000,0x000000047bb00000) (1024K)]
  0x0000013f96c09ee0 JavaThread "Unconstrained build operations Thread 41"        [_thread_blocked, id=19800, stack(0x000000047bb00000,0x000000047bc00000) (1024K)]
  0x0000013f96c0a570 JavaThread "Unconstrained build operations Thread 42"        [_thread_blocked, id=24756, stack(0x000000047bc00000,0x000000047bd00000) (1024K)]
  0x0000013f96c056b0 JavaThread "Unconstrained build operations Thread 43"        [_thread_blocked, id=17924, stack(0x000000047bd00000,0x000000047be00000) (1024K)]
  0x0000013f96c05d40 JavaThread "Unconstrained build operations Thread 44"        [_thread_blocked, id=15200, stack(0x000000047be00000,0x000000047bf00000) (1024K)]
  0x0000013f96c063d0 JavaThread "Unconstrained build operations Thread 45"        [_thread_blocked, id=25896, stack(0x000000047bf00000,0x000000047c000000) (1024K)]
  0x0000013f978b27d0 JavaThread "Unconstrained build operations Thread 46"        [_thread_blocked, id=4600, stack(0x000000047c000000,0x000000047c100000) (1024K)]
  0x0000013f978b1420 JavaThread "WorkerExecutor Queue"              [_thread_blocked, id=18800, stack(0x000000047c100000,0x000000047c200000) (1024K)]
  0x0000013f978b1ab0 JavaThread "RMI Scheduler(0)"           daemon [_thread_blocked, id=3576, stack(0x000000047c200000,0x000000047c300000) (1024K)]
  0x0000013f978b2e60 JavaThread "RMI GC Daemon"              daemon [_thread_blocked, id=13580, stack(0x000000047c400000,0x000000047c500000) (1024K)]
  0x0000013f978b34f0 JavaThread "RMI TCP Accept-0"           daemon [_thread_in_native, id=5700, stack(0x000000047c500000,0x000000047c600000) (1024K)]
  0x0000013f978b0070 JavaThread "RMI Reaper"                        [_thread_blocked, id=4392, stack(0x000000047c600000,0x000000047c700000) (1024K)]
  0x0000013f978b0700 JavaThread "RMI TCP Connection(idle)"   daemon [_thread_blocked, id=23548, stack(0x000000047c700000,0x000000047c800000) (1024K)]
  0x0000013f978b2140 JavaThread "Exec process"                      [_thread_blocked, id=23604, stack(0x000000047c800000,0x000000047c900000) (1024K)]
  0x0000013f96a22120 JavaThread "Exec process Thread 3"             [_thread_blocked, id=16652, stack(0x000000047cb00000,0x000000047cc00000) (1024K)]
  0x0000013f96a24f10 JavaThread "Exec process Thread 4"             [_thread_blocked, id=24812, stack(0x000000047cc00000,0x000000047cd00000) (1024K)]
  0x0000013f96a26fe0 JavaThread "Unconstrained build operations Thread 47"        [_thread_blocked, id=4464, stack(0x0000000474d00000,0x0000000474e00000) (1024K)]
  0x0000013f96a255a0 JavaThread "Unconstrained build operations Thread 48"        [_thread_blocked, id=25120, stack(0x0000000474e00000,0x0000000474f00000) (1024K)]
  0x0000013f96a25c30 JavaThread "Unconstrained build operations Thread 49"        [_thread_blocked, id=9428, stack(0x0000000474f00000,0x0000000475000000) (1024K)]
  0x0000013f96a21a90 JavaThread "Unconstrained build operations Thread 50"        [_thread_blocked, id=11256, stack(0x000000047c300000,0x000000047c400000) (1024K)]
  0x0000013f96a20050 JavaThread "Unconstrained build operations Thread 51"        [_thread_blocked, id=8008, stack(0x000000047c900000,0x000000047ca00000) (1024K)]
  0x0000013f96a21400 JavaThread "Unconstrained build operations Thread 52"        [_thread_blocked, id=20400, stack(0x000000047cd00000,0x000000047ce00000) (1024K)]
  0x0000013f96a227b0 JavaThread "Unconstrained build operations Thread 53"        [_thread_blocked, id=25540, stack(0x000000047ce00000,0x000000047cf00000) (1024K)]
  0x0000013f96a234d0 JavaThread "Unconstrained build operations Thread 54"        [_thread_blocked, id=1980, stack(0x000000047d000000,0x000000047d100000) (1024K)]
  0x0000013f96a22e40 JavaThread "Unconstrained build operations Thread 55"        [_thread_blocked, id=13540, stack(0x000000047d300000,0x000000047d400000) (1024K)]
  0x0000013f96a23b60 JavaThread "Unconstrained build operations Thread 56"        [_thread_blocked, id=24772, stack(0x000000047d400000,0x000000047d500000) (1024K)]
  0x0000013f96a20d70 JavaThread "Unconstrained build operations Thread 57"        [_thread_blocked, id=11376, stack(0x000000047d500000,0x000000047d600000) (1024K)]
  0x0000013f96a26950 JavaThread "Unconstrained build operations Thread 58"        [_thread_blocked, id=1648, stack(0x000000047d600000,0x000000047d700000) (1024K)]
  0x0000013f96a24880 JavaThread "Unconstrained build operations Thread 59"        [_thread_blocked, id=21320, stack(0x000000047d700000,0x000000047d800000) (1024K)]
  0x0000013f96a262c0 JavaThread "Unconstrained build operations Thread 60"        [_thread_blocked, id=27244, stack(0x000000047d800000,0x000000047d900000) (1024K)]
  0x0000013f96a27670 JavaThread "Unconstrained build operations Thread 61"        [_thread_blocked, id=15636, stack(0x000000047cf00000,0x000000047d000000) (1024K)]
  0x0000013f96a206e0 JavaThread "Unconstrained build operations Thread 62"        [_thread_blocked, id=22608, stack(0x000000047d900000,0x000000047da00000) (1024K)]
  0x0000013f96dd1920 JavaThread "Unconstrained build operations Thread 63"        [_thread_blocked, id=15028, stack(0x000000047da00000,0x000000047db00000) (1024K)]
  0x0000013f978b0d90 JavaThread "Unconstrained build operations Thread 64"        [_thread_blocked, id=6372, stack(0x000000047db00000,0x000000047dc00000) (1024K)]
  0x0000013f92a35d10 JavaThread "Unconstrained build operations Thread 65"        [_thread_blocked, id=21044, stack(0x000000047dc00000,0x000000047dd00000) (1024K)]
  0x0000013f92a3b260 JavaThread "Unconstrained build operations Thread 66"        [_thread_blocked, id=11620, stack(0x000000047dd00000,0x000000047de00000) (1024K)]
  0x0000013f92a36a30 JavaThread "Unconstrained build operations Thread 67"        [_thread_blocked, id=26744, stack(0x000000047de00000,0x000000047df00000) (1024K)]
  0x0000013f92a3abd0 JavaThread "File lock release action executor"        [_thread_blocked, id=7876, stack(0x000000047df00000,0x000000047e000000) (1024K)]
  0x0000013f92a37750 JavaThread "build event listener"              [_thread_blocked, id=14928, stack(0x000000047e000000,0x000000047e100000) (1024K)]
  0x0000013f92a39820 JavaThread "Unconstrained build operations Thread 68"        [_thread_blocked, id=14080, stack(0x000000047e100000,0x000000047e200000) (1024K)]
  0x0000013f92a37de0 JavaThread "Unconstrained build operations Thread 69"        [_thread_blocked, id=9900, stack(0x000000047e200000,0x000000047e300000) (1024K)]
  0x0000013f92a370c0 JavaThread "Unconstrained build operations Thread 70"        [_thread_blocked, id=16316, stack(0x000000047e300000,0x000000047e400000) (1024K)]
  0x0000013f92a38470 JavaThread "Unconstrained build operations Thread 71"        [_thread_blocked, id=21584, stack(0x000000047e400000,0x000000047e500000) (1024K)]
  0x0000013f92a39190 JavaThread "Unconstrained build operations Thread 72"        [_thread_blocked, id=10304, stack(0x000000047e500000,0x000000047e600000) (1024K)]
  0x0000013f92a3a540 JavaThread "Unconstrained build operations Thread 73"        [_thread_blocked, id=16864, stack(0x000000047e600000,0x000000047e700000) (1024K)]
  0x0000013f92a3d330 JavaThread "Unconstrained build operations Thread 74"        [_thread_blocked, id=8716, stack(0x000000047e700000,0x000000047e800000) (1024K)]
  0x0000013f92a38b00 JavaThread "Unconstrained build operations Thread 75"        [_thread_blocked, id=17964, stack(0x000000047e800000,0x000000047e900000) (1024K)]
  0x0000013f92a363a0 JavaThread "Unconstrained build operations Thread 76"        [_thread_blocked, id=16740, stack(0x000000047e900000,0x000000047ea00000) (1024K)]
  0x0000013f92a39eb0 JavaThread "Unconstrained build operations Thread 77"        [_thread_blocked, id=15116, stack(0x000000047ea00000,0x000000047eb00000) (1024K)]
  0x0000013f95263dd0 JavaThread "Unconstrained build operations Thread 78"        [_thread_blocked, id=2212, stack(0x000000047eb00000,0x000000047ec00000) (1024K)]
  0x0000013f92b5bfb0 JavaThread "Unconstrained build operations Thread 79"        [_thread_blocked, id=12280, stack(0x000000047ec00000,0x000000047ed00000) (1024K)]
  0x0000013f92b5ac00 JavaThread "Unconstrained build operations Thread 80"        [_thread_blocked, id=1992, stack(0x000000047ed00000,0x000000047ee00000) (1024K)]
  0x0000013f978ac480 JavaThread "C2 CompilerThread1"         daemon [_thread_in_native, id=784, stack(0x000000047ca00000,0x000000047cb00000) (1024K)]
Total: 144

Other Threads:
  0x0000013f2fd722e0 VMThread "VM Thread"                           [id=19716, stack(0x0000000475700000,0x0000000475800000) (1024K)]
  0x0000013f4caa7c30 WatcherThread "VM Periodic Task Thread"        [id=25652, stack(0x0000000475600000,0x0000000475700000) (1024K)]
  0x0000013f2fd738a0 WorkerThread "GC Thread#0"                     [id=7704, stack(0x0000000475100000,0x0000000475200000) (1024K)]
  0x0000013f2fd72dc0 WorkerThread "GC Thread#1"                     [id=22660, stack(0x0000000476300000,0x0000000476400000) (1024K)]
  0x0000013f2fd72a20 WorkerThread "GC Thread#2"                     [id=21488, stack(0x0000000476400000,0x0000000476500000) (1024K)]
  0x0000013f2fd73160 WorkerThread "GC Thread#3"                     [id=17184, stack(0x0000000476500000,0x0000000476600000) (1024K)]
  0x0000013f928f92e0 WorkerThread "GC Thread#4"                     [id=4784, stack(0x0000000476600000,0x0000000476700000) (1024K)]
  0x0000013f928fa160 WorkerThread "GC Thread#5"                     [id=18952, stack(0x0000000476700000,0x0000000476800000) (1024K)]
  0x0000013f928fa500 WorkerThread "GC Thread#6"                     [id=24828, stack(0x0000000477500000,0x0000000477600000) (1024K)]
  0x0000013f928fbe60 WorkerThread "GC Thread#7"                     [id=24852, stack(0x0000000477600000,0x0000000477700000) (1024K)]
  0x0000013f32245100 ConcurrentGCThread "G1 Main Marker"            [id=11820, stack(0x0000000475200000,0x0000000475300000) (1024K)]
  0x0000013f2fd73c40 WorkerThread "G1 Conc#0"                       [id=16804, stack(0x0000000475300000,0x0000000475400000) (1024K)]
  0x0000013f928fc940 WorkerThread "G1 Conc#1"                       [id=24656, stack(0x0000000477700000,0x0000000477800000) (1024K)]
  0x0000013f4c9810a0 ConcurrentGCThread "G1 Refine#0"               [id=15892, stack(0x0000000475400000,0x0000000475500000) (1024K)]
  0x0000013f3228b3d0 ConcurrentGCThread "G1 Service"                [id=22784, stack(0x0000000475500000,0x0000000475600000) (1024K)]
Total: 15

Threads with active compile tasks:
C2 CompilerThread0  106896 14778       4       java.lang.invoke.DelegatingMethodHandle::makeReinvokerForm (326 bytes)
C2 CompilerThread1  106896 14824       4       groovy.lang.MetaClassImpl::createMetaBeanProperty (35 bytes)
Total: 2

VM state: not at safepoint (normal execution)

VM Mutex/Monitor currently owned by a thread: None

Heap address: 0x00000006e0000000, size: 4608 MB, Compressed Oops mode: Zero based, Oop shift amount: 3

CDS archive(s) mapped at: [0x0000013f4d000000-0x0000013f4dba0000-0x0000013f4dba0000), size 12189696, SharedBaseAddress: 0x0000013f4d000000, ArchiveRelocationMode: 1.
Compressed class space mapped at: 0x0000013f4e000000-0x0000013f8e000000, reserved size: 1073741824
Narrow klass base: 0x0000013f4d000000, Narrow klass shift: 0, Narrow klass range: 0x100000000

GC Precious Log:
 CardTable entry size: 512
 Card Set container configuration: InlinePtr #cards 4 size 8 Array Of Cards #cards 32 size 80 Howl #buckets 8 coarsen threshold 7372 Howl Bitmap #cards 1024 size 144 coarsen threshold 921 Card regions per heap region 1 cards per card region 8192
 CPUs: 8 total, 8 available
 Memory: 8025M
 Large Page Support: Disabled
 NUMA Support: Disabled
 Compressed Oops: Enabled (Zero based)
 Heap Region Size: 4M
 Heap Min Capacity: 8M
 Heap Initial Capacity: 128M
 Heap Max Capacity: 4608M
 Pre-touch: Disabled
 Parallel Workers: 8
 Concurrent Workers: 2
 Concurrent Refinement Workers: 8
 Periodic GC: Disabled

Heap:
 garbage-first heap   total 282624K, used 205632K [0x00000006e0000000, 0x0000000800000000)
  region size 4096K, 13 young (53248K), 2 survivors (8192K)
 Metaspace       used 105198K, committed 107840K, reserved 1179648K
  class space    used 14775K, committed 16064K, reserved 1048576K

Heap Regions: E=young(eden), S=young(survivor), O=old, HS=humongous(starts), HC=humongous(continues), CS=collection set, F=free, TAMS=top-at-mark-start, PB=parsable bottom
|   0|0x00000006e0000000, 0x00000006e0400000, 0x00000006e0400000|100%|HS|  |TAMS 0x00000006e0000000| PB 0x00000006e0000000| Complete 
|   1|0x00000006e0400000, 0x00000006e0800000, 0x00000006e0800000|100%| O|  |TAMS 0x00000006e0400000| PB 0x00000006e0400000| Untracked 
|   2|0x00000006e0800000, 0x00000006e0c00000, 0x00000006e0c00000|100%| O|  |TAMS 0x00000006e0800000| PB 0x00000006e0800000| Untracked 
|   3|0x00000006e0c00000, 0x00000006e1000000, 0x00000006e1000000|100%| O|  |TAMS 0x00000006e0c00000| PB 0x00000006e0c00000| Untracked 
|   4|0x00000006e1000000, 0x00000006e1400000, 0x00000006e1400000|100%| O|  |TAMS 0x00000006e1000000| PB 0x00000006e1000000| Untracked 
|   5|0x00000006e1400000, 0x00000006e1800000, 0x00000006e1800000|100%| O|  |TAMS 0x00000006e1400000| PB 0x00000006e1400000| Untracked 
|   6|0x00000006e1800000, 0x00000006e1c00000, 0x00000006e1c00000|100%| O|  |TAMS 0x00000006e1800000| PB 0x00000006e1800000| Untracked 
|   7|0x00000006e1c00000, 0x00000006e2000000, 0x00000006e2000000|100%| O|  |TAMS 0x00000006e1c00000| PB 0x00000006e1c00000| Untracked 
|   8|0x00000006e2000000, 0x00000006e2400000, 0x00000006e2400000|100%| O|  |TAMS 0x00000006e2000000| PB 0x00000006e2000000| Untracked 
|   9|0x00000006e2400000, 0x00000006e2800000, 0x00000006e2800000|100%| O|  |TAMS 0x00000006e2400000| PB 0x00000006e2400000| Untracked 
|  10|0x00000006e2800000, 0x00000006e2c00000, 0x00000006e2c00000|100%| O|  |TAMS 0x00000006e2800000| PB 0x00000006e2800000| Untracked 
|  11|0x00000006e2c00000, 0x00000006e3000000, 0x00000006e3000000|100%| O|  |TAMS 0x00000006e2c00000| PB 0x00000006e2c00000| Untracked 
|  12|0x00000006e3000000, 0x00000006e3400000, 0x00000006e3400000|100%|HS|  |TAMS 0x00000006e3000000| PB 0x00000006e3000000| Complete 
|  13|0x00000006e3400000, 0x00000006e3800000, 0x00000006e3800000|100%|HS|  |TAMS 0x00000006e3400000| PB 0x00000006e3400000| Complete 
|  14|0x00000006e3800000, 0x00000006e3c00000, 0x00000006e3c00000|100%| O|  |TAMS 0x00000006e3800000| PB 0x00000006e3800000| Untracked 
|  15|0x00000006e3c00000, 0x00000006e4000000, 0x00000006e4000000|100%| O|  |TAMS 0x00000006e3c00000| PB 0x00000006e3c00000| Untracked 
|  16|0x00000006e4000000, 0x00000006e4400000, 0x00000006e4400000|100%| O|  |TAMS 0x00000006e4000000| PB 0x00000006e4000000| Untracked 
|  17|0x00000006e4400000, 0x00000006e4800000, 0x00000006e4800000|100%|HS|  |TAMS 0x00000006e4400000| PB 0x00000006e4400000| Complete 
|  18|0x00000006e4800000, 0x00000006e4c00000, 0x00000006e4c00000|100%| O|  |TAMS 0x00000006e4800000| PB 0x00000006e4800000| Untracked 
|  19|0x00000006e4c00000, 0x00000006e5000000, 0x00000006e5000000|100%| O|Cm|TAMS 0x00000006e4c00000| PB 0x00000006e4c00000| Complete 
|  20|0x00000006e5000000, 0x00000006e5400000, 0x00000006e5400000|100%| O|  |TAMS 0x00000006e5000000| PB 0x00000006e5000000| Untracked 
|  21|0x00000006e5400000, 0x00000006e5800000, 0x00000006e5800000|100%| O|  |TAMS 0x00000006e5400000| PB 0x00000006e5400000| Untracked 
|  22|0x00000006e5800000, 0x00000006e5c00000, 0x00000006e5c00000|100%| O|  |TAMS 0x00000006e5800000| PB 0x00000006e5800000| Untracked 
|  23|0x00000006e5c00000, 0x00000006e6000000, 0x00000006e6000000|100%| O|Cm|TAMS 0x00000006e5c00000| PB 0x00000006e5c00000| Complete 
|  24|0x00000006e6000000, 0x00000006e6400000, 0x00000006e6400000|100%| O|  |TAMS 0x00000006e6000000| PB 0x00000006e6000000| Untracked 
|  25|0x00000006e6400000, 0x00000006e6800000, 0x00000006e6800000|100%| O|  |TAMS 0x00000006e6400000| PB 0x00000006e6400000| Untracked 
|  26|0x00000006e6800000, 0x00000006e6c00000, 0x00000006e6c00000|100%| O|  |TAMS 0x00000006e6800000| PB 0x00000006e6800000| Untracked 
|  27|0x00000006e6c00000, 0x00000006e7000000, 0x00000006e7000000|100%| O|  |TAMS 0x00000006e6c00000| PB 0x00000006e6c00000| Untracked 
|  28|0x00000006e7000000, 0x00000006e7400000, 0x00000006e7400000|100%|HS|  |TAMS 0x00000006e7000000| PB 0x00000006e7000000| Complete 
|  29|0x00000006e7400000, 0x00000006e7800000, 0x00000006e7800000|100%| O|  |TAMS 0x00000006e7400000| PB 0x00000006e7400000| Untracked 
|  30|0x00000006e7800000, 0x00000006e7c00000, 0x00000006e7c00000|100%| O|  |TAMS 0x00000006e7800000| PB 0x00000006e7800000| Untracked 
|  31|0x00000006e7c00000, 0x00000006e8000000, 0x00000006e8000000|100%| O|  |TAMS 0x00000006e7c00000| PB 0x00000006e7c00000| Untracked 
|  32|0x00000006e8000000, 0x00000006e8400000, 0x00000006e8400000|100%| O|  |TAMS 0x00000006e8000000| PB 0x00000006e8000000| Untracked 
|  33|0x00000006e8400000, 0x00000006e8800000, 0x00000006e8800000|100%|HS|  |TAMS 0x00000006e8400000| PB 0x00000006e8400000| Complete 
|  34|0x00000006e8800000, 0x00000006e8c00000, 0x00000006e8c00000|100%| O|  |TAMS 0x00000006e8800000| PB 0x00000006e8800000| Untracked 
|  35|0x00000006e8c00000, 0x00000006e8c00000, 0x00000006e9000000|  0%| F|  |TAMS 0x00000006e8c00000| PB 0x00000006e8c00000| Untracked 
|  36|0x00000006e9000000, 0x00000006e9000000, 0x00000006e9400000|  0%| F|  |TAMS 0x00000006e9000000| PB 0x00000006e9000000| Untracked 
|  37|0x00000006e9400000, 0x00000006e9400000, 0x00000006e9800000|  0%| F|  |TAMS 0x00000006e9400000| PB 0x00000006e9400000| Untracked 
|  38|0x00000006e9800000, 0x00000006e9c00000, 0x00000006e9c00000|100%| O|  |TAMS 0x00000006e9800000| PB 0x00000006e9800000| Untracked 
|  39|0x00000006e9c00000, 0x00000006e9c9f168, 0x00000006ea000000| 15%| O|  |TAMS 0x00000006e9c00000| PB 0x00000006e9c00000| Untracked 
|  40|0x00000006ea000000, 0x00000006ea000000, 0x00000006ea400000|  0%| F|  |TAMS 0x00000006ea000000| PB 0x00000006ea000000| Untracked 
|  41|0x00000006ea400000, 0x00000006ea400000, 0x00000006ea800000|  0%| F|  |TAMS 0x00000006ea400000| PB 0x00000006ea400000| Untracked 
|  42|0x00000006ea800000, 0x00000006ea800000, 0x00000006eac00000|  0%| F|  |TAMS 0x00000006ea800000| PB 0x00000006ea800000| Untracked 
|  43|0x00000006eac00000, 0x00000006eac00000, 0x00000006eb000000|  0%| F|  |TAMS 0x00000006eac00000| PB 0x00000006eac00000| Untracked 
|  44|0x00000006eb000000, 0x00000006eb000000, 0x00000006eb400000|  0%| F|  |TAMS 0x00000006eb000000| PB 0x00000006eb000000| Untracked 
|  45|0x00000006eb400000, 0x00000006eb400000, 0x00000006eb800000|  0%| F|  |TAMS 0x00000006eb400000| PB 0x00000006eb400000| Untracked 
|  46|0x00000006eb800000, 0x00000006eb800000, 0x00000006ebc00000|  0%| F|  |TAMS 0x00000006eb800000| PB 0x00000006eb800000| Untracked 
|  47|0x00000006ebc00000, 0x00000006ebc00000, 0x00000006ec000000|  0%| F|  |TAMS 0x00000006ebc00000| PB 0x00000006ebc00000| Untracked 
|  48|0x00000006ec000000, 0x00000006ec000000, 0x00000006ec400000|  0%| F|  |TAMS 0x00000006ec000000| PB 0x00000006ec000000| Untracked 
|  49|0x00000006ec400000, 0x00000006ec400000, 0x00000006ec800000|  0%| F|  |TAMS 0x00000006ec400000| PB 0x00000006ec400000| Untracked 
|  50|0x00000006ec800000, 0x00000006ec8311a0, 0x00000006ecc00000|  4%| S|CS|TAMS 0x00000006ec800000| PB 0x00000006ec800000| Complete 
|  51|0x00000006ecc00000, 0x00000006ed000000, 0x00000006ed000000|100%| S|CS|TAMS 0x00000006ecc00000| PB 0x00000006ecc00000| Complete 
|  52|0x00000006ed000000, 0x00000006ed000000, 0x00000006ed400000|  0%| F|  |TAMS 0x00000006ed000000| PB 0x00000006ed000000| Untracked 
|  53|0x00000006ed400000, 0x00000006ed400000, 0x00000006ed800000|  0%| F|  |TAMS 0x00000006ed400000| PB 0x00000006ed400000| Untracked 
|  54|0x00000006ed800000, 0x00000006ed800000, 0x00000006edc00000|  0%| F|  |TAMS 0x00000006ed800000| PB 0x00000006ed800000| Untracked 
|  55|0x00000006edc00000, 0x00000006edd8d338, 0x00000006ee000000| 38%| E|  |TAMS 0x00000006edc00000| PB 0x00000006edc00000| Complete 
|  56|0x00000006ee000000, 0x00000006ee400000, 0x00000006ee400000|100%| E|CS|TAMS 0x00000006ee000000| PB 0x00000006ee000000| Complete 
|  57|0x00000006ee400000, 0x00000006ee800000, 0x00000006ee800000|100%| E|CS|TAMS 0x00000006ee400000| PB 0x00000006ee400000| Complete 
|  58|0x00000006ee800000, 0x00000006eec00000, 0x00000006eec00000|100%| E|CS|TAMS 0x00000006ee800000| PB 0x00000006ee800000| Complete 
|  59|0x00000006eec00000, 0x00000006ef000000, 0x00000006ef000000|100%| E|CS|TAMS 0x00000006eec00000| PB 0x00000006eec00000| Complete 
|  60|0x00000006ef000000, 0x00000006ef400000, 0x00000006ef400000|100%| E|CS|TAMS 0x00000006ef000000| PB 0x00000006ef000000| Complete 
|  61|0x00000006ef400000, 0x00000006ef800000, 0x00000006ef800000|100%| E|CS|TAMS 0x00000006ef400000| PB 0x00000006ef400000| Complete 
|  62|0x00000006ef800000, 0x00000006efc00000, 0x00000006efc00000|100%| E|CS|TAMS 0x00000006ef800000| PB 0x00000006ef800000| Complete 
|  63|0x00000006efc00000, 0x00000006f0000000, 0x00000006f0000000|100%| E|CS|TAMS 0x00000006efc00000| PB 0x00000006efc00000| Complete 
|  64|0x00000006f0000000, 0x00000006f0400000, 0x00000006f0400000|100%| E|CS|TAMS 0x00000006f0000000| PB 0x00000006f0000000| Complete 
|  65|0x00000006f0400000, 0x00000006f0800000, 0x00000006f0800000|100%| E|CS|TAMS 0x00000006f0400000| PB 0x00000006f0400000| Complete 
|1149|0x00000007ff400000, 0x00000007ff800000, 0x00000007ff800000|100%| O|  |TAMS 0x00000007ff400000| PB 0x00000007ff400000| Untracked 
|1150|0x00000007ff800000, 0x00000007ffc00000, 0x00000007ffc00000|100%| O|  |TAMS 0x00000007ff800000| PB 0x00000007ff800000| Untracked 
|1151|0x00000007ffc00000, 0x0000000800000000, 0x0000000800000000|100%| O|  |TAMS 0x00000007ffc00000| PB 0x00000007ffc00000| Untracked 

Card table byte_map: [0x0000013f44ff0000,0x0000013f458f0000] _byte_map_base: 0x0000013f418f0000

Marking Bits: (CMBitMap*) 0x0000013f3223b820
 Bits: [0x0000013f458f0000, 0x0000013f4a0f0000)

Polling page: 0x0000013f30000000

Metaspace:

Usage:
  Non-class:     88.30 MB used.
      Class:     14.43 MB used.
       Both:    102.73 MB used.

Virtual space:
  Non-class space:      128.00 MB reserved,      89.62 MB ( 70%) committed,  2 nodes.
      Class space:        1.00 GB reserved,      15.75 MB (  2%) committed,  1 nodes.
             Both:        1.12 GB reserved,     105.38 MB (  9%) committed. 

Chunk freelists:
   Non-Class:  6.36 MB
       Class:  319.00 KB
        Both:  6.67 MB

MaxMetaspaceSize: unlimited
CompressedClassSpaceSize: 1.00 GB
Initial GC threshold: 21.00 MB
Current GC threshold: 167.19 MB
CDS: on
 - commit_granule_bytes: 65536.
 - commit_granule_words: 8192.
 - virtual_space_node_default_size: 8388608.
 - enlarge_chunks_in_place: 1.
 - use_allocation_guard: 0.


Internal statistics:

num_allocs_failed_limit: 9.
num_arena_births: 4688.
num_arena_deaths: 0.
num_vsnodes_births: 3.
num_vsnodes_deaths: 0.
num_space_committed: 1686.
num_space_uncommitted: 0.
num_chunks_returned_to_freelist: 9.
num_chunks_taken_from_freelist: 9798.
num_chunk_merges: 3.
num_chunk_splits: 6300.
num_chunks_enlarged: 3840.
num_inconsistent_stats: 0.

CodeHeap 'non-profiled nmethods': size=120000Kb used=7910Kb max_used=7910Kb free=112089Kb
 bounds [0x0000013f3ce90000, 0x0000013f3d650000, 0x0000013f443c0000]
CodeHeap 'profiled nmethods': size=120000Kb used=23588Kb max_used=23588Kb free=96411Kb
 bounds [0x0000013f353c0000, 0x0000013f36ad0000, 0x0000013f3c8f0000]
CodeHeap 'non-nmethods': size=5760Kb used=2961Kb max_used=2993Kb free=2799Kb
 bounds [0x0000013f3c8f0000, 0x0000013f3cc00000, 0x0000013f3ce90000]
 total_blobs=13409 nmethods=12373 adapters=940
 compilation: enabled
              stopped_count=0, restarted_count=0
 full_count=0

Compilation events (20 events):
Event: 106.757 Thread 0x0000013f978ac480 nmethod 14811 0x0000013f3d646590 code [0x0000013f3d646740, 0x0000013f3d646960]
Event: 106.757 Thread 0x0000013f978ac480 14816       4       java.lang.reflect.Method::getExceptionTypes (11 bytes)
Event: 106.759 Thread 0x0000013f978ac480 nmethod 14816 0x0000013f3d646a90 code [0x0000013f3d646c20, 0x0000013f3d646db0]
Event: 106.759 Thread 0x0000013f978ac480 14818       4       org.codehaus.groovy.reflection.ParameterTypes::<init> (5 bytes)
Event: 106.759 Thread 0x0000013f978ac480 nmethod 14818 0x0000013f3d646e90 code [0x0000013f3d647020, 0x0000013f3d6470a8]
Event: 106.759 Thread 0x0000013f978ac480 14814  s!   4       java.beans.PropertyDescriptor::getWriteMethod (152 bytes)
Event: 106.778 Thread 0x0000013f978ac480 nmethod 14814 0x0000013f3d647190 code [0x0000013f3d6473e0, 0x0000013f3d647d70]
Event: 106.778 Thread 0x0000013f978ac480 14791       4       org.gradle.api.internal.provider.Collectors$TypedCollector::size (10 bytes)
Event: 106.779 Thread 0x0000013f978ac480 nmethod 14791 0x0000013f3d648290 code [0x0000013f3d648420, 0x0000013f3d6484f0]
Event: 106.779 Thread 0x0000013f978ac480 14779       4       java.lang.invoke.DelegatingMethodHandle::whichKind (44 bytes)
Event: 106.781 Thread 0x0000013f978ac480 nmethod 14779 0x0000013f3d648590 code [0x0000013f3d648720, 0x0000013f3d6487c0]
Event: 106.787 Thread 0x0000013f4cade830 14819       3       groovyjarjarasm.asm.Handler::getExceptionTableSize (10 bytes)
Event: 106.787 Thread 0x0000013f978ac480 14821       4       java.lang.ClassLoader::defineClass (43 bytes)
Event: 106.787 Thread 0x0000013f4cade830 nmethod 14819 0x0000013f36ac2c10 code [0x0000013f36ac2dc0, 0x0000013f36ac2fb8]
Event: 106.787 Thread 0x0000013f4cade830 14820       3       groovyjarjarasm.asm.ByteVector::putByteArray (49 bytes)
Event: 106.788 Thread 0x0000013f4cade830 nmethod 14820 0x0000013f36ac3110 code [0x0000013f36ac32e0, 0x0000013f36ac35a8]
Event: 106.790 Thread 0x0000013f4cade830 14822   !   3       org.gradle.internal.metaobject.BeanDynamicObject$MetaClassAdapter::getProperty (216 bytes)
Event: 106.791 Thread 0x0000013f978ac480 nmethod 14821 0x0000013f3d648890 code [0x0000013f3d648a60, 0x0000013f3d648c30]
Event: 106.793 Thread 0x0000013f4cade830 nmethod 14822 0x0000013f36ac3690 code [0x0000013f36ac3ae0, 0x0000013f36ac5e18]
Event: 106.807 Thread 0x0000013f978ac480 14823       4       java.lang.reflect.Executable::getGenericExceptionTypes (27 bytes)

GC Heap History (20 events):
Event: 85.448 GC heap before
{Heap before GC invocations=41 (full 0):
 garbage-first heap   total 204800K, used 148681K [0x00000006e0000000, 0x0000000800000000)
  region size 4096K, 9 young (36864K), 2 survivors (8192K)
 Metaspace       used 88042K, committed 90368K, reserved 1179648K
  class space    used 12306K, committed 13440K, reserved 1048576K
}
Event: 85.454 GC heap after
{Heap after GC invocations=42 (full 0):
 garbage-first heap   total 204800K, used 121372K [0x00000006e0000000, 0x0000000800000000)
  region size 4096K, 1 young (4096K), 1 survivors (4096K)
 Metaspace       used 88042K, committed 90368K, reserved 1179648K
  class space    used 12306K, committed 13440K, reserved 1048576K
}
Event: 86.638 GC heap before
{Heap before GC invocations=42 (full 0):
 garbage-first heap   total 204800K, used 178716K [0x00000006e0000000, 0x0000000800000000)
  region size 4096K, 14 young (57344K), 1 survivors (4096K)
 Metaspace       used 92009K, committed 94400K, reserved 1179648K
  class space    used 12832K, committed 14016K, reserved 1048576K
}
Event: 86.645 GC heap after
{Heap after GC invocations=43 (full 0):
 garbage-first heap   total 204800K, used 125064K [0x00000006e0000000, 0x0000000800000000)
  region size 4096K, 1 young (4096K), 1 survivors (4096K)
 Metaspace       used 92009K, committed 94400K, reserved 1179648K
  class space    used 12832K, committed 14016K, reserved 1048576K
}
Event: 87.238 GC heap before
{Heap before GC invocations=43 (full 0):
 garbage-first heap   total 204800K, used 182408K [0x00000006e0000000, 0x0000000800000000)
  region size 4096K, 15 young (61440K), 1 survivors (4096K)
 Metaspace       used 93446K, committed 95872K, reserved 1179648K
  class space    used 13047K, committed 14272K, reserved 1048576K
}
Event: 87.244 GC heap after
{Heap after GC invocations=44 (full 0):
 garbage-first heap   total 204800K, used 130493K [0x00000006e0000000, 0x0000000800000000)
  region size 4096K, 2 young (8192K), 2 survivors (8192K)
 Metaspace       used 93446K, committed 95872K, reserved 1179648K
  class space    used 13047K, committed 14272K, reserved 1048576K
}
Event: 87.604 GC heap before
{Heap before GC invocations=45 (full 0):
 garbage-first heap   total 221184K, used 179645K [0x00000006e0000000, 0x0000000800000000)
  region size 4096K, 14 young (57344K), 2 survivors (8192K)
 Metaspace       used 93609K, committed 96128K, reserved 1179648K
  class space    used 13063K, committed 14272K, reserved 1048576K
}
Event: 87.612 GC heap after
{Heap after GC invocations=46 (full 0):
 garbage-first heap   total 221184K, used 134901K [0x00000006e0000000, 0x0000000800000000)
  region size 4096K, 1 young (4096K), 1 survivors (4096K)
 Metaspace       used 93609K, committed 96128K, reserved 1179648K
  class space    used 13063K, committed 14272K, reserved 1048576K
}
Event: 90.252 GC heap before
{Heap before GC invocations=46 (full 0):
 garbage-first heap   total 221184K, used 200437K [0x00000006e0000000, 0x0000000800000000)
  region size 4096K, 17 young (69632K), 1 survivors (4096K)
 Metaspace       used 93847K, committed 96384K, reserved 1179648K
  class space    used 13069K, committed 14336K, reserved 1048576K
}
Event: 90.264 GC heap after
{Heap after GC invocations=47 (full 0):
 garbage-first heap   total 221184K, used 140444K [0x00000006e0000000, 0x0000000800000000)
  region size 4096K, 3 young (12288K), 3 survivors (12288K)
 Metaspace       used 93847K, committed 96384K, reserved 1179648K
  class space    used 13069K, committed 14336K, reserved 1048576K
}
Event: 91.212 GC heap before
{Heap before GC invocations=47 (full 0):
 garbage-first heap   total 221184K, used 189596K [0x00000006e0000000, 0x0000000800000000)
  region size 4096K, 15 young (61440K), 3 survivors (12288K)
 Metaspace       used 93848K, committed 96384K, reserved 1179648K
  class space    used 13070K, committed 14336K, reserved 1048576K
}
Event: 91.223 GC heap after
{Heap after GC invocations=48 (full 0):
 garbage-first heap   total 221184K, used 142673K [0x00000006e0000000, 0x0000000800000000)
  region size 4096K, 2 young (8192K), 2 survivors (8192K)
 Metaspace       used 93848K, committed 96384K, reserved 1179648K
  class space    used 13070K, committed 14336K, reserved 1048576K
}
Event: 92.551 GC heap before
{Heap before GC invocations=49 (full 0):
 garbage-first heap   total 245760K, used 195921K [0x00000006e0000000, 0x0000000800000000)
  region size 4096K, 15 young (61440K), 2 survivors (8192K)
 Metaspace       used 93849K, committed 96384K, reserved 1179648K
  class space    used 13070K, committed 14336K, reserved 1048576K
}
Event: 92.557 GC heap after
{Heap after GC invocations=50 (full 0):
 garbage-first heap   total 245760K, used 145020K [0x00000006e0000000, 0x0000000800000000)
  region size 4096K, 2 young (8192K), 2 survivors (8192K)
 Metaspace       used 93849K, committed 96384K, reserved 1179648K
  class space    used 13070K, committed 14336K, reserved 1048576K
}
Event: 103.181 GC heap before
{Heap before GC invocations=50 (full 0):
 garbage-first heap   total 245760K, used 218748K [0x00000006e0000000, 0x0000000800000000)
  region size 4096K, 20 young (81920K), 2 survivors (8192K)
 Metaspace       used 95396K, committed 97856K, reserved 1179648K
  class space    used 13284K, committed 14528K, reserved 1048576K
}
Event: 103.195 GC heap after
{Heap after GC invocations=51 (full 0):
 garbage-first heap   total 249856K, used 159521K [0x00000006e0000000, 0x0000000800000000)
  region size 4096K, 3 young (12288K), 3 survivors (12288K)
 Metaspace       used 95396K, committed 97856K, reserved 1179648K
  class space    used 13284K, committed 14528K, reserved 1048576K
}
Event: 104.311 GC heap before
{Heap before GC invocations=51 (full 0):
 garbage-first heap   total 249856K, used 220961K [0x00000006e0000000, 0x0000000800000000)
  region size 4096K, 18 young (73728K), 3 survivors (12288K)
 Metaspace       used 99612K, committed 102208K, reserved 1179648K
  class space    used 13945K, committed 15232K, reserved 1048576K
}
Event: 104.318 GC heap after
{Heap after GC invocations=52 (full 0):
 garbage-first heap   total 249856K, used 162482K [0x00000006e0000000, 0x0000000800000000)
  region size 4096K, 1 young (4096K), 1 survivors (4096K)
 Metaspace       used 99612K, committed 102208K, reserved 1179648K
  class space    used 13945K, committed 15232K, reserved 1048576K
}
Event: 105.701 GC heap before
{Heap before GC invocations=53 (full 0):
 garbage-first heap   total 282624K, used 219826K [0x00000006e0000000, 0x0000000800000000)
  region size 4096K, 15 young (61440K), 1 survivors (4096K)
 Metaspace       used 103099K, committed 105664K, reserved 1179648K
  class space    used 14479K, committed 15744K, reserved 1048576K
}
Event: 105.707 GC heap after
{Heap after GC invocations=54 (full 0):
 garbage-first heap   total 282624K, used 164672K [0x00000006e0000000, 0x0000000800000000)
  region size 4096K, 2 young (8192K), 2 survivors (8192K)
 Metaspace       used 103099K, committed 105664K, reserved 1179648K
  class space    used 14479K, committed 15744K, reserved 1048576K
}

Dll operation events (15 events):
Event: 0.014 Loaded shared library C:\Users\tuce_\.vscode\extensions\redhat.java-1.40.0-win32-x64\jre\21.0.6-win32-x86_64\bin\java.dll
Event: 0.054 Loaded shared library C:\Users\tuce_\.vscode\extensions\redhat.java-1.40.0-win32-x64\jre\21.0.6-win32-x86_64\bin\zip.dll
Event: 0.152 Loaded shared library C:\Users\tuce_\.vscode\extensions\redhat.java-1.40.0-win32-x64\jre\21.0.6-win32-x86_64\bin\instrument.dll
Event: 0.159 Loaded shared library C:\Users\tuce_\.vscode\extensions\redhat.java-1.40.0-win32-x64\jre\21.0.6-win32-x86_64\bin\net.dll
Event: 0.163 Loaded shared library C:\Users\tuce_\.vscode\extensions\redhat.java-1.40.0-win32-x64\jre\21.0.6-win32-x86_64\bin\nio.dll
Event: 0.168 Loaded shared library C:\Users\tuce_\.vscode\extensions\redhat.java-1.40.0-win32-x64\jre\21.0.6-win32-x86_64\bin\zip.dll
Event: 0.707 Loaded shared library C:\Users\tuce_\.vscode\extensions\redhat.java-1.40.0-win32-x64\jre\21.0.6-win32-x86_64\bin\jimage.dll
Event: 0.994 Loaded shared library C:\Users\tuce_\.vscode\extensions\redhat.java-1.40.0-win32-x64\jre\21.0.6-win32-x86_64\bin\verify.dll
Event: 1.240 Loaded shared library C:\Users\tuce_\.gradle\native\c067742578af261105cb4f569cf0c3c89f3d7b1fecec35dd04571415982c5e48\windows-amd64\native-platform.dll
Event: 1.254 Loaded shared library C:\Users\tuce_\.gradle\native\100fb08df4bc3b14c8652ba06237920a3bd2aa13389f12d3474272988ae205f9\windows-amd64\native-platform-file-events.dll
Event: 3.178 Loaded shared library C:\Users\tuce_\.vscode\extensions\redhat.java-1.40.0-win32-x64\jre\21.0.6-win32-x86_64\bin\management.dll
Event: 3.183 Loaded shared library C:\Users\tuce_\.vscode\extensions\redhat.java-1.40.0-win32-x64\jre\21.0.6-win32-x86_64\bin\management_ext.dll
Event: 3.568 Loaded shared library C:\Users\tuce_\.vscode\extensions\redhat.java-1.40.0-win32-x64\jre\21.0.6-win32-x86_64\bin\extnet.dll
Event: 3.954 Loaded shared library C:\Users\tuce_\.vscode\extensions\redhat.java-1.40.0-win32-x64\jre\21.0.6-win32-x86_64\bin\sunmscapi.dll
Event: 28.996 Loaded shared library C:\Users\tuce_\.vscode\extensions\redhat.java-1.40.0-win32-x64\jre\21.0.6-win32-x86_64\bin\rmi.dll

Deoptimization events (20 events):
Event: 106.055 Thread 0x0000013f93924b80 DEOPT PACKING pc=0x0000013f3d33e574 sp=0x0000000476ef4e70
Event: 106.055 Thread 0x0000013f93924b80 DEOPT UNPACKING pc=0x0000013f3c9446a2 sp=0x0000000476ef4e20 mode 2
Event: 106.058 Thread 0x0000013f93924b80 Uncommon trap: trap_request=0xffffffde fr.pc=0x0000013f3d33e574 relative=0x0000000000000b14
Event: 106.058 Thread 0x0000013f93924b80 Uncommon trap: reason=class_check action=maybe_recompile pc=0x0000013f3d33e574 method=org.gradle.internal.snapshot.impl.AbstractValueProcessor.processValue(Ljava/lang/Object;Lorg/gradle/internal/snapshot/impl/AbstractValueProcessor$ValueVisitor;)Ljava/lan
Event: 106.058 Thread 0x0000013f93924b80 DEOPT PACKING pc=0x0000013f3d33e574 sp=0x0000000476ef4e70
Event: 106.058 Thread 0x0000013f93924b80 DEOPT UNPACKING pc=0x0000013f3c9446a2 sp=0x0000000476ef4e20 mode 2
Event: 106.352 Thread 0x0000013f93924b80 DEOPT PACKING pc=0x0000013f3677a60f sp=0x0000000476ef4480
Event: 106.352 Thread 0x0000013f93924b80 DEOPT UNPACKING pc=0x0000013f3c944e42 sp=0x0000000476ef3980 mode 0
Event: 106.510 Thread 0x0000013f93924b80 Uncommon trap: trap_request=0xffffff45 fr.pc=0x0000013f3d63ac98 relative=0x0000000000001598
Event: 106.510 Thread 0x0000013f93924b80 Uncommon trap: reason=unstable_if action=reinterpret pc=0x0000013f3d63ac98 method=groovy.lang.MetaClassImpl.checkIfStdMethod(Lgroovy/lang/MetaMethod;)V @ 78 c2
Event: 106.510 Thread 0x0000013f93924b80 DEOPT PACKING pc=0x0000013f3d63ac98 sp=0x0000000476ef46b0
Event: 106.510 Thread 0x0000013f93924b80 DEOPT UNPACKING pc=0x0000013f3c9446a2 sp=0x0000000476ef4620 mode 2
Event: 106.510 Thread 0x0000013f93924b80 Uncommon trap: trap_request=0xffffff45 fr.pc=0x0000013f3d6405cc relative=0x0000000000000cac
Event: 106.510 Thread 0x0000013f93924b80 Uncommon trap: reason=unstable_if action=reinterpret pc=0x0000013f3d6405cc method=groovy.lang.MetaClassImpl.checkIfStdMethod(Lgroovy/lang/MetaMethod;)V @ 78 c2
Event: 106.510 Thread 0x0000013f93924b80 DEOPT PACKING pc=0x0000013f3d6405cc sp=0x0000000476ef4650
Event: 106.510 Thread 0x0000013f93924b80 DEOPT UNPACKING pc=0x0000013f3c9446a2 sp=0x0000000476ef4618 mode 2
Event: 106.511 Thread 0x0000013f93924b80 Uncommon trap: trap_request=0xffffff45 fr.pc=0x0000013f3d516ba4 relative=0x0000000000003e84
Event: 106.513 Thread 0x0000013f93924b80 Uncommon trap: reason=unstable_if action=reinterpret pc=0x0000013f3d516ba4 method=groovy.lang.MetaClassImpl.checkIfStdMethod(Lgroovy/lang/MetaMethod;)V @ 78 c2
Event: 106.513 Thread 0x0000013f93924b80 DEOPT PACKING pc=0x0000013f3d516ba4 sp=0x0000000476ef4700
Event: 106.513 Thread 0x0000013f93924b80 DEOPT UNPACKING pc=0x0000013f3c9446a2 sp=0x0000000476ef4618 mode 2

Classes loaded (20 events):
Event: 102.672 Loading class java/lang/EnumBeanInfo done
Event: 102.672 Loading class java/lang/EnumCustomizer
Event: 102.672 Loading class java/lang/EnumCustomizer done
Event: 102.673 Loading class java/lang/EnumCustomizer
Event: 102.673 Loading class java/lang/EnumCustomizer done
Event: 103.768 Loading class java/util/concurrent/atomic/AtomicIntegerArray
Event: 103.768 Loading class java/util/concurrent/atomic/AtomicIntegerArray done
Event: 103.771 Loading class java/util/Currency
Event: 103.772 Loading class java/util/Currency done
Event: 103.781 Loading class java/util/concurrent/atomic/AtomicLongArray
Event: 103.781 Loading class java/util/concurrent/atomic/AtomicLongArray done
Event: 103.823 Loading class sun/reflect/generics/repository/FieldRepository
Event: 103.824 Loading class sun/reflect/generics/repository/FieldRepository done
Event: 103.845 Loading class jdk/internal/vm/annotation/ForceInline
Event: 103.845 Loading class jdk/internal/vm/annotation/ForceInline done
Event: 103.941 Loading class java/util/regex/Pattern$Caret
Event: 103.941 Loading class java/util/regex/Pattern$Caret done
Event: 105.142 Loading class java/io/FileReader
Event: 105.143 Loading class java/io/FileReader done
Event: 106.811 Loading class java/lang/invoke/WrongMethodTypeException

Classes unloaded (0 events):
No events

Classes redefined (0 events):
No events

Internal exceptions (20 events):
Event: 106.732 Thread 0x0000013f93924b80 Exception <a 'java/lang/ClassNotFoundException'{0x00000006ee489258}: com/android/build/gradle/internal/api/AndroidArtifactVariantImplBeanInfo> (0x00000006ee489258) 
thrown [s\src\hotspot\share\classfile\systemDictionary.cpp, line 312]
Event: 106.733 Thread 0x0000013f93924b80 Exception <a 'java/lang/ClassNotFoundException'{0x00000006ee4997a8}: com/android/build/gradle/internal/api/BaseVariantImplBeanInfo> (0x00000006ee4997a8) 
thrown [s\src\hotspot\share\classfile\systemDictionary.cpp, line 312]
Event: 106.734 Thread 0x0000013f93924b80 Exception <a 'java/lang/ClassNotFoundException'{0x00000006ee4a9018}: com/android/build/gradle/internal/api/BaseVariantImplCustomizer> (0x00000006ee4a9018) 
thrown [s\src\hotspot\share\classfile\systemDictionary.cpp, line 312]
Event: 106.737 Thread 0x0000013f93924b80 Exception <a 'java/lang/ClassNotFoundException'{0x00000006ee4fc1e0}: com/android/build/gradle/internal/api/AndroidArtifactVariantImplCustomizer> (0x00000006ee4fc1e0) 
thrown [s\src\hotspot\share\classfile\systemDictionary.cpp, line 312]
Event: 106.738 Thread 0x0000013f93924b80 Exception <a 'java/lang/ClassNotFoundException'{0x00000006ee51ebd8}: com/android/build/gradle/internal/api/InstallableVariantImplCustomizer> (0x00000006ee51ebd8) 
thrown [s\src\hotspot\share\classfile\systemDictionary.cpp, line 312]
Event: 106.740 Thread 0x0000013f93924b80 Exception <a 'java/lang/ClassNotFoundException'{0x00000006ee545e18}: com/android/build/gradle/internal/api/ApkVariantImplCustomizer> (0x00000006ee545e18) 
thrown [s\src\hotspot\share\classfile\systemDictionary.cpp, line 312]
Event: 106.742 Thread 0x0000013f93924b80 Exception <a 'java/lang/ClassNotFoundException'{0x00000006ee56b4e8}: com/android/build/gradle/internal/api/ApplicationVariantImplCustomizer> (0x00000006ee56b4e8) 
thrown [s\src\hotspot\share\classfile\systemDictionary.cpp, line 312]
Event: 106.743 Thread 0x0000013f93924b80 Exception <a 'java/lang/ClassNotFoundException'{0x00000006ee5948b0}: com/android/build/gradle/internal/api/ApplicationVariantImpl_DecoratedCustomizer> (0x00000006ee5948b0) 
thrown [s\src\hotspot\share\classfile\systemDictionary.cpp, line 312]
Event: 106.761 Thread 0x0000013f93924b80 Exception <a 'java/lang/ClassNotFoundException'{0x00000006ee6a6fc8}: org/gradle/api/internal/tasks/DefaultTaskContainer$TaskCreatingProvider_DecoratedBeanInfo> (0x00000006ee6a6fc8) 
thrown [s\src\hotspot\share\classfile\systemDictionary.cpp, line 312]
Event: 106.763 Thread 0x0000013f93924b80 Exception <a 'java/lang/ClassNotFoundException'{0x00000006ee6c37b0}: org/gradle/api/internal/tasks/DefaultTaskContainer$TaskCreatingProviderBeanInfo> (0x00000006ee6c37b0) 
thrown [s\src\hotspot\share\classfile\systemDictionary.cpp, line 312]
Event: 106.765 Thread 0x0000013f93924b80 Exception <a 'java/lang/ClassNotFoundException'{0x00000006ee6e1170}: org/gradle/api/internal/DefaultNamedDomainObjectCollection$AbstractDomainObjectCreatingProviderBeanInfo> (0x00000006ee6e1170) 
thrown [s\src\hotspot\share\classfile\systemDictionary.cpp, line 312]
Event: 106.768 Thread 0x0000013f93924b80 Exception <a 'java/lang/ClassNotFoundException'{0x00000006ee6fe958}: org/gradle/api/internal/DefaultNamedDomainObjectCollection$AbstractNamedDomainObjectProviderBeanInfo> (0x00000006ee6fe958) 
thrown [s\src\hotspot\share\classfile\systemDictionary.cpp, line 312]
Event: 106.772 Thread 0x0000013f93924b80 Exception <a 'java/lang/ClassNotFoundException'{0x00000006ee71c6c8}: org/gradle/api/internal/DefaultNamedDomainObjectCollection$AbstractNamedDomainObjectProviderCustomizer> (0x00000006ee71c6c8) 
thrown [s\src\hotspot\share\classfile\systemDictionary.cpp, line 312]
Event: 106.775 Thread 0x0000013f93924b80 Exception <a 'java/lang/ClassNotFoundException'{0x00000006ee74b368}: org/gradle/api/internal/DefaultNamedDomainObjectCollection$AbstractDomainObjectCreatingProviderCustomizer> (0x00000006ee74b368) 
thrown [s\src\hotspot\share\classfile\systemDictionary.cpp, line 312]
Event: 106.778 Thread 0x0000013f93924b80 Exception <a 'java/lang/ClassNotFoundException'{0x00000006ee771fb8}: org/gradle/api/internal/tasks/DefaultTaskContainer$TaskCreatingProviderCustomizer> (0x00000006ee771fb8) 
thrown [s\src\hotspot\share\classfile\systemDictionary.cpp, line 312]
Event: 106.783 Thread 0x0000013f93924b80 Exception <a 'java/lang/ClassNotFoundException'{0x00000006ee795a30}: org/gradle/api/internal/tasks/DefaultTaskContainer$TaskCreatingProvider_DecoratedCustomizer> (0x00000006ee795a30) 
thrown [s\src\hotspot\share\classfile\systemDictionary.cpp, line 312]
Event: 106.796 Thread 0x0000013f93924b80 Exception <a 'java/lang/ClassNotFoundException'{0x00000006ee7fb860}: org/gradle/api/internal/StartParameterInternalBeanInfo> (0x00000006ee7fb860) 
thrown [s\src\hotspot\share\classfile\systemDictionary.cpp, line 312]
Event: 106.799 Thread 0x0000013f93924b80 Exception <a 'java/lang/ClassNotFoundException'{0x00000006ee017498}: org/gradle/StartParameterBeanInfo> (0x00000006ee017498) 
thrown [s\src\hotspot\share\classfile\systemDictionary.cpp, line 312]
Event: 106.802 Thread 0x0000013f93924b80 Exception <a 'java/lang/ClassNotFoundException'{0x00000006ee032b50}: org/gradle/StartParameterCustomizer> (0x00000006ee032b50) 
thrown [s\src\hotspot\share\classfile\systemDictionary.cpp, line 312]
Event: 106.806 Thread 0x0000013f93924b80 Exception <a 'java/lang/ClassNotFoundException'{0x00000006ee096408}: org/gradle/api/internal/StartParameterInternalCustomizer> (0x00000006ee096408) 
thrown [s\src\hotspot\share\classfile\systemDictionary.cpp, line 312]

ZGC Phase Switch (0 events):
No events

VM Operations (20 events):
Event: 103.300 Executing VM operation: HandshakeAllThreads (Deoptimize)
Event: 103.300 Executing VM operation: HandshakeAllThreads (Deoptimize) done
Event: 104.311 Executing VM operation: G1CollectForAllocation (G1 Evacuation Pause)
Event: 104.318 Executing VM operation: G1CollectForAllocation (G1 Evacuation Pause) done
Event: 104.481 Executing VM operation: G1PauseRemark
Event: 104.488 Executing VM operation: G1PauseRemark done
Event: 104.557 Executing VM operation: G1PauseCleanup
Event: 104.557 Executing VM operation: G1PauseCleanup done
Event: 105.138 Executing VM operation: HandshakeAllThreads (Deoptimize)
Event: 105.139 Executing VM operation: HandshakeAllThreads (Deoptimize) done
Event: 105.145 Executing VM operation: HandshakeAllThreads (Deoptimize)
Event: 105.145 Executing VM operation: HandshakeAllThreads (Deoptimize) done
Event: 105.701 Executing VM operation: G1CollectForAllocation (G1 Evacuation Pause)
Event: 105.707 Executing VM operation: G1CollectForAllocation (G1 Evacuation Pause) done
Event: 106.663 Executing VM operation: HandshakeAllThreads (Deoptimize)
Event: 106.664 Executing VM operation: HandshakeAllThreads (Deoptimize) done
Event: 106.710 Executing VM operation: HandshakeAllThreads (Deoptimize)
Event: 106.711 Executing VM operation: HandshakeAllThreads (Deoptimize) done
Event: 106.711 Executing VM operation: Cleanup
Event: 106.711 Executing VM operation: Cleanup done

Memory protections (0 events):
No events

Nmethod flushes (20 events):
Event: 104.486 Thread 0x0000013f2fd722e0 flushing  nmethod 0x0000013f36014110
Event: 104.486 Thread 0x0000013f2fd722e0 flushing  nmethod 0x0000013f36049310
Event: 104.486 Thread 0x0000013f2fd722e0 flushing  nmethod 0x0000013f3604f090
Event: 104.486 Thread 0x0000013f2fd722e0 flushing  nmethod 0x0000013f36070690
Event: 104.486 Thread 0x0000013f2fd722e0 flushing  nmethod 0x0000013f360b3e90
Event: 104.486 Thread 0x0000013f2fd722e0 flushing  nmethod 0x0000013f36299610
Event: 104.486 Thread 0x0000013f2fd722e0 flushing  nmethod 0x0000013f35970910
Event: 104.486 Thread 0x0000013f2fd722e0 flushing  nmethod 0x0000013f35d41790
Event: 104.486 Thread 0x0000013f2fd722e0 flushing  nmethod 0x0000013f35f0eb90
Event: 104.486 Thread 0x0000013f2fd722e0 flushing  nmethod 0x0000013f35419710
Event: 104.486 Thread 0x0000013f2fd722e0 flushing  nmethod 0x0000013f3548b590
Event: 104.486 Thread 0x0000013f2fd722e0 flushing  nmethod 0x0000013f3548db10
Event: 104.486 Thread 0x0000013f2fd722e0 flushing  nmethod 0x0000013f35506710
Event: 104.486 Thread 0x0000013f2fd722e0 flushing  nmethod 0x0000013f357a5010
Event: 104.486 Thread 0x0000013f2fd722e0 flushing  nmethod 0x0000013f358fb690
Event: 104.486 Thread 0x0000013f2fd722e0 flushing  nmethod 0x0000013f35b16e10
Event: 104.486 Thread 0x0000013f2fd722e0 flushing  nmethod 0x0000013f35b18090
Event: 104.486 Thread 0x0000013f2fd722e0 flushing  nmethod 0x0000013f35fe9990
Event: 104.486 Thread 0x0000013f2fd722e0 flushing  nmethod 0x0000013f360d5c10
Event: 104.486 Thread 0x0000013f2fd722e0 flushing  nmethod 0x0000013f36624c90

Events (20 events):
Event: 86.010 Thread 0x0000013f93924b80 Thread added: 0x0000013f92a37750
Event: 89.433 Thread 0x0000013f93924b80 Thread added: 0x0000013f92a39820
Event: 89.433 Thread 0x0000013f93924b80 Thread added: 0x0000013f92a37de0
Event: 89.433 Thread 0x0000013f93924b80 Thread added: 0x0000013f92a370c0
Event: 89.434 Thread 0x0000013f93924b80 Thread added: 0x0000013f92a38470
Event: 89.434 Thread 0x0000013f93924b80 Thread added: 0x0000013f92a39190
Event: 89.434 Thread 0x0000013f93924b80 Thread added: 0x0000013f92a3a540
Event: 89.435 Thread 0x0000013f93924b80 Thread added: 0x0000013f92a3d330
Event: 89.495 Thread 0x0000013f93924b80 Thread added: 0x0000013f92a38b00
Event: 89.496 Thread 0x0000013f93924b80 Thread added: 0x0000013f92a363a0
Event: 89.497 Thread 0x0000013f93924b80 Thread added: 0x0000013f92a39eb0
Event: 89.499 Thread 0x0000013f93924b80 Thread added: 0x0000013f95263dd0
Event: 89.505 Thread 0x0000013f93924b80 Thread added: 0x0000013f92b5bfb0
Event: 89.507 Thread 0x0000013f93924b80 Thread added: 0x0000013f92b5ac00
Event: 97.619 Thread 0x0000013f96a241f0 Thread exited: 0x0000013f96a241f0
Event: 102.446 Thread 0x0000013f4cade830 Thread added: 0x0000013f92d41470
Event: 103.054 Thread 0x0000013f92d41470 Thread exited: 0x0000013f92d41470
Event: 103.870 Thread 0x0000013f4cade830 Thread added: 0x0000013f978ab6e0
Event: 104.237 Thread 0x0000013f978ab6e0 Thread exited: 0x0000013f978ab6e0
Event: 106.745 Thread 0x0000013f4cade830 Thread added: 0x0000013f978ac480


Dynamic libraries:
0x00007ff752560000 - 0x00007ff75256e000 	C:\Users\tuce_\.vscode\extensions\redhat.java-1.40.0-win32-x64\jre\21.0.6-win32-x86_64\bin\java.exe
0x00007fffc9d90000 - 0x00007fffc9fa7000 	C:\WINDOWS\SYSTEM32\ntdll.dll
0x00007fffc8070000 - 0x00007fffc8134000 	C:\WINDOWS\System32\KERNEL32.DLL
0x00007fffc7600000 - 0x00007fffc79d0000 	C:\WINDOWS\System32\KERNELBASE.dll
0x00007fffc74e0000 - 0x00007fffc75f1000 	C:\WINDOWS\System32\ucrtbase.dll
0x00007fffa32f0000 - 0x00007fffa330e000 	C:\Users\tuce_\.vscode\extensions\redhat.java-1.40.0-win32-x64\jre\21.0.6-win32-x86_64\bin\VCRUNTIME140.dll
0x00007fff949d0000 - 0x00007fff949e8000 	C:\Users\tuce_\.vscode\extensions\redhat.java-1.40.0-win32-x64\jre\21.0.6-win32-x86_64\bin\jli.dll
0x00007fffc7a80000 - 0x00007fffc7c2e000 	C:\WINDOWS\System32\USER32.dll
0x00007fffc74b0000 - 0x00007fffc74d6000 	C:\WINDOWS\System32\win32u.dll
0x00007fffc9790000 - 0x00007fffc97b9000 	C:\WINDOWS\System32\GDI32.dll
0x00007fffc7040000 - 0x00007fffc715b000 	C:\WINDOWS\System32\gdi32full.dll
0x00007fffc7350000 - 0x00007fffc73ea000 	C:\WINDOWS\System32\msvcp_win.dll
0x00007fffc6300000 - 0x00007fffc6592000 	C:\WINDOWS\WinSxS\amd64_microsoft.windows.common-controls_6595b64144ccf1df_6.0.22621.4830_none_270fe7d773858e80\COMCTL32.dll
0x00007fffc7c30000 - 0x00007fffc7cd7000 	C:\WINDOWS\System32\msvcrt.dll
0x00007fffc9c90000 - 0x00007fffc9cc1000 	C:\WINDOWS\System32\IMM32.DLL
0x00007fffc1660000 - 0x00007fffc166c000 	C:\Users\tuce_\.vscode\extensions\redhat.java-1.40.0-win32-x64\jre\21.0.6-win32-x86_64\bin\vcruntime140_1.dll
0x00007fff85040000 - 0x00007fff850cd000 	C:\Users\tuce_\.vscode\extensions\redhat.java-1.40.0-win32-x64\jre\21.0.6-win32-x86_64\bin\msvcp140.dll
0x00007fff02d40000 - 0x00007fff03ad0000 	C:\Users\tuce_\.vscode\extensions\redhat.java-1.40.0-win32-x64\jre\21.0.6-win32-x86_64\bin\server\jvm.dll
0x00007fffc97c0000 - 0x00007fffc9871000 	C:\WINDOWS\System32\ADVAPI32.dll
0x00007fffc8e50000 - 0x00007fffc8ef7000 	C:\WINDOWS\System32\sechost.dll
0x00007fffc79d0000 - 0x00007fffc79f8000 	C:\WINDOWS\System32\bcrypt.dll
0x00007fffc9880000 - 0x00007fffc9994000 	C:\WINDOWS\System32\RPCRT4.dll
0x00007fffc8c60000 - 0x00007fffc8cd1000 	C:\WINDOWS\System32\WS2_32.dll
0x00007fffc1b90000 - 0x00007fffc1bc4000 	C:\WINDOWS\SYSTEM32\WINMM.dll
0x00007fffbe200000 - 0x00007fffbe20a000 	C:\WINDOWS\SYSTEM32\VERSION.dll
0x00007fffc6f10000 - 0x00007fffc6f5d000 	C:\WINDOWS\SYSTEM32\POWRPROF.dll
0x00007fffc6ef0000 - 0x00007fffc6f03000 	C:\WINDOWS\SYSTEM32\UMPDC.dll
0x00007fffc57a0000 - 0x00007fffc57b8000 	C:\WINDOWS\SYSTEM32\kernel.appcore.dll
0x00007fffad7c0000 - 0x00007fffad7ca000 	C:\Users\tuce_\.vscode\extensions\redhat.java-1.40.0-win32-x64\jre\21.0.6-win32-x86_64\bin\jimage.dll
0x00007fffc68b0000 - 0x00007fffc6ae2000 	C:\WINDOWS\SYSTEM32\DBGHELP.DLL
0x00007fffc7ce0000 - 0x00007fffc8070000 	C:\WINDOWS\System32\combase.dll
0x00007fffc83d0000 - 0x00007fffc84a7000 	C:\WINDOWS\System32\OLEAUT32.dll
0x00007fffc6780000 - 0x00007fffc67b2000 	C:\WINDOWS\SYSTEM32\dbgcore.DLL
0x00007fffc7160000 - 0x00007fffc71db000 	C:\WINDOWS\System32\bcryptPrimitives.dll
0x00007fffbd9e0000 - 0x00007fffbd9ef000 	C:\Users\tuce_\.vscode\extensions\redhat.java-1.40.0-win32-x64\jre\21.0.6-win32-x86_64\bin\instrument.dll
0x00007fff94150000 - 0x00007fff9416f000 	C:\Users\tuce_\.vscode\extensions\redhat.java-1.40.0-win32-x64\jre\21.0.6-win32-x86_64\bin\java.dll
0x00007fffc8f10000 - 0x00007fffc9788000 	C:\WINDOWS\System32\SHELL32.dll
0x00007fffc46f0000 - 0x00007fffc5000000 	C:\WINDOWS\SYSTEM32\windows.storage.dll
0x00007fffc45b0000 - 0x00007fffc46ef000 	C:\WINDOWS\SYSTEM32\wintypes.dll
0x00007fffc8b50000 - 0x00007fffc8c5a000 	C:\WINDOWS\System32\SHCORE.dll
0x00007fffc9b60000 - 0x00007fffc9bbe000 	C:\WINDOWS\System32\shlwapi.dll
0x00007fffc6f70000 - 0x00007fffc6f9b000 	C:\WINDOWS\SYSTEM32\profapi.dll
0x00007fff94130000 - 0x00007fff94148000 	C:\Users\tuce_\.vscode\extensions\redhat.java-1.40.0-win32-x64\jre\21.0.6-win32-x86_64\bin\zip.dll
0x00007fffad7a0000 - 0x00007fffad7b0000 	C:\Users\tuce_\.vscode\extensions\redhat.java-1.40.0-win32-x64\jre\21.0.6-win32-x86_64\bin\net.dll
0x00007fffbef60000 - 0x00007fffbf08c000 	C:\WINDOWS\SYSTEM32\WINHTTP.dll
0x00007fffc5bd0000 - 0x00007fffc5c3a000 	C:\WINDOWS\system32\mswsock.dll
0x00007fff940e0000 - 0x00007fff940f6000 	C:\Users\tuce_\.vscode\extensions\redhat.java-1.40.0-win32-x64\jre\21.0.6-win32-x86_64\bin\nio.dll
0x00007fffa70d0000 - 0x00007fffa70e0000 	C:\Users\tuce_\.vscode\extensions\redhat.java-1.40.0-win32-x64\jre\21.0.6-win32-x86_64\bin\verify.dll
0x00007fff8c6d0000 - 0x00007fff8c6f7000 	C:\Users\tuce_\.gradle\native\c067742578af261105cb4f569cf0c3c89f3d7b1fecec35dd04571415982c5e48\windows-amd64\native-platform.dll
0x00007fff243d0000 - 0x00007fff24514000 	C:\Users\tuce_\.gradle\native\100fb08df4bc3b14c8652ba06237920a3bd2aa13389f12d3474272988ae205f9\windows-amd64\native-platform-file-events.dll
0x00007fffa66a0000 - 0x00007fffa66aa000 	C:\Users\tuce_\.vscode\extensions\redhat.java-1.40.0-win32-x64\jre\21.0.6-win32-x86_64\bin\management.dll
0x00007fffa6120000 - 0x00007fffa612b000 	C:\Users\tuce_\.vscode\extensions\redhat.java-1.40.0-win32-x64\jre\21.0.6-win32-x86_64\bin\management_ext.dll
0x00007fffc8f00000 - 0x00007fffc8f08000 	C:\WINDOWS\System32\PSAPI.DLL
0x00007fffc6bf0000 - 0x00007fffc6c0b000 	C:\WINDOWS\SYSTEM32\CRYPTSP.dll
0x00007fffc5c90000 - 0x00007fffc5cc5000 	C:\WINDOWS\system32\rsaenh.dll
0x00007fffc5d00000 - 0x00007fffc5d28000 	C:\WINDOWS\SYSTEM32\USERENV.dll
0x00007fffc6050000 - 0x00007fffc605c000 	C:\WINDOWS\SYSTEM32\CRYPTBASE.dll
0x00007fffc5260000 - 0x00007fffc528d000 	C:\WINDOWS\SYSTEM32\IPHLPAPI.DLL
0x00007fffc8d50000 - 0x00007fffc8d59000 	C:\WINDOWS\System32\NSI.dll
0x00007fffa5680000 - 0x00007fffa5689000 	C:\Users\tuce_\.vscode\extensions\redhat.java-1.40.0-win32-x64\jre\21.0.6-win32-x86_64\bin\extnet.dll
0x00007fffadab0000 - 0x00007fffadabe000 	C:\Users\tuce_\.vscode\extensions\redhat.java-1.40.0-win32-x64\jre\21.0.6-win32-x86_64\bin\sunmscapi.dll
0x00007fffc71e0000 - 0x00007fffc7346000 	C:\WINDOWS\System32\CRYPT32.dll
0x00007fffc61e0000 - 0x00007fffc620d000 	C:\WINDOWS\SYSTEM32\ncrypt.dll
0x00007fffc61a0000 - 0x00007fffc61d7000 	C:\WINDOWS\SYSTEM32\NTASN1.dll
0x00007fff201e0000 - 0x00007fff201e8000 	C:\WINDOWS\system32\wshunix.dll
0x00007fff8cf60000 - 0x00007fff8cf77000 	C:\WINDOWS\system32\napinsp.dll
0x00007fffa9100000 - 0x00007fffa911b000 	C:\WINDOWS\system32\pnrpnsp.dll
0x00007fffc52d0000 - 0x00007fffc53d2000 	C:\WINDOWS\SYSTEM32\DNSAPI.dll
0x00007fffa9800000 - 0x00007fffa9811000 	C:\WINDOWS\System32\winrnr.dll
0x00007fffbe5d0000 - 0x00007fffbe5e5000 	C:\WINDOWS\system32\wshbth.dll
0x00007fffa97d0000 - 0x00007fffa97f7000 	C:\WINDOWS\system32\nlansp_c.dll
0x00007fffae470000 - 0x00007fffae47a000 	C:\Windows\System32\rasadhlp.dll
0x00007fffbe410000 - 0x00007fffbe493000 	C:\WINDOWS\System32\fwpuclnt.dll
0x00007fffc16a0000 - 0x00007fffc16a7000 	C:\Users\tuce_\.vscode\extensions\redhat.java-1.40.0-win32-x64\jre\21.0.6-win32-x86_64\bin\rmi.dll

dbghelp: loaded successfully - version: 4.0.5 - missing functions: none
symbol engine: initialized successfully - sym options: 0x614 - pdb path: .;C:\Users\tuce_\.vscode\extensions\redhat.java-1.40.0-win32-x64\jre\21.0.6-win32-x86_64\bin;C:\WINDOWS\SYSTEM32;C:\WINDOWS\WinSxS\amd64_microsoft.windows.common-controls_6595b64144ccf1df_6.0.22621.4830_none_270fe7d773858e80;C:\Users\tuce_\.vscode\extensions\redhat.java-1.40.0-win32-x64\jre\21.0.6-win32-x86_64\bin\server;C:\Users\tuce_\.gradle\native\c067742578af261105cb4f569cf0c3c89f3d7b1fecec35dd04571415982c5e48\windows-amd64;C:\Users\tuce_\.gradle\native\100fb08df4bc3b14c8652ba06237920a3bd2aa13389f12d3474272988ae205f9\windows-amd64

VM Arguments:
jvm_args: --add-opens=java.base/java.util=ALL-UNNAMED --add-opens=java.base/java.lang=ALL-UNNAMED --add-opens=java.base/java.lang.invoke=ALL-UNNAMED --add-opens=java.prefs/java.util.prefs=ALL-UNNAMED --add-exports=jdk.compiler/com.sun.tools.javac.api=ALL-UNNAMED --add-exports=jdk.compiler/com.sun.tools.javac.util=ALL-UNNAMED --add-opens=java.base/java.nio.charset=ALL-UNNAMED --add-opens=java.base/java.net=ALL-UNNAMED --add-opens=java.base/java.util.concurrent.atomic=ALL-UNNAMED -Xmx4608m -Dfile.encoding=utf8 -Duser.country=TR -Duser.language=tr -Duser.variant -javaagent:C:\Users\tuce_\.gradle\wrapper\dists\gradle-8.9-bin\90cnw93cvbtalezasaz0blq0a\gradle-8.9\lib\agents\gradle-instrumentation-agent-8.9.jar 
java_command: org.gradle.launcher.daemon.bootstrap.GradleDaemon 8.9
java_class_path (initial): C:\Users\tuce_\.gradle\wrapper\dists\gradle-8.9-bin\90cnw93cvbtalezasaz0blq0a\gradle-8.9\lib\gradle-daemon-main-8.9.jar
Launcher Type: SUN_STANDARD

[Global flags]
     intx CICompilerCount                          = 4                                         {product} {ergonomic}
     uint ConcGCThreads                            = 2                                         {product} {ergonomic}
     uint G1ConcRefinementThreads                  = 8                                         {product} {ergonomic}
   size_t G1HeapRegionSize                         = 4194304                                   {product} {ergonomic}
    uintx GCDrainStackTargetSize                   = 64                                        {product} {ergonomic}
   size_t InitialHeapSize                          = 134217728                                 {product} {ergonomic}
   size_t MarkStackSize                            = 4194304                                   {product} {ergonomic}
   size_t MaxHeapSize                              = 4831838208                                {product} {command line}
   size_t MaxNewSize                               = 2898264064                                {product} {ergonomic}
   size_t MinHeapDeltaBytes                        = 4194304                                   {product} {ergonomic}
   size_t MinHeapSize                              = 8388608                                   {product} {ergonomic}
    uintx NonNMethodCodeHeapSize                   = 5839372                                {pd product} {ergonomic}
    uintx NonProfiledCodeHeapSize                  = 122909434                              {pd product} {ergonomic}
    uintx ProfiledCodeHeapSize                     = 122909434                              {pd product} {ergonomic}
    uintx ReservedCodeCacheSize                    = 251658240                              {pd product} {ergonomic}
     bool SegmentedCodeCache                       = true                                      {product} {ergonomic}
   size_t SoftMaxHeapSize                          = 4831838208                             {manageable} {ergonomic}
     bool UseCompressedOops                        = true                           {product lp64_product} {ergonomic}
     bool UseG1GC                                  = true                                      {product} {ergonomic}
     bool UseLargePagesIndividualAllocation        = false                                  {pd product} {ergonomic}

Logging:
Log output configuration:
 #0: stdout all=warning uptime,level,tags foldmultilines=false
 #1: stderr all=off uptime,level,tags foldmultilines=false

Environment Variables:
JAVA_HOME=C:\Program Files\Java\jdk-17
PATH=C:\WINDOWS\system32;C:\WINDOWS;C:\WINDOWS\System32\Wbem;C:\WINDOWS\System32\WindowsPowerShell\v1.0\;C:\WINDOWS\System32\OpenSSH\;C:\Program Files (x86)\Vector CANdb++ 3.1\Exec32;C:\ProgramData\ComposerSetup\bin;C:\Users\tuce_\AppData\Local\Android\Sdk\platform-tools;C:\Users\tuce_\AppData\Local\Android\Sdk\emulator;C:\Program Files\Git\cmd;C:\Program Files\Java\jdk-17\bin;C:\Users\tuce_\AppData\Local\Android\Sdk\platform-tools;C:\Users\tuce_\AppData\Local\Android\Sdk\tools;C:\firebase;C:\Users\tuce_\AppData\Local\Pub\Cache\bin;C:\gradle;C:\WINDOWS\system32;C:\WINDOWS;C:\WINDOWS\System32\Wbem;C:\WINDOWS\System32\WindowsPowerShell\v1.0\;C:\WINDOWS\System32\OpenSSH\;C:\Program Files (x86)\Vector CANdb++ 3.1\Exec32;C:\ProgramData\ComposerSetup\bin;C:\flutter\engine\src\flutter\tools\android_sdk\platform-tools;C:\flutter\engine\src\flutter\tools\android_sdk\emulator;C:\Users\tuce_\AppData\Local\Microsoft\WindowsApps;C:\Users\tuce_\AppData\Local\Programs\Microsoft VS Code\bin;C:\ProgramData\tuce_\GitHubDesktop\bin;C:\Users\tuce_\Desktop\bin;C:\Users\tuce_\AppData\Roaming\Composer\vendor\bin;C:\xampp\;c:\xampp\apache\bin\;C:\flutter\bin;C:\Program Files\Shell_Check;C:\Users\tuce_\AppData\Local\Android\Sdk\platform-tools;C:\firebase;C:\gradle;
USERNAME=tuce_
OS=Windows_NT
PROCESSOR_IDENTIFIER=Intel64 Family 6 Model 142 Stepping 12, GenuineIntel
TMP=C:\Users\tuce_\AppData\Local\Temp
TEMP=C:\Users\tuce_\AppData\Local\Temp




Periodic native trim disabled

---------------  S Y S T E M  ---------------

OS:
 Windows 11 , 64 bit Build 22621 (10.0.22621.4830)
OS uptime: 1 days 10:36 hours

CPU: total 8 (initial active 8) (4 cores per cpu, 2 threads per core) family 6 model 142 stepping 12 microcode 0xde, cx8, cmov, fxsr, ht, mmx, 3dnowpref, sse, sse2, sse3, ssse3, sse4.1, sse4.2, popcnt, lzcnt, tsc, tscinvbit, avx, avx2, aes, erms, clmul, bmi1, bmi2, adx, fma, vzeroupper, clflush, clflushopt, rdtscp, f16c
Processor Information for the first 8 processors :
  Max Mhz: 2112, Current Mhz: 2112, Mhz Limit: 1605

Memory: 4k page, system-wide physical 8025M (399M free)
TotalPageFile size 23385M (AvailPageFile size 0M)
current process WorkingSet (physical memory assigned to process): 497M, peak: 503M
current process commit charge ("private bytes"): 608M, peak: 610M

vm_info: OpenJDK 64-Bit Server VM (21.0.6+7-LTS) for windows-amd64 JRE (21.0.6+7-LTS), built on 2025-01-21T00:00:00Z by "admin" with MS VC++ 17.7 (VS2022)

END.
