#
# There is insufficient memory for the Java Runtime Environment to continue.
# Native memory allocation (mmap) failed to map 65536 bytes. Error detail: Failed to commit metaspace.
# Possible reasons:
#   The system is out of physical RAM or swap space
#   This process is running with CompressedOops enabled, and the Java Heap may be blocking the growth of the native heap
# Possible solutions:
#   Reduce memory load on the system
#   Increase physical memory or swap space
#   Check if swap backing store is full
#   Decrease Java heap size (-Xmx/-Xms)
#   Decrease Java thread stack sizes (-Xss)
#   Set larger code cache with -XX:ReservedCodeCacheSize=
#   JVM is running with Unscaled Compressed Oops mode in which the Java heap is
#     placed in the first 4GB address space. The Java Heap base address is the
#     maximum limit for the native heap growth. Please use -XX:HeapBaseMinAddress
#     to set the Java Heap base and to place the Java Heap above 4GB virtual address.
# This output file may be truncated or incomplete.
#
#  Out of Memory Error (virtualSpaceNode.cpp:113), pid=24944, tid=24960
#
# JRE version: OpenJDK Runtime Environment Temurin-21.0.6+7 (21.0.6+7) (build 21.0.6+7-LTS)
# Java VM: OpenJDK 64-Bit Server VM Temurin-21.0.6+7 (21.0.6+7-LTS, mixed mode, sharing, tiered, compressed oops, compressed class ptrs, parallel gc, windows-amd64)
# No core dump will be written. Minidumps are not enabled by default on client versions of Windows
#

---------------  S U M M A R Y ------------

Command Line: --add-modules=ALL-SYSTEM --add-opens=java.base/java.util=ALL-UNNAMED --add-opens=java.base/java.lang=ALL-UNNAMED --add-opens=java.base/sun.nio.fs=ALL-UNNAMED -Declipse.application=org.eclipse.jdt.ls.core.id1 -Dosgi.bundles.defaultStartLevel=4 -Declipse.product=org.eclipse.jdt.ls.core.product -Djava.import.generatesMetadataFilesAtProjectRoot=false -DDetectVMInstallationsJob.disabled=true -Dfile.encoding=utf8 -XX:+UseParallelGC -XX:GCTimeRatio=4 -XX:AdaptiveSizePolicyWeight=90 -Dsun.zip.disableMemoryMapping=true -Xmx1G -Xms100m -Xlog:disable -javaagent:c:\Users\tuce_\.vscode\extensions\redhat.java-1.40.0-win32-x64\lombok\lombok-1.18.36.jar -XX:+HeapDumpOnOutOfMemoryError -XX:HeapDumpPath=c:\Users\tuce_\AppData\Roaming\Code\User\workspaceStorage\484ff5f36b375992e07fdcb72f7ec7d4\redhat.java -Daether.dependencyCollector.impl=bf c:\Users\tuce_\.vscode\extensions\redhat.java-1.40.0-win32-x64\server\plugins\org.eclipse.equinox.launcher_1.6.1000.v20250131-0606.jar -configuration c:\Users\tuce_\AppData\Roaming\Code\User\globalStorage\redhat.java\1.40.0\config_win -data c:\Users\tuce_\AppData\Roaming\Code\User\workspaceStorage\484ff5f36b375992e07fdcb72f7ec7d4\redhat.java\jdt_ws --pipe=\\.\pipe\lsp-fb2c7c284a1656a3840e2db64007f8c3-sock

Host: Intel(R) Core(TM) i5-10210U CPU @ 1.60GHz, 8 cores, 7G,  Windows 11 , 64 bit Build 22621 (10.0.22621.4830)
Time: Sun Mar  9 00:04:43 2025 Türkiye Standart Saati elapsed time: 7.237579 seconds (0d 0h 0m 7s)

---------------  T H R E A D  ---------------

Current thread (0x000001c8e94b6760):  JavaThread "C1 CompilerThread0" daemon [_thread_in_vm, id=24960, stack(0x000000b1ef300000,0x000000b1ef400000) (1024K)]


Current CompileTask:
C1:7237 1223       3       java.io.BufferedReader::implReadLine (301 bytes)

Stack: [0x000000b1ef300000,0x000000b1ef400000]
Native frames: (J=compiled Java code, j=interpreted, Vv=VM code, C=native code)
V  [jvm.dll+0x6cdee9]
V  [jvm.dll+0x8a83d1]
V  [jvm.dll+0x8aa8fe]
V  [jvm.dll+0x8aafe3]
V  [jvm.dll+0x27f706]
V  [jvm.dll+0x8a411e]
V  [jvm.dll+0x670385]
V  [jvm.dll+0x6703ea]
V  [jvm.dll+0x672bd2]
V  [jvm.dll+0x672aa2]
V  [jvm.dll+0x670d5e]
V  [jvm.dll+0x68220a]
V  [jvm.dll+0x67b2e2]
V  [jvm.dll+0x1f2570]
V  [jvm.dll+0x1f2758]
V  [jvm.dll+0x152f2e]
V  [jvm.dll+0x153274]
V  [jvm.dll+0x1526a6]
V  [jvm.dll+0x15447d]
V  [jvm.dll+0x25685a]
V  [jvm.dll+0x254dfa]
V  [jvm.dll+0x3f0256]
V  [jvm.dll+0x851f8b]
V  [jvm.dll+0x6cc5ed]
C  [ucrtbase.dll+0x29333]
C  [KERNEL32.DLL+0x1259d]
C  [ntdll.dll+0x5af38]


---------------  P R O C E S S  ---------------

Threads class SMR info:
_java_thread_list=0x000001c8e9777d30, length=11, elements={
0x000001c8d13b58a0, 0x000001c8e7abba10, 0x000001c8e7abd500, 0x000001c8e7abf420,
0x000001c8e7ac0330, 0x000001c8e7ac1240, 0x000001c8e7ac4cb0, 0x000001c8e7ac5ae0,
0x000001c8e94b6760, 0x000001c8e9545a70, 0x000001c8e96b52b0
}

Java Threads: ( => current thread )
  0x000001c8d13b58a0 JavaThread "main"                              [_thread_in_vm, id=9340, stack(0x000000b1ee700000,0x000000b1ee800000) (1024K)]
  0x000001c8e7abba10 JavaThread "Reference Handler"          daemon [_thread_blocked, id=24240, stack(0x000000b1eec00000,0x000000b1eed00000) (1024K)]
  0x000001c8e7abd500 JavaThread "Finalizer"                  daemon [_thread_blocked, id=22992, stack(0x000000b1eed00000,0x000000b1eee00000) (1024K)]
  0x000001c8e7abf420 JavaThread "Signal Dispatcher"          daemon [_thread_blocked, id=20012, stack(0x000000b1eee00000,0x000000b1eef00000) (1024K)]
  0x000001c8e7ac0330 JavaThread "Attach Listener"            daemon [_thread_blocked, id=4076, stack(0x000000b1eef00000,0x000000b1ef000000) (1024K)]
  0x000001c8e7ac1240 JavaThread "Service Thread"             daemon [_thread_blocked, id=12068, stack(0x000000b1ef000000,0x000000b1ef100000) (1024K)]
  0x000001c8e7ac4cb0 JavaThread "Monitor Deflation Thread"   daemon [_thread_blocked, id=7660, stack(0x000000b1ef100000,0x000000b1ef200000) (1024K)]
  0x000001c8e7ac5ae0 JavaThread "C2 CompilerThread0"         daemon [_thread_blocked, id=4920, stack(0x000000b1ef200000,0x000000b1ef300000) (1024K)]
=>0x000001c8e94b6760 JavaThread "C1 CompilerThread0"         daemon [_thread_in_vm, id=24960, stack(0x000000b1ef300000,0x000000b1ef400000) (1024K)]
  0x000001c8e9545a70 JavaThread "Common-Cleaner"             daemon [_thread_blocked, id=20292, stack(0x000000b1ef400000,0x000000b1ef500000) (1024K)]
  0x000001c8e96b52b0 JavaThread "Notification Thread"        daemon [_thread_blocked, id=19428, stack(0x000000b1ef500000,0x000000b1ef600000) (1024K)]
Total: 11

Other Threads:
  0x000001c8e7aa28f0 VMThread "VM Thread"                           [id=11832, stack(0x000000b1eeb00000,0x000000b1eec00000) (1024K)]
  0x000001c8e79dcc40 WatcherThread "VM Periodic Task Thread"        [id=2604, stack(0x000000b1eea00000,0x000000b1eeb00000) (1024K)]
  0x000001c8d372b500 WorkerThread "GC Thread#0"                     [id=22372, stack(0x000000b1ee900000,0x000000b1eea00000) (1024K)]
  0x000001c8ee37f3a0 WorkerThread "GC Thread#1"                     [id=13044, stack(0x000000b1ef600000,0x000000b1ef700000) (1024K)]
  0x000001c8ee2fddd0 WorkerThread "GC Thread#2"                     [id=22508, stack(0x000000b1ef700000,0x000000b1ef800000) (1024K)]
  0x000001c8ee2fe170 WorkerThread "GC Thread#3"                     [id=9732, stack(0x000000b1ef800000,0x000000b1ef900000) (1024K)]
  0x000001c8ee02e270 WorkerThread "GC Thread#4"                     [id=12000, stack(0x000000b1ef900000,0x000000b1efa00000) (1024K)]
  0x000001c8ee02e610 WorkerThread "GC Thread#5"                     [id=20572, stack(0x000000b1efa00000,0x000000b1efb00000) (1024K)]
  0x000001c8ee02e9b0 WorkerThread "GC Thread#6"                     [id=25996, stack(0x000000b1efb00000,0x000000b1efc00000) (1024K)]
Total: 9

Threads with active compile tasks:
C1 CompilerThread0  7263 1223       3       java.io.BufferedReader::implReadLine (301 bytes)
Total: 1

VM state: not at safepoint (normal execution)

VM Mutex/Monitor currently owned by a thread:  ([mutex/lock_event])
[0x00007fff039ec300] Metaspace_lock - owner thread: 0x000001c8e94b6760

Heap address: 0x00000000c0000000, size: 1024 MB, Compressed Oops mode: 32-bit

CDS archive(s) mapped at: [0x000001c880000000-0x000001c880ba0000-0x000001c880ba0000), size 12189696, SharedBaseAddress: 0x000001c880000000, ArchiveRelocationMode: 1.
Compressed class space mapped at: 0x000001c881000000-0x000001c8c1000000, reserved size: 1073741824
Narrow klass base: 0x000001c880000000, Narrow klass shift: 0, Narrow klass range: 0x100000000

GC Precious Log:
 CardTable entry size: 512
 CPUs: 8 total, 8 available
 Memory: 8025M
 Large Page Support: Disabled
 NUMA Support: Disabled
 Compressed Oops: Enabled (32-bit)
 Alignments: Space 512K, Generation 512K, Heap 2M
 Heap Min Capacity: 100M
 Heap Initial Capacity: 100M
 Heap Max Capacity: 1G
 Pre-touch: Disabled
 Parallel Workers: 8

Heap:
 PSYoungGen      total 29696K, used 8417K [0x00000000eab00000, 0x00000000ecc00000, 0x0000000100000000)
  eden space 25600K, 20% used [0x00000000eab00000,0x00000000eb016e18,0x00000000ec400000)
  from space 4096K, 78% used [0x00000000ec400000,0x00000000ec7217f0,0x00000000ec800000)
  to   space 4096K, 0% used [0x00000000ec800000,0x00000000ec800000,0x00000000ecc00000)
 ParOldGen       total 68608K, used 0K [0x00000000c0000000, 0x00000000c4300000, 0x00000000eab00000)
  object space 68608K, 0% used [0x00000000c0000000,0x00000000c0000000,0x00000000c4300000)
 Metaspace       used 5247K, committed 5504K, reserved 1114112K
  class space    used 520K, committed 640K, reserved 1048576K

Card table byte_map: [0x000001c8d30b0000,0x000001c8d32c0000] _byte_map_base: 0x000001c8d2ab0000

Marking Bits: (ParMarkBitMap*) 0x00007fff039f3260
 Begin Bits: [0x000001c8e5900000, 0x000001c8e6900000)
 End Bits:   [0x000001c8e6900000, 0x000001c8e7900000)

Polling page: 0x000001c8d16f0000

Metaspace:

Usage:
  Non-class:      4.62 MB used.
      Class:    520.42 KB used.
       Both:      5.12 MB used.

Virtual space:
  Non-class space:       64.00 MB reserved,       4.75 MB (  7%) committed,  1 nodes.
      Class space:        1.00 GB reserved,     640.00 KB ( <1%) committed,  1 nodes.
             Both:        1.06 GB reserved,       5.38 MB ( <1%) committed. 

Chunk freelists:
   Non-Class:  10.55 MB
       Class:  15.41 MB
        Both:  25.96 MB

MaxMetaspaceSize: unlimited
CompressedClassSpaceSize: 1.00 GB
Initial GC threshold: 21.00 MB
Current GC threshold: 21.00 MB
CDS: on
 - commit_granule_bytes: 65536.
 - commit_granule_words: 8192.
 - virtual_space_node_default_size: 8388608.
 - enlarge_chunks_in_place: 1.
 - use_allocation_guard: 0.


Internal statistics:

num_allocs_failed_limit: 0.
num_arena_births: 148.
num_arena_deaths: 0.
num_vsnodes_births: 2.
num_vsnodes_deaths: 0.
num_space_committed: 86.
num_space_uncommitted: 0.
num_chunks_returned_to_freelist: 0.
num_chunks_taken_from_freelist: 232.
num_chunk_merges: 0.
num_chunk_splits: 157.
num_chunks_enlarged: 107.
num_inconsistent_stats: 0.

CodeHeap 'non-profiled nmethods': size=120000Kb used=443Kb max_used=443Kb free=119556Kb
 bounds [0x000001c8de3d0000, 0x000001c8de640000, 0x000001c8e5900000]
CodeHeap 'profiled nmethods': size=120000Kb used=2067Kb max_used=2067Kb free=117933Kb
 bounds [0x000001c8d6900000, 0x000001c8d6b70000, 0x000001c8dde30000]
CodeHeap 'non-nmethods': size=5760Kb used=1199Kb max_used=1218Kb free=4560Kb
 bounds [0x000001c8dde30000, 0x000001c8de0a0000, 0x000001c8de3d0000]
 total_blobs=1679 nmethods=1216 adapters=370
 compilation: enabled
              stopped_count=0, restarted_count=0
 full_count=0

Compilation events (20 events):
Event: 7.213 Thread 0x000001c8e94b6760 1215       1       org.eclipse.osgi.storage.BundleInfo$Generation::getBundleInfo (5 bytes)
Event: 7.213 Thread 0x000001c8e94b6760 nmethod 1215 0x000001c8de43d790 code [0x000001c8de43d920, 0x000001c8de43d9e8]
Event: 7.213 Thread 0x000001c8e94b6760 1216       3       java.lang.reflect.Constructor::newInstance (34 bytes)
Event: 7.213 Thread 0x000001c8e94b6760 nmethod 1216 0x000001c8d6afbe10 code [0x000001c8d6afbfe0, 0x000001c8d6afc210]
Event: 7.213 Thread 0x000001c8e94b6760 1217   !   3       jdk.internal.reflect.DirectConstructorHandleAccessor::newInstance (130 bytes)
Event: 7.216 Thread 0x000001c8e94b6760 nmethod 1217 0x000001c8d6afc310 code [0x000001c8d6afc800, 0x000001c8d6aff018]
Event: 7.216 Thread 0x000001c8e94b6760 1219   !   3       java.util.zip.ZipFile$Source::readFullyAt (74 bytes)
Event: 7.217 Thread 0x000001c8e7ac5ae0 nmethod 1210 0x000001c8de43da90 code [0x000001c8de43dc60, 0x000001c8de43e240]
Event: 7.217 Thread 0x000001c8e94b6760 nmethod 1219 0x000001c8d6b00390 code [0x000001c8d6b00580, 0x000001c8d6b009c8]
Event: 7.217 Thread 0x000001c8e7ac5ae0 1212       4       java.util.HashMap::get (19 bytes)
Event: 7.217 Thread 0x000001c8e94b6760 1218       3       jdk.internal.reflect.DirectConstructorHandleAccessor::invokeImpl (103 bytes)
Event: 7.218 Thread 0x000001c8e94b6760 nmethod 1218 0x000001c8d6b00c90 code [0x000001c8d6b00fe0, 0x000001c8d6b029d0]
Event: 7.222 Thread 0x000001c8e7ac5ae0 nmethod 1212 0x000001c8de43e510 code [0x000001c8de43e6c0, 0x000001c8de43ea10]
Event: 7.231 Thread 0x000001c8e94b6760 1220       3       java.util.zip.ZipFile$ZipFileInflaterInputStream::fill (80 bytes)
Event: 7.231 Thread 0x000001c8e94b6760 nmethod 1220 0x000001c8d6b03090 code [0x000001c8d6b03280, 0x000001c8d6b03600]
Event: 7.231 Thread 0x000001c8e94b6760 1221   !   3       java.util.zip.ZipFile$ZipFileInputStream::read (135 bytes)
Event: 7.232 Thread 0x000001c8e94b6760 nmethod 1221 0x000001c8d6b03790 code [0x000001c8d6b039c0, 0x000001c8d6b040a0]
Event: 7.232 Thread 0x000001c8e94b6760 1222   !   3       java.util.zip.ZipFile$Source::readAt (39 bytes)
Event: 7.232 Thread 0x000001c8e94b6760 nmethod 1222 0x000001c8d6b04490 code [0x000001c8d6b04660, 0x000001c8d6b04980]
Event: 7.236 Thread 0x000001c8e94b6760 1223       3       java.io.BufferedReader::implReadLine (301 bytes)

GC Heap History (2 events):
Event: 6.723 GC heap before
{Heap before GC invocations=1 (full 0):
 PSYoungGen      total 29696K, used 25600K [0x00000000eab00000, 0x00000000ecc00000, 0x0000000100000000)
  eden space 25600K, 100% used [0x00000000eab00000,0x00000000ec400000,0x00000000ec400000)
  from space 4096K, 0% used [0x00000000ec800000,0x00000000ec800000,0x00000000ecc00000)
  to   space 4096K, 0% used [0x00000000ec400000,0x00000000ec400000,0x00000000ec800000)
 ParOldGen       total 68608K, used 0K [0x00000000c0000000, 0x00000000c4300000, 0x00000000eab00000)
  object space 68608K, 0% used [0x00000000c0000000,0x00000000c0000000,0x00000000c4300000)
 Metaspace       used 4297K, committed 4480K, reserved 1114112K
  class space    used 430K, committed 512K, reserved 1048576K
}
Event: 6.755 GC heap after
{Heap after GC invocations=1 (full 0):
 PSYoungGen      total 29696K, used 3205K [0x00000000eab00000, 0x00000000ecc00000, 0x0000000100000000)
  eden space 25600K, 0% used [0x00000000eab00000,0x00000000eab00000,0x00000000ec400000)
  from space 4096K, 78% used [0x00000000ec400000,0x00000000ec7217f0,0x00000000ec800000)
  to   space 4096K, 0% used [0x00000000ec800000,0x00000000ec800000,0x00000000ecc00000)
 ParOldGen       total 68608K, used 0K [0x00000000c0000000, 0x00000000c4300000, 0x00000000eab00000)
  object space 68608K, 0% used [0x00000000c0000000,0x00000000c0000000,0x00000000c4300000)
 Metaspace       used 4297K, committed 4480K, reserved 1114112K
  class space    used 430K, committed 512K, reserved 1048576K
}

Dll operation events (8 events):
Event: 0.014 Loaded shared library c:\Users\tuce_\.vscode\extensions\redhat.java-1.40.0-win32-x64\jre\21.0.6-win32-x86_64\bin\java.dll
Event: 0.191 Loaded shared library c:\Users\tuce_\.vscode\extensions\redhat.java-1.40.0-win32-x64\jre\21.0.6-win32-x86_64\bin\zip.dll
Event: 1.403 Loaded shared library C:\Users\tuce_\.vscode\extensions\redhat.java-1.40.0-win32-x64\jre\21.0.6-win32-x86_64\bin\instrument.dll
Event: 1.432 Loaded shared library C:\Users\tuce_\.vscode\extensions\redhat.java-1.40.0-win32-x64\jre\21.0.6-win32-x86_64\bin\net.dll
Event: 1.436 Loaded shared library C:\Users\tuce_\.vscode\extensions\redhat.java-1.40.0-win32-x64\jre\21.0.6-win32-x86_64\bin\nio.dll
Event: 1.444 Loaded shared library C:\Users\tuce_\.vscode\extensions\redhat.java-1.40.0-win32-x64\jre\21.0.6-win32-x86_64\bin\zip.dll
Event: 1.548 Loaded shared library C:\Users\tuce_\.vscode\extensions\redhat.java-1.40.0-win32-x64\jre\21.0.6-win32-x86_64\bin\jimage.dll
Event: 2.294 Loaded shared library c:\Users\tuce_\.vscode\extensions\redhat.java-1.40.0-win32-x64\jre\21.0.6-win32-x86_64\bin\verify.dll

Deoptimization events (20 events):
Event: 6.757 Thread 0x000001c8d13b58a0 Uncommon trap: trap_request=0xffffff45 fr.pc=0x000001c8de42e9d4 relative=0x0000000000000294
Event: 6.757 Thread 0x000001c8d13b58a0 Uncommon trap: reason=unstable_if action=reinterpret pc=0x000001c8de42e9d4 method=java.util.HashMap.hash(Ljava/lang/Object;)I @ 1 c2
Event: 6.757 Thread 0x000001c8d13b58a0 DEOPT PACKING pc=0x000001c8de42e9d4 sp=0x000000b1ee7febd0
Event: 6.757 Thread 0x000001c8d13b58a0 DEOPT UNPACKING pc=0x000001c8dde83aa2 sp=0x000000b1ee7feac8 mode 2
Event: 6.760 Thread 0x000001c8d13b58a0 Uncommon trap: trap_request=0xffffff45 fr.pc=0x000001c8de41b1d4 relative=0x00000000000000b4
Event: 6.760 Thread 0x000001c8d13b58a0 Uncommon trap: reason=unstable_if action=reinterpret pc=0x000001c8de41b1d4 method=java.util.HashMap.hash(Ljava/lang/Object;)I @ 1 c2
Event: 6.760 Thread 0x000001c8d13b58a0 DEOPT PACKING pc=0x000001c8de41b1d4 sp=0x000000b1ee7feb40
Event: 6.760 Thread 0x000001c8d13b58a0 DEOPT UNPACKING pc=0x000001c8dde83aa2 sp=0x000000b1ee7fead8 mode 2
Event: 6.760 Thread 0x000001c8d13b58a0 Uncommon trap: trap_request=0xffffffde fr.pc=0x000001c8de4116bc relative=0x000000000000059c
Event: 6.760 Thread 0x000001c8d13b58a0 Uncommon trap: reason=class_check action=maybe_recompile pc=0x000001c8de4116bc method=java.util.Collections$UnmodifiableCollection$1.<init>(Ljava/util/Collections$UnmodifiableCollection;)V @ 17 c2
Event: 6.760 Thread 0x000001c8d13b58a0 DEOPT PACKING pc=0x000001c8de4116bc sp=0x000000b1ee7fec60
Event: 6.760 Thread 0x000001c8d13b58a0 DEOPT UNPACKING pc=0x000001c8dde83aa2 sp=0x000000b1ee7feba8 mode 2
Event: 6.924 Thread 0x000001c8d13b58a0 Uncommon trap: trap_request=0xffffffde fr.pc=0x000001c8de42d2fc relative=0x0000000000000a7c
Event: 6.924 Thread 0x000001c8d13b58a0 Uncommon trap: reason=class_check action=maybe_recompile pc=0x000001c8de42d2fc method=java.util.HashMap.putVal(ILjava/lang/Object;Ljava/lang/Object;ZZ)Ljava/lang/Object; @ 253 c2
Event: 6.924 Thread 0x000001c8d13b58a0 DEOPT PACKING pc=0x000001c8de42d2fc sp=0x000000b1ee7fd2b0
Event: 6.924 Thread 0x000001c8d13b58a0 DEOPT UNPACKING pc=0x000001c8dde83aa2 sp=0x000000b1ee7fd270 mode 2
Event: 7.167 Thread 0x000001c8d13b58a0 Uncommon trap: trap_request=0xffffff45 fr.pc=0x000001c8de410188 relative=0x00000000000001a8
Event: 7.167 Thread 0x000001c8d13b58a0 Uncommon trap: reason=unstable_if action=reinterpret pc=0x000001c8de410188 method=java.lang.invoke.VarHandle.checkAccessModeThenIsDirect(Ljava/lang/invoke/VarHandle$AccessDescriptor;)Z @ 4 c2
Event: 7.167 Thread 0x000001c8d13b58a0 DEOPT PACKING pc=0x000001c8de410188 sp=0x000000b1ee7fec00
Event: 7.167 Thread 0x000001c8d13b58a0 DEOPT UNPACKING pc=0x000001c8dde83aa2 sp=0x000000b1ee7feb38 mode 2

Classes loaded (20 events):
Event: 7.072 Loading class sun/nio/ch/NativeThread
Event: 7.072 Loading class sun/nio/ch/NativeThread done
Event: 7.072 Loading class sun/nio/ch/FileLockTable
Event: 7.074 Loading class sun/nio/ch/FileLockTable done
Event: 7.074 Loading class sun/nio/ch/FileKey
Event: 7.075 Loading class sun/nio/ch/FileKey done
Event: 7.075 Loading class sun/nio/ch/FileLockTable$FileLockReference
Event: 7.075 Loading class sun/nio/ch/FileLockTable$FileLockReference done
Event: 7.078 Loading class java/util/function/IntUnaryOperator
Event: 7.079 Loading class java/util/function/IntUnaryOperator done
Event: 7.080 Loading class java/io/DeleteOnExitHook
Event: 7.080 Loading class java/io/DeleteOnExitHook done
Event: 7.080 Loading class java/io/DeleteOnExitHook$1
Event: 7.080 Loading class java/io/DeleteOnExitHook$1 done
Event: 7.082 Loading class java/util/ComparableTimSort
Event: 7.082 Loading class java/util/ComparableTimSort done
Event: 7.211 Loading class java/lang/invoke/DirectMethodHandle$Special
Event: 7.211 Loading class java/lang/invoke/DirectMethodHandle$Special done
Event: 7.233 Loading class java/security/AllPermissionCollection
Event: 7.233 Loading class java/security/AllPermissionCollection done

Classes unloaded (0 events):
No events

Classes redefined (0 events):
No events

Internal exceptions (20 events):
Event: 6.167 Thread 0x000001c8d13b58a0 Exception <a 'java/lang/NoSuchMethodError'{0x00000000ebe58fd8}: 'java.lang.ClassLoader java.lang.ClassLoader.getPlatformClassLoader(java.lang.Class)'> (0x00000000ebe58fd8) 
thrown [s\src\hotspot\share\interpreter\linkResolver.cpp, line 773]
Event: 6.482 Thread 0x000001c8d13b58a0 Exception <a 'java/lang/ClassNotFoundException'{0x00000000ec2afb30}: sun/net/www/protocol/c/Handler> (0x00000000ec2afb30) 
thrown [s\src\hotspot\share\classfile\systemDictionary.cpp, line 312]
Event: 6.483 Thread 0x000001c8d13b58a0 Exception <a 'java/lang/ClassNotFoundException'{0x00000000ec2b0eb8}: sun/net/www/protocol/c/Handler> (0x00000000ec2b0eb8) 
thrown [s\src\hotspot\share\classfile\systemDictionary.cpp, line 312]
Event: 6.483 Thread 0x000001c8d13b58a0 Exception <a 'java/lang/ClassNotFoundException'{0x00000000ec2b2078}: sun/net/www/protocol/c/Handler> (0x00000000ec2b2078) 
thrown [s\src\hotspot\share\classfile\systemDictionary.cpp, line 312]
Event: 6.552 Thread 0x000001c8d13b58a0 Exception <a 'java/io/FileNotFoundException'{0x00000000ec2d92f0}> (0x00000000ec2d92f0) 
thrown [s\src\hotspot\share\prims\jni.cpp, line 520]
Event: 6.756 Thread 0x000001c8d13b58a0 Implicit null exception at 0x000001c8de42ee66 to 0x000001c8de42ef12
Event: 6.757 Thread 0x000001c8d13b58a0 Implicit null exception at 0x000001c8de42e7a0 to 0x000001c8de42e9bc
Event: 6.758 Thread 0x000001c8d13b58a0 Exception <a 'java/lang/NoSuchMethodError'{0x00000000eab04620}: 'void java.lang.invoke.DirectMethodHandle$Holder.invokeStatic(java.lang.Object, java.lang.Object, java.lang.Object, java.lang.Object)'> (0x00000000eab04620) 
thrown [s\src\hotspot\share\interpreter\linkResolver.cpp, line 773]
Event: 6.760 Thread 0x000001c8d13b58a0 Implicit null exception at 0x000001c8de41b140 to 0x000001c8de41b1c5
Event: 6.933 Thread 0x000001c8d13b58a0 Exception <a 'java/lang/NoSuchMethodError'{0x00000000ead84bf8}: 'long java.lang.invoke.DirectMethodHandle$Holder.invokeStatic(java.lang.Object, java.lang.Object, int)'> (0x00000000ead84bf8) 
thrown [s\src\hotspot\share\interpreter\linkResolver.cpp, line 773]
Event: 6.935 Thread 0x000001c8d13b58a0 Exception <a 'java/lang/NoSuchMethodError'{0x00000000ead8c760}: 'java.lang.Object java.lang.invoke.DirectMethodHandle$Holder.invokeSpecial(java.lang.Object, java.lang.Object, java.lang.Object, java.lang.Object, long)'> (0x00000000ead8c760) 
thrown [s\src\hotspot\share\interpreter\linkResolver.cpp, line 773]
Event: 6.941 Thread 0x000001c8d13b58a0 Exception <a 'java/lang/NoSuchMethodError'{0x00000000ead9a3e0}: 'java.lang.Object java.lang.invoke.DirectMethodHandle$Holder.invokeSpecial(java.lang.Object, java.lang.Object, java.lang.Object, int, java.lang.Object)'> (0x00000000ead9a3e0) 
thrown [s\src\hotspot\share\interpreter\linkResolver.cpp, line 773]
Event: 6.950 Thread 0x000001c8d13b58a0 Exception <a 'java/lang/NoSuchMethodError'{0x00000000eadb40a8}: 'java.lang.Object java.lang.invoke.Invokers$Holder.invokeExact_MT(java.lang.Object, java.lang.Object, java.lang.Object, java.lang.Object, java.lang.Object, java.lang.Object)'> (0x00000000eadb40a8) 
thrown [s\src\hotspot\share\interpreter\linkResolver.cpp, line 773]
Event: 6.959 Thread 0x000001c8d13b58a0 Exception <a 'java/lang/NoSuchMethodError'{0x00000000eadcd960}: 'int java.lang.invoke.DirectMethodHandle$Holder.invokeStaticInit(java.lang.Object, java.lang.Object, java.lang.Object, java.lang.Object)'> (0x00000000eadcd960) 
thrown [s\src\hotspot\share\interpreter\linkResolver.cpp, line 773]
Event: 6.965 Thread 0x000001c8d13b58a0 Exception <a 'java/lang/NoSuchMethodError'{0x00000000eadd63b0}: 'java.lang.Object java.lang.invoke.DirectMethodHandle$Holder.invokeInterface(java.lang.Object, java.lang.Object)'> (0x00000000eadd63b0) 
thrown [s\src\hotspot\share\interpreter\linkResolver.cpp, line 773]
Event: 6.966 Thread 0x000001c8d13b58a0 Exception <a 'java/lang/IncompatibleClassChangeError'{0x00000000eadd98e8}: Found class java.lang.Object, but interface was expected> (0x00000000eadd98e8) 
thrown [s\src\hotspot\share\interpreter\linkResolver.cpp, line 840]
Event: 6.969 Thread 0x000001c8d13b58a0 Exception <a 'java/lang/NoSuchMethodError'{0x00000000eadddaa0}: 'void java.lang.invoke.DirectMethodHandle$Holder.invokeStatic(java.lang.Object, java.lang.Object)'> (0x00000000eadddaa0) 
thrown [s\src\hotspot\share\interpreter\linkResolver.cpp, line 773]
Event: 6.969 Thread 0x000001c8d13b58a0 Exception <a 'java/lang/NoSuchMethodError'{0x00000000eade0e48}: 'void java.lang.invoke.DirectMethodHandle$Holder.invokeStaticInit(java.lang.Object, java.lang.Object)'> (0x00000000eade0e48) 
thrown [s\src\hotspot\share\interpreter\linkResolver.cpp, line 773]
Event: 6.971 Thread 0x000001c8d13b58a0 Exception <a 'java/lang/NoSuchMethodError'{0x00000000eade7e48}: 'int java.lang.invoke.DirectMethodHandle$Holder.invokeStaticInit(java.lang.Object, java.lang.Object)'> (0x00000000eade7e48) 
thrown [s\src\hotspot\share\interpreter\linkResolver.cpp, line 773]
Event: 7.211 Thread 0x000001c8d13b58a0 Exception <a 'java/lang/NoSuchMethodError'{0x00000000eaf492a0}: 'void java.lang.invoke.DirectMethodHandle$Holder.invokeSpecial(java.lang.Object, java.lang.Object, java.lang.Object)'> (0x00000000eaf492a0) 
thrown [s\src\hotspot\share\interpreter\linkResolver.cpp, line 773]

ZGC Phase Switch (0 events):
No events

VM Operations (20 events):
Event: 0.820 Executing VM operation: HandshakeAllThreads (Deoptimize)
Event: 0.820 Executing VM operation: HandshakeAllThreads (Deoptimize) done
Event: 1.637 Executing VM operation: HandshakeAllThreads (Deoptimize)
Event: 1.637 Executing VM operation: HandshakeAllThreads (Deoptimize) done
Event: 1.637 Executing VM operation: Cleanup
Event: 1.637 Executing VM operation: Cleanup done
Event: 2.644 Executing VM operation: Cleanup
Event: 2.644 Executing VM operation: Cleanup done
Event: 3.656 Executing VM operation: Cleanup
Event: 3.656 Executing VM operation: Cleanup done
Event: 4.663 Executing VM operation: Cleanup
Event: 4.664 Executing VM operation: Cleanup done
Event: 5.349 Executing VM operation: HandshakeAllThreads (Deoptimize)
Event: 5.349 Executing VM operation: HandshakeAllThreads (Deoptimize) done
Event: 5.398 Executing VM operation: HandshakeAllThreads (Deoptimize)
Event: 5.398 Executing VM operation: HandshakeAllThreads (Deoptimize) done
Event: 6.407 Executing VM operation: Cleanup
Event: 6.426 Executing VM operation: Cleanup done
Event: 6.723 Executing VM operation: ParallelGCFailedAllocation (Allocation Failure)
Event: 6.755 Executing VM operation: ParallelGCFailedAllocation (Allocation Failure) done

Memory protections (0 events):
No events

Nmethod flushes (0 events):
No events

Events (11 events):
Event: 0.041 Thread 0x000001c8d13b58a0 Thread added: 0x000001c8d13b58a0
Event: 0.208 Thread 0x000001c8d13b58a0 Thread added: 0x000001c8e7abba10
Event: 0.208 Thread 0x000001c8d13b58a0 Thread added: 0x000001c8e7abd500
Event: 0.209 Thread 0x000001c8d13b58a0 Thread added: 0x000001c8e7abf420
Event: 0.209 Thread 0x000001c8d13b58a0 Thread added: 0x000001c8e7ac0330
Event: 0.209 Thread 0x000001c8d13b58a0 Thread added: 0x000001c8e7ac1240
Event: 0.209 Thread 0x000001c8d13b58a0 Thread added: 0x000001c8e7ac4cb0
Event: 0.209 Thread 0x000001c8d13b58a0 Thread added: 0x000001c8e7ac5ae0
Event: 0.234 Thread 0x000001c8d13b58a0 Thread added: 0x000001c8e94b6760
Event: 0.704 Thread 0x000001c8d13b58a0 Thread added: 0x000001c8e9545a70
Event: 3.888 Thread 0x000001c8d13b58a0 Thread added: 0x000001c8e96b52b0


Dynamic libraries:
0x00007ff752560000 - 0x00007ff75256e000 	c:\Users\tuce_\.vscode\extensions\redhat.java-1.40.0-win32-x64\jre\21.0.6-win32-x86_64\bin\java.exe
0x00007fffc9d90000 - 0x00007fffc9fa7000 	C:\WINDOWS\SYSTEM32\ntdll.dll
0x00007fffc8070000 - 0x00007fffc8134000 	C:\WINDOWS\System32\KERNEL32.DLL
0x00007fffc7600000 - 0x00007fffc79d0000 	C:\WINDOWS\System32\KERNELBASE.dll
0x00007fffc74e0000 - 0x00007fffc75f1000 	C:\WINDOWS\System32\ucrtbase.dll
0x00007fff949d0000 - 0x00007fff949e8000 	c:\Users\tuce_\.vscode\extensions\redhat.java-1.40.0-win32-x64\jre\21.0.6-win32-x86_64\bin\jli.dll
0x00007fffc7a80000 - 0x00007fffc7c2e000 	C:\WINDOWS\System32\USER32.dll
0x00007fffc74b0000 - 0x00007fffc74d6000 	C:\WINDOWS\System32\win32u.dll
0x00007fffc9790000 - 0x00007fffc97b9000 	C:\WINDOWS\System32\GDI32.dll
0x00007fffc7040000 - 0x00007fffc715b000 	C:\WINDOWS\System32\gdi32full.dll
0x00007fffc7350000 - 0x00007fffc73ea000 	C:\WINDOWS\System32\msvcp_win.dll
0x00007fffa32f0000 - 0x00007fffa330e000 	c:\Users\tuce_\.vscode\extensions\redhat.java-1.40.0-win32-x64\jre\21.0.6-win32-x86_64\bin\VCRUNTIME140.dll
0x00007fffc6300000 - 0x00007fffc6592000 	C:\WINDOWS\WinSxS\amd64_microsoft.windows.common-controls_6595b64144ccf1df_6.0.22621.4830_none_270fe7d773858e80\COMCTL32.dll
0x00007fffc7c30000 - 0x00007fffc7cd7000 	C:\WINDOWS\System32\msvcrt.dll
0x00007fffc9c90000 - 0x00007fffc9cc1000 	C:\WINDOWS\System32\IMM32.DLL
0x00007fffc1660000 - 0x00007fffc166c000 	c:\Users\tuce_\.vscode\extensions\redhat.java-1.40.0-win32-x64\jre\21.0.6-win32-x86_64\bin\vcruntime140_1.dll
0x00007fff85040000 - 0x00007fff850cd000 	c:\Users\tuce_\.vscode\extensions\redhat.java-1.40.0-win32-x64\jre\21.0.6-win32-x86_64\bin\msvcp140.dll
0x00007fff02d40000 - 0x00007fff03ad0000 	c:\Users\tuce_\.vscode\extensions\redhat.java-1.40.0-win32-x64\jre\21.0.6-win32-x86_64\bin\server\jvm.dll
0x00007fffc97c0000 - 0x00007fffc9871000 	C:\WINDOWS\System32\ADVAPI32.dll
0x00007fffc8e50000 - 0x00007fffc8ef7000 	C:\WINDOWS\System32\sechost.dll
0x00007fffc79d0000 - 0x00007fffc79f8000 	C:\WINDOWS\System32\bcrypt.dll
0x00007fffc9880000 - 0x00007fffc9994000 	C:\WINDOWS\System32\RPCRT4.dll
0x00007fffc8c60000 - 0x00007fffc8cd1000 	C:\WINDOWS\System32\WS2_32.dll
0x00007fffc6f10000 - 0x00007fffc6f5d000 	C:\WINDOWS\SYSTEM32\POWRPROF.dll
0x00007fffc1b90000 - 0x00007fffc1bc4000 	C:\WINDOWS\SYSTEM32\WINMM.dll
0x00007fffbe200000 - 0x00007fffbe20a000 	C:\WINDOWS\SYSTEM32\VERSION.dll
0x00007fffc6ef0000 - 0x00007fffc6f03000 	C:\WINDOWS\SYSTEM32\UMPDC.dll
0x00007fffc57a0000 - 0x00007fffc57b8000 	C:\WINDOWS\SYSTEM32\kernel.appcore.dll
0x00007fffad7c0000 - 0x00007fffad7ca000 	c:\Users\tuce_\.vscode\extensions\redhat.java-1.40.0-win32-x64\jre\21.0.6-win32-x86_64\bin\jimage.dll
0x00007fffc68b0000 - 0x00007fffc6ae2000 	C:\WINDOWS\SYSTEM32\DBGHELP.DLL
0x00007fffc7ce0000 - 0x00007fffc8070000 	C:\WINDOWS\System32\combase.dll
0x00007fffc83d0000 - 0x00007fffc84a7000 	C:\WINDOWS\System32\OLEAUT32.dll
0x00007fffc6780000 - 0x00007fffc67b2000 	C:\WINDOWS\SYSTEM32\dbgcore.DLL
0x00007fffc7160000 - 0x00007fffc71db000 	C:\WINDOWS\System32\bcryptPrimitives.dll
0x00007fffbd9e0000 - 0x00007fffbd9ef000 	c:\Users\tuce_\.vscode\extensions\redhat.java-1.40.0-win32-x64\jre\21.0.6-win32-x86_64\bin\instrument.dll
0x00007fff94150000 - 0x00007fff9416f000 	c:\Users\tuce_\.vscode\extensions\redhat.java-1.40.0-win32-x64\jre\21.0.6-win32-x86_64\bin\java.dll
0x00007fffc8f10000 - 0x00007fffc9788000 	C:\WINDOWS\System32\SHELL32.dll
0x00007fffc46f0000 - 0x00007fffc5000000 	C:\WINDOWS\SYSTEM32\windows.storage.dll
0x00007fffc45b0000 - 0x00007fffc46ef000 	C:\WINDOWS\SYSTEM32\wintypes.dll
0x00007fffc8b50000 - 0x00007fffc8c5a000 	C:\WINDOWS\System32\SHCORE.dll
0x00007fffc9b60000 - 0x00007fffc9bbe000 	C:\WINDOWS\System32\shlwapi.dll
0x00007fffc6f70000 - 0x00007fffc6f9b000 	C:\WINDOWS\SYSTEM32\profapi.dll
0x00007fff94130000 - 0x00007fff94148000 	c:\Users\tuce_\.vscode\extensions\redhat.java-1.40.0-win32-x64\jre\21.0.6-win32-x86_64\bin\zip.dll
0x00007fffad7a0000 - 0x00007fffad7b0000 	C:\Users\tuce_\.vscode\extensions\redhat.java-1.40.0-win32-x64\jre\21.0.6-win32-x86_64\bin\net.dll
0x00007fffbef60000 - 0x00007fffbf08c000 	C:\WINDOWS\SYSTEM32\WINHTTP.dll
0x00007fffc5bd0000 - 0x00007fffc5c3a000 	C:\WINDOWS\system32\mswsock.dll
0x00007fff940e0000 - 0x00007fff940f6000 	C:\Users\tuce_\.vscode\extensions\redhat.java-1.40.0-win32-x64\jre\21.0.6-win32-x86_64\bin\nio.dll
0x00007fffa70d0000 - 0x00007fffa70e0000 	c:\Users\tuce_\.vscode\extensions\redhat.java-1.40.0-win32-x64\jre\21.0.6-win32-x86_64\bin\verify.dll

dbghelp: loaded successfully - version: 4.0.5 - missing functions: none
symbol engine: initialized successfully - sym options: 0x614 - pdb path: .;c:\Users\tuce_\.vscode\extensions\redhat.java-1.40.0-win32-x64\jre\21.0.6-win32-x86_64\bin;C:\WINDOWS\SYSTEM32;C:\WINDOWS\WinSxS\amd64_microsoft.windows.common-controls_6595b64144ccf1df_6.0.22621.4830_none_270fe7d773858e80;c:\Users\tuce_\.vscode\extensions\redhat.java-1.40.0-win32-x64\jre\21.0.6-win32-x86_64\bin\server

VM Arguments:
jvm_args: --add-modules=ALL-SYSTEM --add-opens=java.base/java.util=ALL-UNNAMED --add-opens=java.base/java.lang=ALL-UNNAMED --add-opens=java.base/sun.nio.fs=ALL-UNNAMED -Declipse.application=org.eclipse.jdt.ls.core.id1 -Dosgi.bundles.defaultStartLevel=4 -Declipse.product=org.eclipse.jdt.ls.core.product -Djava.import.generatesMetadataFilesAtProjectRoot=false -DDetectVMInstallationsJob.disabled=true -Dfile.encoding=utf8 -XX:+UseParallelGC -XX:GCTimeRatio=4 -XX:AdaptiveSizePolicyWeight=90 -Dsun.zip.disableMemoryMapping=true -Xmx1G -Xms100m -Xlog:disable -javaagent:c:\Users\tuce_\.vscode\extensions\redhat.java-1.40.0-win32-x64\lombok\lombok-1.18.36.jar -XX:+HeapDumpOnOutOfMemoryError -XX:HeapDumpPath=c:\Users\tuce_\AppData\Roaming\Code\User\workspaceStorage\484ff5f36b375992e07fdcb72f7ec7d4\redhat.java -Daether.dependencyCollector.impl=bf 
java_command: c:\Users\tuce_\.vscode\extensions\redhat.java-1.40.0-win32-x64\server\plugins\org.eclipse.equinox.launcher_1.6.1000.v20250131-0606.jar -configuration c:\Users\tuce_\AppData\Roaming\Code\User\globalStorage\redhat.java\1.40.0\config_win -data c:\Users\tuce_\AppData\Roaming\Code\User\workspaceStorage\484ff5f36b375992e07fdcb72f7ec7d4\redhat.java\jdt_ws --pipe=\\.\pipe\lsp-fb2c7c284a1656a3840e2db64007f8c3-sock
java_class_path (initial): c:\Users\tuce_\.vscode\extensions\redhat.java-1.40.0-win32-x64\server\plugins\org.eclipse.equinox.launcher_1.6.1000.v20250131-0606.jar
Launcher Type: SUN_STANDARD

[Global flags]
    uintx AdaptiveSizePolicyWeight                 = 90                                        {product} {command line}
     intx CICompilerCount                          = 4                                         {product} {ergonomic}
    uintx GCTimeRatio                              = 4                                         {product} {command line}
     bool HeapDumpOnOutOfMemoryError               = true                                   {manageable} {command line}
    ccstr HeapDumpPath                             = c:\Users\tuce_\AppData\Roaming\Code\User\workspaceStorage\484ff5f36b375992e07fdcb72f7ec7d4\redhat.java         {manageable} {command line}
   size_t InitialHeapSize                          = 104857600                                 {product} {command line}
   size_t MaxHeapSize                              = 1073741824                                {product} {command line}
   size_t MaxNewSize                               = 357564416                                 {product} {ergonomic}
   size_t MinHeapDeltaBytes                        = 524288                                    {product} {ergonomic}
   size_t MinHeapSize                              = 104857600                                 {product} {command line}
   size_t NewSize                                  = 34603008                                  {product} {ergonomic}
    uintx NonNMethodCodeHeapSize                   = 5839372                                {pd product} {ergonomic}
    uintx NonProfiledCodeHeapSize                  = 122909434                              {pd product} {ergonomic}
   size_t OldSize                                  = 70254592                                  {product} {ergonomic}
    uintx ProfiledCodeHeapSize                     = 122909434                              {pd product} {ergonomic}
    uintx ReservedCodeCacheSize                    = 251658240                              {pd product} {ergonomic}
     bool SegmentedCodeCache                       = true                                      {product} {ergonomic}
   size_t SoftMaxHeapSize                          = 1073741824                             {manageable} {ergonomic}
     bool UseCompressedOops                        = true                           {product lp64_product} {ergonomic}
     bool UseLargePagesIndividualAllocation        = false                                  {pd product} {ergonomic}
     bool UseParallelGC                            = true                                      {product} {command line}

Logging:
Log output configuration:
 #0: stdout all=off uptime,level,tags foldmultilines=false
 #1: stderr all=off uptime,level,tags foldmultilines=false

Environment Variables:
JAVA_HOME=C:\Program Files\Java\jdk-17
PATH=C:\WINDOWS\system32;C:\WINDOWS;C:\WINDOWS\System32\Wbem;C:\WINDOWS\System32\WindowsPowerShell\v1.0\;C:\WINDOWS\System32\OpenSSH\;C:\Program Files (x86)\Vector CANdb++ 3.1\Exec32;C:\ProgramData\ComposerSetup\bin;C:\Users\tuce_\AppData\Local\Android\Sdk\platform-tools;C:\Users\tuce_\AppData\Local\Android\Sdk\emulator;C:\Program Files\Git\cmd;C:\Program Files\Java\jdk-17\bin;C:\Users\tuce_\AppData\Local\Android\Sdk\platform-tools;C:\Users\tuce_\AppData\Local\Android\Sdk\tools;C:\firebase;C:\Users\tuce_\AppData\Local\Pub\Cache\bin;C:\gradle;C:\WINDOWS\system32;C:\WINDOWS;C:\WINDOWS\System32\Wbem;C:\WINDOWS\System32\WindowsPowerShell\v1.0\;C:\WINDOWS\System32\OpenSSH\;C:\Program Files (x86)\Vector CANdb++ 3.1\Exec32;C:\ProgramData\ComposerSetup\bin;C:\flutter\engine\src\flutter\tools\android_sdk\platform-tools;C:\flutter\engine\src\flutter\tools\android_sdk\emulator;C:\Users\tuce_\AppData\Local\Microsoft\WindowsApps;C:\Users\tuce_\AppData\Local\Programs\Microsoft VS Code\bin;C:\ProgramData\tuce_\GitHubDesktop\bin;C:\Users\tuce_\Desktop\bin;C:\Users\tuce_\AppData\Roaming\Composer\vendor\bin;C:\xampp\;c:\xampp\apache\bin\;C:\flutter\bin;C:\Program Files\Shell_Check;C:\Users\tuce_\AppData\Local\Android\Sdk\platform-tools;C:\firebase;C:\gradle;
USERNAME=tuce_
OS=Windows_NT
PROCESSOR_IDENTIFIER=Intel64 Family 6 Model 142 Stepping 12, GenuineIntel
TMP=C:\Users\tuce_\AppData\Local\Temp
TEMP=C:\Users\tuce_\AppData\Local\Temp




Periodic native trim disabled

---------------  S Y S T E M  ---------------

OS:
 Windows 11 , 64 bit Build 22621 (10.0.22621.4830)
OS uptime: 1 days 10:41 hours

CPU: total 8 (initial active 8) (4 cores per cpu, 2 threads per core) family 6 model 142 stepping 12 microcode 0xde, cx8, cmov, fxsr, ht, mmx, 3dnowpref, sse, sse2, sse3, ssse3, sse4.1, sse4.2, popcnt, lzcnt, tsc, tscinvbit, avx, avx2, aes, erms, clmul, bmi1, bmi2, adx, fma, vzeroupper, clflush, clflushopt, rdtscp, f16c
Processor Information for the first 8 processors :
  Max Mhz: 2112, Current Mhz: 2112, Mhz Limit: 1605

Memory: 4k page, system-wide physical 8025M (264M free)
TotalPageFile size 23385M (AvailPageFile size 1M)
current process WorkingSet (physical memory assigned to process): 79M, peak: 79M
current process commit charge ("private bytes"): 199M, peak: 199M

vm_info: OpenJDK 64-Bit Server VM (21.0.6+7-LTS) for windows-amd64 JRE (21.0.6+7-LTS), built on 2025-01-21T00:00:00Z by "admin" with MS VC++ 17.7 (VS2022)

END.
