#
# There is insufficient memory for the Java Runtime Environment to continue.
# Native memory allocation (malloc) failed to allocate 1118896 bytes. Error detail: Chunk::new
# Possible reasons:
#   The system is out of physical RAM or swap space
#   This process is running with CompressedOops enabled, and the Java Heap may be blocking the growth of the native heap
# Possible solutions:
#   Reduce memory load on the system
#   Increase physical memory or swap space
#   Check if swap backing store is full
#   Decrease Java heap size (-Xmx/-Xms)
#   Decrease number of Java threads
#   Decrease Java thread stack sizes (-Xss)
#   Set larger code cache with -XX:ReservedCodeCacheSize=
#   JVM is running with Zero Based Compressed Oops mode in which the Java heap is
#     placed in the first 32GB address space. The Java Heap base address is the
#     maximum limit for the native heap growth. Please use -XX:HeapBaseMinAddress
#     to set the Java Heap base and to place the Java Heap above 32GB virtual address.
# This output file may be truncated or incomplete.
#
#  Out of Memory Error (arena.cpp:168), pid=20504, tid=12116
#
# JRE version: OpenJDK Runtime Environment Temurin-21.0.6+7 (21.0.6+7) (build 21.0.6+7-LTS)
# Java VM: OpenJDK 64-Bit Server VM Temurin-21.0.6+7 (21.0.6+7-LTS, mixed mode, sharing, tiered, compressed oops, compressed class ptrs, g1 gc, windows-amd64)
# No core dump will be written. Minidumps are not enabled by default on client versions of Windows
#

---------------  S U M M A R Y ------------

Command Line: --add-opens=java.base/java.util=ALL-UNNAMED --add-opens=java.base/java.lang=ALL-UNNAMED --add-opens=java.base/java.lang.invoke=ALL-UNNAMED --add-opens=java.prefs/java.util.prefs=ALL-UNNAMED --add-exports=jdk.compiler/com.sun.tools.javac.api=ALL-UNNAMED --add-exports=jdk.compiler/com.sun.tools.javac.util=ALL-UNNAMED --add-opens=java.base/java.nio.charset=ALL-UNNAMED --add-opens=java.base/java.net=ALL-UNNAMED --add-opens=java.base/java.util.concurrent.atomic=ALL-UNNAMED -Xmx4608m -Dfile.encoding=utf8 -Duser.country=TR -Duser.language=tr -Duser.variant -javaagent:C:\Users\tuce_\.gradle\wrapper\dists\gradle-8.9-bin\90cnw93cvbtalezasaz0blq0a\gradle-8.9\lib\agents\gradle-instrumentation-agent-8.9.jar org.gradle.launcher.daemon.bootstrap.GradleDaemon 8.9

Host: Intel(R) Core(TM) i5-10210U CPU @ 1.60GHz, 8 cores, 7G,  Windows 11 , 64 bit Build 22621 (10.0.22621.4830)
Time: Wed Mar  5 22:16:12 2025 Türkiye Standart Saati elapsed time: 108.789393 seconds (0d 0h 1m 48s)

---------------  T H R E A D  ---------------

Current thread (0x00000258eb258d10):  JavaThread "C2 CompilerThread0" daemon [_thread_in_native, id=12116, stack(0x000000b459100000,0x000000b459200000) (1024K)]


Current CompileTask:
C2:108789 14009       4       java.beans.MethodDescriptor::<init> (48 bytes)

Stack: [0x000000b459100000,0x000000b459200000]
Native frames: (J=compiled Java code, j=interpreted, Vv=VM code, C=native code)
V  [jvm.dll+0x6cdee9]
V  [jvm.dll+0x8a83d1]
V  [jvm.dll+0x8aa8fe]
V  [jvm.dll+0x8aafe3]
V  [jvm.dll+0x27f706]
V  [jvm.dll+0xc500d]
V  [jvm.dll+0xc5543]
V  [jvm.dll+0x3b6752]
V  [jvm.dll+0x382935]
V  [jvm.dll+0x381d9a]
V  [jvm.dll+0x2479f0]
V  [jvm.dll+0x246fcf]
V  [jvm.dll+0x1c75ee]
V  [jvm.dll+0x25685a]
V  [jvm.dll+0x254dfa]
V  [jvm.dll+0x3f0256]
V  [jvm.dll+0x851f8b]
V  [jvm.dll+0x6cc5ed]
C  [ucrtbase.dll+0x29333]
C  [KERNEL32.DLL+0x1259d]
C  [ntdll.dll+0x5af38]


---------------  P R O C E S S  ---------------

Threads class SMR info:
_java_thread_list=0x00000258f202cb90, length=134, elements={
0x00000258d09413d0, 0x00000258eb250b20, 0x00000258eb251930, 0x00000258eb253590,
0x00000258eb2560f0, 0x00000258eb256b40, 0x00000258eb257d30, 0x00000258eb258d10,
0x00000258eb25eaa0, 0x00000258eb346300, 0x00000258eb4e8e90, 0x00000258f0d708f0,
0x00000258f0e16ff0, 0x00000258eb493440, 0x00000258ebb31420, 0x00000258f0f005d0,
0x00000258eb3178a0, 0x00000258f03d3350, 0x00000258ebbfc8e0, 0x00000258f0edb910,
0x00000258f0edbfa0, 0x00000258f0edd9e0, 0x00000258f0edccc0, 0x00000258f0ede070,
0x00000258f0edabf0, 0x00000258f0edb280, 0x00000258f0edc630, 0x00000258f3651e20,
0x00000258f3653860, 0x00000258f364cf60, 0x00000258f3651790, 0x00000258f36524b0,
0x00000258f3652b40, 0x00000258f364e9a0, 0x00000258f3650a70, 0x00000258f36503e0,
0x00000258f3651100, 0x00000258f36531d0, 0x00000258f3653ef0, 0x00000258f364f030,
0x00000258f3654580, 0x00000258f364f6c0, 0x00000258f364fd50, 0x00000258eb39b880,
0x00000258eb39b1f0, 0x00000258eb39bf10, 0x00000258eb3969c0, 0x00000258eb398a90,
0x00000258eb39ab60, 0x00000258eb3997b0, 0x00000258eb3976e0, 0x00000258eb39c5a0,
0x00000258eb39a4d0, 0x00000258eb397050, 0x00000258eb398400, 0x00000258eb399120,
0x00000258eb399e40, 0x00000258eb39cc30, 0x00000258eb39d2c0, 0x00000258eb396330,
0x00000258eb39d950, 0x00000258eb397d70, 0x00000258f1f2fe70, 0x00000258f1f2f7e0,
0x00000258f1f2dda0, 0x00000258f1f2e430, 0x00000258f1f2d710, 0x00000258f1f2f150,
0x00000258f1f2eac0, 0x00000258f1f30500, 0x00000258f345faa0, 0x00000258f3464960,
0x00000258f3462890, 0x00000258f3464ff0, 0x00000258f3460e50, 0x00000258f34614e0,
0x00000258f3462f20, 0x00000258f3465d10, 0x00000258f3462200, 0x00000258f3461b70,
0x00000258f34607c0, 0x00000258f3465680, 0x00000258f3463c40, 0x00000258f34635b0,
0x00000258f34642d0, 0x00000258f345ed80, 0x00000258f34663a0, 0x00000258f345f410,
0x00000258f3460130, 0x00000258f1499eb0, 0x00000258f149a540, 0x00000258f149abd0,
0x00000258f1498470, 0x00000258f1493c40, 0x00000258f1499190, 0x00000258f14970c0,
0x00000258f1498b00, 0x00000258f149b260, 0x00000258f14942d0, 0x00000258f1494ff0,
0x00000258f1497de0, 0x00000258f1495680, 0x00000258f1495d10, 0x00000258f14963a0,
0x00000258f1499820, 0x00000258f1496a30, 0x00000258f1497750, 0x00000258f28eeb70,
0x00000258f28ed130, 0x00000258f28eb6f0, 0x00000258f28e9620, 0x00000258f28ebd80,
0x00000258f28ea9d0, 0x00000258f28e8f90, 0x00000258f28ede50, 0x00000258f28ef200,
0x00000258f28ecaa0, 0x00000258f28ed7c0, 0x00000258f28ee4e0, 0x00000258f28ef890,
0x00000258f28e9cb0, 0x00000258f5739fa0, 0x00000258f573a630, 0x00000258f573fb80,
0x00000258f573e7d0, 0x00000258f573acc0, 0x00000258f573ee60, 0x00000258f573b9e0,
0x00000258f573c070, 0x00000258f573dab0, 0x00000258f573c700, 0x00000258f573d420,
0x00000258f573b350, 0x00000258f573cd90
}

Java Threads: ( => current thread )
  0x00000258d09413d0 JavaThread "main"                              [_thread_blocked, id=15024, stack(0x000000b458300000,0x000000b458400000) (1024K)]
  0x00000258eb250b20 JavaThread "Reference Handler"          daemon [_thread_blocked, id=9464, stack(0x000000b458b00000,0x000000b458c00000) (1024K)]
  0x00000258eb251930 JavaThread "Finalizer"                  daemon [_thread_blocked, id=3412, stack(0x000000b458c00000,0x000000b458d00000) (1024K)]
  0x00000258eb253590 JavaThread "Signal Dispatcher"          daemon [_thread_blocked, id=15680, stack(0x000000b458d00000,0x000000b458e00000) (1024K)]
  0x00000258eb2560f0 JavaThread "Attach Listener"            daemon [_thread_blocked, id=14660, stack(0x000000b458e00000,0x000000b458f00000) (1024K)]
  0x00000258eb256b40 JavaThread "Service Thread"             daemon [_thread_blocked, id=21064, stack(0x000000b458f00000,0x000000b459000000) (1024K)]
  0x00000258eb257d30 JavaThread "Monitor Deflation Thread"   daemon [_thread_blocked, id=18184, stack(0x000000b459000000,0x000000b459100000) (1024K)]
=>0x00000258eb258d10 JavaThread "C2 CompilerThread0"         daemon [_thread_in_native, id=12116, stack(0x000000b459100000,0x000000b459200000) (1024K)]
  0x00000258eb25eaa0 JavaThread "C1 CompilerThread0"         daemon [_thread_blocked, id=18120, stack(0x000000b459200000,0x000000b459300000) (1024K)]
  0x00000258eb346300 JavaThread "Common-Cleaner"             daemon [_thread_blocked, id=21688, stack(0x000000b459300000,0x000000b459400000) (1024K)]
  0x00000258eb4e8e90 JavaThread "Notification Thread"        daemon [_thread_blocked, id=4092, stack(0x000000b459400000,0x000000b459500000) (1024K)]
  0x00000258f0d708f0 JavaThread "Daemon health stats"               [_thread_blocked, id=3148, stack(0x000000b459a00000,0x000000b459b00000) (1024K)]
  0x00000258f0e16ff0 JavaThread "Incoming local TCP Connector on port 56776"        [_thread_in_native, id=13184, stack(0x000000b459900000,0x000000b459a00000) (1024K)]
  0x00000258eb493440 JavaThread "Daemon periodic checks"            [_thread_blocked, id=4248, stack(0x000000b459f00000,0x000000b45a000000) (1024K)]
  0x00000258ebb31420 JavaThread "Daemon"                            [_thread_blocked, id=452, stack(0x000000b45a000000,0x000000b45a100000) (1024K)]
  0x00000258f0f005d0 JavaThread "Handler for socket connection from /127.0.0.1:56776 to /127.0.0.1:56778"        [_thread_in_native, id=18428, stack(0x000000b45a100000,0x000000b45a200000) (1024K)]
  0x00000258eb3178a0 JavaThread "Cancel handler"                    [_thread_blocked, id=21908, stack(0x000000b459e00000,0x000000b459f00000) (1024K)]
  0x00000258f03d3350 JavaThread "Daemon worker"                     [_thread_in_Java, id=16256, stack(0x000000b45a200000,0x000000b45a300000) (1024K)]
  0x00000258ebbfc8e0 JavaThread "Asynchronous log dispatcher for DefaultDaemonConnection: socket connection from /127.0.0.1:56776 to /127.0.0.1:56778"        [_thread_blocked, id=4708, stack(0x000000b45a300000,0x000000b45a400000) (1024K)]
  0x00000258f0edb910 JavaThread "Stdin handler"                     [_thread_blocked, id=21852, stack(0x000000b45a400000,0x000000b45a500000) (1024K)]
  0x00000258f0edbfa0 JavaThread "Daemon client event forwarder"        [_thread_blocked, id=12092, stack(0x000000b45a500000,0x000000b45a600000) (1024K)]
  0x00000258f0edd9e0 JavaThread "Cache worker for journal cache (C:\Users\tuce_\.gradle\caches\journal-1)"        [_thread_blocked, id=1332, stack(0x000000b45a600000,0x000000b45a700000) (1024K)]
  0x00000258f0edccc0 JavaThread "File lock request listener"        [_thread_in_native, id=20008, stack(0x000000b45a700000,0x000000b45a800000) (1024K)]
  0x00000258f0ede070 JavaThread "Cache worker for file hash cache (C:\Users\tuce_\.gradle\caches\8.9\fileHashes)"        [_thread_blocked, id=4564, stack(0x000000b45a800000,0x000000b45a900000) (1024K)]
  0x00000258f0edabf0 JavaThread "File lock release action executor"        [_thread_blocked, id=20164, stack(0x000000b45a900000,0x000000b45aa00000) (1024K)]
  0x00000258f0edb280 JavaThread "Cache worker for file hash cache (C:\Users\tuce_\Projects\eclassify\android\.gradle\8.9\fileHashes)"        [_thread_blocked, id=14756, stack(0x000000b45ac00000,0x000000b45ad00000) (1024K)]
  0x00000258f0edc630 JavaThread "Cache worker for Build Output Cleanup Cache (C:\Users\tuce_\Projects\eclassify\android\.gradle\buildOutputCleanup)"        [_thread_blocked, id=1176, stack(0x000000b45ad00000,0x000000b45ae00000) (1024K)]
  0x00000258f3651e20 JavaThread "File watcher server"        daemon [_thread_in_native, id=2324, stack(0x000000b45ae00000,0x000000b45af00000) (1024K)]
  0x00000258f3653860 JavaThread "File watcher consumer"      daemon [_thread_blocked, id=21568, stack(0x000000b45af00000,0x000000b45b000000) (1024K)]
  0x00000258f364cf60 JavaThread "jar transforms"                    [_thread_blocked, id=14732, stack(0x000000b45ab00000,0x000000b45ac00000) (1024K)]
  0x00000258f3651790 JavaThread "jar transforms Thread 2"           [_thread_blocked, id=19972, stack(0x000000b45b000000,0x000000b45b100000) (1024K)]
  0x00000258f36524b0 JavaThread "jar transforms Thread 3"           [_thread_blocked, id=21544, stack(0x000000b45b100000,0x000000b45b200000) (1024K)]
  0x00000258f3652b40 JavaThread "Cache worker for checksums cache (C:\Users\tuce_\Projects\eclassify\android\.gradle\8.9\checksums)"        [_thread_blocked, id=12844, stack(0x000000b45b300000,0x000000b45b400000) (1024K)]
  0x00000258f364e9a0 JavaThread "Cache worker for file content cache (C:\Users\tuce_\.gradle\caches\8.9\fileContent)"        [_thread_blocked, id=20588, stack(0x000000b45b400000,0x000000b45b500000) (1024K)]
  0x00000258f3650a70 JavaThread "Cache worker for cache directory md-rule (C:\Users\tuce_\.gradle\caches\8.9\md-rule)"        [_thread_blocked, id=8264, stack(0x000000b45b500000,0x000000b45b600000) (1024K)]
  0x00000258f36503e0 JavaThread "Cache worker for cache directory md-supplier (C:\Users\tuce_\.gradle\caches\8.9\md-supplier)"        [_thread_blocked, id=6696, stack(0x000000b45b600000,0x000000b45b700000) (1024K)]
  0x00000258f3651100 JavaThread "jar transforms Thread 4"           [_thread_blocked, id=19844, stack(0x000000b45b700000,0x000000b45b800000) (1024K)]
  0x00000258f36531d0 JavaThread "jar transforms Thread 5"           [_thread_blocked, id=6204, stack(0x000000b45b800000,0x000000b45b900000) (1024K)]
  0x00000258f3653ef0 JavaThread "jar transforms Thread 6"           [_thread_blocked, id=8560, stack(0x000000b45b900000,0x000000b45ba00000) (1024K)]
  0x00000258f364f030 JavaThread "jar transforms Thread 7"           [_thread_blocked, id=19012, stack(0x000000b45ba00000,0x000000b45bb00000) (1024K)]
  0x00000258f3654580 JavaThread "jar transforms Thread 8"           [_thread_blocked, id=16820, stack(0x000000b45bb00000,0x000000b45bc00000) (1024K)]
  0x00000258f364f6c0 JavaThread "Cache worker for Build Output Cleanup Cache (C:\flutter\packages\flutter_tools\gradle\.gradle\buildOutputCleanup)"        [_thread_blocked, id=15604, stack(0x000000b45bc00000,0x000000b45bd00000) (1024K)]
  0x00000258f364fd50 JavaThread "Unconstrained build operations"        [_thread_blocked, id=8728, stack(0x000000b45bd00000,0x000000b45be00000) (1024K)]
  0x00000258eb39b880 JavaThread "Unconstrained build operations Thread 2"        [_thread_blocked, id=17444, stack(0x000000b45be00000,0x000000b45bf00000) (1024K)]
  0x00000258eb39b1f0 JavaThread "Unconstrained build operations Thread 3"        [_thread_blocked, id=10476, stack(0x000000b45bf00000,0x000000b45c000000) (1024K)]
  0x00000258eb39bf10 JavaThread "Unconstrained build operations Thread 4"        [_thread_blocked, id=18072, stack(0x000000b45c000000,0x000000b45c100000) (1024K)]
  0x00000258eb3969c0 JavaThread "Unconstrained build operations Thread 5"        [_thread_blocked, id=21800, stack(0x000000b45c100000,0x000000b45c200000) (1024K)]
  0x00000258eb398a90 JavaThread "Unconstrained build operations Thread 6"        [_thread_blocked, id=8036, stack(0x000000b45c200000,0x000000b45c300000) (1024K)]
  0x00000258eb39ab60 JavaThread "Unconstrained build operations Thread 7"        [_thread_blocked, id=496, stack(0x000000b45c300000,0x000000b45c400000) (1024K)]
  0x00000258eb3997b0 JavaThread "Unconstrained build operations Thread 8"        [_thread_blocked, id=14568, stack(0x000000b45c400000,0x000000b45c500000) (1024K)]
  0x00000258eb3976e0 JavaThread "Unconstrained build operations Thread 9"        [_thread_blocked, id=6280, stack(0x000000b45c500000,0x000000b45c600000) (1024K)]
  0x00000258eb39c5a0 JavaThread "Unconstrained build operations Thread 10"        [_thread_blocked, id=17844, stack(0x000000b45c600000,0x000000b45c700000) (1024K)]
  0x00000258eb39a4d0 JavaThread "Unconstrained build operations Thread 11"        [_thread_blocked, id=17568, stack(0x000000b45c700000,0x000000b45c800000) (1024K)]
  0x00000258eb397050 JavaThread "Unconstrained build operations Thread 12"        [_thread_blocked, id=2168, stack(0x000000b45c800000,0x000000b45c900000) (1024K)]
  0x00000258eb398400 JavaThread "Unconstrained build operations Thread 13"        [_thread_blocked, id=13416, stack(0x000000b45c900000,0x000000b45ca00000) (1024K)]
  0x00000258eb399120 JavaThread "Unconstrained build operations Thread 14"        [_thread_blocked, id=7380, stack(0x000000b45ca00000,0x000000b45cb00000) (1024K)]
  0x00000258eb399e40 JavaThread "Unconstrained build operations Thread 15"        [_thread_blocked, id=17984, stack(0x000000b45cb00000,0x000000b45cc00000) (1024K)]
  0x00000258eb39cc30 JavaThread "Unconstrained build operations Thread 16"        [_thread_blocked, id=22504, stack(0x000000b45cc00000,0x000000b45cd00000) (1024K)]
  0x00000258eb39d2c0 JavaThread "Unconstrained build operations Thread 17"        [_thread_blocked, id=3248, stack(0x000000b45cd00000,0x000000b45ce00000) (1024K)]
  0x00000258eb396330 JavaThread "Unconstrained build operations Thread 18"        [_thread_blocked, id=18784, stack(0x000000b45ce00000,0x000000b45cf00000) (1024K)]
  0x00000258eb39d950 JavaThread "Unconstrained build operations Thread 19"        [_thread_blocked, id=20468, stack(0x000000b45cf00000,0x000000b45d000000) (1024K)]
  0x00000258eb397d70 JavaThread "Unconstrained build operations Thread 20"        [_thread_blocked, id=16736, stack(0x000000b45d000000,0x000000b45d100000) (1024K)]
  0x00000258f1f2fe70 JavaThread "Unconstrained build operations Thread 21"        [_thread_blocked, id=12604, stack(0x000000b45d100000,0x000000b45d200000) (1024K)]
  0x00000258f1f2f7e0 JavaThread "Memory manager"                    [_thread_blocked, id=16620, stack(0x000000b45d200000,0x000000b45d300000) (1024K)]
  0x00000258f1f2dda0 JavaThread "build event listener"              [_thread_blocked, id=10412, stack(0x000000b45b200000,0x000000b45b300000) (1024K)]
  0x00000258f1f2e430 JavaThread "included builds"                   [_thread_blocked, id=16280, stack(0x000000b45d300000,0x000000b45d400000) (1024K)]
  0x00000258f1f2d710 JavaThread "Execution worker"                  [_thread_blocked, id=20244, stack(0x000000b45d400000,0x000000b45d500000) (1024K)]
  0x00000258f1f2f150 JavaThread "Execution worker Thread 2"         [_thread_blocked, id=21956, stack(0x000000b45d500000,0x000000b45d600000) (1024K)]
  0x00000258f1f2eac0 JavaThread "Execution worker Thread 3"         [_thread_blocked, id=13676, stack(0x000000b45d600000,0x000000b45d700000) (1024K)]
  0x00000258f1f30500 JavaThread "Execution worker Thread 4"         [_thread_blocked, id=16328, stack(0x000000b45d700000,0x000000b45d800000) (1024K)]
  0x00000258f345faa0 JavaThread "Execution worker Thread 5"         [_thread_blocked, id=9544, stack(0x000000b45d800000,0x000000b45d900000) (1024K)]
  0x00000258f3464960 JavaThread "Execution worker Thread 6"         [_thread_blocked, id=21648, stack(0x000000b45d900000,0x000000b45da00000) (1024K)]
  0x00000258f3462890 JavaThread "Execution worker Thread 7"         [_thread_blocked, id=6424, stack(0x000000b45da00000,0x000000b45db00000) (1024K)]
  0x00000258f3464ff0 JavaThread "Cache worker for execution history cache (C:\flutter\packages\flutter_tools\gradle\.gradle\8.9\executionHistory)"        [_thread_blocked, id=8148, stack(0x000000b45db00000,0x000000b45dc00000) (1024K)]
  0x00000258f3460e50 JavaThread "Unconstrained build operations Thread 22"        [_thread_blocked, id=11760, stack(0x000000b45dc00000,0x000000b45dd00000) (1024K)]
  0x00000258f34614e0 JavaThread "Unconstrained build operations Thread 23"        [_thread_blocked, id=14264, stack(0x000000b45dd00000,0x000000b45de00000) (1024K)]
  0x00000258f3462f20 JavaThread "Unconstrained build operations Thread 24"        [_thread_blocked, id=3320, stack(0x000000b45de00000,0x000000b45df00000) (1024K)]
  0x00000258f3465d10 JavaThread "Unconstrained build operations Thread 25"        [_thread_blocked, id=18552, stack(0x000000b45df00000,0x000000b45e000000) (1024K)]
  0x00000258f3462200 JavaThread "Unconstrained build operations Thread 26"        [_thread_blocked, id=9572, stack(0x000000b45e000000,0x000000b45e100000) (1024K)]
  0x00000258f3461b70 JavaThread "Unconstrained build operations Thread 27"        [_thread_blocked, id=21940, stack(0x000000b45e100000,0x000000b45e200000) (1024K)]
  0x00000258f34607c0 JavaThread "Unconstrained build operations Thread 28"        [_thread_blocked, id=21072, stack(0x000000b45e200000,0x000000b45e300000) (1024K)]
  0x00000258f3465680 JavaThread "Unconstrained build operations Thread 29"        [_thread_blocked, id=17808, stack(0x000000b45e300000,0x000000b45e400000) (1024K)]
  0x00000258f3463c40 JavaThread "Unconstrained build operations Thread 30"        [_thread_blocked, id=18060, stack(0x000000b45e400000,0x000000b45e500000) (1024K)]
  0x00000258f34635b0 JavaThread "Unconstrained build operations Thread 31"        [_thread_blocked, id=21120, stack(0x000000b45e500000,0x000000b45e600000) (1024K)]
  0x00000258f34642d0 JavaThread "Unconstrained build operations Thread 32"        [_thread_blocked, id=3688, stack(0x000000b45e600000,0x000000b45e700000) (1024K)]
  0x00000258f345ed80 JavaThread "Unconstrained build operations Thread 33"        [_thread_blocked, id=20864, stack(0x000000b45e700000,0x000000b45e800000) (1024K)]
  0x00000258f34663a0 JavaThread "Unconstrained build operations Thread 34"        [_thread_blocked, id=19076, stack(0x000000b45e800000,0x000000b45e900000) (1024K)]
  0x00000258f345f410 JavaThread "Unconstrained build operations Thread 35"        [_thread_blocked, id=14492, stack(0x000000b45e900000,0x000000b45ea00000) (1024K)]
  0x00000258f3460130 JavaThread "Unconstrained build operations Thread 36"        [_thread_blocked, id=9808, stack(0x000000b45ea00000,0x000000b45eb00000) (1024K)]
  0x00000258f1499eb0 JavaThread "Unconstrained build operations Thread 37"        [_thread_blocked, id=10952, stack(0x000000b45eb00000,0x000000b45ec00000) (1024K)]
  0x00000258f149a540 JavaThread "Unconstrained build operations Thread 38"        [_thread_blocked, id=3084, stack(0x000000b45ec00000,0x000000b45ed00000) (1024K)]
  0x00000258f149abd0 JavaThread "Unconstrained build operations Thread 39"        [_thread_blocked, id=20568, stack(0x000000b45ed00000,0x000000b45ee00000) (1024K)]
  0x00000258f1498470 JavaThread "Unconstrained build operations Thread 40"        [_thread_blocked, id=18524, stack(0x000000b45ee00000,0x000000b45ef00000) (1024K)]
  0x00000258f1493c40 JavaThread "Unconstrained build operations Thread 41"        [_thread_blocked, id=5020, stack(0x000000b45ef00000,0x000000b45f000000) (1024K)]
  0x00000258f1499190 JavaThread "Unconstrained build operations Thread 42"        [_thread_blocked, id=12064, stack(0x000000b45f000000,0x000000b45f100000) (1024K)]
  0x00000258f14970c0 JavaThread "Unconstrained build operations Thread 43"        [_thread_blocked, id=18636, stack(0x000000b45f100000,0x000000b45f200000) (1024K)]
  0x00000258f1498b00 JavaThread "Unconstrained build operations Thread 44"        [_thread_blocked, id=10460, stack(0x000000b45f200000,0x000000b45f300000) (1024K)]
  0x00000258f149b260 JavaThread "Unconstrained build operations Thread 45"        [_thread_blocked, id=20716, stack(0x000000b45f300000,0x000000b45f400000) (1024K)]
  0x00000258f14942d0 JavaThread "Unconstrained build operations Thread 46"        [_thread_blocked, id=4900, stack(0x000000b45f400000,0x000000b45f500000) (1024K)]
  0x00000258f1494ff0 JavaThread "Unconstrained build operations Thread 47"        [_thread_blocked, id=3400, stack(0x000000b45f500000,0x000000b45f600000) (1024K)]
  0x00000258f1497de0 JavaThread "Unconstrained build operations Thread 48"        [_thread_blocked, id=18928, stack(0x000000b45f600000,0x000000b45f700000) (1024K)]
  0x00000258f1495680 JavaThread "Unconstrained build operations Thread 49"        [_thread_blocked, id=22420, stack(0x000000b45f700000,0x000000b45f800000) (1024K)]
  0x00000258f1495d10 JavaThread "Unconstrained build operations Thread 50"        [_thread_blocked, id=2632, stack(0x000000b45f800000,0x000000b45f900000) (1024K)]
  0x00000258f14963a0 JavaThread "Unconstrained build operations Thread 51"        [_thread_blocked, id=11192, stack(0x000000b45f900000,0x000000b45fa00000) (1024K)]
  0x00000258f1499820 JavaThread "Unconstrained build operations Thread 52"        [_thread_blocked, id=18628, stack(0x000000b45fa00000,0x000000b45fb00000) (1024K)]
  0x00000258f1496a30 JavaThread "Unconstrained build operations Thread 53"        [_thread_blocked, id=18436, stack(0x000000b45fb00000,0x000000b45fc00000) (1024K)]
  0x00000258f1497750 JavaThread "Unconstrained build operations Thread 54"        [_thread_blocked, id=3520, stack(0x000000b45fc00000,0x000000b45fd00000) (1024K)]
  0x00000258f28eeb70 JavaThread "Unconstrained build operations Thread 55"        [_thread_blocked, id=13560, stack(0x000000b45fd00000,0x000000b45fe00000) (1024K)]
  0x00000258f28ed130 JavaThread "Unconstrained build operations Thread 56"        [_thread_blocked, id=21428, stack(0x000000b45fe00000,0x000000b45ff00000) (1024K)]
  0x00000258f28eb6f0 JavaThread "Unconstrained build operations Thread 57"        [_thread_blocked, id=9452, stack(0x000000b45ff00000,0x000000b460000000) (1024K)]
  0x00000258f28e9620 JavaThread "Unconstrained build operations Thread 58"        [_thread_blocked, id=14652, stack(0x000000b460000000,0x000000b460100000) (1024K)]
  0x00000258f28ebd80 JavaThread "Unconstrained build operations Thread 59"        [_thread_blocked, id=22240, stack(0x000000b460100000,0x000000b460200000) (1024K)]
  0x00000258f28ea9d0 JavaThread "Unconstrained build operations Thread 60"        [_thread_blocked, id=20324, stack(0x000000b460200000,0x000000b460300000) (1024K)]
  0x00000258f28e8f90 JavaThread "Unconstrained build operations Thread 61"        [_thread_blocked, id=21840, stack(0x000000b460300000,0x000000b460400000) (1024K)]
  0x00000258f28ede50 JavaThread "Unconstrained build operations Thread 62"        [_thread_blocked, id=708, stack(0x000000b460400000,0x000000b460500000) (1024K)]
  0x00000258f28ef200 JavaThread "Unconstrained build operations Thread 63"        [_thread_blocked, id=18324, stack(0x000000b460500000,0x000000b460600000) (1024K)]
  0x00000258f28ecaa0 JavaThread "Unconstrained build operations Thread 64"        [_thread_blocked, id=12104, stack(0x000000b460600000,0x000000b460700000) (1024K)]
  0x00000258f28ed7c0 JavaThread "Unconstrained build operations Thread 65"        [_thread_blocked, id=19216, stack(0x000000b460700000,0x000000b460800000) (1024K)]
  0x00000258f28ee4e0 JavaThread "Unconstrained build operations Thread 66"        [_thread_blocked, id=21328, stack(0x000000b460800000,0x000000b460900000) (1024K)]
  0x00000258f28ef890 JavaThread "Unconstrained build operations Thread 67"        [_thread_blocked, id=22332, stack(0x000000b460900000,0x000000b460a00000) (1024K)]
  0x00000258f28e9cb0 JavaThread "build event listener"              [_thread_blocked, id=14064, stack(0x000000b460a00000,0x000000b460b00000) (1024K)]
  0x00000258f5739fa0 JavaThread "Unconstrained build operations Thread 68"        [_thread_blocked, id=17364, stack(0x000000b460b00000,0x000000b460c00000) (1024K)]
  0x00000258f573a630 JavaThread "Unconstrained build operations Thread 69"        [_thread_blocked, id=15760, stack(0x000000b460c00000,0x000000b460d00000) (1024K)]
  0x00000258f573fb80 JavaThread "Unconstrained build operations Thread 70"        [_thread_blocked, id=15272, stack(0x000000b460d00000,0x000000b460e00000) (1024K)]
  0x00000258f573e7d0 JavaThread "Unconstrained build operations Thread 71"        [_thread_blocked, id=3452, stack(0x000000b460e00000,0x000000b460f00000) (1024K)]
  0x00000258f573acc0 JavaThread "Unconstrained build operations Thread 72"        [_thread_blocked, id=10936, stack(0x000000b460f00000,0x000000b461000000) (1024K)]
  0x00000258f573ee60 JavaThread "Unconstrained build operations Thread 73"        [_thread_blocked, id=9456, stack(0x000000b461000000,0x000000b461100000) (1024K)]
  0x00000258f573b9e0 JavaThread "Unconstrained build operations Thread 74"        [_thread_blocked, id=2652, stack(0x000000b461100000,0x000000b461200000) (1024K)]
  0x00000258f573c070 JavaThread "Unconstrained build operations Thread 75"        [_thread_blocked, id=4444, stack(0x000000b461200000,0x000000b461300000) (1024K)]
  0x00000258f573dab0 JavaThread "Unconstrained build operations Thread 76"        [_thread_blocked, id=10756, stack(0x000000b461300000,0x000000b461400000) (1024K)]
  0x00000258f573c700 JavaThread "Unconstrained build operations Thread 77"        [_thread_blocked, id=19920, stack(0x000000b461400000,0x000000b461500000) (1024K)]
  0x00000258f573d420 JavaThread "Unconstrained build operations Thread 78"        [_thread_blocked, id=16172, stack(0x000000b461500000,0x000000b461600000) (1024K)]
  0x00000258f573b350 JavaThread "Unconstrained build operations Thread 79"        [_thread_blocked, id=3316, stack(0x000000b461600000,0x000000b461700000) (1024K)]
  0x00000258f573cd90 JavaThread "Unconstrained build operations Thread 80"        [_thread_blocked, id=19440, stack(0x000000b461700000,0x000000b461800000) (1024K)]
Total: 134

Other Threads:
  0x00000258eb238350 VMThread "VM Thread"                           [id=13884, stack(0x000000b458a00000,0x000000b458b00000) (1024K)]
  0x00000258eb229740 WatcherThread "VM Periodic Task Thread"        [id=1916, stack(0x000000b458900000,0x000000b458a00000) (1024K)]
  0x00000258d09acde0 WorkerThread "GC Thread#0"                     [id=13948, stack(0x000000b458400000,0x000000b458500000) (1024K)]
  0x00000258ebb4ac20 WorkerThread "GC Thread#1"                     [id=15296, stack(0x000000b459600000,0x000000b459700000) (1024K)]
  0x00000258eb9ea3f0 WorkerThread "GC Thread#2"                     [id=15600, stack(0x000000b459700000,0x000000b459800000) (1024K)]
  0x00000258f0145580 WorkerThread "GC Thread#3"                     [id=9576, stack(0x000000b459500000,0x000000b459600000) (1024K)]
  0x00000258f021ee80 WorkerThread "GC Thread#4"                     [id=13048, stack(0x000000b459800000,0x000000b459900000) (1024K)]
  0x00000258f0e88530 WorkerThread "GC Thread#5"                     [id=2976, stack(0x000000b459b00000,0x000000b459c00000) (1024K)]
  0x00000258f0cf8480 WorkerThread "GC Thread#6"                     [id=22048, stack(0x000000b459c00000,0x000000b459d00000) (1024K)]
  0x00000258f0ce4970 WorkerThread "GC Thread#7"                     [id=13868, stack(0x000000b459d00000,0x000000b459e00000) (1024K)]
  0x00000258d09b6dc0 ConcurrentGCThread "G1 Main Marker"            [id=21472, stack(0x000000b458500000,0x000000b458600000) (1024K)]
  0x00000258d09b8a80 WorkerThread "G1 Conc#0"                       [id=9432, stack(0x000000b458600000,0x000000b458700000) (1024K)]
  0x00000258f0fb6ba0 WorkerThread "G1 Conc#1"                       [id=18304, stack(0x000000b45aa00000,0x000000b45ab00000) (1024K)]
  0x00000258eb0f90b0 ConcurrentGCThread "G1 Refine#0"               [id=3288, stack(0x000000b458700000,0x000000b458800000) (1024K)]
  0x00000258eb0f98d0 ConcurrentGCThread "G1 Service"                [id=20692, stack(0x000000b458800000,0x000000b458900000) (1024K)]
Total: 15

Threads with active compile tasks:
C2 CompilerThread0  108896 14009       4       java.beans.MethodDescriptor::<init> (48 bytes)
Total: 1

VM state: not at safepoint (normal execution)

VM Mutex/Monitor currently owned by a thread: None

Heap address: 0x00000006e0000000, size: 4608 MB, Compressed Oops mode: Zero based, Oop shift amount: 3

CDS archive(s) mapped at: [0x0000025880000000-0x0000025880ba0000-0x0000025880ba0000), size 12189696, SharedBaseAddress: 0x0000025880000000, ArchiveRelocationMode: 1.
Compressed class space mapped at: 0x0000025881000000-0x00000258c1000000, reserved size: 1073741824
Narrow klass base: 0x0000025880000000, Narrow klass shift: 0, Narrow klass range: 0x100000000

GC Precious Log:
 CardTable entry size: 512
 Card Set container configuration: InlinePtr #cards 4 size 8 Array Of Cards #cards 32 size 80 Howl #buckets 8 coarsen threshold 7372 Howl Bitmap #cards 1024 size 144 coarsen threshold 921 Card regions per heap region 1 cards per card region 8192
 CPUs: 8 total, 8 available
 Memory: 8025M
 Large Page Support: Disabled
 NUMA Support: Disabled
 Compressed Oops: Enabled (Zero based)
 Heap Region Size: 4M
 Heap Min Capacity: 8M
 Heap Initial Capacity: 128M
 Heap Max Capacity: 4608M
 Pre-touch: Disabled
 Parallel Workers: 8
 Concurrent Workers: 2
 Concurrent Refinement Workers: 8
 Periodic GC: Disabled

Heap:
 garbage-first heap   total 262144K, used 175311K [0x00000006e0000000, 0x0000000800000000)
  region size 4096K, 7 young (28672K), 1 survivors (4096K)
 Metaspace       used 99387K, committed 101952K, reserved 1179648K
  class space    used 13965K, committed 15232K, reserved 1048576K

Heap Regions: E=young(eden), S=young(survivor), O=old, HS=humongous(starts), HC=humongous(continues), CS=collection set, F=free, TAMS=top-at-mark-start, PB=parsable bottom
|   0|0x00000006e0000000, 0x00000006e0400000, 0x00000006e0400000|100%|HS|  |TAMS 0x00000006e0000000| PB 0x00000006e0000000| Complete 
|   1|0x00000006e0400000, 0x00000006e0800000, 0x00000006e0800000|100%| O|  |TAMS 0x00000006e0400000| PB 0x00000006e0400000| Untracked 
|   2|0x00000006e0800000, 0x00000006e0c00000, 0x00000006e0c00000|100%| O|  |TAMS 0x00000006e0800000| PB 0x00000006e0800000| Untracked 
|   3|0x00000006e0c00000, 0x00000006e1000000, 0x00000006e1000000|100%| O|  |TAMS 0x00000006e0c00000| PB 0x00000006e0c00000| Untracked 
|   4|0x00000006e1000000, 0x00000006e1400000, 0x00000006e1400000|100%| O|  |TAMS 0x00000006e1000000| PB 0x00000006e1000000| Untracked 
|   5|0x00000006e1400000, 0x00000006e1800000, 0x00000006e1800000|100%| O|  |TAMS 0x00000006e1400000| PB 0x00000006e1400000| Untracked 
|   6|0x00000006e1800000, 0x00000006e1c00000, 0x00000006e1c00000|100%| O|  |TAMS 0x00000006e1800000| PB 0x00000006e1800000| Untracked 
|   7|0x00000006e1c00000, 0x00000006e2000000, 0x00000006e2000000|100%| O|  |TAMS 0x00000006e1c00000| PB 0x00000006e1c00000| Untracked 
|   8|0x00000006e2000000, 0x00000006e2400000, 0x00000006e2400000|100%| O|  |TAMS 0x00000006e2000000| PB 0x00000006e2000000| Untracked 
|   9|0x00000006e2400000, 0x00000006e2800000, 0x00000006e2800000|100%| O|  |TAMS 0x00000006e2400000| PB 0x00000006e2400000| Untracked 
|  10|0x00000006e2800000, 0x00000006e2c00000, 0x00000006e2c00000|100%| O|  |TAMS 0x00000006e2800000| PB 0x00000006e2800000| Untracked 
|  11|0x00000006e2c00000, 0x00000006e3000000, 0x00000006e3000000|100%| O|  |TAMS 0x00000006e2c00000| PB 0x00000006e2c00000| Untracked 
|  12|0x00000006e3000000, 0x00000006e3400000, 0x00000006e3400000|100%| O|  |TAMS 0x00000006e3000000| PB 0x00000006e3000000| Untracked 
|  13|0x00000006e3400000, 0x00000006e3800000, 0x00000006e3800000|100%| O|  |TAMS 0x00000006e3400000| PB 0x00000006e3400000| Untracked 
|  14|0x00000006e3800000, 0x00000006e3c00000, 0x00000006e3c00000|100%|HS|  |TAMS 0x00000006e3800000| PB 0x00000006e3800000| Complete 
|  15|0x00000006e3c00000, 0x00000006e4000000, 0x00000006e4000000|100%|HS|  |TAMS 0x00000006e3c00000| PB 0x00000006e3c00000| Complete 
|  16|0x00000006e4000000, 0x00000006e4400000, 0x00000006e4400000|100%| O|  |TAMS 0x00000006e4000000| PB 0x00000006e4000000| Untracked 
|  17|0x00000006e4400000, 0x00000006e4800000, 0x00000006e4800000|100%| O|  |TAMS 0x00000006e4400000| PB 0x00000006e4400000| Untracked 
|  18|0x00000006e4800000, 0x00000006e4c00000, 0x00000006e4c00000|100%| O|  |TAMS 0x00000006e4800000| PB 0x00000006e4800000| Untracked 
|  19|0x00000006e4c00000, 0x00000006e5000000, 0x00000006e5000000|100%| O|  |TAMS 0x00000006e4c00000| PB 0x00000006e4c00000| Untracked 
|  20|0x00000006e5000000, 0x00000006e5400000, 0x00000006e5400000|100%| O|  |TAMS 0x00000006e5000000| PB 0x00000006e5000000| Untracked 
|  21|0x00000006e5400000, 0x00000006e5800000, 0x00000006e5800000|100%|HS|  |TAMS 0x00000006e5400000| PB 0x00000006e5400000| Complete 
|  22|0x00000006e5800000, 0x00000006e5c00000, 0x00000006e5c00000|100%| O|Cm|TAMS 0x00000006e5800000| PB 0x00000006e5800000| Complete 
|  23|0x00000006e5c00000, 0x00000006e6000000, 0x00000006e6000000|100%| O|  |TAMS 0x00000006e5c00000| PB 0x00000006e5c00000| Untracked 
|  24|0x00000006e6000000, 0x00000006e6400000, 0x00000006e6400000|100%| O|  |TAMS 0x00000006e6000000| PB 0x00000006e6000000| Untracked 
|  25|0x00000006e6400000, 0x00000006e6800000, 0x00000006e6800000|100%| O|  |TAMS 0x00000006e6400000| PB 0x00000006e6400000| Untracked 
|  26|0x00000006e6800000, 0x00000006e6c00000, 0x00000006e6c00000|100%| O|  |TAMS 0x00000006e6800000| PB 0x00000006e6800000| Untracked 
|  27|0x00000006e6c00000, 0x00000006e7000000, 0x00000006e7000000|100%|HS|  |TAMS 0x00000006e6c00000| PB 0x00000006e6c00000| Complete 
|  28|0x00000006e7000000, 0x00000006e7400000, 0x00000006e7400000|100%| O|  |TAMS 0x00000006e7000000| PB 0x00000006e7000000| Untracked 
|  29|0x00000006e7400000, 0x00000006e7800000, 0x00000006e7800000|100%| O|  |TAMS 0x00000006e7400000| PB 0x00000006e7400000| Untracked 
|  30|0x00000006e7800000, 0x00000006e7c00000, 0x00000006e7c00000|100%| O|  |TAMS 0x00000006e7800000| PB 0x00000006e7800000| Untracked 
|  31|0x00000006e7c00000, 0x00000006e8000000, 0x00000006e8000000|100%| O|Cm|TAMS 0x00000006e7c00000| PB 0x00000006e7c00000| Complete 
|  32|0x00000006e8000000, 0x00000006e8400000, 0x00000006e8400000|100%| O|  |TAMS 0x00000006e8000000| PB 0x00000006e8000000| Untracked 
|  33|0x00000006e8400000, 0x00000006e8800000, 0x00000006e8800000|100%|HS|  |TAMS 0x00000006e8400000| PB 0x00000006e8400000| Complete 
|  34|0x00000006e8800000, 0x00000006e8c00000, 0x00000006e8c00000|100%| O|  |TAMS 0x00000006e8800000| PB 0x00000006e8800000| Untracked 
|  35|0x00000006e8c00000, 0x00000006e9000000, 0x00000006e9000000|100%| O|  |TAMS 0x00000006e8c00000| PB 0x00000006e8c00000| Untracked 
|  36|0x00000006e9000000, 0x00000006e9000000, 0x00000006e9400000|  0%| F|  |TAMS 0x00000006e9000000| PB 0x00000006e9000000| Untracked 
|  37|0x00000006e9400000, 0x00000006e974d0f0, 0x00000006e9800000| 82%| O|  |TAMS 0x00000006e9400000| PB 0x00000006e9400000| Untracked 
|  38|0x00000006e9800000, 0x00000006e9800000, 0x00000006e9c00000|  0%| F|  |TAMS 0x00000006e9800000| PB 0x00000006e9800000| Untracked 
|  39|0x00000006e9c00000, 0x00000006e9c00000, 0x00000006ea000000|  0%| F|  |TAMS 0x00000006e9c00000| PB 0x00000006e9c00000| Untracked 
|  40|0x00000006ea000000, 0x00000006ea000000, 0x00000006ea400000|  0%| F|  |TAMS 0x00000006ea000000| PB 0x00000006ea000000| Untracked 
|  41|0x00000006ea400000, 0x00000006ea400000, 0x00000006ea800000|  0%| F|  |TAMS 0x00000006ea400000| PB 0x00000006ea400000| Untracked 
|  42|0x00000006ea800000, 0x00000006ea800000, 0x00000006eac00000|  0%| F|  |TAMS 0x00000006ea800000| PB 0x00000006ea800000| Untracked 
|  43|0x00000006eac00000, 0x00000006eac00000, 0x00000006eb000000|  0%| F|  |TAMS 0x00000006eac00000| PB 0x00000006eac00000| Untracked 
|  44|0x00000006eb000000, 0x00000006eb000000, 0x00000006eb400000|  0%| F|  |TAMS 0x00000006eb000000| PB 0x00000006eb000000| Untracked 
|  45|0x00000006eb400000, 0x00000006eb400000, 0x00000006eb800000|  0%| F|  |TAMS 0x00000006eb400000| PB 0x00000006eb400000| Untracked 
|  46|0x00000006eb800000, 0x00000006eb800000, 0x00000006ebc00000|  0%| F|  |TAMS 0x00000006eb800000| PB 0x00000006eb800000| Untracked 
|  47|0x00000006ebc00000, 0x00000006ebc00000, 0x00000006ec000000|  0%| F|  |TAMS 0x00000006ebc00000| PB 0x00000006ebc00000| Untracked 
|  48|0x00000006ec000000, 0x00000006ec000000, 0x00000006ec400000|  0%| F|  |TAMS 0x00000006ec000000| PB 0x00000006ec000000| Untracked 
|  49|0x00000006ec400000, 0x00000006ec7e6b40, 0x00000006ec800000| 97%| S|CS|TAMS 0x00000006ec400000| PB 0x00000006ec400000| Complete 
|  50|0x00000006ec800000, 0x00000006ec800000, 0x00000006ecc00000|  0%| F|  |TAMS 0x00000006ec800000| PB 0x00000006ec800000| Untracked 
|  51|0x00000006ecc00000, 0x00000006ecc00000, 0x00000006ed000000|  0%| F|  |TAMS 0x00000006ecc00000| PB 0x00000006ecc00000| Untracked 
|  52|0x00000006ed000000, 0x00000006ed000000, 0x00000006ed400000|  0%| F|  |TAMS 0x00000006ed000000| PB 0x00000006ed000000| Untracked 
|  53|0x00000006ed400000, 0x00000006ed400000, 0x00000006ed800000|  0%| F|  |TAMS 0x00000006ed400000| PB 0x00000006ed400000| Untracked 
|  54|0x00000006ed800000, 0x00000006ed800000, 0x00000006edc00000|  0%| F|  |TAMS 0x00000006ed800000| PB 0x00000006ed800000| Untracked 
|  55|0x00000006edc00000, 0x00000006edc00000, 0x00000006ee000000|  0%| F|  |TAMS 0x00000006edc00000| PB 0x00000006edc00000| Untracked 
|  56|0x00000006ee000000, 0x00000006ee000000, 0x00000006ee400000|  0%| F|  |TAMS 0x00000006ee000000| PB 0x00000006ee000000| Untracked 
|  57|0x00000006ee400000, 0x00000006ee400000, 0x00000006ee800000|  0%| F|  |TAMS 0x00000006ee400000| PB 0x00000006ee400000| Untracked 
|  58|0x00000006ee800000, 0x00000006eeab6760, 0x00000006eec00000| 67%| E|  |TAMS 0x00000006ee800000| PB 0x00000006ee800000| Complete 
|  59|0x00000006eec00000, 0x00000006ef000000, 0x00000006ef000000|100%| E|CS|TAMS 0x00000006eec00000| PB 0x00000006eec00000| Complete 
|  60|0x00000006ef000000, 0x00000006ef400000, 0x00000006ef400000|100%| E|CS|TAMS 0x00000006ef000000| PB 0x00000006ef000000| Complete 
|  61|0x00000006ef400000, 0x00000006ef800000, 0x00000006ef800000|100%| E|CS|TAMS 0x00000006ef400000| PB 0x00000006ef400000| Complete 
|  62|0x00000006ef800000, 0x00000006efc00000, 0x00000006efc00000|100%| E|CS|TAMS 0x00000006ef800000| PB 0x00000006ef800000| Complete 
|  63|0x00000006efc00000, 0x00000006f0000000, 0x00000006f0000000|100%| E|CS|TAMS 0x00000006efc00000| PB 0x00000006efc00000| Complete 

Card table byte_map: [0x00000258e3760000,0x00000258e4060000] _byte_map_base: 0x00000258e0060000

Marking Bits: (CMBitMap*) 0x00000258d09ad4e0
 Bits: [0x00000258e4060000, 0x00000258e8860000)

Polling page: 0x00000258d00f0000

Metaspace:

Usage:
  Non-class:     83.42 MB used.
      Class:     13.64 MB used.
       Both:     97.06 MB used.

Virtual space:
  Non-class space:      128.00 MB reserved,      84.69 MB ( 66%) committed,  2 nodes.
      Class space:        1.00 GB reserved,      14.88 MB (  1%) committed,  1 nodes.
             Both:        1.12 GB reserved,      99.56 MB (  9%) committed. 

Chunk freelists:
   Non-Class:  11.33 MB
       Class:  1.08 MB
        Both:  12.41 MB

MaxMetaspaceSize: unlimited
CompressedClassSpaceSize: 1.00 GB
Initial GC threshold: 21.00 MB
Current GC threshold: 157.94 MB
CDS: on
 - commit_granule_bytes: 65536.
 - commit_granule_words: 8192.
 - virtual_space_node_default_size: 8388608.
 - enlarge_chunks_in_place: 1.
 - use_allocation_guard: 0.


Internal statistics:

num_allocs_failed_limit: 12.
num_arena_births: 4402.
num_arena_deaths: 0.
num_vsnodes_births: 3.
num_vsnodes_deaths: 0.
num_space_committed: 1593.
num_space_uncommitted: 0.
num_chunks_returned_to_freelist: 12.
num_chunks_taken_from_freelist: 9178.
num_chunk_merges: 3.
num_chunk_splits: 5937.
num_chunks_enlarged: 3687.
num_inconsistent_stats: 0.

CodeHeap 'non-profiled nmethods': size=120000Kb used=7805Kb max_used=7805Kb free=112194Kb
 bounds [0x00000258db5f0000, 0x00000258dbd90000, 0x00000258e2b20000]
CodeHeap 'profiled nmethods': size=120000Kb used=22342Kb max_used=22342Kb free=97657Kb
 bounds [0x00000258d3b20000, 0x00000258d5100000, 0x00000258db050000]
CodeHeap 'non-nmethods': size=5760Kb used=2919Kb max_used=2951Kb free=2840Kb
 bounds [0x00000258db050000, 0x00000258db360000, 0x00000258db5f0000]
 total_blobs=12720 nmethods=11714 adapters=910
 compilation: enabled
              stopped_count=0, restarted_count=0
 full_count=0

Compilation events (20 events):
Event: 108.224 Thread 0x00000258eb258d10 nmethod 14004 0x00000258dbd8ad90 code [0x00000258dbd8afa0, 0x00000258dbd8b5b0]
Event: 108.225 Thread 0x00000258eb258d10 14005       4       org.objectweb.asm.MethodVisitor::visitLdcInsn (87 bytes)
Event: 108.234 Thread 0x00000258eb258d10 nmethod 14005 0x00000258dbd8bb10 code [0x00000258dbd8bd20, 0x00000258dbd8c330]
Event: 108.325 Thread 0x00000258eb25eaa0 14006   !   3       jdk.proxy2.$Proxy18::annotationType (29 bytes)
Event: 108.326 Thread 0x00000258eb25eaa0 nmethod 14006 0x00000258d50f3110 code [0x00000258d50f32e0, 0x00000258d50f36e8]
Event: 108.606 Thread 0x00000258eb258d10 14007       4       org.codehaus.groovy.util.FastArray::copy (31 bytes)
Event: 108.611 Thread 0x00000258eb258d10 nmethod 14007 0x00000258dbd8c890 code [0x00000258dbd8ca40, 0x00000258dbd8ccb8]
Event: 108.616 Thread 0x00000258eb258d10 14008   !   4       java.util.zip.ZipFile::getEntry (59 bytes)
Event: 108.629 Thread 0x00000258eb25eaa0 14012       3       org.gradle.api.reflect.TypeOf::typeOf (18 bytes)
Event: 108.629 Thread 0x00000258eb25eaa0 nmethod 14012 0x00000258d50f3890 code [0x00000258d50f3ac0, 0x00000258d50f42a8]
Event: 108.629 Thread 0x00000258eb25eaa0 14013       3       org.gradle.api.reflect.TypeOf$1::<init> (7 bytes)
Event: 108.630 Thread 0x00000258eb25eaa0 nmethod 14013 0x00000258d50f4590 code [0x00000258d50f4740, 0x00000258d50f49c8]
Event: 108.630 Thread 0x00000258eb25eaa0 14014       3       org.gradle.api.reflect.TypeOf::typeOf (24 bytes)
Event: 108.631 Thread 0x00000258eb25eaa0 nmethod 14014 0x00000258d50f4b10 code [0x00000258d50f4d60, 0x00000258d50f5700]
Event: 108.637 Thread 0x00000258eb258d10 nmethod 14008 0x00000258dbd8ce10 code [0x00000258dbd8d060, 0x00000258dbd8dbd8]
Event: 108.637 Thread 0x00000258eb258d10 14010       4       java.util.AbstractCollection::toArray (144 bytes)
Event: 108.647 Thread 0x00000258eb258d10 nmethod 14010 0x00000258dbd8e510 code [0x00000258dbd8e6e0, 0x00000258dbd8ec10]
Event: 108.647 Thread 0x00000258eb258d10 14011       4       java.lang.reflect.Field::copy (80 bytes)
Event: 108.652 Thread 0x00000258eb258d10 nmethod 14011 0x00000258dbd8ef10 code [0x00000258dbd8f0a0, 0x00000258dbd8f490]
Event: 108.652 Thread 0x00000258eb258d10 14009       4       java.beans.MethodDescriptor::<init> (48 bytes)

GC Heap History (20 events):
Event: 77.920 GC heap before
{Heap before GC invocations=37 (full 0):
 garbage-first heap   total 172032K, used 145281K [0x00000006e0000000, 0x0000000800000000)
  region size 4096K, 10 young (40960K), 1 survivors (4096K)
 Metaspace       used 80362K, committed 82560K, reserved 1179648K
  class space    used 11274K, committed 12352K, reserved 1048576K
}
Event: 77.926 GC heap after
{Heap after GC invocations=38 (full 0):
 garbage-first heap   total 172032K, used 112798K [0x00000006e0000000, 0x0000000800000000)
  region size 4096K, 2 young (8192K), 2 survivors (8192K)
 Metaspace       used 80362K, committed 82560K, reserved 1179648K
  class space    used 11274K, committed 12352K, reserved 1048576K
}
Event: 78.806 GC heap before
{Heap before GC invocations=39 (full 0):
 garbage-first heap   total 192512K, used 149662K [0x00000006e0000000, 0x0000000800000000)
  region size 4096K, 11 young (45056K), 2 survivors (8192K)
 Metaspace       used 82955K, committed 85184K, reserved 1179648K
  class space    used 11604K, committed 12672K, reserved 1048576K
}
Event: 78.825 GC heap after
{Heap after GC invocations=40 (full 0):
 garbage-first heap   total 192512K, used 115138K [0x00000006e0000000, 0x0000000800000000)
  region size 4096K, 1 young (4096K), 1 survivors (4096K)
 Metaspace       used 82955K, committed 85184K, reserved 1179648K
  class space    used 11604K, committed 12672K, reserved 1048576K
}
Event: 80.057 GC heap before
{Heap before GC invocations=40 (full 0):
 garbage-first heap   total 192512K, used 168386K [0x00000006e0000000, 0x0000000800000000)
  region size 4096K, 13 young (53248K), 1 survivors (4096K)
 Metaspace       used 86502K, committed 88768K, reserved 1179648K
  class space    used 12080K, committed 13184K, reserved 1048576K
}
Event: 80.068 GC heap after
{Heap after GC invocations=41 (full 0):
 garbage-first heap   total 233472K, used 119302K [0x00000006e0000000, 0x0000000800000000)
  region size 4096K, 2 young (8192K), 2 survivors (8192K)
 Metaspace       used 86502K, committed 88768K, reserved 1179648K
  class space    used 12080K, committed 13184K, reserved 1048576K
}
Event: 87.623 GC heap before
{Heap before GC invocations=41 (full 0):
 garbage-first heap   total 233472K, used 193030K [0x00000006e0000000, 0x0000000800000000)
  region size 4096K, 20 young (81920K), 2 survivors (8192K)
 Metaspace       used 87661K, committed 89984K, reserved 1179648K
  class space    used 12251K, committed 13376K, reserved 1048576K
}
Event: 87.635 GC heap after
{Heap after GC invocations=42 (full 0):
 garbage-first heap   total 233472K, used 125887K [0x00000006e0000000, 0x0000000800000000)
  region size 4096K, 3 young (12288K), 3 survivors (12288K)
 Metaspace       used 87661K, committed 89984K, reserved 1179648K
  class space    used 12251K, committed 13376K, reserved 1048576K
}
Event: 89.796 GC heap before
{Heap before GC invocations=42 (full 0):
 garbage-first heap   total 233472K, used 199615K [0x00000006e0000000, 0x0000000800000000)
  region size 4096K, 21 young (86016K), 3 survivors (12288K)
 Metaspace       used 87957K, committed 90368K, reserved 1179648K
  class space    used 12263K, committed 13440K, reserved 1048576K
}
Event: 89.813 GC heap after
{Heap after GC invocations=43 (full 0):
 garbage-first heap   total 233472K, used 134010K [0x00000006e0000000, 0x0000000800000000)
  region size 4096K, 3 young (12288K), 3 survivors (12288K)
 Metaspace       used 87957K, committed 90368K, reserved 1179648K
  class space    used 12263K, committed 13440K, reserved 1048576K
}
Event: 90.923 GC heap before
{Heap before GC invocations=43 (full 0):
 garbage-first heap   total 233472K, used 199546K [0x00000006e0000000, 0x0000000800000000)
  region size 4096K, 19 young (77824K), 3 survivors (12288K)
 Metaspace       used 87971K, committed 90368K, reserved 1179648K
  class space    used 12265K, committed 13440K, reserved 1048576K
}
Event: 90.932 GC heap after
{Heap after GC invocations=44 (full 0):
 garbage-first heap   total 233472K, used 135903K [0x00000006e0000000, 0x0000000800000000)
  region size 4096K, 1 young (4096K), 1 survivors (4096K)
 Metaspace       used 87971K, committed 90368K, reserved 1179648K
  class space    used 12265K, committed 13440K, reserved 1048576K
}
Event: 92.187 GC heap before
{Heap before GC invocations=45 (full 0):
 garbage-first heap   total 233472K, used 205535K [0x00000006e0000000, 0x0000000800000000)
  region size 4096K, 18 young (73728K), 1 survivors (4096K)
 Metaspace       used 87976K, committed 90368K, reserved 1179648K
  class space    used 12265K, committed 13440K, reserved 1048576K
}
Event: 92.194 GC heap after
{Heap after GC invocations=46 (full 0):
 garbage-first heap   total 233472K, used 137468K [0x00000006e0000000, 0x0000000800000000)
  region size 4096K, 2 young (8192K), 2 survivors (8192K)
 Metaspace       used 87976K, committed 90368K, reserved 1179648K
  class space    used 12265K, committed 13440K, reserved 1048576K
}
Event: 97.353 GC heap before
{Heap before GC invocations=46 (full 0):
 garbage-first heap   total 233472K, used 207100K [0x00000006e0000000, 0x0000000800000000)
  region size 4096K, 18 young (73728K), 2 survivors (8192K)
 Metaspace       used 90851K, committed 93248K, reserved 1179648K
  class space    used 12649K, committed 13824K, reserved 1048576K
}
Event: 97.374 GC heap after
{Heap after GC invocations=47 (full 0):
 garbage-first heap   total 233472K, used 148969K [0x00000006e0000000, 0x0000000800000000)
  region size 4096K, 3 young (12288K), 3 survivors (12288K)
 Metaspace       used 90851K, committed 93248K, reserved 1179648K
  class space    used 12649K, committed 13824K, reserved 1048576K
}
Event: 102.131 GC heap before
{Heap before GC invocations=47 (full 0):
 garbage-first heap   total 233472K, used 202217K [0x00000006e0000000, 0x0000000800000000)
  region size 4096K, 16 young (65536K), 3 survivors (12288K)
 Metaspace       used 94454K, committed 97024K, reserved 1179648K
  class space    used 13194K, committed 14464K, reserved 1048576K
}
Event: 102.140 GC heap after
{Heap after GC invocations=48 (full 0):
 garbage-first heap   total 233472K, used 152885K [0x00000006e0000000, 0x0000000800000000)
  region size 4096K, 1 young (4096K), 1 survivors (4096K)
 Metaspace       used 94454K, committed 97024K, reserved 1179648K
  class space    used 13194K, committed 14464K, reserved 1048576K
}
Event: 106.653 GC heap before
{Heap before GC invocations=49 (full 0):
 garbage-first heap   total 262144K, used 210229K [0x00000006e0000000, 0x0000000800000000)
  region size 4096K, 15 young (61440K), 1 survivors (4096K)
 Metaspace       used 98127K, committed 100608K, reserved 1179648K
  class space    used 13782K, committed 15040K, reserved 1048576K
}
Event: 106.662 GC heap after
{Heap after GC invocations=50 (full 0):
 garbage-first heap   total 262144K, used 154831K [0x00000006e0000000, 0x0000000800000000)
  region size 4096K, 1 young (4096K), 1 survivors (4096K)
 Metaspace       used 98127K, committed 100608K, reserved 1179648K
  class space    used 13782K, committed 15040K, reserved 1048576K
}

Dll operation events (14 events):
Event: 0.021 Loaded shared library C:\Users\tuce_\.vscode\extensions\redhat.java-1.40.0-win32-x64\jre\21.0.6-win32-x86_64\bin\java.dll
Event: 0.089 Loaded shared library C:\Users\tuce_\.vscode\extensions\redhat.java-1.40.0-win32-x64\jre\21.0.6-win32-x86_64\bin\zip.dll
Event: 0.286 Loaded shared library C:\Users\tuce_\.vscode\extensions\redhat.java-1.40.0-win32-x64\jre\21.0.6-win32-x86_64\bin\instrument.dll
Event: 0.294 Loaded shared library C:\Users\tuce_\.vscode\extensions\redhat.java-1.40.0-win32-x64\jre\21.0.6-win32-x86_64\bin\net.dll
Event: 0.298 Loaded shared library C:\Users\tuce_\.vscode\extensions\redhat.java-1.40.0-win32-x64\jre\21.0.6-win32-x86_64\bin\nio.dll
Event: 0.304 Loaded shared library C:\Users\tuce_\.vscode\extensions\redhat.java-1.40.0-win32-x64\jre\21.0.6-win32-x86_64\bin\zip.dll
Event: 0.940 Loaded shared library C:\Users\tuce_\.vscode\extensions\redhat.java-1.40.0-win32-x64\jre\21.0.6-win32-x86_64\bin\jimage.dll
Event: 1.412 Loaded shared library C:\Users\tuce_\.vscode\extensions\redhat.java-1.40.0-win32-x64\jre\21.0.6-win32-x86_64\bin\verify.dll
Event: 1.745 Loaded shared library C:\Users\tuce_\.gradle\native\c067742578af261105cb4f569cf0c3c89f3d7b1fecec35dd04571415982c5e48\windows-amd64\native-platform.dll
Event: 1.753 Loaded shared library C:\Users\tuce_\.gradle\native\100fb08df4bc3b14c8652ba06237920a3bd2aa13389f12d3474272988ae205f9\windows-amd64\native-platform-file-events.dll
Event: 5.240 Loaded shared library C:\Users\tuce_\.vscode\extensions\redhat.java-1.40.0-win32-x64\jre\21.0.6-win32-x86_64\bin\management.dll
Event: 5.247 Loaded shared library C:\Users\tuce_\.vscode\extensions\redhat.java-1.40.0-win32-x64\jre\21.0.6-win32-x86_64\bin\management_ext.dll
Event: 5.895 Loaded shared library C:\Users\tuce_\.vscode\extensions\redhat.java-1.40.0-win32-x64\jre\21.0.6-win32-x86_64\bin\extnet.dll
Event: 6.289 Loaded shared library C:\Users\tuce_\.vscode\extensions\redhat.java-1.40.0-win32-x64\jre\21.0.6-win32-x86_64\bin\sunmscapi.dll

Deoptimization events (20 events):
Event: 107.371 Thread 0x00000258f0edbfa0 Uncommon trap: trap_request=0xffffff45 fr.pc=0x00000258dbb41a10 relative=0x0000000000000070
Event: 107.371 Thread 0x00000258f0edbfa0 Uncommon trap: reason=unstable_if action=reinterpret pc=0x00000258dbb41a10 method=sun.nio.ch.SocketChannelImpl.endWrite(ZZ)V @ 1 c2
Event: 107.371 Thread 0x00000258f0edbfa0 DEOPT PACKING pc=0x00000258dbb41a10 sp=0x000000b45a5fef50
Event: 107.371 Thread 0x00000258f0edbfa0 DEOPT UNPACKING pc=0x00000258db0a46a2 sp=0x000000b45a5feee0 mode 2
Event: 107.919 Thread 0x00000258f03d3350 Uncommon trap: trap_request=0xffffff45 fr.pc=0x00000258db7114e4 relative=0x00000000000000c4
Event: 107.919 Thread 0x00000258f03d3350 Uncommon trap: reason=unstable_if action=reinterpret pc=0x00000258db7114e4 method=java.lang.invoke.LambdaForm$BasicType.basicType(C)Ljava/lang/invoke/LambdaForm$BasicType; @ 1 c2
Event: 107.919 Thread 0x00000258f03d3350 DEOPT PACKING pc=0x00000258db7114e4 sp=0x000000b45a2f3600
Event: 107.919 Thread 0x00000258f03d3350 DEOPT UNPACKING pc=0x00000258db0a46a2 sp=0x000000b45a2f3598 mode 2
Event: 107.942 Thread 0x00000258f03d3350 Uncommon trap: trap_request=0xffffff45 fr.pc=0x00000258dbbe1f08 relative=0x0000000000000068
Event: 107.942 Thread 0x00000258f03d3350 Uncommon trap: reason=unstable_if action=reinterpret pc=0x00000258dbbe1f08 method=java.lang.StringConcatHelper.stringOf(Ljava/lang/Object;)Ljava/lang/String; @ 1 c2
Event: 107.942 Thread 0x00000258f03d3350 DEOPT PACKING pc=0x00000258dbbe1f08 sp=0x000000b45a2f4560
Event: 107.942 Thread 0x00000258f03d3350 DEOPT UNPACKING pc=0x00000258db0a46a2 sp=0x000000b45a2f44f0 mode 2
Event: 108.002 Thread 0x00000258f03d3350 Uncommon trap: trap_request=0xffffff76 fr.pc=0x00000258dbd88dfc relative=0x000000000000041c
Event: 108.002 Thread 0x00000258f03d3350 Uncommon trap: reason=predicate action=maybe_recompile pc=0x00000258dbd88dfc method=java.util.AbstractCollection.toArray([Ljava/lang/Object;)[Ljava/lang/Object; @ 43 c2
Event: 108.002 Thread 0x00000258f03d3350 DEOPT PACKING pc=0x00000258dbd88dfc sp=0x000000b45a2f4690
Event: 108.002 Thread 0x00000258f03d3350 DEOPT UNPACKING pc=0x00000258db0a46a2 sp=0x000000b45a2f4638 mode 2
Event: 108.051 Thread 0x00000258f03d3350 Uncommon trap: trap_request=0xffffff45 fr.pc=0x00000258db907698 relative=0x00000000000005d8
Event: 108.051 Thread 0x00000258f03d3350 Uncommon trap: reason=unstable_if action=reinterpret pc=0x00000258db907698 method=org.gradle.internal.snapshot.impl.AbstractValueProcessor.processValue(Ljava/lang/Object;Lorg/gradle/internal/snapshot/impl/AbstractValueProcessor$ValueVisitor;)Ljava/lang/Ob
Event: 108.051 Thread 0x00000258f03d3350 DEOPT PACKING pc=0x00000258db907698 sp=0x000000b45a2f4790
Event: 108.051 Thread 0x00000258f03d3350 DEOPT UNPACKING pc=0x00000258db0a46a2 sp=0x000000b45a2f4748 mode 2

Classes loaded (20 events):
Event: 99.740 Loading class java/util/concurrent/atomic/AtomicIntegerArray
Event: 99.740 Loading class java/util/concurrent/atomic/AtomicIntegerArray done
Event: 99.752 Loading class java/util/Currency
Event: 99.761 Loading class java/util/Currency done
Event: 99.782 Loading class java/util/concurrent/atomic/AtomicLongArray
Event: 99.782 Loading class java/util/concurrent/atomic/AtomicLongArray done
Event: 99.888 Loading class sun/reflect/generics/repository/FieldRepository
Event: 99.888 Loading class sun/reflect/generics/repository/FieldRepository done
Event: 99.957 Loading class jdk/internal/vm/annotation/ForceInline
Event: 99.957 Loading class jdk/internal/vm/annotation/ForceInline done
Event: 100.348 Loading class java/util/regex/Pattern$Caret
Event: 100.348 Loading class java/util/regex/Pattern$Caret done
Event: 105.035 Loading class java/net/Proxy
Event: 105.036 Loading class java/net/Proxy done
Event: 105.036 Loading class java/net/Proxy$Type
Event: 105.036 Loading class java/net/Proxy$Type done
Event: 105.256 Loading class java/io/FileReader
Event: 105.256 Loading class java/io/FileReader done
Event: 108.618 Loading class java/beans/ParameterDescriptor
Event: 108.619 Loading class java/beans/ParameterDescriptor done

Classes unloaded (0 events):
No events

Classes redefined (0 events):
No events

Internal exceptions (20 events):
Event: 95.568 Thread 0x00000258f03d3350 Exception <a 'java/lang/ClassNotFoundException'{0x00000006eac811b8}: com/google/common/collect/SingletonImmutableSetCustomizer> (0x00000006eac811b8) 
thrown [s\src\hotspot\share\classfile\systemDictionary.cpp, line 312]
Event: 95.669 Thread 0x00000258f03d3350 Exception <a 'java/lang/ClassNotFoundException'{0x00000006ead1ce50}: com/android/build/gradle/internal/dsl/SigningConfig$AgpDecorated_DecoratedBeanInfo> (0x00000006ead1ce50) 
thrown [s\src\hotspot\share\classfile\systemDictionary.cpp, line 312]
Event: 95.670 Thread 0x00000258f03d3350 Exception <a 'java/lang/ClassNotFoundException'{0x00000006ead2e950}: com/android/build/gradle/internal/dsl/SigningConfig$AgpDecoratedBeanInfo> (0x00000006ead2e950) 
thrown [s\src\hotspot\share\classfile\systemDictionary.cpp, line 312]
Event: 95.672 Thread 0x00000258f03d3350 Exception <a 'java/lang/ClassNotFoundException'{0x00000006ead40250}: com/android/build/gradle/internal/dsl/SigningConfigBeanInfo> (0x00000006ead40250) 
thrown [s\src\hotspot\share\classfile\systemDictionary.cpp, line 312]
Event: 95.673 Thread 0x00000258f03d3350 Exception <a 'java/lang/ClassNotFoundException'{0x00000006ead51da0}: com/android/builder/signing/DefaultSigningConfigBeanInfo> (0x00000006ead51da0) 
thrown [s\src\hotspot\share\classfile\systemDictionary.cpp, line 312]
Event: 95.674 Thread 0x00000258f03d3350 Exception <a 'java/lang/ClassNotFoundException'{0x00000006ead63b88}: com/android/builder/signing/DefaultSigningConfigCustomizer> (0x00000006ead63b88) 
thrown [s\src\hotspot\share\classfile\systemDictionary.cpp, line 312]
Event: 95.676 Thread 0x00000258f03d3350 Exception <a 'java/lang/ClassNotFoundException'{0x00000006ead8d3e0}: com/android/build/gradle/internal/dsl/SigningConfigCustomizer> (0x00000006ead8d3e0) 
thrown [s\src\hotspot\share\classfile\systemDictionary.cpp, line 312]
Event: 95.678 Thread 0x00000258f03d3350 Exception <a 'java/lang/ClassNotFoundException'{0x00000006eada7528}: com/android/build/gradle/internal/dsl/SigningConfig$AgpDecoratedCustomizer> (0x00000006eada7528) 
thrown [s\src\hotspot\share\classfile\systemDictionary.cpp, line 312]
Event: 95.681 Thread 0x00000258f03d3350 Exception <a 'java/lang/ClassNotFoundException'{0x00000006eaddbe88}: com/android/build/gradle/internal/dsl/SigningConfig$AgpDecorated_DecoratedCustomizer> (0x00000006eaddbe88) 
thrown [s\src\hotspot\share\classfile\systemDictionary.cpp, line 312]
Event: 98.803 Thread 0x00000258f03d3350 Exception <a 'java/lang/NoSuchMethodError'{0x00000006ed62bca0}: 'java.lang.Object java.lang.invoke.DirectMethodHandle$Holder.newInvokeSpecial(java.lang.Object, java.lang.Object, java.lang.Object, java.lang.Object, java.lang.Object, java.lang.Object, java.lang.Object, java.lang.Object, java.lang.Object, java.lang.Object, java.lang.Object, java.lang.Object, java.lang.Object, java.lang.Object, java.lang.Object)'> (0x00000006ed62bca0) 
thrown [s\src\hotspot\share\interpreter\linkResolver.cpp, line 773]
Event: 104.889 Thread 0x00000258f03d3350 Exception <a 'java/lang/NoSuchMethodError'{0x00000006edda4030}: 'java.lang.Object java.lang.invoke.Invokers$Holder.invokeExact_MT(java.lang.Object, java.lang.Object, java.lang.Object, int, java.lang.Object, java.lang.Object)'> (0x00000006edda4030) 
thrown [s\src\hotspot\share\interpreter\linkResolver.cpp, line 773]
Event: 105.467 Thread 0x00000258f03d3350 Exception <a 'java/lang/NoSuchMethodError'{0x00000006ed5cd1a0}: 'void java.lang.invoke.Invokers$Holder.invokeExact_MT(java.lang.Object, java.lang.Object, int, java.lang.Object)'> (0x00000006ed5cd1a0) 
thrown [s\src\hotspot\share\interpreter\linkResolver.cpp, line 773]
Event: 107.371 Thread 0x00000258f0edbfa0 Implicit null exception at 0x00000258db9f150b to 0x00000258db9f15e8
Event: 107.371 Thread 0x00000258f0edbfa0 Implicit null exception at 0x00000258dbb84013 to 0x00000258dbb849d4
Event: 108.609 Thread 0x00000258f03d3350 Exception <a 'java/lang/ClassNotFoundException'{0x00000006ee8566b8}: com/android/build/gradle/internal/api/ApkVariantOutputImpl_DecoratedBeanInfo> (0x00000006ee8566b8) 
thrown [s\src\hotspot\share\classfile\systemDictionary.cpp, line 312]
Event: 108.612 Thread 0x00000258f03d3350 Exception <a 'java/lang/ClassNotFoundException'{0x00000006ee864b08}: com/android/build/gradle/internal/api/ApkVariantOutputImplBeanInfo> (0x00000006ee864b08) 
thrown [s\src\hotspot\share\classfile\systemDictionary.cpp, line 312]
Event: 108.613 Thread 0x00000258f03d3350 Exception <a 'java/lang/ClassNotFoundException'{0x00000006ee873a28}: com/android/build/gradle/internal/api/BaseVariantOutputImplBeanInfo> (0x00000006ee873a28) 
thrown [s\src\hotspot\share\classfile\systemDictionary.cpp, line 312]
Event: 108.614 Thread 0x00000258f03d3350 Exception <a 'java/lang/ClassNotFoundException'{0x00000006ee882110}: com/android/build/gradle/internal/api/BaseVariantOutputImplCustomizer> (0x00000006ee882110) 
thrown [s\src\hotspot\share\classfile\systemDictionary.cpp, line 312]
Event: 108.617 Thread 0x00000258f03d3350 Exception <a 'java/lang/ClassNotFoundException'{0x00000006ee8a3790}: com/android/build/gradle/internal/api/ApkVariantOutputImplCustomizer> (0x00000006ee8a3790) 
thrown [s\src\hotspot\share\classfile\systemDictionary.cpp, line 312]
Event: 108.621 Thread 0x00000258f03d3350 Exception <a 'java/lang/ClassNotFoundException'{0x00000006ee8c0500}: com/android/build/gradle/internal/api/ApkVariantOutputImpl_DecoratedCustomizer> (0x00000006ee8c0500) 
thrown [s\src\hotspot\share\classfile\systemDictionary.cpp, line 312]

ZGC Phase Switch (0 events):
No events

VM Operations (20 events):
Event: 102.091 Executing VM operation: Cleanup
Event: 102.107 Executing VM operation: Cleanup done
Event: 102.131 Executing VM operation: G1CollectForAllocation (G1 Evacuation Pause)
Event: 102.140 Executing VM operation: G1CollectForAllocation (G1 Evacuation Pause) done
Event: 102.332 Executing VM operation: G1PauseRemark
Event: 102.349 Executing VM operation: G1PauseRemark done
Event: 102.432 Executing VM operation: G1PauseCleanup
Event: 102.433 Executing VM operation: G1PauseCleanup done
Event: 103.440 Executing VM operation: Cleanup
Event: 103.441 Executing VM operation: Cleanup done
Event: 104.450 Executing VM operation: Cleanup
Event: 104.451 Executing VM operation: Cleanup done
Event: 105.251 Executing VM operation: HandshakeAllThreads (Deoptimize)
Event: 105.252 Executing VM operation: HandshakeAllThreads (Deoptimize) done
Event: 106.265 Executing VM operation: Cleanup
Event: 106.265 Executing VM operation: Cleanup done
Event: 106.653 Executing VM operation: G1CollectForAllocation (G1 Evacuation Pause)
Event: 106.662 Executing VM operation: G1CollectForAllocation (G1 Evacuation Pause) done
Event: 108.676 Executing VM operation: Cleanup
Event: 108.676 Executing VM operation: Cleanup done

Memory protections (0 events):
No events

Nmethod flushes (20 events):
Event: 102.346 Thread 0x00000258eb238350 flushing  nmethod 0x00000258d45c9f90
Event: 102.346 Thread 0x00000258eb238350 flushing  nmethod 0x00000258d467cc10
Event: 102.346 Thread 0x00000258eb238350 flushing  nmethod 0x00000258d469d110
Event: 102.346 Thread 0x00000258eb238350 flushing  nmethod 0x00000258d46c7b10
Event: 102.346 Thread 0x00000258eb238350 flushing  nmethod 0x00000258d46e8310
Event: 102.346 Thread 0x00000258eb238350 flushing  nmethod 0x00000258d46efd90
Event: 102.346 Thread 0x00000258eb238350 flushing  nmethod 0x00000258d46f2810
Event: 102.346 Thread 0x00000258eb238350 flushing  nmethod 0x00000258d46fce10
Event: 102.346 Thread 0x00000258eb238350 flushing  nmethod 0x00000258d46fe090
Event: 102.346 Thread 0x00000258eb238350 flushing  nmethod 0x00000258d4743210
Event: 102.346 Thread 0x00000258eb238350 flushing  nmethod 0x00000258d4743a10
Event: 102.346 Thread 0x00000258eb238350 flushing  nmethod 0x00000258d4745f90
Event: 102.346 Thread 0x00000258eb238350 flushing  nmethod 0x00000258d474cc10
Event: 102.346 Thread 0x00000258eb238350 flushing  nmethod 0x00000258d4782a10
Event: 102.346 Thread 0x00000258eb238350 flushing  nmethod 0x00000258d4788990
Event: 102.346 Thread 0x00000258eb238350 flushing  nmethod 0x00000258d47b1990
Event: 102.346 Thread 0x00000258eb238350 flushing  nmethod 0x00000258d47b7f90
Event: 102.346 Thread 0x00000258eb238350 flushing  nmethod 0x00000258d47dbd10
Event: 102.346 Thread 0x00000258eb238350 flushing  nmethod 0x00000258d4801810
Event: 102.346 Thread 0x00000258eb238350 flushing  nmethod 0x00000258d4daba90

Events (20 events):
Event: 71.752 Thread 0x00000258f03d3350 Thread added: 0x00000258f28ede50
Event: 71.752 Thread 0x00000258f03d3350 Thread added: 0x00000258f28ef200
Event: 71.753 Thread 0x00000258f03d3350 Thread added: 0x00000258f28ecaa0
Event: 71.754 Thread 0x00000258f03d3350 Thread added: 0x00000258f28ed7c0
Event: 71.755 Thread 0x00000258f03d3350 Thread added: 0x00000258f28ee4e0
Event: 71.756 Thread 0x00000258f03d3350 Thread added: 0x00000258f28ef890
Event: 79.377 Thread 0x00000258f03d3350 Thread added: 0x00000258f28e9cb0
Event: 89.058 Thread 0x00000258f03d3350 Thread added: 0x00000258f5739fa0
Event: 89.071 Thread 0x00000258f03d3350 Thread added: 0x00000258f573a630
Event: 89.071 Thread 0x00000258f03d3350 Thread added: 0x00000258f573fb80
Event: 89.074 Thread 0x00000258f03d3350 Thread added: 0x00000258f573e7d0
Event: 89.075 Thread 0x00000258f03d3350 Thread added: 0x00000258f573acc0
Event: 89.076 Thread 0x00000258f03d3350 Thread added: 0x00000258f573ee60
Event: 89.076 Thread 0x00000258f03d3350 Thread added: 0x00000258f573b9e0
Event: 89.155 Thread 0x00000258f03d3350 Thread added: 0x00000258f573c070
Event: 89.157 Thread 0x00000258f03d3350 Thread added: 0x00000258f573dab0
Event: 89.158 Thread 0x00000258f03d3350 Thread added: 0x00000258f573c700
Event: 89.161 Thread 0x00000258f03d3350 Thread added: 0x00000258f573d420
Event: 89.187 Thread 0x00000258f03d3350 Thread added: 0x00000258f573b350
Event: 89.190 Thread 0x00000258f03d3350 Thread added: 0x00000258f573cd90


Dynamic libraries:
0x00007ff7ecd80000 - 0x00007ff7ecd8e000 	C:\Users\tuce_\.vscode\extensions\redhat.java-1.40.0-win32-x64\jre\21.0.6-win32-x86_64\bin\java.exe
0x00007ffa465d0000 - 0x00007ffa467e7000 	C:\WINDOWS\SYSTEM32\ntdll.dll
0x00007ffa45b90000 - 0x00007ffa45c54000 	C:\WINDOWS\System32\KERNEL32.DLL
0x00007ffa43ef0000 - 0x00007ffa442c0000 	C:\WINDOWS\System32\KERNELBASE.dll
0x00007ffa3f1d0000 - 0x00007ffa3f267000 	C:\WINDOWS\SYSTEM32\apphelp.dll
0x00007ffa43cf0000 - 0x00007ffa43e01000 	C:\WINDOWS\System32\ucrtbase.dll
0x00007ffa329b0000 - 0x00007ffa329c8000 	C:\Users\tuce_\.vscode\extensions\redhat.java-1.40.0-win32-x64\jre\21.0.6-win32-x86_64\bin\jli.dll
0x00007ffa44580000 - 0x00007ffa4472e000 	C:\WINDOWS\System32\USER32.dll
0x00007ffa43ec0000 - 0x00007ffa43ee6000 	C:\WINDOWS\System32\win32u.dll
0x00007ffa442c0000 - 0x00007ffa442e9000 	C:\WINDOWS\System32\GDI32.dll
0x00007ffa32320000 - 0x00007ffa3233e000 	C:\Users\tuce_\.vscode\extensions\redhat.java-1.40.0-win32-x64\jre\21.0.6-win32-x86_64\bin\VCRUNTIME140.dll
0x00007ffa43bd0000 - 0x00007ffa43ceb000 	C:\WINDOWS\System32\gdi32full.dll
0x00007ffa302a0000 - 0x00007ffa30532000 	C:\WINDOWS\WinSxS\amd64_microsoft.windows.common-controls_6595b64144ccf1df_6.0.22621.4830_none_270fe7d773858e80\COMCTL32.dll
0x00007ffa45e30000 - 0x00007ffa45ed7000 	C:\WINDOWS\System32\msvcrt.dll
0x00007ffa439c0000 - 0x00007ffa43a5a000 	C:\WINDOWS\System32\msvcp_win.dll
0x00007ffa44540000 - 0x00007ffa44571000 	C:\WINDOWS\System32\IMM32.DLL
0x00007ffa32d50000 - 0x00007ffa32d5c000 	C:\Users\tuce_\.vscode\extensions\redhat.java-1.40.0-win32-x64\jre\21.0.6-win32-x86_64\bin\vcruntime140_1.dll
0x00007ff9e6cc0000 - 0x00007ff9e6d4d000 	C:\Users\tuce_\.vscode\extensions\redhat.java-1.40.0-win32-x64\jre\21.0.6-win32-x86_64\bin\msvcp140.dll
0x00007ff99c6a0000 - 0x00007ff99d430000 	C:\Users\tuce_\.vscode\extensions\redhat.java-1.40.0-win32-x64\jre\21.0.6-win32-x86_64\bin\server\jvm.dll
0x00007ffa46340000 - 0x00007ffa463f1000 	C:\WINDOWS\System32\ADVAPI32.dll
0x00007ffa45d80000 - 0x00007ffa45e27000 	C:\WINDOWS\System32\sechost.dll
0x00007ffa43e10000 - 0x00007ffa43e38000 	C:\WINDOWS\System32\bcrypt.dll
0x00007ffa44c30000 - 0x00007ffa44d44000 	C:\WINDOWS\System32\RPCRT4.dll
0x00007ffa44300000 - 0x00007ffa44371000 	C:\WINDOWS\System32\WS2_32.dll
0x00007ffa43750000 - 0x00007ffa4379d000 	C:\WINDOWS\SYSTEM32\POWRPROF.dll
0x00007ffa3ead0000 - 0x00007ffa3eb04000 	C:\WINDOWS\SYSTEM32\WINMM.dll
0x00007ffa3be60000 - 0x00007ffa3be6a000 	C:\WINDOWS\SYSTEM32\VERSION.dll
0x00007ffa43730000 - 0x00007ffa43743000 	C:\WINDOWS\SYSTEM32\UMPDC.dll
0x00007ffa428c0000 - 0x00007ffa428d8000 	C:\WINDOWS\SYSTEM32\kernel.appcore.dll
0x00007ffa324e0000 - 0x00007ffa324ea000 	C:\Users\tuce_\.vscode\extensions\redhat.java-1.40.0-win32-x64\jre\21.0.6-win32-x86_64\bin\jimage.dll
0x00007ffa37db0000 - 0x00007ffa37fe2000 	C:\WINDOWS\SYSTEM32\DBGHELP.DLL
0x00007ffa44730000 - 0x00007ffa44ac0000 	C:\WINDOWS\System32\combase.dll
0x00007ffa46400000 - 0x00007ffa464d7000 	C:\WINDOWS\System32\OLEAUT32.dll
0x00007ffa32d00000 - 0x00007ffa32d32000 	C:\WINDOWS\SYSTEM32\dbgcore.DLL
0x00007ffa43e40000 - 0x00007ffa43ebb000 	C:\WINDOWS\System32\bcryptPrimitives.dll
0x00007ffa30670000 - 0x00007ffa3067f000 	C:\Users\tuce_\.vscode\extensions\redhat.java-1.40.0-win32-x64\jre\21.0.6-win32-x86_64\bin\instrument.dll
0x00007ffa32230000 - 0x00007ffa3224f000 	C:\Users\tuce_\.vscode\extensions\redhat.java-1.40.0-win32-x64\jre\21.0.6-win32-x86_64\bin\java.dll
0x00007ffa44d50000 - 0x00007ffa455c8000 	C:\WINDOWS\System32\SHELL32.dll
0x00007ffa417d0000 - 0x00007ffa420e0000 	C:\WINDOWS\SYSTEM32\windows.storage.dll
0x00007ffa41690000 - 0x00007ffa417cf000 	C:\WINDOWS\SYSTEM32\wintypes.dll
0x00007ffa461e0000 - 0x00007ffa462ea000 	C:\WINDOWS\System32\SHCORE.dll
0x00007ffa45ee0000 - 0x00007ffa45f3e000 	C:\WINDOWS\System32\shlwapi.dll
0x00007ffa437b0000 - 0x00007ffa437db000 	C:\WINDOWS\SYSTEM32\profapi.dll
0x00007ffa32030000 - 0x00007ffa32048000 	C:\Users\tuce_\.vscode\extensions\redhat.java-1.40.0-win32-x64\jre\21.0.6-win32-x86_64\bin\zip.dll
0x00007ffa321c0000 - 0x00007ffa321d0000 	C:\Users\tuce_\.vscode\extensions\redhat.java-1.40.0-win32-x64\jre\21.0.6-win32-x86_64\bin\net.dll
0x00007ffa3cdb0000 - 0x00007ffa3cedc000 	C:\WINDOWS\SYSTEM32\WINHTTP.dll
0x00007ffa42d40000 - 0x00007ffa42daa000 	C:\WINDOWS\system32\mswsock.dll
0x00007ffa30c20000 - 0x00007ffa30c36000 	C:\Users\tuce_\.vscode\extensions\redhat.java-1.40.0-win32-x64\jre\21.0.6-win32-x86_64\bin\nio.dll
0x00007ffa32260000 - 0x00007ffa32270000 	C:\Users\tuce_\.vscode\extensions\redhat.java-1.40.0-win32-x64\jre\21.0.6-win32-x86_64\bin\verify.dll
0x00007ffa21570000 - 0x00007ffa21597000 	C:\Users\tuce_\.gradle\native\c067742578af261105cb4f569cf0c3c89f3d7b1fecec35dd04571415982c5e48\windows-amd64\native-platform.dll
0x00007ff9e3160000 - 0x00007ff9e32a4000 	C:\Users\tuce_\.gradle\native\100fb08df4bc3b14c8652ba06237920a3bd2aa13389f12d3474272988ae205f9\windows-amd64\native-platform-file-events.dll
0x00007ffa31f90000 - 0x00007ffa31f9a000 	C:\Users\tuce_\.vscode\extensions\redhat.java-1.40.0-win32-x64\jre\21.0.6-win32-x86_64\bin\management.dll
0x00007ffa31f80000 - 0x00007ffa31f8b000 	C:\Users\tuce_\.vscode\extensions\redhat.java-1.40.0-win32-x64\jre\21.0.6-win32-x86_64\bin\management_ext.dll
0x00007ffa44c20000 - 0x00007ffa44c28000 	C:\WINDOWS\System32\PSAPI.DLL
0x00007ffa42f90000 - 0x00007ffa42fab000 	C:\WINDOWS\SYSTEM32\CRYPTSP.dll
0x00007ffa42820000 - 0x00007ffa42855000 	C:\WINDOWS\system32\rsaenh.dll
0x00007ffa42e30000 - 0x00007ffa42e58000 	C:\WINDOWS\SYSTEM32\USERENV.dll
0x00007ffa42fb0000 - 0x00007ffa42fbc000 	C:\WINDOWS\SYSTEM32\CRYPTBASE.dll
0x00007ffa42340000 - 0x00007ffa4236d000 	C:\WINDOWS\SYSTEM32\IPHLPAPI.DLL
0x00007ffa455d0000 - 0x00007ffa455d9000 	C:\WINDOWS\System32\NSI.dll
0x00007ffa30ac0000 - 0x00007ffa30ac9000 	C:\Users\tuce_\.vscode\extensions\redhat.java-1.40.0-win32-x64\jre\21.0.6-win32-x86_64\bin\extnet.dll
0x00007ffa31010000 - 0x00007ffa3101e000 	C:\Users\tuce_\.vscode\extensions\redhat.java-1.40.0-win32-x64\jre\21.0.6-win32-x86_64\bin\sunmscapi.dll
0x00007ffa43a60000 - 0x00007ffa43bc6000 	C:\WINDOWS\System32\CRYPT32.dll
0x00007ffa43130000 - 0x00007ffa4315d000 	C:\WINDOWS\SYSTEM32\ncrypt.dll
0x00007ffa430f0000 - 0x00007ffa43127000 	C:\WINDOWS\SYSTEM32\NTASN1.dll
0x00007ffa30b70000 - 0x00007ffa30b78000 	C:\WINDOWS\system32\wshunix.dll
0x00007ffa31030000 - 0x00007ffa31047000 	C:\WINDOWS\system32\napinsp.dll
0x00007ffa31050000 - 0x00007ffa3106b000 	C:\WINDOWS\system32\pnrpnsp.dll
0x00007ffa423b0000 - 0x00007ffa424b2000 	C:\WINDOWS\SYSTEM32\DNSAPI.dll
0x00007ffa31070000 - 0x00007ffa31081000 	C:\WINDOWS\System32\winrnr.dll
0x00007ffa373c0000 - 0x00007ffa373d5000 	C:\WINDOWS\system32\wshbth.dll
0x00007ffa3cee0000 - 0x00007ffa3cf07000 	C:\WINDOWS\system32\nlansp_c.dll
0x00007ffa32e80000 - 0x00007ffa32e8a000 	C:\Windows\System32\rasadhlp.dll
0x00007ffa3bf40000 - 0x00007ffa3bfc3000 	C:\WINDOWS\System32\fwpuclnt.dll

dbghelp: loaded successfully - version: 4.0.5 - missing functions: none
symbol engine: initialized successfully - sym options: 0x614 - pdb path: .;C:\Users\tuce_\.vscode\extensions\redhat.java-1.40.0-win32-x64\jre\21.0.6-win32-x86_64\bin;C:\WINDOWS\SYSTEM32;C:\WINDOWS\WinSxS\amd64_microsoft.windows.common-controls_6595b64144ccf1df_6.0.22621.4830_none_270fe7d773858e80;C:\Users\tuce_\.vscode\extensions\redhat.java-1.40.0-win32-x64\jre\21.0.6-win32-x86_64\bin\server;C:\Users\tuce_\.gradle\native\c067742578af261105cb4f569cf0c3c89f3d7b1fecec35dd04571415982c5e48\windows-amd64;C:\Users\tuce_\.gradle\native\100fb08df4bc3b14c8652ba06237920a3bd2aa13389f12d3474272988ae205f9\windows-amd64

VM Arguments:
jvm_args: --add-opens=java.base/java.util=ALL-UNNAMED --add-opens=java.base/java.lang=ALL-UNNAMED --add-opens=java.base/java.lang.invoke=ALL-UNNAMED --add-opens=java.prefs/java.util.prefs=ALL-UNNAMED --add-exports=jdk.compiler/com.sun.tools.javac.api=ALL-UNNAMED --add-exports=jdk.compiler/com.sun.tools.javac.util=ALL-UNNAMED --add-opens=java.base/java.nio.charset=ALL-UNNAMED --add-opens=java.base/java.net=ALL-UNNAMED --add-opens=java.base/java.util.concurrent.atomic=ALL-UNNAMED -Xmx4608m -Dfile.encoding=utf8 -Duser.country=TR -Duser.language=tr -Duser.variant -javaagent:C:\Users\tuce_\.gradle\wrapper\dists\gradle-8.9-bin\90cnw93cvbtalezasaz0blq0a\gradle-8.9\lib\agents\gradle-instrumentation-agent-8.9.jar 
java_command: org.gradle.launcher.daemon.bootstrap.GradleDaemon 8.9
java_class_path (initial): C:\Users\tuce_\.gradle\wrapper\dists\gradle-8.9-bin\90cnw93cvbtalezasaz0blq0a\gradle-8.9\lib\gradle-daemon-main-8.9.jar
Launcher Type: SUN_STANDARD

[Global flags]
     intx CICompilerCount                          = 4                                         {product} {ergonomic}
     uint ConcGCThreads                            = 2                                         {product} {ergonomic}
     uint G1ConcRefinementThreads                  = 8                                         {product} {ergonomic}
   size_t G1HeapRegionSize                         = 4194304                                   {product} {ergonomic}
    uintx GCDrainStackTargetSize                   = 64                                        {product} {ergonomic}
   size_t InitialHeapSize                          = 134217728                                 {product} {ergonomic}
   size_t MarkStackSize                            = 4194304                                   {product} {ergonomic}
   size_t MaxHeapSize                              = 4831838208                                {product} {command line}
   size_t MaxNewSize                               = 2898264064                                {product} {ergonomic}
   size_t MinHeapDeltaBytes                        = 4194304                                   {product} {ergonomic}
   size_t MinHeapSize                              = 8388608                                   {product} {ergonomic}
    uintx NonNMethodCodeHeapSize                   = 5839372                                {pd product} {ergonomic}
    uintx NonProfiledCodeHeapSize                  = 122909434                              {pd product} {ergonomic}
    uintx ProfiledCodeHeapSize                     = 122909434                              {pd product} {ergonomic}
    uintx ReservedCodeCacheSize                    = 251658240                              {pd product} {ergonomic}
     bool SegmentedCodeCache                       = true                                      {product} {ergonomic}
   size_t SoftMaxHeapSize                          = 4831838208                             {manageable} {ergonomic}
     bool UseCompressedOops                        = true                           {product lp64_product} {ergonomic}
     bool UseG1GC                                  = true                                      {product} {ergonomic}
     bool UseLargePagesIndividualAllocation        = false                                  {pd product} {ergonomic}

Logging:
Log output configuration:
 #0: stdout all=warning uptime,level,tags foldmultilines=false
 #1: stderr all=off uptime,level,tags foldmultilines=false

Environment Variables:
JAVA_HOME=C:\Program Files\Java\jdk-17
PATH=C:\WINDOWS\system32;C:\WINDOWS;C:\WINDOWS\System32\Wbem;C:\WINDOWS\System32\WindowsPowerShell\v1.0\;C:\WINDOWS\System32\OpenSSH\;C:\Program Files (x86)\Vector CANdb++ 3.1\Exec32;C:\ProgramData\ComposerSetup\bin;C:\Users\tuce_\AppData\Local\Android\Sdk\platform-tools;C:\Users\tuce_\AppData\Local\Android\Sdk\emulator;C:\Program Files\Git\cmd;C:\Program Files\Java\jdk-17\bin;C:\Users\tuce_\AppData\Local\Android\Sdk\platform-tools;C:\Users\tuce_\AppData\Local\Android\Sdk\tools;C:\WINDOWS\system32;C:\WINDOWS;C:\WINDOWS\System32\Wbem;C:\WINDOWS\System32\WindowsPowerShell\v1.0\;C:\WINDOWS\System32\OpenSSH\;C:\Program Files (x86)\Vector CANdb++ 3.1\Exec32;C:\ProgramData\ComposerSetup\bin;C:\flutter\engine\src\flutter\tools\android_sdk\platform-tools;C:\flutter\engine\src\flutter\tools\android_sdk\emulator;C:\Users\tuce_\AppData\Local\Microsoft\WindowsApps;C:\Users\tuce_\AppData\Local\Programs\Microsoft VS Code\bin;C:\ProgramData\tuce_\GitHubDesktop\bin;C:\Users\tuce_\Desktop\bin;C:\Users\tuce_\AppData\Roaming\Composer\vendor\bin;C:\xampp\;c:\xampp\apache\bin\;C:\flutter\bin;C:\Program Files\Shell_Check;C:\Users\tuce_\AppData\Local\Android\Sdk\platform-tools;
USERNAME=tuce_
OS=Windows_NT
PROCESSOR_IDENTIFIER=Intel64 Family 6 Model 142 Stepping 12, GenuineIntel
TMP=C:\Users\tuce_\AppData\Local\Temp
TEMP=C:\Users\tuce_\AppData\Local\Temp




Periodic native trim disabled

---------------  S Y S T E M  ---------------

OS:
 Windows 11 , 64 bit Build 22621 (10.0.22621.4830)
OS uptime: 0 days 8:10 hours

CPU: total 8 (initial active 8) (4 cores per cpu, 2 threads per core) family 6 model 142 stepping 12 microcode 0xde, cx8, cmov, fxsr, ht, mmx, 3dnowpref, sse, sse2, sse3, ssse3, sse4.1, sse4.2, popcnt, lzcnt, tsc, tscinvbit, avx, avx2, aes, erms, clmul, bmi1, bmi2, adx, fma, vzeroupper, clflush, clflushopt, rdtscp, f16c
Processor Information for the first 8 processors :
  Max Mhz: 2112, Current Mhz: 2112, Mhz Limit: 1605

Memory: 4k page, system-wide physical 8025M (157M free)
TotalPageFile size 21191M (AvailPageFile size 0M)
current process WorkingSet (physical memory assigned to process): 392M, peak: 451M
current process commit charge ("private bytes"): 582M, peak: 583M

vm_info: OpenJDK 64-Bit Server VM (21.0.6+7-LTS) for windows-amd64 JRE (21.0.6+7-LTS), built on 2025-01-21T00:00:00Z by "admin" with MS VC++ 17.7 (VS2022)

END.
