#
# There is insufficient memory for the Java Runtime Environment to continue.
# Native memory allocation (mmap) failed to map 817889280 bytes. Error detail: G1 virtual space
# Possible reasons:
#   The system is out of physical RAM or swap space
#   This process is running with CompressedOops enabled, and the Java Heap may be blocking the growth of the native heap
# Possible solutions:
#   Reduce memory load on the system
#   Increase physical memory or swap space
#   Check if swap backing store is full
#   Decrease Java heap size (-Xmx/-Xms)
#   Decrease number of Java threads
#   Decrease Java thread stack sizes (-Xss)
#   Set larger code cache with -XX:ReservedCodeCacheSize=
#   JVM is running with Zero Based Compressed Oops mode in which the Java heap is
#     placed in the first 32GB address space. The Java Heap base address is the
#     maximum limit for the native heap growth. Please use -XX:HeapBaseMinAddress
#     to set the Java Heap base and to place the Java Heap above 32GB virtual address.
# This output file may be truncated or incomplete.
#
#  Out of Memory Error (os_windows.cpp:3618), pid=4868, tid=8776
#
# JRE version: OpenJDK Runtime Environment Zulu17.56+15-CA (17.0.14+7) (build 17.0.14+7-LTS)
# Java VM: OpenJDK 64-Bit Server VM Zulu17.56+15-CA (17.0.14+7-LTS, mixed mode, sharing, tiered, compressed oops, compressed class ptrs, g1 gc, windows-amd64)
# No core dump will be written. Minidumps are not enabled by default on client versions of Windows
#

---------------  S U M M A R Y ------------

Command Line: --add-opens=java.base/java.util=ALL-UNNAMED --add-opens=java.base/java.lang=ALL-UNNAMED --add-opens=java.base/java.lang.invoke=ALL-UNNAMED --add-opens=java.prefs/java.util.prefs=ALL-UNNAMED --add-exports=jdk.compiler/com.sun.tools.javac.api=ALL-UNNAMED --add-exports=jdk.compiler/com.sun.tools.javac.util=ALL-UNNAMED --add-opens=java.base/java.nio.charset=ALL-UNNAMED --add-opens=java.base/java.net=ALL-UNNAMED --add-opens=java.base/java.util.concurrent.atomic=ALL-UNNAMED -Xmx4608m -Dfile.encoding=utf8 -Duser.country=TR -Duser.language=tr -Duser.variant -javaagent:C:\Users\tuce_\.gradle\wrapper\dists\gradle-8.9-bin\90cnw93cvbtalezasaz0blq0a\gradle-8.9\lib\agents\gradle-instrumentation-agent-8.9.jar org.gradle.launcher.daemon.bootstrap.GradleDaemon 8.9

Host: Intel(R) Core(TM) i5-10210U CPU @ 1.60GHz, 8 cores, 7G,  Windows 11 , 64 bit Build 22621 (10.0.22621.4830)
Time: Thu Mar  6 15:43:26 2025 Türkiye Standart Saati elapsed time: 78.053505 seconds (0d 0h 1m 18s)

---------------  T H R E A D  ---------------

Current thread (0x0000021634e21f20):  VMThread "VM Thread" [stack: 0x000000a4e5b00000,0x000000a4e5c00000] [id=8776]

Stack: [0x000000a4e5b00000,0x000000a4e5c00000]
Native frames: (J=compiled Java code, j=interpreted, Vv=VM code, C=native code)
V  [jvm.dll+0x6857b9]
V  [jvm.dll+0x83d67a]
V  [jvm.dll+0x83f13e]
V  [jvm.dll+0x83f7a3]
V  [jvm.dll+0x24c15f]
V  [jvm.dll+0x6824d9]
V  [jvm.dll+0x676faa]
V  [jvm.dll+0x30c10b]
V  [jvm.dll+0x313606]
V  [jvm.dll+0x36418e]
V  [jvm.dll+0x3643cf]
V  [jvm.dll+0x2e311c]
V  [jvm.dll+0x2e14df]
V  [jvm.dll+0x2e0c0c]
V  [jvm.dll+0x32433b]
V  [jvm.dll+0x843c9d]
V  [jvm.dll+0x8449e2]
V  [jvm.dll+0x844f0f]
V  [jvm.dll+0x8452f4]
V  [jvm.dll+0x8453c0]
V  [jvm.dll+0x7ec90c]
V  [jvm.dll+0x684687]
C  [ucrtbase.dll+0x29333]
C  [KERNEL32.DLL+0x1259d]
C  [ntdll.dll+0x5af38]

VM_Operation (0x000000a4e97fda70): G1CollectForAllocation, mode: safepoint, requested by thread 0x000002167c25f060


---------------  P R O C E S S  ---------------

Threads class SMR info:
_java_thread_list=0x0000021600fabb00, length=137, elements={
0x00000216109935f0, 0x0000021634e2c0b0, 0x0000021634e2ce50, 0x0000021634e43bb0,
0x0000021634e44490, 0x0000021634e46e80, 0x0000021634e47760, 0x0000021634e48370,
0x0000021634e4ad50, 0x0000021634e4f690, 0x0000021634e13fa0, 0x000002167a22c8c0,
0x000002167bf6cf10, 0x000002167b40f4c0, 0x000002167bffb5f0, 0x000002167b05a460,
0x000002167bb64d90, 0x000002167c0c6bd0, 0x000002167c0c3e40, 0x000002167c0c5790,
0x000002167c0c3420, 0x000002167c0c3930, 0x000002167c0c4860, 0x000002167c0c4350,
0x000002167c0c4d70, 0x000002167c0c5280, 0x000002167c0c5ca0, 0x000002167c0c61b0,
0x000002167c0c66c0, 0x000002167a1ac9c0, 0x000002167a1b0b90, 0x000002167a1ac4b0,
0x000002167a1ae820, 0x000002167a1ad3e0, 0x000002167a1b15b0, 0x000002167a1af240,
0x000002167a1b1ac0, 0x000002167a1b1fd0, 0x000002167a1ad8f0, 0x000002167a1b29f0,
0x000002167a1aba90, 0x000002167a1ade00, 0x000002167a1af750, 0x000002167a1abfa0,
0x000002167a1ae310, 0x000002167a1afc60, 0x000002167a1b0170, 0x000002167a1b0680,
0x000002167c25f060, 0x000002167c2613d0, 0x000002167c25f570, 0x000002167c262810,
0x000002167c25ff90, 0x000002167c25fa80, 0x000002167c261df0, 0x000002167c262300,
0x000002167c2618e0, 0x000002167c2604a0, 0x000002167c2609b0, 0x000002167c260ec0,
0x000002167c99e950, 0x000002167c99d510, 0x000002167c99df30, 0x000002167c99f370,
0x000002167c99e440, 0x000002167c99bbc0, 0x000002167c99c0d0, 0x000002167c99caf0,
0x000002167b6d3c60, 0x000002167b6d2d30, 0x000002167b6d50a0, 0x000002167b6d4170,
0x000002167b6d4680, 0x000002167b6d2820, 0x000002167b6d5ac0, 0x000002167b6d3240,
0x000002167b6d3750, 0x000002167b6d2310, 0x000002167b6d55b0, 0x000002167b6d4b90,
0x000002167aedcfb0, 0x000002167aedb660, 0x000002167aedb150, 0x000002167aeda730,
0x000002167aed83c0, 0x000002167aed92f0, 0x000002167aedbb70, 0x000002167aedc080,
0x000002167aed6050, 0x000002167aedc590, 0x000002167aedcaa0, 0x000002167aed6f80,
0x000002167aedd4c0, 0x000002167aed9d10, 0x000002167aedd9d0, 0x000002167aed88d0,
0x000002167aed8de0, 0x000002167aed9800, 0x000002167aed7490, 0x000002167aeda220,
0x000002167aed79a0, 0x000002167aed6560, 0x000002167aed7eb0, 0x000002167aedac40,
0x000002167db56fc0, 0x000002167db56ab0, 0x000002167db519b0, 0x000002167db565a0,
0x000002167db58910, 0x000002167db54740, 0x000002167db58e20, 0x000002167db579e0,
0x000002167db54c50, 0x000002167db57ef0, 0x000002167db58400, 0x000002167db51ec0,
0x000002167db55160, 0x000002167db53300, 0x000002167db523d0, 0x000002167db55670,
0x000002167db528e0, 0x0000021600b76830, 0x0000021600b73aa0, 0x0000021600b73590,
0x0000021600b753f0, 0x0000021600b744c0, 0x0000021600b75e10, 0x0000021600b749d0,
0x0000021600b74ee0, 0x0000021600b76320, 0x000002167c550210, 0x000002167c5539c0,
0x000002167c5543e0, 0x000002167c54e3b0, 0x000002167c551140, 0x00000216086dbca0,
0x00000216086dc1f0
}

Java Threads: ( => current thread )
  0x00000216109935f0 JavaThread "main" [_thread_blocked, id=7552, stack(0x000000a4e5500000,0x000000a4e5600000)]
  0x0000021634e2c0b0 JavaThread "Reference Handler" daemon [_thread_blocked, id=13448, stack(0x000000a4e5c00000,0x000000a4e5d00000)]
  0x0000021634e2ce50 JavaThread "Finalizer" daemon [_thread_blocked, id=7876, stack(0x000000a4e5d00000,0x000000a4e5e00000)]
  0x0000021634e43bb0 JavaThread "Signal Dispatcher" daemon [_thread_blocked, id=12460, stack(0x000000a4e5e00000,0x000000a4e5f00000)]
  0x0000021634e44490 JavaThread "Attach Listener" daemon [_thread_blocked, id=5860, stack(0x000000a4e5f00000,0x000000a4e6000000)]
  0x0000021634e46e80 JavaThread "Service Thread" daemon [_thread_blocked, id=10168, stack(0x000000a4e6000000,0x000000a4e6100000)]
  0x0000021634e47760 JavaThread "Monitor Deflation Thread" daemon [_thread_blocked, id=8728, stack(0x000000a4e6100000,0x000000a4e6200000)]
  0x0000021634e48370 JavaThread "C2 CompilerThread0" daemon [_thread_blocked, id=3444, stack(0x000000a4e6200000,0x000000a4e6300000)]
  0x0000021634e4ad50 JavaThread "C1 CompilerThread0" daemon [_thread_blocked, id=9096, stack(0x000000a4e6300000,0x000000a4e6400000)]
  0x0000021634e4f690 JavaThread "Sweeper thread" daemon [_thread_blocked, id=19612, stack(0x000000a4e6400000,0x000000a4e6500000)]
  0x0000021634e13fa0 JavaThread "Common-Cleaner" daemon [_thread_blocked, id=15488, stack(0x000000a4e6500000,0x000000a4e6600000)]
  0x000002167a22c8c0 JavaThread "Notification Thread" daemon [_thread_blocked, id=3396, stack(0x000000a4e6700000,0x000000a4e6800000)]
  0x000002167bf6cf10 JavaThread "Daemon health stats" [_thread_blocked, id=20448, stack(0x000000a4e6900000,0x000000a4e6a00000)]
  0x000002167b40f4c0 JavaThread "Incoming local TCP Connector on port 52613" [_thread_in_native, id=23116, stack(0x000000a4e6e00000,0x000000a4e6f00000)]
  0x000002167bffb5f0 JavaThread "Daemon periodic checks" [_thread_blocked, id=560, stack(0x000000a4e6f00000,0x000000a4e7000000)]
  0x000002167b05a460 JavaThread "Daemon" [_thread_blocked, id=3908, stack(0x000000a4e7000000,0x000000a4e7100000)]
  0x000002167bb64d90 JavaThread "Handler for socket connection from /127.0.0.1:52613 to /127.0.0.1:52614" [_thread_in_native, id=22028, stack(0x000000a4e7100000,0x000000a4e7200000)]
  0x000002167c0c6bd0 JavaThread "Cancel handler" [_thread_blocked, id=8392, stack(0x000000a4e7200000,0x000000a4e7300000)]
  0x000002167c0c3e40 JavaThread "Daemon worker" [_thread_blocked, id=3124, stack(0x000000a4e7300000,0x000000a4e7400000)]
  0x000002167c0c5790 JavaThread "Asynchronous log dispatcher for DefaultDaemonConnection: socket connection from /127.0.0.1:52613 to /127.0.0.1:52614" [_thread_blocked, id=15044, stack(0x000000a4e7400000,0x000000a4e7500000)]
  0x000002167c0c3420 JavaThread "Stdin handler" [_thread_blocked, id=21816, stack(0x000000a4e7500000,0x000000a4e7600000)]
  0x000002167c0c3930 JavaThread "Daemon client event forwarder" [_thread_in_native, id=22840, stack(0x000000a4e7600000,0x000000a4e7700000)]
  0x000002167c0c4860 JavaThread "Cache worker for journal cache (C:\Users\tuce_\.gradle\caches\journal-1)" [_thread_blocked, id=21124, stack(0x000000a4e6600000,0x000000a4e6700000)]
  0x000002167c0c4350 JavaThread "File lock request listener" [_thread_in_native, id=21356, stack(0x000000a4e7700000,0x000000a4e7800000)]
  0x000002167c0c4d70 JavaThread "Cache worker for file hash cache (C:\Users\tuce_\.gradle\caches\8.9\fileHashes)" [_thread_blocked, id=2084, stack(0x000000a4e7800000,0x000000a4e7900000)]
  0x000002167c0c5280 JavaThread "File lock release action executor" [_thread_blocked, id=4152, stack(0x000000a4e7900000,0x000000a4e7a00000)]
  0x000002167c0c5ca0 JavaThread "Cache worker for file hash cache (C:\Users\tuce_\Projects\eclassify\android\.gradle\8.9\fileHashes)" [_thread_blocked, id=11404, stack(0x000000a4e7e00000,0x000000a4e7f00000)]
  0x000002167c0c61b0 JavaThread "Cache worker for Build Output Cleanup Cache (C:\Users\tuce_\Projects\eclassify\android\.gradle\buildOutputCleanup)" [_thread_blocked, id=21584, stack(0x000000a4e7f00000,0x000000a4e8000000)]
  0x000002167c0c66c0 JavaThread "File watcher server" daemon [_thread_in_native, id=17024, stack(0x000000a4e8100000,0x000000a4e8200000)]
  0x000002167a1ac9c0 JavaThread "File watcher consumer" daemon [_thread_blocked, id=23404, stack(0x000000a4e8200000,0x000000a4e8300000)]
  0x000002167a1b0b90 JavaThread "Cache worker for checksums cache (C:\Users\tuce_\Projects\eclassify\android\.gradle\8.9\checksums)" [_thread_blocked, id=11524, stack(0x000000a4e8300000,0x000000a4e8400000)]
  0x000002167a1ac4b0 JavaThread "Cache worker for file content cache (C:\Users\tuce_\.gradle\caches\8.9\fileContent)" [_thread_blocked, id=21144, stack(0x000000a4e8400000,0x000000a4e8500000)]
  0x000002167a1ae820 JavaThread "Cache worker for cache directory md-rule (C:\Users\tuce_\.gradle\caches\8.9\md-rule)" [_thread_blocked, id=23184, stack(0x000000a4e8500000,0x000000a4e8600000)]
  0x000002167a1ad3e0 JavaThread "Cache worker for cache directory md-supplier (C:\Users\tuce_\.gradle\caches\8.9\md-supplier)" [_thread_blocked, id=9568, stack(0x000000a4e8600000,0x000000a4e8700000)]
  0x000002167a1b15b0 JavaThread "jar transforms" [_thread_blocked, id=10420, stack(0x000000a4e7d00000,0x000000a4e7e00000)]
  0x000002167a1af240 JavaThread "jar transforms Thread 2" [_thread_blocked, id=4824, stack(0x000000a4e8800000,0x000000a4e8900000)]
  0x000002167a1b1ac0 JavaThread "jar transforms Thread 3" [_thread_blocked, id=16632, stack(0x000000a4e8a00000,0x000000a4e8b00000)]
  0x000002167a1b1fd0 JavaThread "Cache worker for Build Output Cleanup Cache (C:\flutter\packages\flutter_tools\gradle\.gradle\buildOutputCleanup)" [_thread_blocked, id=21704, stack(0x000000a4e8b00000,0x000000a4e8c00000)]
  0x000002167a1ad8f0 JavaThread "Unconstrained build operations" [_thread_blocked, id=11580, stack(0x000000a4e8d00000,0x000000a4e8e00000)]
  0x000002167a1b29f0 JavaThread "Unconstrained build operations Thread 2" [_thread_blocked, id=23004, stack(0x000000a4e8e00000,0x000000a4e8f00000)]
  0x000002167a1aba90 JavaThread "Unconstrained build operations Thread 3" [_thread_blocked, id=16748, stack(0x000000a4e8f00000,0x000000a4e9000000)]
  0x000002167a1ade00 JavaThread "Unconstrained build operations Thread 4" [_thread_blocked, id=3520, stack(0x000000a4e9000000,0x000000a4e9100000)]
  0x000002167a1af750 JavaThread "Unconstrained build operations Thread 5" [_thread_blocked, id=20992, stack(0x000000a4e9100000,0x000000a4e9200000)]
  0x000002167a1abfa0 JavaThread "Unconstrained build operations Thread 6" [_thread_blocked, id=8612, stack(0x000000a4e9200000,0x000000a4e9300000)]
  0x000002167a1ae310 JavaThread "Unconstrained build operations Thread 7" [_thread_blocked, id=17704, stack(0x000000a4e9300000,0x000000a4e9400000)]
  0x000002167a1afc60 JavaThread "Unconstrained build operations Thread 8" [_thread_blocked, id=10344, stack(0x000000a4e9400000,0x000000a4e9500000)]
  0x000002167a1b0170 JavaThread "Unconstrained build operations Thread 9" [_thread_blocked, id=11464, stack(0x000000a4e9500000,0x000000a4e9600000)]
  0x000002167a1b0680 JavaThread "Unconstrained build operations Thread 10" [_thread_blocked, id=13628, stack(0x000000a4e9600000,0x000000a4e9700000)]
  0x000002167c25f060 JavaThread "Unconstrained build operations Thread 11" [_thread_blocked, id=19584, stack(0x000000a4e9700000,0x000000a4e9800000)]
  0x000002167c2613d0 JavaThread "Unconstrained build operations Thread 12" [_thread_blocked, id=8496, stack(0x000000a4e9800000,0x000000a4e9900000)]
  0x000002167c25f570 JavaThread "Unconstrained build operations Thread 13" [_thread_blocked, id=780, stack(0x000000a4e9900000,0x000000a4e9a00000)]
  0x000002167c262810 JavaThread "Unconstrained build operations Thread 14" [_thread_blocked, id=22964, stack(0x000000a4e9a00000,0x000000a4e9b00000)]
  0x000002167c25ff90 JavaThread "Unconstrained build operations Thread 15" [_thread_blocked, id=21880, stack(0x000000a4e9b00000,0x000000a4e9c00000)]
  0x000002167c25fa80 JavaThread "Unconstrained build operations Thread 16" [_thread_blocked, id=18756, stack(0x000000a4e9c00000,0x000000a4e9d00000)]
  0x000002167c261df0 JavaThread "Unconstrained build operations Thread 17" [_thread_blocked, id=22020, stack(0x000000a4e9d00000,0x000000a4e9e00000)]
  0x000002167c262300 JavaThread "Unconstrained build operations Thread 18" [_thread_blocked, id=21728, stack(0x000000a4e9e00000,0x000000a4e9f00000)]
  0x000002167c2618e0 JavaThread "Unconstrained build operations Thread 19" [_thread_blocked, id=22888, stack(0x000000a4e9f00000,0x000000a4ea000000)]
  0x000002167c2604a0 JavaThread "Unconstrained build operations Thread 20" [_thread_blocked, id=8096, stack(0x000000a4ea000000,0x000000a4ea100000)]
  0x000002167c2609b0 JavaThread "Unconstrained build operations Thread 21" [_thread_blocked, id=19592, stack(0x000000a4ea100000,0x000000a4ea200000)]
  0x000002167c260ec0 JavaThread "Memory manager" [_thread_blocked, id=9832, stack(0x000000a4ea200000,0x000000a4ea300000)]
  0x000002167c99e950 JavaThread "build event listener" [_thread_blocked, id=13896, stack(0x000000a4ea300000,0x000000a4ea400000)]
  0x000002167c99d510 JavaThread "included builds" [_thread_blocked, id=6984, stack(0x000000a4ea400000,0x000000a4ea500000)]
  0x000002167c99df30 JavaThread "Execution worker" [_thread_blocked, id=4788, stack(0x000000a4ea500000,0x000000a4ea600000)]
  0x000002167c99f370 JavaThread "Execution worker Thread 2" [_thread_blocked, id=7388, stack(0x000000a4ea600000,0x000000a4ea700000)]
  0x000002167c99e440 JavaThread "Execution worker Thread 3" [_thread_blocked, id=10020, stack(0x000000a4ea700000,0x000000a4ea800000)]
  0x000002167c99bbc0 JavaThread "Execution worker Thread 4" [_thread_blocked, id=1868, stack(0x000000a4ea800000,0x000000a4ea900000)]
  0x000002167c99c0d0 JavaThread "Execution worker Thread 5" [_thread_blocked, id=4872, stack(0x000000a4ea900000,0x000000a4eaa00000)]
  0x000002167c99caf0 JavaThread "Execution worker Thread 6" [_thread_blocked, id=12628, stack(0x000000a4eaa00000,0x000000a4eab00000)]
  0x000002167b6d3c60 JavaThread "Execution worker Thread 7" [_thread_blocked, id=22084, stack(0x000000a4eab00000,0x000000a4eac00000)]
  0x000002167b6d2d30 JavaThread "Cache worker for execution history cache (C:\flutter\packages\flutter_tools\gradle\.gradle\8.9\executionHistory)" [_thread_blocked, id=12616, stack(0x000000a4eac00000,0x000000a4ead00000)]
  0x000002167b6d50a0 JavaThread "Unconstrained build operations Thread 22" [_thread_blocked, id=4204, stack(0x000000a4e8c00000,0x000000a4e8d00000)]
  0x000002167b6d4170 JavaThread "Unconstrained build operations Thread 23" [_thread_blocked, id=22956, stack(0x000000a4ead00000,0x000000a4eae00000)]
  0x000002167b6d4680 JavaThread "Unconstrained build operations Thread 24" [_thread_blocked, id=22280, stack(0x000000a4eae00000,0x000000a4eaf00000)]
  0x000002167b6d2820 JavaThread "Unconstrained build operations Thread 25" [_thread_blocked, id=6224, stack(0x000000a4eaf00000,0x000000a4eb000000)]
  0x000002167b6d5ac0 JavaThread "Unconstrained build operations Thread 26" [_thread_blocked, id=11356, stack(0x000000a4eb000000,0x000000a4eb100000)]
  0x000002167b6d3240 JavaThread "Unconstrained build operations Thread 27" [_thread_blocked, id=11688, stack(0x000000a4eb100000,0x000000a4eb200000)]
  0x000002167b6d3750 JavaThread "Unconstrained build operations Thread 28" [_thread_blocked, id=6796, stack(0x000000a4eb200000,0x000000a4eb300000)]
  0x000002167b6d2310 JavaThread "Unconstrained build operations Thread 29" [_thread_blocked, id=12740, stack(0x000000a4e8700000,0x000000a4e8800000)]
  0x000002167b6d55b0 JavaThread "Unconstrained build operations Thread 30" [_thread_blocked, id=12316, stack(0x000000a4eb300000,0x000000a4eb400000)]
  0x000002167b6d4b90 JavaThread "Unconstrained build operations Thread 31" [_thread_blocked, id=9272, stack(0x000000a4eb400000,0x000000a4eb500000)]
  0x000002167aedcfb0 JavaThread "Unconstrained build operations Thread 32" [_thread_blocked, id=2980, stack(0x000000a4eb500000,0x000000a4eb600000)]
  0x000002167aedb660 JavaThread "Unconstrained build operations Thread 33" [_thread_blocked, id=10316, stack(0x000000a4eb600000,0x000000a4eb700000)]
  0x000002167aedb150 JavaThread "Unconstrained build operations Thread 34" [_thread_blocked, id=21036, stack(0x000000a4eb700000,0x000000a4eb800000)]
  0x000002167aeda730 JavaThread "Unconstrained build operations Thread 35" [_thread_blocked, id=6612, stack(0x000000a4eb800000,0x000000a4eb900000)]
  0x000002167aed83c0 JavaThread "Unconstrained build operations Thread 36" [_thread_blocked, id=18068, stack(0x000000a4eba00000,0x000000a4ebb00000)]
  0x000002167aed92f0 JavaThread "Unconstrained build operations Thread 37" [_thread_blocked, id=6792, stack(0x000000a4ebb00000,0x000000a4ebc00000)]
  0x000002167aedbb70 JavaThread "Unconstrained build operations Thread 38" [_thread_blocked, id=3264, stack(0x000000a4ebc00000,0x000000a4ebd00000)]
  0x000002167aedc080 JavaThread "Unconstrained build operations Thread 39" [_thread_blocked, id=4412, stack(0x000000a4ebd00000,0x000000a4ebe00000)]
  0x000002167aed6050 JavaThread "Unconstrained build operations Thread 40" [_thread_blocked, id=21940, stack(0x000000a4ebe00000,0x000000a4ebf00000)]
  0x000002167aedc590 JavaThread "Unconstrained build operations Thread 41" [_thread_blocked, id=16380, stack(0x000000a4ebf00000,0x000000a4ec000000)]
  0x000002167aedcaa0 JavaThread "Unconstrained build operations Thread 42" [_thread_blocked, id=15544, stack(0x000000a4ec000000,0x000000a4ec100000)]
  0x000002167aed6f80 JavaThread "Unconstrained build operations Thread 43" [_thread_blocked, id=19516, stack(0x000000a4ec100000,0x000000a4ec200000)]
  0x000002167aedd4c0 JavaThread "Unconstrained build operations Thread 44" [_thread_blocked, id=15324, stack(0x000000a4ec200000,0x000000a4ec300000)]
  0x000002167aed9d10 JavaThread "Unconstrained build operations Thread 45" [_thread_blocked, id=2588, stack(0x000000a4ec300000,0x000000a4ec400000)]
  0x000002167aedd9d0 JavaThread "Unconstrained build operations Thread 46" [_thread_blocked, id=21096, stack(0x000000a4ec400000,0x000000a4ec500000)]
  0x000002167aed88d0 JavaThread "Unconstrained build operations Thread 47" [_thread_blocked, id=7704, stack(0x000000a4ec500000,0x000000a4ec600000)]
  0x000002167aed8de0 JavaThread "Unconstrained build operations Thread 48" [_thread_blocked, id=5980, stack(0x000000a4ec600000,0x000000a4ec700000)]
  0x000002167aed9800 JavaThread "Unconstrained build operations Thread 49" [_thread_blocked, id=9284, stack(0x000000a4ec700000,0x000000a4ec800000)]
  0x000002167aed7490 JavaThread "Unconstrained build operations Thread 50" [_thread_blocked, id=16336, stack(0x000000a4ec800000,0x000000a4ec900000)]
  0x000002167aeda220 JavaThread "Unconstrained build operations Thread 51" [_thread_blocked, id=12532, stack(0x000000a4ec900000,0x000000a4eca00000)]
  0x000002167aed79a0 JavaThread "Unconstrained build operations Thread 52" [_thread_blocked, id=23484, stack(0x000000a4eca00000,0x000000a4ecb00000)]
  0x000002167aed6560 JavaThread "Unconstrained build operations Thread 53" [_thread_blocked, id=22532, stack(0x000000a4ecb00000,0x000000a4ecc00000)]
  0x000002167aed7eb0 JavaThread "Unconstrained build operations Thread 54" [_thread_blocked, id=6964, stack(0x000000a4ecc00000,0x000000a4ecd00000)]
  0x000002167aedac40 JavaThread "Unconstrained build operations Thread 55" [_thread_blocked, id=13044, stack(0x000000a4ecd00000,0x000000a4ece00000)]
  0x000002167db56fc0 JavaThread "Unconstrained build operations Thread 56" [_thread_blocked, id=16000, stack(0x000000a4ece00000,0x000000a4ecf00000)]
  0x000002167db56ab0 JavaThread "Unconstrained build operations Thread 57" [_thread_blocked, id=20388, stack(0x000000a4ecf00000,0x000000a4ed000000)]
  0x000002167db519b0 JavaThread "Unconstrained build operations Thread 58" [_thread_blocked, id=8272, stack(0x000000a4ed000000,0x000000a4ed100000)]
  0x000002167db565a0 JavaThread "Unconstrained build operations Thread 59" [_thread_blocked, id=20320, stack(0x000000a4ed100000,0x000000a4ed200000)]
  0x000002167db58910 JavaThread "Unconstrained build operations Thread 60" [_thread_blocked, id=5016, stack(0x000000a4ed200000,0x000000a4ed300000)]
  0x000002167db54740 JavaThread "Unconstrained build operations Thread 61" [_thread_blocked, id=15040, stack(0x000000a4ed300000,0x000000a4ed400000)]
  0x000002167db58e20 JavaThread "Unconstrained build operations Thread 62" [_thread_blocked, id=18924, stack(0x000000a4ed400000,0x000000a4ed500000)]
  0x000002167db579e0 JavaThread "Unconstrained build operations Thread 63" [_thread_blocked, id=5396, stack(0x000000a4ed500000,0x000000a4ed600000)]
  0x000002167db54c50 JavaThread "Unconstrained build operations Thread 64" [_thread_blocked, id=18936, stack(0x000000a4ed600000,0x000000a4ed700000)]
  0x000002167db57ef0 JavaThread "Unconstrained build operations Thread 65" [_thread_blocked, id=5592, stack(0x000000a4ed700000,0x000000a4ed800000)]
  0x000002167db58400 JavaThread "Unconstrained build operations Thread 66" [_thread_blocked, id=22224, stack(0x000000a4ed800000,0x000000a4ed900000)]
  0x000002167db51ec0 JavaThread "Unconstrained build operations Thread 67" [_thread_blocked, id=6944, stack(0x000000a4ed900000,0x000000a4eda00000)]
  0x000002167db55160 JavaThread "jar transforms Thread 4" [_thread_blocked, id=9492, stack(0x000000a4eda00000,0x000000a4edb00000)]
  0x000002167db53300 JavaThread "jar transforms Thread 5" [_thread_blocked, id=10828, stack(0x000000a4edb00000,0x000000a4edc00000)]
  0x000002167db523d0 JavaThread "jar transforms Thread 6" [_thread_blocked, id=4448, stack(0x000000a4edc00000,0x000000a4edd00000)]
  0x000002167db55670 JavaThread "jar transforms Thread 7" [_thread_blocked, id=3024, stack(0x000000a4edd00000,0x000000a4ede00000)]
  0x000002167db528e0 JavaThread "jar transforms Thread 8" [_thread_blocked, id=19692, stack(0x000000a4ede00000,0x000000a4edf00000)]
  0x0000021600b76830 JavaThread "build event listener" [_thread_blocked, id=19956, stack(0x000000a4eb900000,0x000000a4eba00000)]
  0x0000021600b73aa0 JavaThread "Unconstrained build operations Thread 68" [_thread_blocked, id=1220, stack(0x000000a4ee000000,0x000000a4ee100000)]
  0x0000021600b73590 JavaThread "Unconstrained build operations Thread 69" [_thread_blocked, id=13440, stack(0x000000a4ee100000,0x000000a4ee200000)]
  0x0000021600b753f0 JavaThread "Unconstrained build operations Thread 70" [_thread_blocked, id=13780, stack(0x000000a4ee200000,0x000000a4ee300000)]
  0x0000021600b744c0 JavaThread "Unconstrained build operations Thread 71" [_thread_blocked, id=19640, stack(0x000000a4ee300000,0x000000a4ee400000)]
  0x0000021600b75e10 JavaThread "Unconstrained build operations Thread 72" [_thread_blocked, id=13508, stack(0x000000a4ee400000,0x000000a4ee500000)]
  0x0000021600b749d0 JavaThread "Unconstrained build operations Thread 73" [_thread_blocked, id=10896, stack(0x000000a4ee500000,0x000000a4ee600000)]
  0x0000021600b74ee0 JavaThread "Unconstrained build operations Thread 74" [_thread_blocked, id=3316, stack(0x000000a4ee600000,0x000000a4ee700000)]
  0x0000021600b76320 JavaThread "Unconstrained build operations Thread 75" [_thread_blocked, id=2772, stack(0x000000a4edf00000,0x000000a4ee000000)]
  0x000002167c550210 JavaThread "Unconstrained build operations Thread 76" [_thread_blocked, id=19264, stack(0x000000a4ee700000,0x000000a4ee800000)]
  0x000002167c5539c0 JavaThread "Unconstrained build operations Thread 77" [_thread_blocked, id=10600, stack(0x000000a4ee900000,0x000000a4eea00000)]
  0x000002167c5543e0 JavaThread "Unconstrained build operations Thread 78" [_thread_blocked, id=5736, stack(0x000000a4eeb00000,0x000000a4eec00000)]
  0x000002167c54e3b0 JavaThread "Unconstrained build operations Thread 79" [_thread_blocked, id=17780, stack(0x000000a4eec00000,0x000000a4eed00000)]
  0x000002167c551140 JavaThread "Unconstrained build operations Thread 80" [_thread_blocked, id=23072, stack(0x000000a4eee00000,0x000000a4eef00000)]
  0x00000216086dbca0 JavaThread "C2 CompilerThread1" daemon [_thread_blocked, id=792, stack(0x000000a4e5200000,0x000000a4e5300000)]
  0x00000216086dc1f0 JavaThread "C2 CompilerThread2" daemon [_thread_blocked, id=16544, stack(0x000000a4e5300000,0x000000a4e5400000)]

Other Threads:
=>0x0000021634e21f20 VMThread "VM Thread" [stack: 0x000000a4e5b00000,0x000000a4e5c00000] [id=8776]
  0x000002167a1b6c40 WatcherThread [stack: 0x000000a4e6800000,0x000000a4e6900000] [id=6972]
  0x0000021610a02df0 GCTaskThread "GC Thread#0" [stack: 0x000000a4e5600000,0x000000a4e5700000] [id=21564]
  0x000002167a91f050 GCTaskThread "GC Thread#1" [stack: 0x000000a4e6a00000,0x000000a4e6b00000] [id=4460]
  0x000002167a2817a0 GCTaskThread "GC Thread#2" [stack: 0x000000a4e6b00000,0x000000a4e6c00000] [id=7804]
  0x000002167a7ee4f0 GCTaskThread "GC Thread#3" [stack: 0x000000a4e6c00000,0x000000a4e6d00000] [id=10032]
  0x000002167a26eac0 GCTaskThread "GC Thread#4" [stack: 0x000000a4e6d00000,0x000000a4e6e00000] [id=10588]
  0x000002167b058510 GCTaskThread "GC Thread#5" [stack: 0x000000a4e7a00000,0x000000a4e7b00000] [id=13576]
  0x000002167b057700 GCTaskThread "GC Thread#6" [stack: 0x000000a4e7b00000,0x000000a4e7c00000] [id=21140]
  0x000002167b057160 GCTaskThread "GC Thread#7" [stack: 0x000000a4e7c00000,0x000000a4e7d00000] [id=11284]
  0x000002160e7ee7a0 ConcurrentGCThread "G1 Main Marker" [stack: 0x000000a4e5700000,0x000000a4e5800000] [id=7448]
  0x0000021610a085b0 ConcurrentGCThread "G1 Conc#0" [stack: 0x000000a4e5800000,0x000000a4e5900000] [id=21052]
  0x000002167b0587e0 ConcurrentGCThread "G1 Conc#1" [stack: 0x000000a4e8000000,0x000000a4e8100000] [id=22844]
  0x0000021610a3e080 ConcurrentGCThread "G1 Refine#0" [stack: 0x000000a4e5900000,0x000000a4e5a00000] [id=5900]
  0x000002167d31f3d0 ConcurrentGCThread "G1 Refine#1" [stack: 0x000000a4e8900000,0x000000a4e8a00000] [id=12652]
  0x0000021610a3e9d0 ConcurrentGCThread "G1 Service" [stack: 0x000000a4e5a00000,0x000000a4e5b00000] [id=12220]

Threads with active compile tasks:
C2 CompilerThread0    78094 18576       4       org.gradle.internal.metaobject.BeanDynamicObject::tryGetProperty (9 bytes)
C2 CompilerThread1    78094 18612       4       org.gradle.model.internal.type.ModelType::wrap (219 bytes)
C2 CompilerThread2    78094 18614       4       groovy.lang.MetaClassImpl::getMetaProperty (45 bytes)

VM state: at safepoint (normal execution)

VM Mutex/Monitor currently owned by a thread:  ([mutex/lock_event])
[0x000002161098d4b0] Threads_lock - owner thread: 0x0000021634e21f20
[0x000002161098d930] Heap_lock - owner thread: 0x000002167c25f060

Heap address: 0x00000006e0000000, size: 4608 MB, Compressed Oops mode: Zero based, Oop shift amount: 3

CDS archive(s) mapped at: [0x0000021635000000-0x0000021635bd0000-0x0000021635bd0000), size 12386304, SharedBaseAddress: 0x0000021635000000, ArchiveRelocationMode: 1.
Compressed class space mapped at: 0x0000021636000000-0x0000021676000000, reserved size: 1073741824
Narrow klass base: 0x0000021635000000, Narrow klass shift: 0, Narrow klass range: 0x100000000

GC Precious Log:
 CPUs: 8 total, 8 available
 Memory: 8025M
 Large Page Support: Disabled
 NUMA Support: Disabled
 Compressed Oops: Enabled (Zero based)
 Heap Region Size: 4M
 Heap Min Capacity: 8M
 Heap Initial Capacity: 128M
 Heap Max Capacity: 4608M
 Pre-touch: Disabled
 Parallel Workers: 8
 Concurrent Workers: 2
 Concurrent Refinement Workers: 8
 Periodic GC: Disabled

Heap:
 garbage-first heap   total 643072K, used 365261K [0x00000006e0000000, 0x0000000800000000)
  region size 4096K, 6 young (24576K), 6 survivors (24576K)
 Metaspace       used 108236K, committed 110144K, reserved 1179648K
  class space    used 15124K, committed 15936K, reserved 1048576K

Heap Regions: E=young(eden), S=young(survivor), O=old, HS=humongous(starts), HC=humongous(continues), CS=collection set, F=free, OA=open archive, CA=closed archive, TAMS=top-at-mark-start (previous, next)
|   0|0x00000006e0000000, 0x00000006e0400000, 0x00000006e0400000|100%|HS|  |TAMS 0x00000006e0400000, 0x00000006e0000000| Complete 
|   1|0x00000006e0400000, 0x00000006e0800000, 0x00000006e0800000|100%| O|  |TAMS 0x00000006e0800000, 0x00000006e0400000| Untracked 
|   2|0x00000006e0800000, 0x00000006e0c00000, 0x00000006e0c00000|100%| O|  |TAMS 0x00000006e0c00000, 0x00000006e0800000| Untracked 
|   3|0x00000006e0c00000, 0x00000006e0fec800, 0x00000006e1000000| 98%| O|  |TAMS 0x00000006e0fec800, 0x00000006e0c00000| Untracked 
|   4|0x00000006e1000000, 0x00000006e1400000, 0x00000006e1400000|100%| O|  |TAMS 0x00000006e1400000, 0x00000006e1000000| Untracked 
|   5|0x00000006e1400000, 0x00000006e1800000, 0x00000006e1800000|100%| O|  |TAMS 0x00000006e1800000, 0x00000006e1400000| Untracked 
|   6|0x00000006e1800000, 0x00000006e1c00000, 0x00000006e1c00000|100%| O|  |TAMS 0x00000006e1c00000, 0x00000006e1800000| Untracked 
|   7|0x00000006e1c00000, 0x00000006e2000000, 0x00000006e2000000|100%| O|  |TAMS 0x00000006e2000000, 0x00000006e1c00000| Untracked 
|   8|0x00000006e2000000, 0x00000006e2400000, 0x00000006e2400000|100%| O|  |TAMS 0x00000006e2400000, 0x00000006e2000000| Untracked 
|   9|0x00000006e2400000, 0x00000006e2800000, 0x00000006e2800000|100%| O|  |TAMS 0x00000006e2800000, 0x00000006e2400000| Untracked 
|  10|0x00000006e2800000, 0x00000006e2c00000, 0x00000006e2c00000|100%|HS|  |TAMS 0x00000006e2c00000, 0x00000006e2800000| Complete 
|  11|0x00000006e2c00000, 0x00000006e3000000, 0x00000006e3000000|100%| O|  |TAMS 0x00000006e3000000, 0x00000006e2c00000| Untracked 
|  12|0x00000006e3000000, 0x00000006e3400000, 0x00000006e3400000|100%| O|  |TAMS 0x00000006e3400000, 0x00000006e3000000| Untracked 
|  13|0x00000006e3400000, 0x00000006e3800000, 0x00000006e3800000|100%|HS|  |TAMS 0x00000006e3800000, 0x00000006e3400000| Complete 
|  14|0x00000006e3800000, 0x00000006e3c00000, 0x00000006e3c00000|100%|HS|  |TAMS 0x00000006e3c00000, 0x00000006e3800000| Complete 
|  15|0x00000006e3c00000, 0x00000006e4000000, 0x00000006e4000000|100%| O|  |TAMS 0x00000006e4000000, 0x00000006e3c00000| Untracked 
|  16|0x00000006e4000000, 0x00000006e4400000, 0x00000006e4400000|100%| O|  |TAMS 0x00000006e4000000, 0x00000006e4000000| Untracked 
|  17|0x00000006e4400000, 0x00000006e4800000, 0x00000006e4800000|100%| O|  |TAMS 0x00000006e4800000, 0x00000006e4400000| Untracked 
|  18|0x00000006e4800000, 0x00000006e4c00000, 0x00000006e4c00000|100%| O|  |TAMS 0x00000006e4c00000, 0x00000006e4800000| Untracked 
|  19|0x00000006e4c00000, 0x00000006e5000000, 0x00000006e5000000|100%|HS|  |TAMS 0x00000006e5000000, 0x00000006e4c00000| Complete 
|  20|0x00000006e5000000, 0x00000006e5400000, 0x00000006e5400000|100%| O|  |TAMS 0x00000006e5400000, 0x00000006e5000000| Untracked 
|  21|0x00000006e5400000, 0x00000006e5800000, 0x00000006e5800000|100%| O|  |TAMS 0x00000006e5800000, 0x00000006e5400000| Untracked 
|  22|0x00000006e5800000, 0x00000006e5c00000, 0x00000006e5c00000|100%| O|  |TAMS 0x00000006e5c00000, 0x00000006e5800000| Untracked 
|  23|0x00000006e5c00000, 0x00000006e6000000, 0x00000006e6000000|100%|HS|  |TAMS 0x00000006e6000000, 0x00000006e5c00000| Complete 
|  24|0x00000006e6000000, 0x00000006e6400000, 0x00000006e6400000|100%| O|  |TAMS 0x00000006e6400000, 0x00000006e6000000| Untracked 
|  25|0x00000006e6400000, 0x00000006e6800000, 0x00000006e6800000|100%| O|  |TAMS 0x00000006e6800000, 0x00000006e6400000| Untracked 
|  26|0x00000006e6800000, 0x00000006e6c00000, 0x00000006e6c00000|100%| O|  |TAMS 0x00000006e6c00000, 0x00000006e6800000| Untracked 
|  27|0x00000006e6c00000, 0x00000006e7000000, 0x00000006e7000000|100%| O|  |TAMS 0x00000006e7000000, 0x00000006e6c00000| Untracked 
|  28|0x00000006e7000000, 0x00000006e7400000, 0x00000006e7400000|100%| O|  |TAMS 0x00000006e7400000, 0x00000006e7000000| Untracked 
|  29|0x00000006e7400000, 0x00000006e7800000, 0x00000006e7800000|100%| O|  |TAMS 0x00000006e7800000, 0x00000006e7400000| Untracked 
|  30|0x00000006e7800000, 0x00000006e7c00000, 0x00000006e7c00000|100%| O|  |TAMS 0x00000006e7c00000, 0x00000006e7800000| Untracked 
|  31|0x00000006e7c00000, 0x00000006e8000000, 0x00000006e8000000|100%| O|  |TAMS 0x00000006e7c00000, 0x00000006e7c00000| Untracked 
|  32|0x00000006e8000000, 0x00000006e8400000, 0x00000006e8400000|100%| O|  |TAMS 0x00000006e8400000, 0x00000006e8000000| Untracked 
|  33|0x00000006e8400000, 0x00000006e8800000, 0x00000006e8800000|100%| O|  |TAMS 0x00000006e8800000, 0x00000006e8400000| Untracked 
|  34|0x00000006e8800000, 0x00000006e8c00000, 0x00000006e8c00000|100%| O|  |TAMS 0x00000006e8c00000, 0x00000006e8800000| Untracked 
|  35|0x00000006e8c00000, 0x00000006e9000000, 0x00000006e9000000|100%| O|  |TAMS 0x00000006e9000000, 0x00000006e8c00000| Untracked 
|  36|0x00000006e9000000, 0x00000006e9400000, 0x00000006e9400000|100%| O|  |TAMS 0x00000006e9400000, 0x00000006e9000000| Untracked 
|  37|0x00000006e9400000, 0x00000006e9800000, 0x00000006e9800000|100%| O|  |TAMS 0x00000006e9800000, 0x00000006e9400000| Untracked 
|  38|0x00000006e9800000, 0x00000006e9c00000, 0x00000006e9c00000|100%| O|  |TAMS 0x00000006e9c00000, 0x00000006e9800000| Untracked 
|  39|0x00000006e9c00000, 0x00000006ea000000, 0x00000006ea000000|100%| O|  |TAMS 0x00000006ea000000, 0x00000006e9c00000| Untracked 
|  40|0x00000006ea000000, 0x00000006ea400000, 0x00000006ea400000|100%| O|  |TAMS 0x00000006ea400000, 0x00000006ea000000| Untracked 
|  41|0x00000006ea400000, 0x00000006ea800000, 0x00000006ea800000|100%| O|  |TAMS 0x00000006ea800000, 0x00000006ea400000| Untracked 
|  42|0x00000006ea800000, 0x00000006eac00000, 0x00000006eac00000|100%| O|  |TAMS 0x00000006eac00000, 0x00000006ea800000| Untracked 
|  43|0x00000006eac00000, 0x00000006eb000000, 0x00000006eb000000|100%| O|  |TAMS 0x00000006eb000000, 0x00000006eac00000| Untracked 
|  44|0x00000006eb000000, 0x00000006eb400000, 0x00000006eb400000|100%| O|  |TAMS 0x00000006eb400000, 0x00000006eb000000| Untracked 
|  45|0x00000006eb400000, 0x00000006eb800000, 0x00000006eb800000|100%| O|  |TAMS 0x00000006eb800000, 0x00000006eb400000| Untracked 
|  46|0x00000006eb800000, 0x00000006ebc00000, 0x00000006ebc00000|100%| O|  |TAMS 0x00000006ebc00000, 0x00000006eb800000| Untracked 
|  47|0x00000006ebc00000, 0x00000006ec000000, 0x00000006ec000000|100%| O|  |TAMS 0x00000006ec000000, 0x00000006ebc00000| Untracked 
|  48|0x00000006ec000000, 0x00000006ec400000, 0x00000006ec400000|100%| O|  |TAMS 0x00000006ec400000, 0x00000006ec000000| Untracked 
|  49|0x00000006ec400000, 0x00000006ec800000, 0x00000006ec800000|100%| O|  |TAMS 0x00000006ec800000, 0x00000006ec400000| Untracked 
|  50|0x00000006ec800000, 0x00000006ecc00000, 0x00000006ecc00000|100%| O|  |TAMS 0x00000006ecc00000, 0x00000006ec800000| Untracked 
|  51|0x00000006ecc00000, 0x00000006ed000000, 0x00000006ed000000|100%| O|  |TAMS 0x00000006ed000000, 0x00000006ecc00000| Untracked 
|  52|0x00000006ed000000, 0x00000006ed400000, 0x00000006ed400000|100%| O|  |TAMS 0x00000006ed400000, 0x00000006ed000000| Untracked 
|  53|0x00000006ed400000, 0x00000006ed800000, 0x00000006ed800000|100%| O|  |TAMS 0x00000006ed800000, 0x00000006ed400000| Untracked 
|  54|0x00000006ed800000, 0x00000006edc00000, 0x00000006edc00000|100%| O|  |TAMS 0x00000006edc00000, 0x00000006ed800000| Untracked 
|  55|0x00000006edc00000, 0x00000006ee000000, 0x00000006ee000000|100%| O|  |TAMS 0x00000006ee000000, 0x00000006edc00000| Untracked 
|  56|0x00000006ee000000, 0x00000006ee400000, 0x00000006ee400000|100%| O|  |TAMS 0x00000006ee400000, 0x00000006ee000000| Untracked 
|  57|0x00000006ee400000, 0x00000006ee800000, 0x00000006ee800000|100%| O|  |TAMS 0x00000006ee800000, 0x00000006ee400000| Untracked 
|  58|0x00000006ee800000, 0x00000006eec00000, 0x00000006eec00000|100%| O|  |TAMS 0x00000006eeb38a00, 0x00000006ee800000| Untracked 
|  59|0x00000006eec00000, 0x00000006ef000000, 0x00000006ef000000|100%| O|  |TAMS 0x00000006eec00000, 0x00000006eec00000| Untracked 
|  60|0x00000006ef000000, 0x00000006ef400000, 0x00000006ef400000|100%| O|  |TAMS 0x00000006ef000000, 0x00000006ef000000| Untracked 
|  61|0x00000006ef400000, 0x00000006ef800000, 0x00000006ef800000|100%| O|  |TAMS 0x00000006ef400000, 0x00000006ef400000| Untracked 
|  62|0x00000006ef800000, 0x00000006efc00000, 0x00000006efc00000|100%| O|  |TAMS 0x00000006ef800000, 0x00000006ef800000| Untracked 
|  63|0x00000006efc00000, 0x00000006f0000000, 0x00000006f0000000|100%|HS|  |TAMS 0x00000006efc00000, 0x00000006efc00000| Complete 
|  64|0x00000006f0000000, 0x00000006f0400000, 0x00000006f0400000|100%| O|  |TAMS 0x00000006f0000000, 0x00000006f0000000| Untracked 
|  65|0x00000006f0400000, 0x00000006f0800000, 0x00000006f0800000|100%| O|  |TAMS 0x00000006f0400000, 0x00000006f0400000| Untracked 
|  66|0x00000006f0800000, 0x00000006f0c00000, 0x00000006f0c00000|100%| O|  |TAMS 0x00000006f0800000, 0x00000006f0800000| Untracked 
|  67|0x00000006f0c00000, 0x00000006f1000000, 0x00000006f1000000|100%| O|  |TAMS 0x00000006f0c00000, 0x00000006f0c00000| Untracked 
|  68|0x00000006f1000000, 0x00000006f1400000, 0x00000006f1400000|100%| O|  |TAMS 0x00000006f1000000, 0x00000006f1000000| Untracked 
|  69|0x00000006f1400000, 0x00000006f1800000, 0x00000006f1800000|100%| O|  |TAMS 0x00000006f1400000, 0x00000006f1400000| Untracked 
|  70|0x00000006f1800000, 0x00000006f1c00000, 0x00000006f1c00000|100%| O|  |TAMS 0x00000006f1800000, 0x00000006f1800000| Untracked 
|  71|0x00000006f1c00000, 0x00000006f2000000, 0x00000006f2000000|100%| O|  |TAMS 0x00000006f1c00000, 0x00000006f1c00000| Untracked 
|  72|0x00000006f2000000, 0x00000006f2400000, 0x00000006f2400000|100%| O|  |TAMS 0x00000006f2000000, 0x00000006f2000000| Untracked 
|  73|0x00000006f2400000, 0x00000006f2800000, 0x00000006f2800000|100%| O|  |TAMS 0x00000006f2400000, 0x00000006f2400000| Untracked 
|  74|0x00000006f2800000, 0x00000006f2c00000, 0x00000006f2c00000|100%| O|  |TAMS 0x00000006f2800000, 0x00000006f2800000| Untracked 
|  75|0x00000006f2c00000, 0x00000006f3000000, 0x00000006f3000000|100%| O|  |TAMS 0x00000006f2c00000, 0x00000006f2c00000| Untracked 
|  76|0x00000006f3000000, 0x00000006f3400000, 0x00000006f3400000|100%| O|  |TAMS 0x00000006f3000000, 0x00000006f3000000| Untracked 
|  77|0x00000006f3400000, 0x00000006f3800000, 0x00000006f3800000|100%| O|  |TAMS 0x00000006f3400000, 0x00000006f3400000| Untracked 
|  78|0x00000006f3800000, 0x00000006f3c00000, 0x00000006f3c00000|100%| O|  |TAMS 0x00000006f3800000, 0x00000006f3800000| Untracked 
|  79|0x00000006f3c00000, 0x00000006f4000000, 0x00000006f4000000|100%| O|  |TAMS 0x00000006f3c00000, 0x00000006f3c00000| Untracked 
|  80|0x00000006f4000000, 0x00000006f4400000, 0x00000006f4400000|100%| O|  |TAMS 0x00000006f4000000, 0x00000006f4000000| Untracked 
|  81|0x00000006f4400000, 0x00000006f4800000, 0x00000006f4800000|100%| O|  |TAMS 0x00000006f4400000, 0x00000006f4400000| Untracked 
|  82|0x00000006f4800000, 0x00000006f4c00000, 0x00000006f4c00000|100%| O|  |TAMS 0x00000006f4800000, 0x00000006f4800000| Untracked 
|  83|0x00000006f4c00000, 0x00000006f4fcd600, 0x00000006f5000000| 95%| O|  |TAMS 0x00000006f4c00000, 0x00000006f4c00000| Untracked 
|  84|0x00000006f5000000, 0x00000006f5000000, 0x00000006f5400000|  0%| F|  |TAMS 0x00000006f5000000, 0x00000006f5000000| Untracked 
|  85|0x00000006f5400000, 0x00000006f5400000, 0x00000006f5800000|  0%| F|  |TAMS 0x00000006f5400000, 0x00000006f5400000| Untracked 
|  86|0x00000006f5800000, 0x00000006f5800000, 0x00000006f5c00000|  0%| F|  |TAMS 0x00000006f5800000, 0x00000006f5800000| Untracked 
|  87|0x00000006f5c00000, 0x00000006f5c00000, 0x00000006f6000000|  0%| F|  |TAMS 0x00000006f5c00000, 0x00000006f5c00000| Untracked 
|  88|0x00000006f6000000, 0x00000006f6000000, 0x00000006f6400000|  0%| F|  |TAMS 0x00000006f6000000, 0x00000006f6000000| Untracked 
|  89|0x00000006f6400000, 0x00000006f6400000, 0x00000006f6800000|  0%| F|  |TAMS 0x00000006f6400000, 0x00000006f6400000| Untracked 
|  90|0x00000006f6800000, 0x00000006f6800000, 0x00000006f6c00000|  0%| F|  |TAMS 0x00000006f6800000, 0x00000006f6800000| Untracked 
|  91|0x00000006f6c00000, 0x00000006f6c00000, 0x00000006f7000000|  0%| F|  |TAMS 0x00000006f6c00000, 0x00000006f6c00000| Untracked 
|  92|0x00000006f7000000, 0x00000006f7000000, 0x00000006f7400000|  0%| F|  |TAMS 0x00000006f7000000, 0x00000006f7000000| Untracked 
|  93|0x00000006f7400000, 0x00000006f7400000, 0x00000006f7800000|  0%| F|  |TAMS 0x00000006f7400000, 0x00000006f7400000| Untracked 
|  94|0x00000006f7800000, 0x00000006f7800000, 0x00000006f7c00000|  0%| F|  |TAMS 0x00000006f7800000, 0x00000006f7800000| Untracked 
|  95|0x00000006f7c00000, 0x00000006f7c00000, 0x00000006f8000000|  0%| F|  |TAMS 0x00000006f7c00000, 0x00000006f7c00000| Untracked 
|  96|0x00000006f8000000, 0x00000006f8000000, 0x00000006f8400000|  0%| F|  |TAMS 0x00000006f8000000, 0x00000006f8000000| Untracked 
|  97|0x00000006f8400000, 0x00000006f8400000, 0x00000006f8800000|  0%| F|  |TAMS 0x00000006f8400000, 0x00000006f8400000| Untracked 
|  98|0x00000006f8800000, 0x00000006f8800000, 0x00000006f8c00000|  0%| F|  |TAMS 0x00000006f8800000, 0x00000006f8800000| Untracked 
|  99|0x00000006f8c00000, 0x00000006f8c00000, 0x00000006f9000000|  0%| F|  |TAMS 0x00000006f8c00000, 0x00000006f8c00000| Untracked 
| 100|0x00000006f9000000, 0x00000006f9000000, 0x00000006f9400000|  0%| F|  |TAMS 0x00000006f9000000, 0x00000006f9000000| Untracked 
| 101|0x00000006f9400000, 0x00000006f9400000, 0x00000006f9800000|  0%| F|  |TAMS 0x00000006f9400000, 0x00000006f9400000| Untracked 
| 102|0x00000006f9800000, 0x00000006f9800000, 0x00000006f9c00000|  0%| F|  |TAMS 0x00000006f9800000, 0x00000006f9800000| Untracked 
| 103|0x00000006f9c00000, 0x00000006f9cf98f0, 0x00000006fa000000| 24%| S|CS|TAMS 0x00000006f9c00000, 0x00000006f9c00000| Complete 
| 104|0x00000006fa000000, 0x00000006fa400000, 0x00000006fa400000|100%| S|CS|TAMS 0x00000006fa000000, 0x00000006fa000000| Complete 
| 105|0x00000006fa400000, 0x00000006fa400000, 0x00000006fa800000|  0%| F|  |TAMS 0x00000006fa400000, 0x00000006fa400000| Untracked 
| 106|0x00000006fa800000, 0x00000006fa800000, 0x00000006fac00000|  0%| F|  |TAMS 0x00000006fa800000, 0x00000006fa800000| Untracked 
| 107|0x00000006fac00000, 0x00000006fac00000, 0x00000006fb000000|  0%| F|  |TAMS 0x00000006fac00000, 0x00000006fac00000| Untracked 
| 108|0x00000006fb000000, 0x00000006fb400000, 0x00000006fb400000|100%| S|CS|TAMS 0x00000006fb000000, 0x00000006fb000000| Complete 
| 109|0x00000006fb400000, 0x00000006fb400000, 0x00000006fb800000|  0%| F|  |TAMS 0x00000006fb400000, 0x00000006fb400000| Untracked 
| 110|0x00000006fb800000, 0x00000006fb800000, 0x00000006fbc00000|  0%| F|  |TAMS 0x00000006fb800000, 0x00000006fb800000| Untracked 
| 111|0x00000006fbc00000, 0x00000006fc000000, 0x00000006fc000000|100%| S|CS|TAMS 0x00000006fbc00000, 0x00000006fbc00000| Complete 
| 112|0x00000006fc000000, 0x00000006fc400000, 0x00000006fc400000|100%| S|CS|TAMS 0x00000006fc000000, 0x00000006fc000000| Complete 
| 113|0x00000006fc400000, 0x00000006fc800000, 0x00000006fc800000|100%| S|CS|TAMS 0x00000006fc400000, 0x00000006fc400000| Complete 
| 114|0x00000006fc800000, 0x00000006fc800000, 0x00000006fcc00000|  0%| F|  |TAMS 0x00000006fc800000, 0x00000006fc800000| Untracked 
| 115|0x00000006fcc00000, 0x00000006fcc00000, 0x00000006fd000000|  0%| F|  |TAMS 0x00000006fcc00000, 0x00000006fcc00000| Untracked 
| 116|0x00000006fd000000, 0x00000006fd000000, 0x00000006fd400000|  0%| F|  |TAMS 0x00000006fd000000, 0x00000006fd000000| Untracked 
| 117|0x00000006fd400000, 0x00000006fd400000, 0x00000006fd800000|  0%| F|  |TAMS 0x00000006fd400000, 0x00000006fd400000| Untracked 
| 118|0x00000006fd800000, 0x00000006fd800000, 0x00000006fdc00000|  0%| F|  |TAMS 0x00000006fd800000, 0x00000006fd800000| Untracked 
| 119|0x00000006fdc00000, 0x00000006fdc00000, 0x00000006fe000000|  0%| F|  |TAMS 0x00000006fdc00000, 0x00000006fdc00000| Untracked 
| 120|0x00000006fe000000, 0x00000006fe000000, 0x00000006fe400000|  0%| F|  |TAMS 0x00000006fe000000, 0x00000006fe000000| Untracked 
| 121|0x00000006fe400000, 0x00000006fe400000, 0x00000006fe800000|  0%| F|  |TAMS 0x00000006fe400000, 0x00000006fe400000| Untracked 
| 122|0x00000006fe800000, 0x00000006fe800000, 0x00000006fec00000|  0%| F|  |TAMS 0x00000006fe800000, 0x00000006fe800000| Untracked 
| 123|0x00000006fec00000, 0x00000006fec00000, 0x00000006ff000000|  0%| F|  |TAMS 0x00000006fec00000, 0x00000006fec00000| Untracked 
| 124|0x00000006ff000000, 0x00000006ff000000, 0x00000006ff400000|  0%| F|  |TAMS 0x00000006ff000000, 0x00000006ff000000| Untracked 
| 125|0x00000006ff400000, 0x00000006ff400000, 0x00000006ff800000|  0%| F|  |TAMS 0x00000006ff400000, 0x00000006ff400000| Untracked 
| 126|0x00000006ff800000, 0x00000006ff800000, 0x00000006ffc00000|  0%| F|  |TAMS 0x00000006ff800000, 0x00000006ff800000| Untracked 
| 127|0x00000006ffc00000, 0x00000006ffc00000, 0x0000000700000000|  0%| F|  |TAMS 0x00000006ffc00000, 0x00000006ffc00000| Untracked 
| 128|0x0000000700000000, 0x0000000700000000, 0x0000000700400000|  0%| F|  |TAMS 0x0000000700000000, 0x0000000700000000| Untracked 
| 129|0x0000000700400000, 0x0000000700400000, 0x0000000700800000|  0%| F|  |TAMS 0x0000000700400000, 0x0000000700400000| Untracked 
| 130|0x0000000700800000, 0x0000000700800000, 0x0000000700c00000|  0%| F|  |TAMS 0x0000000700800000, 0x0000000700800000| Untracked 
| 131|0x0000000700c00000, 0x0000000700c00000, 0x0000000701000000|  0%| F|  |TAMS 0x0000000700c00000, 0x0000000700c00000| Untracked 
| 132|0x0000000701000000, 0x0000000701000000, 0x0000000701400000|  0%| F|  |TAMS 0x0000000701000000, 0x0000000701000000| Untracked 
| 133|0x0000000701400000, 0x0000000701400000, 0x0000000701800000|  0%| F|  |TAMS 0x0000000701400000, 0x0000000701400000| Untracked 
| 134|0x0000000701800000, 0x0000000701800000, 0x0000000701c00000|  0%| F|  |TAMS 0x0000000701800000, 0x0000000701800000| Untracked 
| 135|0x0000000701c00000, 0x0000000701c00000, 0x0000000702000000|  0%| F|  |TAMS 0x0000000701c00000, 0x0000000701c00000| Untracked 
| 136|0x0000000702000000, 0x0000000702000000, 0x0000000702400000|  0%| F|  |TAMS 0x0000000702000000, 0x0000000702000000| Untracked 
| 137|0x0000000702400000, 0x0000000702400000, 0x0000000702800000|  0%| F|  |TAMS 0x0000000702400000, 0x0000000702400000| Untracked 
| 138|0x0000000702800000, 0x0000000702800000, 0x0000000702c00000|  0%| F|  |TAMS 0x0000000702800000, 0x0000000702800000| Untracked 
| 139|0x0000000702c00000, 0x0000000702c00000, 0x0000000703000000|  0%| F|  |TAMS 0x0000000702c00000, 0x0000000702c00000| Untracked 
| 140|0x0000000703000000, 0x0000000703000000, 0x0000000703400000|  0%| F|  |TAMS 0x0000000703000000, 0x0000000703000000| Untracked 
| 141|0x0000000703400000, 0x0000000703400000, 0x0000000703800000|  0%| F|  |TAMS 0x0000000703400000, 0x0000000703400000| Untracked 
| 142|0x0000000703800000, 0x0000000703800000, 0x0000000703c00000|  0%| F|  |TAMS 0x0000000703800000, 0x0000000703800000| Untracked 
| 143|0x0000000703c00000, 0x0000000703c00000, 0x0000000704000000|  0%| F|  |TAMS 0x0000000703c00000, 0x0000000703c00000| Untracked 
| 144|0x0000000704000000, 0x0000000704000000, 0x0000000704400000|  0%| F|  |TAMS 0x0000000704000000, 0x0000000704000000| Untracked 
| 145|0x0000000704400000, 0x0000000704400000, 0x0000000704800000|  0%| F|  |TAMS 0x0000000704400000, 0x0000000704400000| Untracked 
| 146|0x0000000704800000, 0x0000000704800000, 0x0000000704c00000|  0%| F|  |TAMS 0x0000000704800000, 0x0000000704800000| Untracked 
| 147|0x0000000704c00000, 0x0000000704c00000, 0x0000000705000000|  0%| F|  |TAMS 0x0000000704c00000, 0x0000000704c00000| Untracked 
| 148|0x0000000705000000, 0x0000000705000000, 0x0000000705400000|  0%| F|  |TAMS 0x0000000705000000, 0x0000000705000000| Untracked 
| 149|0x0000000705400000, 0x0000000705400000, 0x0000000705800000|  0%| F|  |TAMS 0x0000000705400000, 0x0000000705400000| Untracked 
| 150|0x0000000705800000, 0x0000000705800000, 0x0000000705c00000|  0%| F|  |TAMS 0x0000000705800000, 0x0000000705800000| Untracked 
| 151|0x0000000705c00000, 0x0000000705c00000, 0x0000000706000000|  0%| F|  |TAMS 0x0000000705c00000, 0x0000000705c00000| Untracked 
| 152|0x0000000706000000, 0x0000000706000000, 0x0000000706400000|  0%| F|  |TAMS 0x0000000706000000, 0x0000000706000000| Untracked 
| 153|0x0000000706400000, 0x0000000706400000, 0x0000000706800000|  0%| F|  |TAMS 0x0000000706400000, 0x0000000706400000| Untracked 
| 154|0x0000000706800000, 0x0000000706800000, 0x0000000706c00000|  0%| F|  |TAMS 0x0000000706800000, 0x0000000706800000| Untracked 
| 155|0x0000000706c00000, 0x0000000706c00000, 0x0000000707000000|  0%| F|  |TAMS 0x0000000706c00000, 0x0000000706c00000| Untracked 
| 156|0x0000000707000000, 0x0000000707000000, 0x0000000707400000|  0%| F|  |TAMS 0x0000000707000000, 0x0000000707000000| Untracked 

Card table byte_map: [0x0000021628220000,0x0000021628b20000] _byte_map_base: 0x0000021624b20000

Marking Bits (Prev, Next): (CMBitMap*) 0x0000021610a03330, (CMBitMap*) 0x0000021610a03370
 Prev Bits: [0x0000021629420000, 0x000002162dc20000)
 Next Bits: [0x000002162dc20000, 0x0000021632420000)

Polling page: 0x000002160e980000

Metaspace:

Usage:
  Non-class:     90.93 MB used.
      Class:     14.77 MB used.
       Both:    105.70 MB used.

Virtual space:
  Non-class space:      128.00 MB reserved,      92.00 MB ( 72%) committed,  2 nodes.
      Class space:        1.00 GB reserved,      15.56 MB (  2%) committed,  1 nodes.
             Both:        1.12 GB reserved,     107.56 MB (  9%) committed. 

Chunk freelists:
   Non-Class:  3.88 MB
       Class:  257.00 KB
        Both:  4.13 MB

MaxMetaspaceSize: unlimited
CompressedClassSpaceSize: 1.00 GB
Initial GC threshold: 21.00 MB
Current GC threshold: 174.38 MB
CDS: on
MetaspaceReclaimPolicy: balanced
 - commit_granule_bytes: 65536.
 - commit_granule_words: 8192.
 - virtual_space_node_default_size: 8388608.
 - enlarge_chunks_in_place: 1.
 - new_chunks_are_fully_committed: 0.
 - uncommit_free_chunks: 1.
 - use_allocation_guard: 0.
 - handle_deallocations: 1.


Internal statistics:

num_allocs_failed_limit: 6.
num_arena_births: 2242.
num_arena_deaths: 0.
num_vsnodes_births: 3.
num_vsnodes_deaths: 0.
num_space_committed: 1721.
num_space_uncommitted: 0.
num_chunks_returned_to_freelist: 6.
num_chunks_taken_from_freelist: 7619.
num_chunk_merges: 6.
num_chunk_splits: 4709.
num_chunks_enlarged: 2742.
num_inconsistent_stats: 0.

CodeHeap 'non-profiled nmethods': size=120000Kb used=14411Kb max_used=14411Kb free=105588Kb
 bounds [0x00000216200b0000, 0x0000021620ed0000, 0x00000216275e0000]
CodeHeap 'profiled nmethods': size=120000Kb used=30255Kb max_used=30255Kb free=89744Kb
 bounds [0x00000216185e0000, 0x000002161a370000, 0x000002161fb10000]
CodeHeap 'non-nmethods': size=5760Kb used=2438Kb max_used=2539Kb free=3321Kb
 bounds [0x000002161fb10000, 0x000002161fd90000, 0x00000216200b0000]
 total_blobs=16562 nmethods=15587 adapters=886
 compilation: enabled
              stopped_count=0, restarted_count=0
 full_count=0

Compilation events (20 events):
Event: 77.930 Thread 0x0000021634e4ad50 nmethod 18643 0x000002161a368610 code [0x000002161a3689a0, 0x000002161a36a158]
Event: 77.934 Thread 0x0000021634e4ad50 18644   !   3       org.codehaus.groovy.reflection.CachedMethod::createPogoMetaMethodSite (128 bytes)
Event: 77.935 Thread 0x0000021634e4ad50 nmethod 18644 0x000002161a36a990 code [0x000002161a36ac60, 0x000002161a36c1b8]
Event: 77.937 Thread 0x0000021634e4ad50 18645       3       org.codehaus.groovy.util.ReferenceType$1::createReference (11 bytes)
Event: 77.937 Thread 0x0000021634e4ad50 nmethod 18645 0x000002161a36c890 code [0x000002161a36ca60, 0x000002161a36cef8]
Event: 77.942 Thread 0x0000021634e4ad50 18648       1       java.net.URI::getHost (5 bytes)
Event: 77.942 Thread 0x0000021634e4ad50 nmethod 18648 0x0000021620ebe090 code [0x0000021620ebe220, 0x0000021620ebe2f8]
Event: 77.943 Thread 0x00000216086dc1f0 18647       4       java.util.ArrayList::hashCodeRange (68 bytes)
Event: 77.946 Thread 0x00000216086dc1f0 nmethod 18647 0x0000021620ebe390 code [0x0000021620ebe520, 0x0000021620ebe718]
Event: 77.946 Thread 0x00000216086dc1f0 18646       4       java.util.ArrayList::hashCode (22 bytes)
Event: 77.946 Thread 0x0000021634e4ad50 18649       3       org.gradle.internal.component.model.MultipleCandidateMatcher::<init> (116 bytes)
Event: 77.947 Thread 0x0000021634e4ad50 nmethod 18649 0x000002161a36d090 code [0x000002161a36d300, 0x000002161a36deb8]
Event: 77.949 Thread 0x00000216086dc1f0 nmethod 18646 0x0000021620ebe890 code [0x0000021620ebea20, 0x0000021620ebec58]
Event: 77.949 Thread 0x00000216086dc1f0 18621   !   4       jdk.internal.reflect.GeneratedConstructorAccessor17::newInstance (53 bytes)
Event: 77.952 Thread 0x0000021634e4ad50 18650       1       org.gradle.api.internal.artifacts.ivyservice.resolveengine.artifact.ParallelResolveArtifactSet$VisitingSet::access$100 (5 bytes)
Event: 77.953 Thread 0x0000021634e4ad50 nmethod 18650 0x0000021620ebee90 code [0x0000021620ebf020, 0x0000021620ebf0d8]
Event: 77.954 Thread 0x00000216086dc1f0 nmethod 18621 0x0000021620ebf190 code [0x0000021620ebf340, 0x0000021620ebf5e8]
Event: 77.954 Thread 0x00000216086dc1f0 18622   !   4       jdk.internal.reflect.GeneratedConstructorAccessor19::newInstance (253 bytes)
Event: 78.004 Thread 0x00000216086dc1f0 nmethod 18622 0x0000021620ebf890 code [0x0000021620ebfb00, 0x0000021620ec1b18]
Event: 78.004 Thread 0x00000216086dc1f0 18614       4       groovy.lang.MetaClassImpl::getMetaProperty (45 bytes)

GC Heap History (20 events):
Event: 65.322 GC heap after
{Heap after GC invocations=71 (full 0):
 garbage-first heap   total 643072K, used 265604K [0x00000006e0000000, 0x0000000800000000)
  region size 4096K, 3 young (12288K), 3 survivors (12288K)
 Metaspace       used 105548K, committed 107136K, reserved 1179648K
  class space    used 14749K, committed 15488K, reserved 1048576K
}
Event: 67.736 GC heap before
{Heap before GC invocations=72 (full 0):
 garbage-first heap   total 643072K, used 519556K [0x00000006e0000000, 0x0000000800000000)
  region size 4096K, 65 young (266240K), 3 survivors (12288K)
 Metaspace       used 106081K, committed 107776K, reserved 1179648K
  class space    used 14823K, committed 15552K, reserved 1048576K
}
Event: 67.758 GC heap after
{Heap after GC invocations=73 (full 0):
 garbage-first heap   total 643072K, used 291398K [0x00000006e0000000, 0x0000000800000000)
  region size 4096K, 8 young (32768K), 8 survivors (32768K)
 Metaspace       used 106081K, committed 107776K, reserved 1179648K
  class space    used 14823K, committed 15552K, reserved 1048576K
}
Event: 67.775 GC heap before
{Heap before GC invocations=73 (full 0):
 garbage-first heap   total 643072K, used 295494K [0x00000006e0000000, 0x0000000800000000)
  region size 4096K, 9 young (36864K), 8 survivors (32768K)
 Metaspace       used 106081K, committed 107776K, reserved 1179648K
  class space    used 14823K, committed 15552K, reserved 1048576K
}
Event: 67.797 GC heap after
{Heap after GC invocations=74 (full 0):
 garbage-first heap   total 643072K, used 290768K [0x00000006e0000000, 0x0000000800000000)
  region size 4096K, 2 young (8192K), 2 survivors (8192K)
 Metaspace       used 106081K, committed 107776K, reserved 1179648K
  class space    used 14823K, committed 15552K, reserved 1048576K
}
Event: 68.959 GC heap before
{Heap before GC invocations=74 (full 0):
 garbage-first heap   total 643072K, used 511952K [0x00000006e0000000, 0x0000000800000000)
  region size 4096K, 57 young (233472K), 2 survivors (8192K)
 Metaspace       used 106236K, committed 107968K, reserved 1179648K
  class space    used 14848K, committed 15616K, reserved 1048576K
}
Event: 68.970 GC heap after
{Heap after GC invocations=75 (full 0):
 garbage-first heap   total 643072K, used 295371K [0x00000006e0000000, 0x0000000800000000)
  region size 4096K, 3 young (12288K), 3 survivors (12288K)
 Metaspace       used 106236K, committed 107968K, reserved 1179648K
  class space    used 14848K, committed 15616K, reserved 1048576K
}
Event: 70.066 GC heap before
{Heap before GC invocations=75 (full 0):
 garbage-first heap   total 643072K, used 516555K [0x00000006e0000000, 0x0000000800000000)
  region size 4096K, 58 young (237568K), 3 survivors (12288K)
 Metaspace       used 106464K, committed 108224K, reserved 1179648K
  class space    used 14884K, committed 15680K, reserved 1048576K
}
Event: 70.083 GC heap after
{Heap after GC invocations=76 (full 0):
 garbage-first heap   total 643072K, used 301725K [0x00000006e0000000, 0x0000000800000000)
  region size 4096K, 4 young (16384K), 4 survivors (16384K)
 Metaspace       used 106464K, committed 108224K, reserved 1179648K
  class space    used 14884K, committed 15680K, reserved 1048576K
}
Event: 71.221 GC heap before
{Heap before GC invocations=76 (full 0):
 garbage-first heap   total 643072K, used 522909K [0x00000006e0000000, 0x0000000800000000)
  region size 4096K, 59 young (241664K), 4 survivors (16384K)
 Metaspace       used 106888K, committed 108736K, reserved 1179648K
  class space    used 14946K, committed 15744K, reserved 1048576K
}
Event: 71.260 GC heap after
{Heap after GC invocations=77 (full 0):
 garbage-first heap   total 643072K, used 316989K [0x00000006e0000000, 0x0000000800000000)
  region size 4096K, 8 young (32768K), 8 survivors (32768K)
 Metaspace       used 106888K, committed 108736K, reserved 1179648K
  class space    used 14946K, committed 15744K, reserved 1048576K
}
Event: 72.730 GC heap before
{Heap before GC invocations=77 (full 0):
 garbage-first heap   total 643072K, used 525885K [0x00000006e0000000, 0x0000000800000000)
  region size 4096K, 60 young (245760K), 8 survivors (32768K)
 Metaspace       used 107303K, committed 109120K, reserved 1179648K
  class space    used 15002K, committed 15808K, reserved 1048576K
}
Event: 72.811 GC heap after
{Heap after GC invocations=78 (full 0):
 garbage-first heap   total 643072K, used 330336K [0x00000006e0000000, 0x0000000800000000)
  region size 4096K, 5 young (20480K), 5 survivors (20480K)
 Metaspace       used 107303K, committed 109120K, reserved 1179648K
  class space    used 15002K, committed 15808K, reserved 1048576K
}
Event: 75.709 GC heap before
{Heap before GC invocations=78 (full 0):
 garbage-first heap   total 643072K, used 526944K [0x00000006e0000000, 0x0000000800000000)
  region size 4096K, 54 young (221184K), 5 survivors (20480K)
 Metaspace       used 107546K, committed 109440K, reserved 1179648K
  class space    used 15034K, committed 15872K, reserved 1048576K
}
Event: 75.730 GC heap after
{Heap after GC invocations=79 (full 0):
 garbage-first heap   total 643072K, used 338469K [0x00000006e0000000, 0x0000000800000000)
  region size 4096K, 3 young (12288K), 3 survivors (12288K)
 Metaspace       used 107546K, committed 109440K, reserved 1179648K
  class space    used 15034K, committed 15872K, reserved 1048576K
}
Event: 76.650 GC heap before
{Heap before GC invocations=79 (full 0):
 garbage-first heap   total 643072K, used 530981K [0x00000006e0000000, 0x0000000800000000)
  region size 4096K, 51 young (208896K), 3 survivors (12288K)
 Metaspace       used 107770K, committed 109632K, reserved 1179648K
  class space    used 15066K, committed 15872K, reserved 1048576K
}
Event: 76.668 GC heap after
{Heap after GC invocations=80 (full 0):
 garbage-first heap   total 643072K, used 346094K [0x00000006e0000000, 0x0000000800000000)
  region size 4096K, 5 young (20480K), 5 survivors (20480K)
 Metaspace       used 107770K, committed 109632K, reserved 1179648K
  class space    used 15066K, committed 15872K, reserved 1048576K
}
Event: 77.422 GC heap before
{Heap before GC invocations=80 (full 0):
 garbage-first heap   total 643072K, used 530414K [0x00000006e0000000, 0x0000000800000000)
  region size 4096K, 51 young (208896K), 5 survivors (20480K)
 Metaspace       used 108038K, committed 109952K, reserved 1179648K
  class space    used 15100K, committed 15936K, reserved 1048576K
}
Event: 77.452 GC heap after
{Heap after GC invocations=81 (full 0):
 garbage-first heap   total 643072K, used 358138K [0x00000006e0000000, 0x0000000800000000)
  region size 4096K, 6 young (24576K), 6 survivors (24576K)
 Metaspace       used 108038K, committed 109952K, reserved 1179648K
  class space    used 15100K, committed 15936K, reserved 1048576K
}
Event: 78.024 GC heap before
{Heap before GC invocations=81 (full 0):
 garbage-first heap   total 643072K, used 530170K [0x00000006e0000000, 0x0000000800000000)
  region size 4096K, 49 young (200704K), 6 survivors (24576K)
 Metaspace       used 108236K, committed 110144K, reserved 1179648K
  class space    used 15124K, committed 15936K, reserved 1048576K
}

Dll operation events (15 events):
Event: 0.012 Loaded shared library C:\Program Files\Java\jdk-17\bin\java.dll
Event: 0.033 Loaded shared library C:\Program Files\Java\jdk-17\bin\jsvml.dll
Event: 0.103 Loaded shared library C:\Program Files\Java\jdk-17\bin\zip.dll
Event: 0.107 Loaded shared library C:\Program Files\Java\jdk-17\bin\instrument.dll
Event: 0.111 Loaded shared library C:\Program Files\Java\jdk-17\bin\net.dll
Event: 0.114 Loaded shared library C:\Program Files\Java\jdk-17\bin\nio.dll
Event: 0.117 Loaded shared library C:\Program Files\Java\jdk-17\bin\zip.dll
Event: 0.498 Loaded shared library C:\Program Files\Java\jdk-17\bin\jimage.dll
Event: 0.829 Loaded shared library C:\Program Files\Java\jdk-17\bin\verify.dll
Event: 1.069 Loaded shared library C:\Users\tuce_\.gradle\native\c067742578af261105cb4f569cf0c3c89f3d7b1fecec35dd04571415982c5e48\windows-amd64\native-platform.dll
Event: 1.080 Loaded shared library C:\Users\tuce_\.gradle\native\100fb08df4bc3b14c8652ba06237920a3bd2aa13389f12d3474272988ae205f9\windows-amd64\native-platform-file-events.dll
Event: 3.586 Loaded shared library C:\Program Files\Java\jdk-17\bin\management.dll
Event: 3.590 Loaded shared library C:\Program Files\Java\jdk-17\bin\management_ext.dll
Event: 3.830 Loaded shared library C:\Program Files\Java\jdk-17\bin\extnet.dll
Event: 4.161 Loaded shared library C:\Program Files\Java\jdk-17\bin\sunmscapi.dll

Deoptimization events (20 events):
Event: 73.282 Thread 0x000002167c0c3e40 Uncommon trap: trap_request=0xffffff76 fr.pc=0x000002162072b3c4 relative=0x00000000000004a4
Event: 73.282 Thread 0x000002167c0c3e40 Uncommon trap: reason=predicate action=maybe_recompile pc=0x000002162072b3c4 method=java.util.HashMap.valuesToArray([Ljava/lang/Object;)[Ljava/lang/Object; @ 46 c2
Event: 73.282 Thread 0x000002167c0c3e40 DEOPT PACKING pc=0x000002162072b3c4 sp=0x000000a4e73f8ab0
Event: 73.282 Thread 0x000002167c0c3e40 DEOPT UNPACKING pc=0x000002161fb669a3 sp=0x000000a4e73f8a70 mode 2
Event: 73.377 Thread 0x000002167c0c3e40 Uncommon trap: trap_request=0xffffffd6 fr.pc=0x0000021620e021ec relative=0x00000000000004cc
Event: 73.377 Thread 0x000002167c0c3e40 Uncommon trap: reason=array_check action=maybe_recompile pc=0x0000021620e021ec method=java.util.HashMap.valuesToArray([Ljava/lang/Object;)[Ljava/lang/Object; @ 62 c2
Event: 73.377 Thread 0x000002167c0c3e40 DEOPT PACKING pc=0x0000021620e021ec sp=0x000000a4e73f8960
Event: 73.377 Thread 0x000002167c0c3e40 DEOPT UNPACKING pc=0x000002161fb669a3 sp=0x000000a4e73f8908 mode 2
Event: 73.822 Thread 0x000002167c0c3e40 Uncommon trap: trap_request=0xffffffd6 fr.pc=0x0000021620e021ec relative=0x00000000000004cc
Event: 73.822 Thread 0x000002167c0c3e40 Uncommon trap: reason=array_check action=maybe_recompile pc=0x0000021620e021ec method=java.util.HashMap.valuesToArray([Ljava/lang/Object;)[Ljava/lang/Object; @ 62 c2
Event: 73.822 Thread 0x000002167c0c3e40 DEOPT PACKING pc=0x0000021620e021ec sp=0x000000a4e73f8aa0
Event: 73.822 Thread 0x000002167c0c3e40 DEOPT UNPACKING pc=0x000002161fb669a3 sp=0x000000a4e73f8a48 mode 2
Event: 75.803 Thread 0x000002167c0c3e40 Uncommon trap: trap_request=0xffffffd6 fr.pc=0x0000021620e021ec relative=0x00000000000004cc
Event: 75.803 Thread 0x000002167c0c3e40 Uncommon trap: reason=array_check action=maybe_recompile pc=0x0000021620e021ec method=java.util.HashMap.valuesToArray([Ljava/lang/Object;)[Ljava/lang/Object; @ 62 c2
Event: 75.803 Thread 0x000002167c0c3e40 DEOPT PACKING pc=0x0000021620e021ec sp=0x000000a4e73f8960
Event: 75.803 Thread 0x000002167c0c3e40 DEOPT UNPACKING pc=0x000002161fb669a3 sp=0x000000a4e73f8908 mode 2
Event: 75.909 Thread 0x000002167c0c3e40 Uncommon trap: trap_request=0xffffffd6 fr.pc=0x0000021620e021ec relative=0x00000000000004cc
Event: 75.909 Thread 0x000002167c0c3e40 Uncommon trap: reason=array_check action=maybe_recompile pc=0x0000021620e021ec method=java.util.HashMap.valuesToArray([Ljava/lang/Object;)[Ljava/lang/Object; @ 62 c2
Event: 75.909 Thread 0x000002167c0c3e40 DEOPT PACKING pc=0x0000021620e021ec sp=0x000000a4e73f8aa0
Event: 75.909 Thread 0x000002167c0c3e40 DEOPT UNPACKING pc=0x000002161fb669a3 sp=0x000000a4e73f8a48 mode 2

Classes loaded (20 events):
Event: 58.711 Loading class java/text/CharacterIterator
Event: 58.712 Loading class java/text/CharacterIterator done
Event: 59.550 Loading class java/util/regex/PatternBeanInfo
Event: 59.550 Loading class java/util/regex/PatternBeanInfo done
Event: 59.550 Loading class java/util/regex/PatternBeanInfo
Event: 59.550 Loading class java/util/regex/PatternBeanInfo done
Event: 59.550 Loading class java/util/regex/PatternCustomizer
Event: 59.550 Loading class java/util/regex/PatternCustomizer done
Event: 59.551 Loading class java/util/regex/PatternCustomizer
Event: 59.551 Loading class java/util/regex/PatternCustomizer done
Event: 59.555 Loading class java/util/regex/MatcherBeanInfo
Event: 59.555 Loading class java/util/regex/MatcherBeanInfo done
Event: 59.555 Loading class java/util/regex/MatcherBeanInfo
Event: 59.555 Loading class java/util/regex/MatcherBeanInfo done
Event: 59.555 Loading class java/util/regex/MatcherCustomizer
Event: 59.555 Loading class java/util/regex/MatcherCustomizer done
Event: 59.556 Loading class java/util/regex/MatcherCustomizer
Event: 59.556 Loading class java/util/regex/MatcherCustomizer done
Event: 72.348 Loading class java/math/BigDecimal$StringBuilderHelper
Event: 72.348 Loading class java/math/BigDecimal$StringBuilderHelper done

Classes unloaded (0 events):
No events

Classes redefined (0 events):
No events

Internal exceptions (20 events):
Event: 76.476 Thread 0x000002167c0c3e40 Exception <a 'java/lang/ClassNotFoundException'{0x00000006fcec0a28}: org/gradle/api/internal/file/collections/DefaultConfigurableFileTreeBeanInfo> (0x00000006fcec0a28) 
thrown [s\src\hotspot\share\classfile\systemDictionary.cpp, line 259]
Event: 76.477 Thread 0x000002167c0c3e40 Exception <a 'java/lang/ClassNotFoundException'{0x00000006fceda070}: org/gradle/api/internal/file/CompositeFileTreeBeanInfo> (0x00000006fceda070) 
thrown [s\src\hotspot\share\classfile\systemDictionary.cpp, line 259]
Event: 76.478 Thread 0x000002167c0c3e40 Exception <a 'java/lang/ClassNotFoundException'{0x00000006fcef40b0}: org/gradle/api/internal/file/CompositeFileCollectionBeanInfo> (0x00000006fcef40b0) 
thrown [s\src\hotspot\share\classfile\systemDictionary.cpp, line 259]
Event: 76.480 Thread 0x000002167c0c3e40 Exception <a 'java/lang/ClassNotFoundException'{0x00000006fcf0dc68}: org/gradle/api/internal/file/CompositeFileCollectionCustomizer> (0x00000006fcf0dc68) 
thrown [s\src\hotspot\share\classfile\systemDictionary.cpp, line 259]
Event: 76.481 Thread 0x000002167c0c3e40 Exception <a 'java/lang/ClassNotFoundException'{0x00000006fcf2f4b0}: org/gradle/api/internal/file/CompositeFileTreeCustomizer> (0x00000006fcf2f4b0) 
thrown [s\src\hotspot\share\classfile\systemDictionary.cpp, line 259]
Event: 76.483 Thread 0x000002167c0c3e40 Exception <a 'java/lang/ClassNotFoundException'{0x00000006fcf5a970}: org/gradle/api/internal/file/collections/DefaultConfigurableFileTreeCustomizer> (0x00000006fcf5a970) 
thrown [s\src\hotspot\share\classfile\systemDictionary.cpp, line 259]
Event: 76.538 Thread 0x000002167c0c3e40 Exception <a 'java/lang/ClassNotFoundException'{0x00000006fc72dd18}: build_8yh8s46jmp2bxg0yqwezyks2mBeanInfo> (0x00000006fc72dd18) 
thrown [s\src\hotspot\share\classfile\systemDictionary.cpp, line 259]
Event: 76.539 Thread 0x000002167c0c3e40 Exception <a 'java/lang/ClassNotFoundException'{0x00000006fc005378}: build_8yh8s46jmp2bxg0yqwezyks2mCustomizer> (0x00000006fc005378) 
thrown [s\src\hotspot\share\classfile\systemDictionary.cpp, line 259]
Event: 76.936 Thread 0x000002167c0c3e40 Exception <a 'java/lang/ClassNotFoundException'{0x00000006ff1f6468}: build_8yh8s46jmp2bxg0yqwezyks2mBeanInfo> (0x00000006ff1f6468) 
thrown [s\src\hotspot\share\classfile\systemDictionary.cpp, line 259]
Event: 76.936 Thread 0x000002167c0c3e40 Exception <a 'java/lang/ClassNotFoundException'{0x00000006ff1fd610}: build_8yh8s46jmp2bxg0yqwezyks2mCustomizer> (0x00000006ff1fd610) 
thrown [s\src\hotspot\share\classfile\systemDictionary.cpp, line 259]
Event: 77.109 Thread 0x000002167c0c3e40 Exception <a 'java/lang/ClassNotFoundException'{0x00000006fe0bf628}: build_9ehvcgdbvj7m5srkjc3ue9j89BeanInfo> (0x00000006fe0bf628) 
thrown [s\src\hotspot\share\classfile\systemDictionary.cpp, line 259]
Event: 77.109 Thread 0x000002167c0c3e40 Exception <a 'java/lang/ClassNotFoundException'{0x00000006fe0c6838}: build_9ehvcgdbvj7m5srkjc3ue9j89Customizer> (0x00000006fe0c6838) 
thrown [s\src\hotspot\share\classfile\systemDictionary.cpp, line 259]
Event: 77.167 Thread 0x000002167c0c3e40 Exception <a 'java/lang/ClassNotFoundException'{0x00000006fdbf49e0}: build_9ehvcgdbvj7m5srkjc3ue9j89BeanInfo> (0x00000006fdbf49e0) 
thrown [s\src\hotspot\share\classfile\systemDictionary.cpp, line 259]
Event: 77.167 Thread 0x000002167c0c3e40 Exception <a 'java/lang/ClassNotFoundException'{0x00000006fd5f10c8}: build_9ehvcgdbvj7m5srkjc3ue9j89Customizer> (0x00000006fd5f10c8) 
thrown [s\src\hotspot\share\classfile\systemDictionary.cpp, line 259]
Event: 77.344 Thread 0x000002167c0c3e40 Exception <a 'java/lang/ClassNotFoundException'{0x00000006fc46de08}: build_6s0jztexridscjaql78p6pptrBeanInfo> (0x00000006fc46de08) 
thrown [s\src\hotspot\share\classfile\systemDictionary.cpp, line 259]
Event: 77.344 Thread 0x000002167c0c3e40 Exception <a 'java/lang/ClassNotFoundException'{0x00000006fc475018}: build_6s0jztexridscjaql78p6pptrCustomizer> (0x00000006fc475018) 
thrown [s\src\hotspot\share\classfile\systemDictionary.cpp, line 259]
Event: 77.754 Thread 0x000002167c0c3e40 Exception <a 'java/lang/ClassNotFoundException'{0x00000006ff57a5d0}: build_6s0jztexridscjaql78p6pptrBeanInfo> (0x00000006ff57a5d0) 
thrown [s\src\hotspot\share\classfile\systemDictionary.cpp, line 259]
Event: 77.754 Thread 0x000002167c0c3e40 Exception <a 'java/lang/ClassNotFoundException'{0x00000006ff581778}: build_6s0jztexridscjaql78p6pptrCustomizer> (0x00000006ff581778) 
thrown [s\src\hotspot\share\classfile\systemDictionary.cpp, line 259]
Event: 77.930 Thread 0x000002167c0c3e40 Exception <a 'java/lang/ClassNotFoundException'{0x00000006fe6981d0}: build_6esdnrjivorflmixze4z5kqi2BeanInfo> (0x00000006fe6981d0) 
thrown [s\src\hotspot\share\classfile\systemDictionary.cpp, line 259]
Event: 77.931 Thread 0x000002167c0c3e40 Exception <a 'java/lang/ClassNotFoundException'{0x00000006fe69f3e0}: build_6esdnrjivorflmixze4z5kqi2Customizer> (0x00000006fe69f3e0) 
thrown [s\src\hotspot\share\classfile\systemDictionary.cpp, line 259]

VM Operations (20 events):
Event: 70.303 Executing VM operation: HandshakeAllThreads done
Event: 71.076 Executing VM operation: ICBufferFull
Event: 71.090 Executing VM operation: ICBufferFull done
Event: 71.221 Executing VM operation: G1CollectForAllocation
Event: 71.261 Executing VM operation: G1CollectForAllocation done
Event: 72.272 Executing VM operation: Cleanup
Event: 72.272 Executing VM operation: Cleanup done
Event: 72.730 Executing VM operation: G1CollectForAllocation
Event: 72.811 Executing VM operation: G1CollectForAllocation done
Event: 73.821 Executing VM operation: Cleanup
Event: 73.821 Executing VM operation: Cleanup done
Event: 74.836 Executing VM operation: Cleanup
Event: 74.836 Executing VM operation: Cleanup done
Event: 75.709 Executing VM operation: G1CollectForAllocation
Event: 75.730 Executing VM operation: G1CollectForAllocation done
Event: 76.650 Executing VM operation: G1CollectForAllocation
Event: 76.668 Executing VM operation: G1CollectForAllocation done
Event: 77.422 Executing VM operation: G1CollectForAllocation
Event: 77.452 Executing VM operation: G1CollectForAllocation done
Event: 78.024 Executing VM operation: G1CollectForAllocation

Memory protections (0 events):
No events

Nmethod flushes (20 events):
Event: 58.749 Thread 0x0000021634e4f690 flushing  nmethod 0x0000021619a06790
Event: 58.749 Thread 0x0000021634e4f690 flushing  nmethod 0x0000021619a0cb90
Event: 58.749 Thread 0x0000021634e4f690 flushing  nmethod 0x0000021619a28510
Event: 58.750 Thread 0x0000021634e4f690 flushing  nmethod 0x0000021619a66a90
Event: 58.750 Thread 0x0000021634e4f690 flushing  nmethod 0x0000021619accd10
Event: 58.750 Thread 0x0000021634e4f690 flushing  nmethod 0x0000021619aec890
Event: 58.750 Thread 0x0000021634e4f690 flushing  nmethod 0x0000021619b1d290
Event: 58.750 Thread 0x0000021634e4f690 flushing  nmethod 0x0000021619b63890
Event: 58.751 Thread 0x0000021634e4f690 flushing  nmethod 0x0000021619b9be90
Event: 58.751 Thread 0x0000021634e4f690 flushing  nmethod 0x0000021619b9fe90
Event: 58.752 Thread 0x0000021634e4f690 flushing  nmethod 0x0000021619d3cb10
Event: 58.753 Thread 0x0000021634e4f690 flushing  nmethod 0x0000021619da9290
Event: 58.753 Thread 0x0000021634e4f690 flushing  nmethod 0x0000021619dbbe90
Event: 58.754 Thread 0x0000021634e4f690 flushing  nmethod 0x0000021619eb1690
Event: 58.755 Thread 0x0000021634e4f690 flushing  nmethod 0x0000021619f58090
Event: 70.357 Thread 0x0000021634e4f690 flushing  nmethod 0x00000216198c7a90
Event: 70.361 Thread 0x0000021634e4f690 flushing  nmethod 0x0000021619b57a90
Event: 70.361 Thread 0x0000021634e4f690 flushing  nmethod 0x0000021619b5e190
Event: 70.361 Thread 0x0000021634e4f690 flushing  nmethod 0x0000021619b60c10
Event: 70.361 Thread 0x0000021634e4f690 flushing  nmethod 0x0000021619b68110

Events (20 events):
Event: 63.580 Thread 0x0000021634e4ad50 Thread added: 0x000002167f2b8d40
Event: 65.047 Thread 0x000002167f2b8d40 Thread exited: 0x000002167f2b8d40
Event: 66.008 Thread 0x0000021634e4ad50 Thread added: 0x00000216086dcc90
Event: 66.370 Thread 0x00000216086dcc90 Thread exited: 0x00000216086dcc90
Event: 66.423 Thread 0x0000021634e48370 Thread added: 0x00000216086dcc90
Event: 69.236 Thread 0x00000216086dcc90 Thread exited: 0x00000216086dcc90
Event: 69.352 Thread 0x0000021634e4ad50 Thread added: 0x00000216086db750
Event: 69.880 Thread 0x00000216086db750 Thread exited: 0x00000216086db750
Event: 75.309 Thread 0x0000021634e48370 Thread added: 0x00000216086dd730
Event: 75.310 Thread 0x0000021634e48370 Thread added: 0x00000216086dbca0
Event: 75.733 Thread 0x00000216086dbca0 Thread exited: 0x00000216086dbca0
Event: 75.953 Thread 0x0000021634e48370 Thread added: 0x00000216086de1d0
Event: 76.337 Thread 0x00000216086de1d0 Thread exited: 0x00000216086de1d0
Event: 76.600 Thread 0x00000216086dd730 Thread added: 0x00000216086dbca0
Event: 76.910 Thread 0x00000216086dbca0 Thread exited: 0x00000216086dbca0
Event: 77.188 Thread 0x0000021634e4ad50 Thread added: 0x00000216086dbca0
Event: 77.715 Thread 0x00000216086dbca0 Thread exited: 0x00000216086dbca0
Event: 77.717 Thread 0x00000216086dd730 Thread exited: 0x00000216086dd730
Event: 77.783 Thread 0x0000021634e48370 Thread added: 0x00000216086dbca0
Event: 77.942 Thread 0x0000021634e4ad50 Thread added: 0x00000216086dc1f0


Dynamic libraries:
0x00007ff6689b0000 - 0x00007ff6689be000 	C:\Program Files\Java\jdk-17\bin\java.exe
0x00007ffd13750000 - 0x00007ffd13967000 	C:\WINDOWS\SYSTEM32\ntdll.dll
0x00007ffd11de0000 - 0x00007ffd11ea4000 	C:\WINDOWS\System32\KERNEL32.DLL
0x00007ffd10d10000 - 0x00007ffd110e0000 	C:\WINDOWS\System32\KERNELBASE.dll
0x00007ffd10b70000 - 0x00007ffd10c81000 	C:\WINDOWS\System32\ucrtbase.dll
0x00007ffcef160000 - 0x00007ffcef179000 	C:\Program Files\Java\jdk-17\bin\jli.dll
0x00007ffc5f340000 - 0x00007ffc5f35b000 	C:\Program Files\Java\jdk-17\bin\VCRUNTIME140.dll
0x00007ffd12a50000 - 0x00007ffd12bfe000 	C:\WINDOWS\System32\USER32.dll
0x00007ffd10a00000 - 0x00007ffd10a26000 	C:\WINDOWS\System32\win32u.dll
0x00007ffd03f70000 - 0x00007ffd04202000 	C:\WINDOWS\WinSxS\amd64_microsoft.windows.common-controls_6595b64144ccf1df_6.0.22621.4830_none_270fe7d773858e80\COMCTL32.dll
0x00007ffd11f30000 - 0x00007ffd11fd7000 	C:\WINDOWS\System32\msvcrt.dll
0x00007ffd121a0000 - 0x00007ffd121c9000 	C:\WINDOWS\System32\GDI32.dll
0x00007ffd110e0000 - 0x00007ffd111fb000 	C:\WINDOWS\System32\gdi32full.dll
0x00007ffd11230000 - 0x00007ffd112ca000 	C:\WINDOWS\System32\msvcp_win.dll
0x00007ffd11b20000 - 0x00007ffd11b51000 	C:\WINDOWS\System32\IMM32.DLL
0x00007ffccddc0000 - 0x00007ffccddcc000 	C:\Program Files\Java\jdk-17\bin\vcruntime140_1.dll
0x00007ffc5df20000 - 0x00007ffc5dfad000 	C:\Program Files\Java\jdk-17\bin\msvcp140.dll
0x00007ffc5f360000 - 0x00007ffc5ffd4000 	C:\Program Files\Java\jdk-17\bin\server\jvm.dll
0x00007ffd11b60000 - 0x00007ffd11c11000 	C:\WINDOWS\System32\ADVAPI32.dll
0x00007ffd13660000 - 0x00007ffd13707000 	C:\WINDOWS\System32\sechost.dll
0x00007ffd11200000 - 0x00007ffd11228000 	C:\WINDOWS\System32\bcrypt.dll
0x00007ffd12c00000 - 0x00007ffd12d14000 	C:\WINDOWS\System32\RPCRT4.dll
0x00007ffd13150000 - 0x00007ffd131c1000 	C:\WINDOWS\System32\WS2_32.dll
0x00007ffd10720000 - 0x00007ffd1076d000 	C:\WINDOWS\SYSTEM32\POWRPROF.dll
0x00007ffd0bb00000 - 0x00007ffd0bb34000 	C:\WINDOWS\SYSTEM32\WINMM.dll
0x00007ffd08be0000 - 0x00007ffd08bea000 	C:\WINDOWS\SYSTEM32\VERSION.dll
0x00007ffd10700000 - 0x00007ffd10713000 	C:\WINDOWS\SYSTEM32\UMPDC.dll
0x00007ffd0fa40000 - 0x00007ffd0fa58000 	C:\WINDOWS\SYSTEM32\kernel.appcore.dll
0x00007ffcc91f0000 - 0x00007ffcc91fa000 	C:\Program Files\Java\jdk-17\bin\jimage.dll
0x00007ffd07d90000 - 0x00007ffd07fc2000 	C:\WINDOWS\SYSTEM32\DBGHELP.DLL
0x00007ffd12d20000 - 0x00007ffd130b0000 	C:\WINDOWS\System32\combase.dll
0x00007ffd118b0000 - 0x00007ffd11987000 	C:\WINDOWS\System32\OLEAUT32.dll
0x00007ffcf5e60000 - 0x00007ffcf5e92000 	C:\WINDOWS\SYSTEM32\dbgcore.DLL
0x00007ffd10c90000 - 0x00007ffd10d0b000 	C:\WINDOWS\System32\bcryptPrimitives.dll
0x00007ffcf0630000 - 0x00007ffcf063e000 	C:\Program Files\Java\jdk-17\bin\instrument.dll
0x00007ffc5f2d0000 - 0x00007ffc5f2f5000 	C:\Program Files\Java\jdk-17\bin\java.dll
0x00007ffc5f060000 - 0x00007ffc5f137000 	C:\Program Files\Java\jdk-17\bin\jsvml.dll
0x00007ffd121d0000 - 0x00007ffd12a48000 	C:\WINDOWS\System32\SHELL32.dll
0x00007ffd0e950000 - 0x00007ffd0f260000 	C:\WINDOWS\SYSTEM32\windows.storage.dll
0x00007ffd0e810000 - 0x00007ffd0e94f000 	C:\WINDOWS\SYSTEM32\wintypes.dll
0x00007ffd11a10000 - 0x00007ffd11b1a000 	C:\WINDOWS\System32\SHCORE.dll
0x00007ffd11990000 - 0x00007ffd119ee000 	C:\WINDOWS\System32\shlwapi.dll
0x00007ffd10930000 - 0x00007ffd1095b000 	C:\WINDOWS\SYSTEM32\profapi.dll
0x00007ffc5f270000 - 0x00007ffc5f288000 	C:\Program Files\Java\jdk-17\bin\zip.dll
0x00007ffc5f2b0000 - 0x00007ffc5f2c9000 	C:\Program Files\Java\jdk-17\bin\net.dll
0x00007ffd09f90000 - 0x00007ffd0a0bc000 	C:\WINDOWS\SYSTEM32\WINHTTP.dll
0x00007ffd0fec0000 - 0x00007ffd0ff2a000 	C:\WINDOWS\system32\mswsock.dll
0x00007ffc5f290000 - 0x00007ffc5f2a6000 	C:\Program Files\Java\jdk-17\bin\nio.dll
0x00007ffcbd250000 - 0x00007ffcbd260000 	C:\Program Files\Java\jdk-17\bin\verify.dll
0x00007ffcef1a0000 - 0x00007ffcef1c7000 	C:\Users\tuce_\.gradle\native\c067742578af261105cb4f569cf0c3c89f3d7b1fecec35dd04571415982c5e48\windows-amd64\native-platform.dll
0x00007ffc5db60000 - 0x00007ffc5dca4000 	C:\Users\tuce_\.gradle\native\100fb08df4bc3b14c8652ba06237920a3bd2aa13389f12d3474272988ae205f9\windows-amd64\native-platform-file-events.dll
0x00007ffcf0590000 - 0x00007ffcf0599000 	C:\Program Files\Java\jdk-17\bin\management.dll
0x00007ffcef150000 - 0x00007ffcef15b000 	C:\Program Files\Java\jdk-17\bin\management_ext.dll
0x00007ffd11dd0000 - 0x00007ffd11dd8000 	C:\WINDOWS\System32\PSAPI.DLL
0x00007ffd10110000 - 0x00007ffd1012b000 	C:\WINDOWS\SYSTEM32\CRYPTSP.dll
0x00007ffd0f9a0000 - 0x00007ffd0f9d5000 	C:\WINDOWS\system32\rsaenh.dll
0x00007ffd0ffb0000 - 0x00007ffd0ffd8000 	C:\WINDOWS\SYSTEM32\USERENV.dll
0x00007ffd10130000 - 0x00007ffd1013c000 	C:\WINDOWS\SYSTEM32\CRYPTBASE.dll
0x00007ffd0f4c0000 - 0x00007ffd0f4ed000 	C:\WINDOWS\SYSTEM32\IPHLPAPI.DLL
0x00007ffd11f20000 - 0x00007ffd11f29000 	C:\WINDOWS\System32\NSI.dll
0x00007ffd09ce0000 - 0x00007ffd09cf9000 	C:\WINDOWS\SYSTEM32\dhcpcsvc6.DLL
0x00007ffd09cc0000 - 0x00007ffd09cdf000 	C:\WINDOWS\SYSTEM32\dhcpcsvc.DLL
0x00007ffd0f530000 - 0x00007ffd0f632000 	C:\WINDOWS\SYSTEM32\DNSAPI.dll
0x00007ffcb4910000 - 0x00007ffcb4919000 	C:\Program Files\Java\jdk-17\bin\extnet.dll
0x00007ffce3a80000 - 0x00007ffce3a8e000 	C:\Program Files\Java\jdk-17\bin\sunmscapi.dll
0x00007ffd112d0000 - 0x00007ffd11436000 	C:\WINDOWS\System32\CRYPT32.dll
0x00007ffd102b0000 - 0x00007ffd102dd000 	C:\WINDOWS\SYSTEM32\ncrypt.dll
0x00007ffd10270000 - 0x00007ffd102a7000 	C:\WINDOWS\SYSTEM32\NTASN1.dll
0x00007ffcef2e0000 - 0x00007ffcef2e8000 	C:\WINDOWS\system32\wshunix.dll
0x00007ffcdee20000 - 0x00007ffcdee37000 	C:\WINDOWS\system32\napinsp.dll
0x00007ffcdee40000 - 0x00007ffcdee5b000 	C:\WINDOWS\system32\pnrpnsp.dll
0x00007ffcee7e0000 - 0x00007ffcee7f1000 	C:\WINDOWS\System32\winrnr.dll
0x00007ffd09150000 - 0x00007ffd09165000 	C:\WINDOWS\system32\wshbth.dll
0x00007ffc99a40000 - 0x00007ffc99a67000 	C:\WINDOWS\system32\nlansp_c.dll
0x00007ffcfc700000 - 0x00007ffcfc70a000 	C:\Windows\System32\rasadhlp.dll
0x00007ffd08dc0000 - 0x00007ffd08e43000 	C:\WINDOWS\System32\fwpuclnt.dll

dbghelp: loaded successfully - version: 4.0.5 - missing functions: none
symbol engine: initialized successfully - sym options: 0x614 - pdb path: .;C:\Program Files\Java\jdk-17\bin;C:\WINDOWS\SYSTEM32;C:\WINDOWS\WinSxS\amd64_microsoft.windows.common-controls_6595b64144ccf1df_6.0.22621.4830_none_270fe7d773858e80;C:\Program Files\Java\jdk-17\bin\server;C:\Users\tuce_\.gradle\native\c067742578af261105cb4f569cf0c3c89f3d7b1fecec35dd04571415982c5e48\windows-amd64;C:\Users\tuce_\.gradle\native\100fb08df4bc3b14c8652ba06237920a3bd2aa13389f12d3474272988ae205f9\windows-amd64

VM Arguments:
jvm_args: --add-opens=java.base/java.util=ALL-UNNAMED --add-opens=java.base/java.lang=ALL-UNNAMED --add-opens=java.base/java.lang.invoke=ALL-UNNAMED --add-opens=java.prefs/java.util.prefs=ALL-UNNAMED --add-exports=jdk.compiler/com.sun.tools.javac.api=ALL-UNNAMED --add-exports=jdk.compiler/com.sun.tools.javac.util=ALL-UNNAMED --add-opens=java.base/java.nio.charset=ALL-UNNAMED --add-opens=java.base/java.net=ALL-UNNAMED --add-opens=java.base/java.util.concurrent.atomic=ALL-UNNAMED -Xmx4608m -Dfile.encoding=utf8 -Duser.country=TR -Duser.language=tr -Duser.variant -javaagent:C:\Users\tuce_\.gradle\wrapper\dists\gradle-8.9-bin\90cnw93cvbtalezasaz0blq0a\gradle-8.9\lib\agents\gradle-instrumentation-agent-8.9.jar 
java_command: org.gradle.launcher.daemon.bootstrap.GradleDaemon 8.9
java_class_path (initial): C:\Users\tuce_\.gradle\wrapper\dists\gradle-8.9-bin\90cnw93cvbtalezasaz0blq0a\gradle-8.9\lib\gradle-daemon-main-8.9.jar
Launcher Type: SUN_STANDARD

[Global flags]
     intx CICompilerCount                          = 4                                         {product} {ergonomic}
     uint ConcGCThreads                            = 2                                         {product} {ergonomic}
     uint G1ConcRefinementThreads                  = 8                                         {product} {ergonomic}
   size_t G1HeapRegionSize                         = 4194304                                   {product} {ergonomic}
    uintx GCDrainStackTargetSize                   = 64                                        {product} {ergonomic}
   size_t InitialHeapSize                          = 134217728                                 {product} {ergonomic}
   size_t MarkStackSize                            = 4194304                                   {product} {ergonomic}
   size_t MaxHeapSize                              = 4831838208                                {product} {command line}
   size_t MaxNewSize                               = 2898264064                                {product} {ergonomic}
   size_t MinHeapDeltaBytes                        = 4194304                                   {product} {ergonomic}
   size_t MinHeapSize                              = 8388608                                   {product} {ergonomic}
    uintx NonNMethodCodeHeapSize                   = 5839372                                {pd product} {ergonomic}
    uintx NonProfiledCodeHeapSize                  = 122909434                              {pd product} {ergonomic}
    uintx ProfiledCodeHeapSize                     = 122909434                              {pd product} {ergonomic}
    uintx ReservedCodeCacheSize                    = 251658240                              {pd product} {ergonomic}
     bool SegmentedCodeCache                       = true                                      {product} {ergonomic}
   size_t SoftMaxHeapSize                          = 4831838208                             {manageable} {ergonomic}
     bool UseCompressedClassPointers               = true                           {product lp64_product} {ergonomic}
     bool UseCompressedOops                        = true                           {product lp64_product} {ergonomic}
     bool UseG1GC                                  = true                                      {product} {ergonomic}
     bool UseLargePagesIndividualAllocation        = false                                  {pd product} {ergonomic}

Logging:
Log output configuration:
 #0: stdout all=warning uptime,level,tags
 #1: stderr all=off uptime,level,tags

Environment Variables:
JAVA_HOME=C:\Program Files\Java\jdk-17
PATH=C:\WINDOWS\system32;C:\WINDOWS;C:\WINDOWS\System32\Wbem;C:\WINDOWS\System32\WindowsPowerShell\v1.0\;C:\WINDOWS\System32\OpenSSH\;C:\Program Files (x86)\Vector CANdb++ 3.1\Exec32;C:\ProgramData\ComposerSetup\bin;C:\Users\tuce_\AppData\Local\Android\Sdk\platform-tools;C:\Users\tuce_\AppData\Local\Android\Sdk\emulator;C:\Program Files\Git\cmd;C:\Program Files\Java\jdk-17\bin;C:\Users\tuce_\AppData\Local\Android\Sdk\platform-tools;C:\Users\tuce_\AppData\Local\Android\Sdk\tools;C:\WINDOWS\system32;C:\WINDOWS;C:\WINDOWS\System32\Wbem;C:\WINDOWS\System32\WindowsPowerShell\v1.0\;C:\WINDOWS\System32\OpenSSH\;C:\Program Files (x86)\Vector CANdb++ 3.1\Exec32;C:\ProgramData\ComposerSetup\bin;C:\flutter\engine\src\flutter\tools\android_sdk\platform-tools;C:\flutter\engine\src\flutter\tools\android_sdk\emulator;C:\Users\tuce_\AppData\Local\Microsoft\WindowsApps;C:\Users\tuce_\AppData\Local\Programs\Microsoft VS Code\bin;C:\ProgramData\tuce_\GitHubDesktop\bin;C:\Users\tuce_\Desktop\bin;C:\Users\tuce_\AppData\Roaming\Composer\vendor\bin;C:\xampp\;c:\xampp\apache\bin\;C:\flutter\bin;C:\Program Files\Shell_Check;C:\Users\tuce_\AppData\Local\Android\Sdk\platform-tools;
USERNAME=tuce_
OS=Windows_NT
PROCESSOR_IDENTIFIER=Intel64 Family 6 Model 142 Stepping 12, GenuineIntel
TMP=C:\Users\tuce_\AppData\Local\Temp
TEMP=C:\Users\tuce_\AppData\Local\Temp



Periodic native trim disabled


---------------  S Y S T E M  ---------------

OS:
 Windows 11 , 64 bit Build 22621 (10.0.22621.4830)
OS uptime: 0 days 0:24 hours

CPU: total 8 (initial active 8) (4 cores per cpu, 2 threads per core) family 6 model 142 stepping 12 microcode 0xde, cx8, cmov, fxsr, ht, mmx, 3dnowpref, sse, sse2, sse3, ssse3, sse4.1, sse4.2, popcnt, lzcnt, tsc, tscinvbit, avx, avx2, aes, erms, clmul, bmi1, bmi2, adx, fma, vzeroupper, clflush, clflushopt
Processor Information for processor 0
  Max Mhz: 2112, Current Mhz: 1508, Mhz Limit: 1605
Processor Information for processor 1
  Max Mhz: 2112, Current Mhz: 1508, Mhz Limit: 1605
Processor Information for processor 2
  Max Mhz: 2112, Current Mhz: 2112, Mhz Limit: 1605
Processor Information for processor 3
  Max Mhz: 2112, Current Mhz: 1508, Mhz Limit: 1605
Processor Information for processor 4
  Max Mhz: 2112, Current Mhz: 1508, Mhz Limit: 1605
Processor Information for processor 5
  Max Mhz: 2112, Current Mhz: 1508, Mhz Limit: 1605
Processor Information for processor 6
  Max Mhz: 2112, Current Mhz: 1508, Mhz Limit: 1605
Processor Information for processor 7
  Max Mhz: 2112, Current Mhz: 1508, Mhz Limit: 1605

Memory: 4k page, system-wide physical 8025M (631M free)
TotalPageFile size 20545M (AvailPageFile size 282M)
current process WorkingSet (physical memory assigned to process): 624M, peak: 811M
current process commit charge ("private bytes"): 1032M, peak: 1812M

vm_info: OpenJDK 64-Bit Server VM (17.0.14+7-LTS) for windows-amd64 JRE (17.0.14+7-LTS) (Zulu17.56+15-CA), built on Jan  3 2025 18:40:15 by "zulu_re" with MS VC++ 16.10 / 16.11 (VS2019)

END.
